[0.019s] Invoking command in '/home/nick/Robotics_Projects/furuta1/build/ament_cmake_include_directories': AMENT_PREFIX_PATH=/home/nick/Robotics_Projects/furuta1/install/ament_cmake_core:/home/nick/Robotics_Projects/furuta1/install/ament_package:${AMENT_PREFIX_PATH} CMAKE_PREFIX_PATH=/home/nick/Robotics_Projects/furuta1/install/ament_cmake_core:/opt/ros/humble PYTHONPATH=/home/nick/Robotics_Projects/furuta1/build/ament_package:/home/nick/Robotics_Projects/furuta1/install/ament_package/lib/python3.10/site-packages:${PYTHONPATH} /usr/bin/cmake /home/nick/Robotics_Projects/furuta1/src/ament/ament_cmake/ament_cmake_include_directories -DAMENT_CMAKE_SYMLINK_INSTALL=1 -DCMAKE_INSTALL_PREFIX=/home/nick/Robotics_Projects/furuta1/install/ament_cmake_include_directories
[0.039s] -- Found ament_cmake_core: 1.3.8 (/home/nick/Robotics_Projects/furuta1/install/ament_cmake_core/share/ament_cmake_core/cmake)
[0.309s] -- Found Python3: /usr/bin/python3 (found version "3.10.12") found components: Interpreter 
[0.365s] -- Override CMake install command with custom implementation using symlinks instead of copying resources
[0.420s] -- Configuring done
[0.422s] -- Generating done
[0.422s] -- Build files have been written to: /home/nick/Robotics_Projects/furuta1/build/ament_cmake_include_directories
[0.427s] Invoked command in '/home/nick/Robotics_Projects/furuta1/build/ament_cmake_include_directories' returned '0': AMENT_PREFIX_PATH=/home/nick/Robotics_Projects/furuta1/install/ament_cmake_core:/home/nick/Robotics_Projects/furuta1/install/ament_package:${AMENT_PREFIX_PATH} CMAKE_PREFIX_PATH=/home/nick/Robotics_Projects/furuta1/install/ament_cmake_core:/opt/ros/humble PYTHONPATH=/home/nick/Robotics_Projects/furuta1/build/ament_package:/home/nick/Robotics_Projects/furuta1/install/ament_package/lib/python3.10/site-packages:${PYTHONPATH} /usr/bin/cmake /home/nick/Robotics_Projects/furuta1/src/ament/ament_cmake/ament_cmake_include_directories -DAMENT_CMAKE_SYMLINK_INSTALL=1 -DCMAKE_INSTALL_PREFIX=/home/nick/Robotics_Projects/furuta1/install/ament_cmake_include_directories
[0.427s] Invoking command in '/home/nick/Robotics_Projects/furuta1/build/ament_cmake_include_directories': AMENT_PREFIX_PATH=/home/nick/Robotics_Projects/furuta1/install/ament_cmake_core:/home/nick/Robotics_Projects/furuta1/install/ament_package:${AMENT_PREFIX_PATH} CMAKE_PREFIX_PATH=/home/nick/Robotics_Projects/furuta1/install/ament_cmake_core:/opt/ros/humble PYTHONPATH=/home/nick/Robotics_Projects/furuta1/build/ament_package:/home/nick/Robotics_Projects/furuta1/install/ament_package/lib/python3.10/site-packages:${PYTHONPATH} /usr/bin/cmake --build /home/nick/Robotics_Projects/furuta1/build/ament_cmake_include_directories -- -j16 -l16
[0.457s] Invoked command in '/home/nick/Robotics_Projects/furuta1/build/ament_cmake_include_directories' returned '0': AMENT_PREFIX_PATH=/home/nick/Robotics_Projects/furuta1/install/ament_cmake_core:/home/nick/Robotics_Projects/furuta1/install/ament_package:${AMENT_PREFIX_PATH} CMAKE_PREFIX_PATH=/home/nick/Robotics_Projects/furuta1/install/ament_cmake_core:/opt/ros/humble PYTHONPATH=/home/nick/Robotics_Projects/furuta1/build/ament_package:/home/nick/Robotics_Projects/furuta1/install/ament_package/lib/python3.10/site-packages:${PYTHONPATH} /usr/bin/cmake --build /home/nick/Robotics_Projects/furuta1/build/ament_cmake_include_directories -- -j16 -l16
[0.474s] Invoking command in '/home/nick/Robotics_Projects/furuta1/build/ament_cmake_include_directories': AMENT_PREFIX_PATH=/home/nick/Robotics_Projects/furuta1/install/ament_cmake_core:/home/nick/Robotics_Projects/furuta1/install/ament_package:${AMENT_PREFIX_PATH} CMAKE_PREFIX_PATH=/home/nick/Robotics_Projects/furuta1/install/ament_cmake_core:/opt/ros/humble PYTHONPATH=/home/nick/Robotics_Projects/furuta1/build/ament_package:/home/nick/Robotics_Projects/furuta1/install/ament_package/lib/python3.10/site-packages:${PYTHONPATH} /usr/bin/cmake --install /home/nick/Robotics_Projects/furuta1/build/ament_cmake_include_directories
[0.479s] -- Install configuration: ""
[0.480s] -- Execute custom install script
[0.480s] -- Symlinking: /home/nick/Robotics_Projects/furuta1/install/ament_cmake_include_directories/share/ament_index/resource_index/package_run_dependencies/ament_cmake_include_directories
[0.489s] -- Symlinking: /home/nick/Robotics_Projects/furuta1/install/ament_cmake_include_directories/share/ament_index/resource_index/parent_prefix_path/ament_cmake_include_directories
[0.496s] -- Symlinking: /home/nick/Robotics_Projects/furuta1/install/ament_cmake_include_directories/share/ament_cmake_include_directories/environment/ament_prefix_path.sh
[0.503s] -- Symlinking: /home/nick/Robotics_Projects/furuta1/install/ament_cmake_include_directories/share/ament_cmake_include_directories/environment/ament_prefix_path.dsv
[0.510s] -- Symlinking: /home/nick/Robotics_Projects/furuta1/install/ament_cmake_include_directories/share/ament_cmake_include_directories/environment/path.sh
[0.517s] -- Symlinking: /home/nick/Robotics_Projects/furuta1/install/ament_cmake_include_directories/share/ament_cmake_include_directories/environment/path.dsv
[0.524s] -- Symlinking: /home/nick/Robotics_Projects/furuta1/install/ament_cmake_include_directories/share/ament_cmake_include_directories/local_setup.bash
[0.531s] -- Symlinking: /home/nick/Robotics_Projects/furuta1/install/ament_cmake_include_directories/share/ament_cmake_include_directories/local_setup.sh
[0.538s] -- Symlinking: /home/nick/Robotics_Projects/furuta1/install/ament_cmake_include_directories/share/ament_cmake_include_directories/local_setup.zsh
[0.545s] -- Symlinking: /home/nick/Robotics_Projects/furuta1/install/ament_cmake_include_directories/share/ament_cmake_include_directories/local_setup.dsv
[0.552s] -- Symlinking: /home/nick/Robotics_Projects/furuta1/install/ament_cmake_include_directories/share/ament_cmake_include_directories/package.dsv
[0.559s] -- Symlinking: /home/nick/Robotics_Projects/furuta1/install/ament_cmake_include_directories/share/ament_index/resource_index/packages/ament_cmake_include_directories
[0.567s] -- Symlinking: /home/nick/Robotics_Projects/furuta1/install/ament_cmake_include_directories/share/ament_cmake_include_directories/cmake/ament_cmake_include_directories-extras.cmake
[0.574s] -- Symlinking: /home/nick/Robotics_Projects/furuta1/install/ament_cmake_include_directories/share/ament_cmake_include_directories/cmake/ament_cmake_include_directoriesConfig.cmake
[0.581s] -- Symlinking: /home/nick/Robotics_Projects/furuta1/install/ament_cmake_include_directories/share/ament_cmake_include_directories/cmake/ament_cmake_include_directoriesConfig-version.cmake
[0.587s] -- Symlinking: /home/nick/Robotics_Projects/furuta1/install/ament_cmake_include_directories/share/ament_cmake_include_directories/package.xml
[0.596s] -- Symlinking: /home/nick/Robotics_Projects/furuta1/install/ament_cmake_include_directories/share/ament_cmake_include_directories/cmake/ament_include_directories_order.cmake
[0.615s] Invoked command in '/home/nick/Robotics_Projects/furuta1/build/ament_cmake_include_directories' returned '0': AMENT_PREFIX_PATH=/home/nick/Robotics_Projects/furuta1/install/ament_cmake_core:/home/nick/Robotics_Projects/furuta1/install/ament_package:${AMENT_PREFIX_PATH} CMAKE_PREFIX_PATH=/home/nick/Robotics_Projects/furuta1/install/ament_cmake_core:/opt/ros/humble PYTHONPATH=/home/nick/Robotics_Projects/furuta1/build/ament_package:/home/nick/Robotics_Projects/furuta1/install/ament_package/lib/python3.10/site-packages:${PYTHONPATH} /usr/bin/cmake --install /home/nick/Robotics_Projects/furuta1/build/ament_cmake_include_directories
