-- Configuring done
[33mCMake Warning:
  Manually-specified variables were not used by the project:

    BUILD_TESTING

[0m
-- Generating done
-- Build files have been written to: /home/nick/Robotics_Projects/furuta1/build/gmock_vendor
-- Install configuration: ""
-- Up-to-date: /home/nick/Robotics_Projects/furuta1/install/gmock_vendor/share/gmock_vendor/cmake/gmock_vendorConfig.cmake
-- Up-to-date: /home/nick/Robotics_Projects/furuta1/install/gmock_vendor/share/gmock_vendor/package.xml
-- Up-to-date: /home/nick/Robotics_Projects/furuta1/install/gmock_vendor/src/gmock_vendor/CMakeLists.txt
-- Up-to-date: /home/nick/Robotics_Projects/furuta1/install/gmock_vendor/src/gmock_vendor/include/gmock
-- Up-to-date: /home/nick/Robotics_Projects/furuta1/install/gmock_vendor/src/gmock_vendor/include/gmock/gmock-actions.h
-- Up-to-date: /home/nick/Robotics_Projects/furuta1/install/gmock_vendor/src/gmock_vendor/include/gmock/gmock-generated-function-mockers.h
-- Up-to-date: /home/nick/Robotics_Projects/furuta1/install/gmock_vendor/src/gmock_vendor/include/gmock/gmock.h
-- Up-to-date: /home/nick/Robotics_Projects/furuta1/install/gmock_vendor/src/gmock_vendor/include/gmock/gmock-more-actions.h
-- Up-to-date: /home/nick/Robotics_Projects/furuta1/install/gmock_vendor/src/gmock_vendor/include/gmock/gmock-more-matchers.h
-- Up-to-date: /home/nick/Robotics_Projects/furuta1/install/gmock_vendor/src/gmock_vendor/include/gmock/gmock-generated-function-mockers.h.pump
-- Up-to-date: /home/nick/Robotics_Projects/furuta1/install/gmock_vendor/src/gmock_vendor/include/gmock/gmock-function-mocker.h
-- Up-to-date: /home/nick/Robotics_Projects/furuta1/install/gmock_vendor/src/gmock_vendor/include/gmock/gmock-generated-matchers.h
-- Up-to-date: /home/nick/Robotics_Projects/furuta1/install/gmock_vendor/src/gmock_vendor/include/gmock/gmock-spec-builders.h
-- Up-to-date: /home/nick/Robotics_Projects/furuta1/install/gmock_vendor/src/gmock_vendor/include/gmock/gmock-cardinalities.h
-- Up-to-date: /home/nick/Robotics_Projects/furuta1/install/gmock_vendor/src/gmock_vendor/include/gmock/gmock-generated-actions.h
-- Up-to-date: /home/nick/Robotics_Projects/furuta1/install/gmock_vendor/src/gmock_vendor/include/gmock/internal
-- Up-to-date: /home/nick/Robotics_Projects/furuta1/install/gmock_vendor/src/gmock_vendor/include/gmock/internal/gmock-port.h
-- Up-to-date: /home/nick/Robotics_Projects/furuta1/install/gmock_vendor/src/gmock_vendor/include/gmock/internal/gmock-internal-utils.h
-- Up-to-date: /home/nick/Robotics_Projects/furuta1/install/gmock_vendor/src/gmock_vendor/include/gmock/internal/gmock-pp.h
-- Up-to-date: /home/nick/Robotics_Projects/furuta1/install/gmock_vendor/src/gmock_vendor/include/gmock/internal/custom
-- Up-to-date: /home/nick/Robotics_Projects/furuta1/install/gmock_vendor/src/gmock_vendor/include/gmock/internal/custom/gmock-port.h
-- Up-to-date: /home/nick/Robotics_Projects/furuta1/install/gmock_vendor/src/gmock_vendor/include/gmock/internal/custom/gmock-generated-actions.h
-- Up-to-date: /home/nick/Robotics_Projects/furuta1/install/gmock_vendor/src/gmock_vendor/include/gmock/internal/custom/gmock-generated-actions.h.pump
-- Up-to-date: /home/nick/Robotics_Projects/furuta1/install/gmock_vendor/src/gmock_vendor/include/gmock/internal/custom/README.md
-- Up-to-date: /home/nick/Robotics_Projects/furuta1/install/gmock_vendor/src/gmock_vendor/include/gmock/internal/custom/gmock-matchers.h
-- Up-to-date: /home/nick/Robotics_Projects/furuta1/install/gmock_vendor/src/gmock_vendor/include/gmock/gmock-nice-strict.h
-- Up-to-date: /home/nick/Robotics_Projects/furuta1/install/gmock_vendor/src/gmock_vendor/include/gmock/gmock-generated-matchers.h.pump
-- Up-to-date: /home/nick/Robotics_Projects/furuta1/install/gmock_vendor/src/gmock_vendor/include/gmock/gmock-generated-actions.h.pump
-- Up-to-date: /home/nick/Robotics_Projects/furuta1/install/gmock_vendor/src/gmock_vendor/include/gmock/gmock-matchers.h
-- Up-to-date: /home/nick/Robotics_Projects/furuta1/install/gmock_vendor/src/gmock_vendor/src
-- Up-to-date: /home/nick/Robotics_Projects/furuta1/install/gmock_vendor/src/gmock_vendor/src/gmock-all.cc
-- Up-to-date: /home/nick/Robotics_Projects/furuta1/install/gmock_vendor/src/gmock_vendor/src/gmock_main.cc
-- Up-to-date: /home/nick/Robotics_Projects/furuta1/install/gmock_vendor/src/gmock_vendor/src/gmock.cc
-- Up-to-date: /home/nick/Robotics_Projects/furuta1/install/gmock_vendor/src/gmock_vendor/src/gmock-cardinalities.cc
-- Up-to-date: /home/nick/Robotics_Projects/furuta1/install/gmock_vendor/src/gmock_vendor/src/gmock-spec-builders.cc
-- Up-to-date: /home/nick/Robotics_Projects/furuta1/install/gmock_vendor/src/gmock_vendor/src/gmock-matchers.cc
-- Up-to-date: /home/nick/Robotics_Projects/furuta1/install/gmock_vendor/src/gmock_vendor/src/gmock-internal-utils.cc
