[0.689s] Invoking command in '/home/nick/Robotics_Projects/furuta1/build/ament_pyflakes': AMENT_PREFIX_PATH=/home/nick/Robotics_Projects/furuta1/install/ament_pycodestyle:${AMENT_PREFIX_PATH} PATH=/home/nick/Robotics_Projects/furuta1/install/ament_pycodestyle/bin:${PATH} PYTHONPATH=/home/nick/Robotics_Projects/furuta1/build/ament_pyflakes/prefix_override:/home/nick/Robotics_Projects/furuta1/install/ament_pyflakes/lib/python3.10/site-packages:/home/nick/Robotics_Projects/furuta1/build/ament_pycodestyle:/home/nick/Robotics_Projects/furuta1/install/ament_pycodestyle/lib/python3.10/site-packages:${PYTHONPATH} /usr/bin/python3 -W ignore:setup.py install is deprecated setup.py develop --editable --build-directory /home/nick/Robotics_Projects/furuta1/build/ament_pyflakes/build --no-deps symlink_data
[0.901s] running develop
[0.902s] /home/nick/.local/lib/python3.10/site-packages/setuptools/command/develop.py:39: EasyInstallDeprecationWarning: easy_install command is deprecated.
[0.902s] !!
[0.902s] 
[0.902s]         ********************************************************************************
[0.902s]         Please avoid running ``setup.py`` and ``easy_install``.
[0.902s]         Instead, use pypa/build, pypa/installer or other
[0.902s]         standards-based tools.
[0.902s] 
[0.902s]         See https://github.com/pypa/setuptools/issues/917 for details.
[0.902s]         ********************************************************************************
[0.902s] 
[0.902s] !!
[0.902s]   easy_install.initialize_options(self)
[1.000s] running egg_info
[1.000s] creating ament_pyflakes.egg-info
[1.008s] writing ament_pyflakes.egg-info/PKG-INFO
[1.008s] writing dependency_links to ament_pyflakes.egg-info/dependency_links.txt
[1.008s] writing entry points to ament_pyflakes.egg-info/entry_points.txt
[1.008s] writing requirements to ament_pyflakes.egg-info/requires.txt
[1.008s] writing top-level names to ament_pyflakes.egg-info/top_level.txt
[1.008s] writing manifest file 'ament_pyflakes.egg-info/SOURCES.txt'
[1.025s] reading manifest file 'ament_pyflakes.egg-info/SOURCES.txt'
[1.025s] writing manifest file 'ament_pyflakes.egg-info/SOURCES.txt'
[1.032s] running build_ext
[1.032s] Creating /home/nick/Robotics_Projects/furuta1/install/ament_pyflakes/lib/python3.10/site-packages/ament_pyflakes.egg-link (link to .)
[1.033s] Installing ament_pyflakes script to /home/nick/Robotics_Projects/furuta1/install/ament_pyflakes/bin
[1.033s] 
[1.033s] Installed /home/nick/Robotics_Projects/furuta1/build/ament_pyflakes
[1.033s] running symlink_data
[1.033s] symbolically linking /home/nick/Robotics_Projects/furuta1/build/ament_pyflakes/package.xml -> /home/nick/Robotics_Projects/furuta1/install/ament_pyflakes/share/ament_pyflakes
[1.033s] creating /home/nick/Robotics_Projects/furuta1/install/ament_pyflakes/share/ament_index
[1.033s] creating /home/nick/Robotics_Projects/furuta1/install/ament_pyflakes/share/ament_index/resource_index
[1.033s] creating /home/nick/Robotics_Projects/furuta1/install/ament_pyflakes/share/ament_index/resource_index/packages
[1.033s] symbolically linking /home/nick/Robotics_Projects/furuta1/build/ament_pyflakes/resource/ament_pyflakes -> /home/nick/Robotics_Projects/furuta1/install/ament_pyflakes/share/ament_index/resource_index/packages
[1.053s] Invoked command in '/home/nick/Robotics_Projects/furuta1/build/ament_pyflakes' returned '0': AMENT_PREFIX_PATH=/home/nick/Robotics_Projects/furuta1/install/ament_pycodestyle:${AMENT_PREFIX_PATH} PATH=/home/nick/Robotics_Projects/furuta1/install/ament_pycodestyle/bin:${PATH} PYTHONPATH=/home/nick/Robotics_Projects/furuta1/build/ament_pyflakes/prefix_override:/home/nick/Robotics_Projects/furuta1/install/ament_pyflakes/lib/python3.10/site-packages:/home/nick/Robotics_Projects/furuta1/build/ament_pycodestyle:/home/nick/Robotics_Projects/furuta1/install/ament_pycodestyle/lib/python3.10/site-packages:${PYTHONPATH} /usr/bin/python3 -W ignore:setup.py install is deprecated setup.py develop --editable --build-directory /home/nick/Robotics_Projects/furuta1/build/ament_pyflakes/build --no-deps symlink_data
