[0.014s] Invoking command in '/home/nick/Robotics_Projects/furuta1/build/ament_cmake_export_include_directories': AMENT_PREFIX_PATH=/home/nick/Robotics_Projects/furuta1/install/ament_cmake_core:/home/nick/Robotics_Projects/furuta1/install/ament_package CMAKE_PREFIX_PATH=/home/nick/Robotics_Projects/furuta1/install/ament_cmake_core PYTHONPATH=/home/nick/Robotics_Projects/furuta1/build/ament_package:/home/nick/Robotics_Projects/furuta1/install/ament_package/lib/python3.10/site-packages /usr/bin/cmake --build /home/nick/Robotics_Projects/furuta1/build/ament_cmake_export_include_directories -- -j16 -l16
[0.044s] Invoked command in '/home/nick/Robotics_Projects/furuta1/build/ament_cmake_export_include_directories' returned '0': AMENT_PREFIX_PATH=/home/nick/Robotics_Projects/furuta1/install/ament_cmake_core:/home/nick/Robotics_Projects/furuta1/install/ament_package CMAKE_PREFIX_PATH=/home/nick/Robotics_Projects/furuta1/install/ament_cmake_core PYTHONPATH=/home/nick/Robotics_Projects/furuta1/build/ament_package:/home/nick/Robotics_Projects/furuta1/install/ament_package/lib/python3.10/site-packages /usr/bin/cmake --build /home/nick/Robotics_Projects/furuta1/build/ament_cmake_export_include_directories -- -j16 -l16
[0.069s] Invoking command in '/home/nick/Robotics_Projects/furuta1/build/ament_cmake_export_include_directories': AMENT_PREFIX_PATH=/home/nick/Robotics_Projects/furuta1/install/ament_cmake_core:/home/nick/Robotics_Projects/furuta1/install/ament_package CMAKE_PREFIX_PATH=/home/nick/Robotics_Projects/furuta1/install/ament_cmake_core PYTHONPATH=/home/nick/Robotics_Projects/furuta1/build/ament_package:/home/nick/Robotics_Projects/furuta1/install/ament_package/lib/python3.10/site-packages /usr/bin/cmake --install /home/nick/Robotics_Projects/furuta1/build/ament_cmake_export_include_directories
[0.077s] -- Install configuration: ""
[0.078s] -- Execute custom install script
[0.078s] -- Up-to-date symlink: /home/nick/Robotics_Projects/furuta1/install/ament_cmake_export_include_directories/share/ament_index/resource_index/package_run_dependencies/ament_cmake_export_include_directories
[0.079s] -- Up-to-date symlink: /home/nick/Robotics_Projects/furuta1/install/ament_cmake_export_include_directories/share/ament_index/resource_index/parent_prefix_path/ament_cmake_export_include_directories
[0.081s] -- Up-to-date symlink: /home/nick/Robotics_Projects/furuta1/install/ament_cmake_export_include_directories/share/ament_cmake_export_include_directories/environment/ament_prefix_path.sh
[0.081s] -- Up-to-date symlink: /home/nick/Robotics_Projects/furuta1/install/ament_cmake_export_include_directories/share/ament_cmake_export_include_directories/environment/ament_prefix_path.dsv
[0.081s] -- Up-to-date symlink: /home/nick/Robotics_Projects/furuta1/install/ament_cmake_export_include_directories/share/ament_cmake_export_include_directories/environment/path.sh
[0.081s] -- Up-to-date symlink: /home/nick/Robotics_Projects/furuta1/install/ament_cmake_export_include_directories/share/ament_cmake_export_include_directories/environment/path.dsv
[0.081s] -- Up-to-date symlink: /home/nick/Robotics_Projects/furuta1/install/ament_cmake_export_include_directories/share/ament_cmake_export_include_directories/local_setup.bash
[0.082s] -- Up-to-date symlink: /home/nick/Robotics_Projects/furuta1/install/ament_cmake_export_include_directories/share/ament_cmake_export_include_directories/local_setup.sh
[0.082s] -- Up-to-date symlink: /home/nick/Robotics_Projects/furuta1/install/ament_cmake_export_include_directories/share/ament_cmake_export_include_directories/local_setup.zsh
[0.082s] -- Up-to-date symlink: /home/nick/Robotics_Projects/furuta1/install/ament_cmake_export_include_directories/share/ament_cmake_export_include_directories/local_setup.dsv
[0.082s] -- Symlinking: /home/nick/Robotics_Projects/furuta1/install/ament_cmake_export_include_directories/share/ament_cmake_export_include_directories/package.dsv
[0.083s] -- Up-to-date symlink: /home/nick/Robotics_Projects/furuta1/install/ament_cmake_export_include_directories/share/ament_index/resource_index/packages/ament_cmake_export_include_directories
[0.083s] -- Up-to-date symlink: /home/nick/Robotics_Projects/furuta1/install/ament_cmake_export_include_directories/share/ament_cmake_export_include_directories/cmake/ament_cmake_export_include_directories-extras.cmake
[0.083s] -- Up-to-date symlink: /home/nick/Robotics_Projects/furuta1/install/ament_cmake_export_include_directories/share/ament_cmake_export_include_directories/cmake/ament_cmake_export_include_directoriesConfig.cmake
[0.083s] -- Up-to-date symlink: /home/nick/Robotics_Projects/furuta1/install/ament_cmake_export_include_directories/share/ament_cmake_export_include_directories/cmake/ament_cmake_export_include_directoriesConfig-version.cmake
[0.083s] -- Up-to-date symlink: /home/nick/Robotics_Projects/furuta1/install/ament_cmake_export_include_directories/share/ament_cmake_export_include_directories/package.xml
[0.083s] -- Up-to-date symlink: /home/nick/Robotics_Projects/furuta1/install/ament_cmake_export_include_directories/share/ament_cmake_export_include_directories/cmake/ament_cmake_export_include_directories-extras.cmake.in
[0.083s] -- Up-to-date symlink: /home/nick/Robotics_Projects/furuta1/install/ament_cmake_export_include_directories/share/ament_cmake_export_include_directories/cmake/ament_cmake_export_include_directories_package_hook.cmake
[0.084s] -- Up-to-date symlink: /home/nick/Robotics_Projects/furuta1/install/ament_cmake_export_include_directories/share/ament_cmake_export_include_directories/cmake/ament_export_include_directories.cmake
[0.107s] Invoked command in '/home/nick/Robotics_Projects/furuta1/build/ament_cmake_export_include_directories' returned '0': AMENT_PREFIX_PATH=/home/nick/Robotics_Projects/furuta1/install/ament_cmake_core:/home/nick/Robotics_Projects/furuta1/install/ament_package CMAKE_PREFIX_PATH=/home/nick/Robotics_Projects/furuta1/install/ament_cmake_core PYTHONPATH=/home/nick/Robotics_Projects/furuta1/build/ament_package:/home/nick/Robotics_Projects/furuta1/install/ament_package/lib/python3.10/site-packages /usr/bin/cmake --install /home/nick/Robotics_Projects/furuta1/build/ament_cmake_export_include_directories
