[0.030s] Invoking command in '/home/nick/Robotics_Projects/furuta1/build/ros_environment': AMENT_PREFIX_PATH=/home/nick/Robotics_Projects/furuta1/install/ament_cmake_core:/home/nick/Robotics_Projects/furuta1/install/ament_package:${AMENT_PREFIX_PATH} CMAKE_PREFIX_PATH=/home/nick/Robotics_Projects/furuta1/install/ament_cmake_core:/opt/ros/humble PYTHONPATH=/home/nick/Robotics_Projects/furuta1/build/ament_package:/home/nick/Robotics_Projects/furuta1/install/ament_package/lib/python3.10/site-packages:${PYTHONPATH} /usr/bin/cmake /home/nick/Robotics_Projects/furuta1/src/ros/ros_environment -DAMENT_CMAKE_SYMLINK_INSTALL=1 -DCMAKE_INSTALL_PREFIX=/home/nick/Robotics_Projects/furuta1/install/ros_environment
[0.417s] -- Found ament_cmake_core: 1.3.8 (/home/nick/Robotics_Projects/furuta1/install/ament_cmake_core/share/ament_cmake_core/cmake)
[0.417s] -- Found Python3: /usr/bin/python3 (found version "3.10.12") found components: Interpreter 
[0.417s] -- Override CMake install command with custom implementation using symlinks instead of copying resources
[0.441s] -- Configuring done
[0.443s] -- Generating done
[0.443s] -- Build files have been written to: /home/nick/Robotics_Projects/furuta1/build/ros_environment
[0.450s] Invoked command in '/home/nick/Robotics_Projects/furuta1/build/ros_environment' returned '0': AMENT_PREFIX_PATH=/home/nick/Robotics_Projects/furuta1/install/ament_cmake_core:/home/nick/Robotics_Projects/furuta1/install/ament_package:${AMENT_PREFIX_PATH} CMAKE_PREFIX_PATH=/home/nick/Robotics_Projects/furuta1/install/ament_cmake_core:/opt/ros/humble PYTHONPATH=/home/nick/Robotics_Projects/furuta1/build/ament_package:/home/nick/Robotics_Projects/furuta1/install/ament_package/lib/python3.10/site-packages:${PYTHONPATH} /usr/bin/cmake /home/nick/Robotics_Projects/furuta1/src/ros/ros_environment -DAMENT_CMAKE_SYMLINK_INSTALL=1 -DCMAKE_INSTALL_PREFIX=/home/nick/Robotics_Projects/furuta1/install/ros_environment
[0.451s] Invoking command in '/home/nick/Robotics_Projects/furuta1/build/ros_environment': AMENT_PREFIX_PATH=/home/nick/Robotics_Projects/furuta1/install/ament_cmake_core:/home/nick/Robotics_Projects/furuta1/install/ament_package:${AMENT_PREFIX_PATH} CMAKE_PREFIX_PATH=/home/nick/Robotics_Projects/furuta1/install/ament_cmake_core:/opt/ros/humble PYTHONPATH=/home/nick/Robotics_Projects/furuta1/build/ament_package:/home/nick/Robotics_Projects/furuta1/install/ament_package/lib/python3.10/site-packages:${PYTHONPATH} /usr/bin/cmake --build /home/nick/Robotics_Projects/furuta1/build/ros_environment -- -j16 -l16
[0.480s] Invoked command in '/home/nick/Robotics_Projects/furuta1/build/ros_environment' returned '0': AMENT_PREFIX_PATH=/home/nick/Robotics_Projects/furuta1/install/ament_cmake_core:/home/nick/Robotics_Projects/furuta1/install/ament_package:${AMENT_PREFIX_PATH} CMAKE_PREFIX_PATH=/home/nick/Robotics_Projects/furuta1/install/ament_cmake_core:/opt/ros/humble PYTHONPATH=/home/nick/Robotics_Projects/furuta1/build/ament_package:/home/nick/Robotics_Projects/furuta1/install/ament_package/lib/python3.10/site-packages:${PYTHONPATH} /usr/bin/cmake --build /home/nick/Robotics_Projects/furuta1/build/ros_environment -- -j16 -l16
[0.496s] Invoking command in '/home/nick/Robotics_Projects/furuta1/build/ros_environment': AMENT_PREFIX_PATH=/home/nick/Robotics_Projects/furuta1/install/ament_cmake_core:/home/nick/Robotics_Projects/furuta1/install/ament_package:${AMENT_PREFIX_PATH} CMAKE_PREFIX_PATH=/home/nick/Robotics_Projects/furuta1/install/ament_cmake_core:/opt/ros/humble PYTHONPATH=/home/nick/Robotics_Projects/furuta1/build/ament_package:/home/nick/Robotics_Projects/furuta1/install/ament_package/lib/python3.10/site-packages:${PYTHONPATH} /usr/bin/cmake --install /home/nick/Robotics_Projects/furuta1/build/ros_environment
[0.623s] -- Install configuration: ""
[0.623s] -- Execute custom install script
[0.623s] -- Symlinking: /home/nick/Robotics_Projects/furuta1/install/ros_environment/share/ros_environment/environment/1.ros_distro.dsv
[0.623s] -- Symlinking: /home/nick/Robotics_Projects/furuta1/install/ros_environment/share/ros_environment/environment/1.ros_distro.sh
[0.623s] -- Symlinking: /home/nick/Robotics_Projects/furuta1/install/ros_environment/share/ros_environment/environment/1.ros_localhost_only.dsv
[0.623s] -- Symlinking: /home/nick/Robotics_Projects/furuta1/install/ros_environment/share/ros_environment/environment/1.ros_localhost_only.sh
[0.623s] -- Symlinking: /home/nick/Robotics_Projects/furuta1/install/ros_environment/share/ros_environment/environment/1.ros_python_version.dsv
[0.623s] -- Symlinking: /home/nick/Robotics_Projects/furuta1/install/ros_environment/share/ros_environment/environment/1.ros_python_version.sh
[0.623s] -- Symlinking: /home/nick/Robotics_Projects/furuta1/install/ros_environment/share/ros_environment/environment/1.ros_version.dsv
[0.623s] -- Symlinking: /home/nick/Robotics_Projects/furuta1/install/ros_environment/share/ros_environment/environment/1.ros_version.sh
[0.623s] -- Symlinking: /home/nick/Robotics_Projects/furuta1/install/ros_environment/share/ros_environment/environment/0.ros_distro_check.sh
[0.623s] -- Symlinking: /home/nick/Robotics_Projects/furuta1/install/ros_environment/share/ament_index/resource_index/package_run_dependencies/ros_environment
[0.623s] -- Symlinking: /home/nick/Robotics_Projects/furuta1/install/ros_environment/share/ament_index/resource_index/parent_prefix_path/ros_environment
[0.623s] -- Symlinking: /home/nick/Robotics_Projects/furuta1/install/ros_environment/share/ros_environment/environment/ament_prefix_path.sh
[0.623s] -- Symlinking: /home/nick/Robotics_Projects/furuta1/install/ros_environment/share/ros_environment/environment/ament_prefix_path.dsv
[0.624s] -- Symlinking: /home/nick/Robotics_Projects/furuta1/install/ros_environment/share/ros_environment/environment/path.sh
[0.624s] -- Symlinking: /home/nick/Robotics_Projects/furuta1/install/ros_environment/share/ros_environment/environment/path.dsv
[0.624s] -- Symlinking: /home/nick/Robotics_Projects/furuta1/install/ros_environment/share/ros_environment/local_setup.bash
[0.624s] -- Symlinking: /home/nick/Robotics_Projects/furuta1/install/ros_environment/share/ros_environment/local_setup.sh
[0.625s] -- Symlinking: /home/nick/Robotics_Projects/furuta1/install/ros_environment/share/ros_environment/local_setup.zsh
[0.631s] -- Symlinking: /home/nick/Robotics_Projects/furuta1/install/ros_environment/share/ros_environment/local_setup.dsv
[0.646s] -- Symlinking: /home/nick/Robotics_Projects/furuta1/install/ros_environment/share/ros_environment/package.dsv
[0.649s] -- Symlinking: /home/nick/Robotics_Projects/furuta1/install/ros_environment/share/ament_index/resource_index/packages/ros_environment
[0.656s] -- Symlinking: /home/nick/Robotics_Projects/furuta1/install/ros_environment/share/ros_environment/cmake/ros_environmentConfig.cmake
[0.662s] -- Symlinking: /home/nick/Robotics_Projects/furuta1/install/ros_environment/share/ros_environment/cmake/ros_environmentConfig-version.cmake
[0.669s] -- Symlinking: /home/nick/Robotics_Projects/furuta1/install/ros_environment/share/ros_environment/package.xml
[0.702s] Invoked command in '/home/nick/Robotics_Projects/furuta1/build/ros_environment' returned '0': AMENT_PREFIX_PATH=/home/nick/Robotics_Projects/furuta1/install/ament_cmake_core:/home/nick/Robotics_Projects/furuta1/install/ament_package:${AMENT_PREFIX_PATH} CMAKE_PREFIX_PATH=/home/nick/Robotics_Projects/furuta1/install/ament_cmake_core:/opt/ros/humble PYTHONPATH=/home/nick/Robotics_Projects/furuta1/build/ament_package:/home/nick/Robotics_Projects/furuta1/install/ament_package/lib/python3.10/site-packages:${PYTHONPATH} /usr/bin/cmake --install /home/nick/Robotics_Projects/furuta1/build/ros_environment
