[0.017s] Invoking command in '/home/nick/Robotics_Projects/furuta1/build/ament_cmake_export_link_flags': AMENT_PREFIX_PATH=/home/nick/Robotics_Projects/furuta1/install/ament_cmake_core:/home/nick/Robotics_Projects/furuta1/install/ament_package:${AMENT_PREFIX_PATH} CMAKE_PREFIX_PATH=/home/nick/Robotics_Projects/furuta1/install/ament_cmake_core:/opt/ros/humble PYTHONPATH=/home/nick/Robotics_Projects/furuta1/build/ament_package:/home/nick/Robotics_Projects/furuta1/install/ament_package/lib/python3.10/site-packages:${PYTHONPATH} /usr/bin/cmake /home/nick/Robotics_Projects/furuta1/src/ament/ament_cmake/ament_cmake_export_link_flags -DAMENT_CMAKE_SYMLINK_INSTALL=1 -DCMAKE_INSTALL_PREFIX=/home/nick/Robotics_Projects/furuta1/install/ament_cmake_export_link_flags
[0.034s] -- Found ament_cmake_core: 1.3.8 (/home/nick/Robotics_Projects/furuta1/install/ament_cmake_core/share/ament_cmake_core/cmake)
[0.319s] -- Found Python3: /usr/bin/python3 (found version "3.10.12") found components: Interpreter 
[0.370s] -- Override CMake install command with custom implementation using symlinks instead of copying resources
[0.425s] -- Configuring done
[0.427s] -- Generating done
[0.427s] -- Build files have been written to: /home/nick/Robotics_Projects/furuta1/build/ament_cmake_export_link_flags
[0.431s] Invoked command in '/home/nick/Robotics_Projects/furuta1/build/ament_cmake_export_link_flags' returned '0': AMENT_PREFIX_PATH=/home/nick/Robotics_Projects/furuta1/install/ament_cmake_core:/home/nick/Robotics_Projects/furuta1/install/ament_package:${AMENT_PREFIX_PATH} CMAKE_PREFIX_PATH=/home/nick/Robotics_Projects/furuta1/install/ament_cmake_core:/opt/ros/humble PYTHONPATH=/home/nick/Robotics_Projects/furuta1/build/ament_package:/home/nick/Robotics_Projects/furuta1/install/ament_package/lib/python3.10/site-packages:${PYTHONPATH} /usr/bin/cmake /home/nick/Robotics_Projects/furuta1/src/ament/ament_cmake/ament_cmake_export_link_flags -DAMENT_CMAKE_SYMLINK_INSTALL=1 -DCMAKE_INSTALL_PREFIX=/home/nick/Robotics_Projects/furuta1/install/ament_cmake_export_link_flags
[0.432s] Invoking command in '/home/nick/Robotics_Projects/furuta1/build/ament_cmake_export_link_flags': AMENT_PREFIX_PATH=/home/nick/Robotics_Projects/furuta1/install/ament_cmake_core:/home/nick/Robotics_Projects/furuta1/install/ament_package:${AMENT_PREFIX_PATH} CMAKE_PREFIX_PATH=/home/nick/Robotics_Projects/furuta1/install/ament_cmake_core:/opt/ros/humble PYTHONPATH=/home/nick/Robotics_Projects/furuta1/build/ament_package:/home/nick/Robotics_Projects/furuta1/install/ament_package/lib/python3.10/site-packages:${PYTHONPATH} /usr/bin/cmake --build /home/nick/Robotics_Projects/furuta1/build/ament_cmake_export_link_flags -- -j16 -l16
[0.459s] Invoked command in '/home/nick/Robotics_Projects/furuta1/build/ament_cmake_export_link_flags' returned '0': AMENT_PREFIX_PATH=/home/nick/Robotics_Projects/furuta1/install/ament_cmake_core:/home/nick/Robotics_Projects/furuta1/install/ament_package:${AMENT_PREFIX_PATH} CMAKE_PREFIX_PATH=/home/nick/Robotics_Projects/furuta1/install/ament_cmake_core:/opt/ros/humble PYTHONPATH=/home/nick/Robotics_Projects/furuta1/build/ament_package:/home/nick/Robotics_Projects/furuta1/install/ament_package/lib/python3.10/site-packages:${PYTHONPATH} /usr/bin/cmake --build /home/nick/Robotics_Projects/furuta1/build/ament_cmake_export_link_flags -- -j16 -l16
[0.478s] Invoking command in '/home/nick/Robotics_Projects/furuta1/build/ament_cmake_export_link_flags': AMENT_PREFIX_PATH=/home/nick/Robotics_Projects/furuta1/install/ament_cmake_core:/home/nick/Robotics_Projects/furuta1/install/ament_package:${AMENT_PREFIX_PATH} CMAKE_PREFIX_PATH=/home/nick/Robotics_Projects/furuta1/install/ament_cmake_core:/opt/ros/humble PYTHONPATH=/home/nick/Robotics_Projects/furuta1/build/ament_package:/home/nick/Robotics_Projects/furuta1/install/ament_package/lib/python3.10/site-packages:${PYTHONPATH} /usr/bin/cmake --install /home/nick/Robotics_Projects/furuta1/build/ament_cmake_export_link_flags
[0.483s] -- Install configuration: ""
[0.484s] -- Execute custom install script
[0.484s] -- Symlinking: /home/nick/Robotics_Projects/furuta1/install/ament_cmake_export_link_flags/share/ament_index/resource_index/package_run_dependencies/ament_cmake_export_link_flags
[0.490s] -- Symlinking: /home/nick/Robotics_Projects/furuta1/install/ament_cmake_export_link_flags/share/ament_index/resource_index/parent_prefix_path/ament_cmake_export_link_flags
[0.498s] -- Symlinking: /home/nick/Robotics_Projects/furuta1/install/ament_cmake_export_link_flags/share/ament_cmake_export_link_flags/environment/ament_prefix_path.sh
[0.504s] -- Symlinking: /home/nick/Robotics_Projects/furuta1/install/ament_cmake_export_link_flags/share/ament_cmake_export_link_flags/environment/ament_prefix_path.dsv
[0.511s] -- Symlinking: /home/nick/Robotics_Projects/furuta1/install/ament_cmake_export_link_flags/share/ament_cmake_export_link_flags/environment/path.sh
[0.518s] -- Symlinking: /home/nick/Robotics_Projects/furuta1/install/ament_cmake_export_link_flags/share/ament_cmake_export_link_flags/environment/path.dsv
[0.525s] -- Symlinking: /home/nick/Robotics_Projects/furuta1/install/ament_cmake_export_link_flags/share/ament_cmake_export_link_flags/local_setup.bash
[0.531s] -- Symlinking: /home/nick/Robotics_Projects/furuta1/install/ament_cmake_export_link_flags/share/ament_cmake_export_link_flags/local_setup.sh
[0.540s] -- Symlinking: /home/nick/Robotics_Projects/furuta1/install/ament_cmake_export_link_flags/share/ament_cmake_export_link_flags/local_setup.zsh
[0.544s] -- Symlinking: /home/nick/Robotics_Projects/furuta1/install/ament_cmake_export_link_flags/share/ament_cmake_export_link_flags/local_setup.dsv
[0.552s] -- Symlinking: /home/nick/Robotics_Projects/furuta1/install/ament_cmake_export_link_flags/share/ament_cmake_export_link_flags/package.dsv
[0.560s] -- Symlinking: /home/nick/Robotics_Projects/furuta1/install/ament_cmake_export_link_flags/share/ament_index/resource_index/packages/ament_cmake_export_link_flags
[0.567s] -- Symlinking: /home/nick/Robotics_Projects/furuta1/install/ament_cmake_export_link_flags/share/ament_cmake_export_link_flags/cmake/ament_cmake_export_link_flags-extras.cmake
[0.575s] -- Symlinking: /home/nick/Robotics_Projects/furuta1/install/ament_cmake_export_link_flags/share/ament_cmake_export_link_flags/cmake/ament_cmake_export_link_flagsConfig.cmake
[0.581s] -- Symlinking: /home/nick/Robotics_Projects/furuta1/install/ament_cmake_export_link_flags/share/ament_cmake_export_link_flags/cmake/ament_cmake_export_link_flagsConfig-version.cmake
[0.588s] -- Symlinking: /home/nick/Robotics_Projects/furuta1/install/ament_cmake_export_link_flags/share/ament_cmake_export_link_flags/package.xml
[0.596s] -- Symlinking: /home/nick/Robotics_Projects/furuta1/install/ament_cmake_export_link_flags/share/ament_cmake_export_link_flags/cmake/ament_cmake_export_link_flags-extras.cmake.in
[0.605s] -- Symlinking: /home/nick/Robotics_Projects/furuta1/install/ament_cmake_export_link_flags/share/ament_cmake_export_link_flags/cmake/ament_cmake_export_link_flags_package_hook.cmake
[0.611s] -- Symlinking: /home/nick/Robotics_Projects/furuta1/install/ament_cmake_export_link_flags/share/ament_cmake_export_link_flags/cmake/ament_export_link_flags.cmake
[0.622s] Invoked command in '/home/nick/Robotics_Projects/furuta1/build/ament_cmake_export_link_flags' returned '0': AMENT_PREFIX_PATH=/home/nick/Robotics_Projects/furuta1/install/ament_cmake_core:/home/nick/Robotics_Projects/furuta1/install/ament_package:${AMENT_PREFIX_PATH} CMAKE_PREFIX_PATH=/home/nick/Robotics_Projects/furuta1/install/ament_cmake_core:/opt/ros/humble PYTHONPATH=/home/nick/Robotics_Projects/furuta1/build/ament_package:/home/nick/Robotics_Projects/furuta1/install/ament_package/lib/python3.10/site-packages:${PYTHONPATH} /usr/bin/cmake --install /home/nick/Robotics_Projects/furuta1/build/ament_cmake_export_link_flags
