[0.014s] Invoking command in '/home/nick/Robotics_Projects/furuta1/build/ament_cmake_export_link_flags': AMENT_PREFIX_PATH=/home/nick/Robotics_Projects/furuta1/install/ament_cmake_core:/home/nick/Robotics_Projects/furuta1/install/ament_package CMAKE_PREFIX_PATH=/home/nick/Robotics_Projects/furuta1/install/ament_cmake_core PYTHONPATH=/home/nick/Robotics_Projects/furuta1/build/ament_package:/home/nick/Robotics_Projects/furuta1/install/ament_package/lib/python3.10/site-packages /usr/bin/cmake --build /home/nick/Robotics_Projects/furuta1/build/ament_cmake_export_link_flags -- -j16 -l16
[0.040s] Invoked command in '/home/nick/Robotics_Projects/furuta1/build/ament_cmake_export_link_flags' returned '0': AMENT_PREFIX_PATH=/home/nick/Robotics_Projects/furuta1/install/ament_cmake_core:/home/nick/Robotics_Projects/furuta1/install/ament_package CMAKE_PREFIX_PATH=/home/nick/Robotics_Projects/furuta1/install/ament_cmake_core PYTHONPATH=/home/nick/Robotics_Projects/furuta1/build/ament_package:/home/nick/Robotics_Projects/furuta1/install/ament_package/lib/python3.10/site-packages /usr/bin/cmake --build /home/nick/Robotics_Projects/furuta1/build/ament_cmake_export_link_flags -- -j16 -l16
[0.058s] Invoking command in '/home/nick/Robotics_Projects/furuta1/build/ament_cmake_export_link_flags': AMENT_PREFIX_PATH=/home/nick/Robotics_Projects/furuta1/install/ament_cmake_core:/home/nick/Robotics_Projects/furuta1/install/ament_package CMAKE_PREFIX_PATH=/home/nick/Robotics_Projects/furuta1/install/ament_cmake_core PYTHONPATH=/home/nick/Robotics_Projects/furuta1/build/ament_package:/home/nick/Robotics_Projects/furuta1/install/ament_package/lib/python3.10/site-packages /usr/bin/cmake --install /home/nick/Robotics_Projects/furuta1/build/ament_cmake_export_link_flags
[0.064s] -- Install configuration: ""
[0.067s] -- Execute custom install script
[0.068s] -- Up-to-date symlink: /home/nick/Robotics_Projects/furuta1/install/ament_cmake_export_link_flags/share/ament_index/resource_index/package_run_dependencies/ament_cmake_export_link_flags
[0.068s] -- Up-to-date symlink: /home/nick/Robotics_Projects/furuta1/install/ament_cmake_export_link_flags/share/ament_index/resource_index/parent_prefix_path/ament_cmake_export_link_flags
[0.068s] -- Up-to-date symlink: /home/nick/Robotics_Projects/furuta1/install/ament_cmake_export_link_flags/share/ament_cmake_export_link_flags/environment/ament_prefix_path.sh
[0.068s] -- Up-to-date symlink: /home/nick/Robotics_Projects/furuta1/install/ament_cmake_export_link_flags/share/ament_cmake_export_link_flags/environment/ament_prefix_path.dsv
[0.068s] -- Up-to-date symlink: /home/nick/Robotics_Projects/furuta1/install/ament_cmake_export_link_flags/share/ament_cmake_export_link_flags/environment/path.sh
[0.068s] -- Up-to-date symlink: /home/nick/Robotics_Projects/furuta1/install/ament_cmake_export_link_flags/share/ament_cmake_export_link_flags/environment/path.dsv
[0.068s] -- Up-to-date symlink: /home/nick/Robotics_Projects/furuta1/install/ament_cmake_export_link_flags/share/ament_cmake_export_link_flags/local_setup.bash
[0.068s] -- Up-to-date symlink: /home/nick/Robotics_Projects/furuta1/install/ament_cmake_export_link_flags/share/ament_cmake_export_link_flags/local_setup.sh
[0.068s] -- Up-to-date symlink: /home/nick/Robotics_Projects/furuta1/install/ament_cmake_export_link_flags/share/ament_cmake_export_link_flags/local_setup.zsh
[0.069s] -- Up-to-date symlink: /home/nick/Robotics_Projects/furuta1/install/ament_cmake_export_link_flags/share/ament_cmake_export_link_flags/local_setup.dsv
[0.069s] -- Symlinking: /home/nick/Robotics_Projects/furuta1/install/ament_cmake_export_link_flags/share/ament_cmake_export_link_flags/package.dsv
[0.081s] -- Up-to-date symlink: /home/nick/Robotics_Projects/furuta1/install/ament_cmake_export_link_flags/share/ament_index/resource_index/packages/ament_cmake_export_link_flags
[0.081s] -- Up-to-date symlink: /home/nick/Robotics_Projects/furuta1/install/ament_cmake_export_link_flags/share/ament_cmake_export_link_flags/cmake/ament_cmake_export_link_flags-extras.cmake
[0.081s] -- Up-to-date symlink: /home/nick/Robotics_Projects/furuta1/install/ament_cmake_export_link_flags/share/ament_cmake_export_link_flags/cmake/ament_cmake_export_link_flagsConfig.cmake
[0.081s] -- Up-to-date symlink: /home/nick/Robotics_Projects/furuta1/install/ament_cmake_export_link_flags/share/ament_cmake_export_link_flags/cmake/ament_cmake_export_link_flagsConfig-version.cmake
[0.081s] -- Up-to-date symlink: /home/nick/Robotics_Projects/furuta1/install/ament_cmake_export_link_flags/share/ament_cmake_export_link_flags/package.xml
[0.081s] -- Up-to-date symlink: /home/nick/Robotics_Projects/furuta1/install/ament_cmake_export_link_flags/share/ament_cmake_export_link_flags/cmake/ament_cmake_export_link_flags-extras.cmake.in
[0.081s] -- Up-to-date symlink: /home/nick/Robotics_Projects/furuta1/install/ament_cmake_export_link_flags/share/ament_cmake_export_link_flags/cmake/ament_cmake_export_link_flags_package_hook.cmake
[0.081s] -- Up-to-date symlink: /home/nick/Robotics_Projects/furuta1/install/ament_cmake_export_link_flags/share/ament_cmake_export_link_flags/cmake/ament_export_link_flags.cmake
[0.091s] Invoked command in '/home/nick/Robotics_Projects/furuta1/build/ament_cmake_export_link_flags' returned '0': AMENT_PREFIX_PATH=/home/nick/Robotics_Projects/furuta1/install/ament_cmake_core:/home/nick/Robotics_Projects/furuta1/install/ament_package CMAKE_PREFIX_PATH=/home/nick/Robotics_Projects/furuta1/install/ament_cmake_core PYTHONPATH=/home/nick/Robotics_Projects/furuta1/build/ament_package:/home/nick/Robotics_Projects/furuta1/install/ament_package/lib/python3.10/site-packages /usr/bin/cmake --install /home/nick/Robotics_Projects/furuta1/build/ament_cmake_export_link_flags
