[0.013s] Invoking command in '/home/nick/Robotics_Projects/furuta1/build/ament_cmake_python': AMENT_PREFIX_PATH=/home/nick/Robotics_Projects/furuta1/install/ament_cmake_core:/home/nick/Robotics_Projects/furuta1/install/ament_package CMAKE_PREFIX_PATH=/home/nick/Robotics_Projects/furuta1/install/ament_cmake_core PYTHONPATH=/home/nick/Robotics_Projects/furuta1/build/ament_package:/home/nick/Robotics_Projects/furuta1/install/ament_package/lib/python3.10/site-packages /usr/bin/cmake --build /home/nick/Robotics_Projects/furuta1/build/ament_cmake_python -- -j16 -l16
[0.043s] Invoked command in '/home/nick/Robotics_Projects/furuta1/build/ament_cmake_python' returned '0': AMENT_PREFIX_PATH=/home/nick/Robotics_Projects/furuta1/install/ament_cmake_core:/home/nick/Robotics_Projects/furuta1/install/ament_package CMAKE_PREFIX_PATH=/home/nick/Robotics_Projects/furuta1/install/ament_cmake_core PYTHONPATH=/home/nick/Robotics_Projects/furuta1/build/ament_package:/home/nick/Robotics_Projects/furuta1/install/ament_package/lib/python3.10/site-packages /usr/bin/cmake --build /home/nick/Robotics_Projects/furuta1/build/ament_cmake_python -- -j16 -l16
[0.061s] Invoking command in '/home/nick/Robotics_Projects/furuta1/build/ament_cmake_python': AMENT_PREFIX_PATH=/home/nick/Robotics_Projects/furuta1/install/ament_cmake_core:/home/nick/Robotics_Projects/furuta1/install/ament_package CMAKE_PREFIX_PATH=/home/nick/Robotics_Projects/furuta1/install/ament_cmake_core PYTHONPATH=/home/nick/Robotics_Projects/furuta1/build/ament_package:/home/nick/Robotics_Projects/furuta1/install/ament_package/lib/python3.10/site-packages /usr/bin/cmake --install /home/nick/Robotics_Projects/furuta1/build/ament_cmake_python
[0.066s] -- Install configuration: ""
[0.067s] -- Execute custom install script
[0.067s] -- Up-to-date symlink: /home/nick/Robotics_Projects/furuta1/install/ament_cmake_python/share/ament_index/resource_index/package_run_dependencies/ament_cmake_python
[0.067s] -- Up-to-date symlink: /home/nick/Robotics_Projects/furuta1/install/ament_cmake_python/share/ament_index/resource_index/parent_prefix_path/ament_cmake_python
[0.068s] -- Up-to-date symlink: /home/nick/Robotics_Projects/furuta1/install/ament_cmake_python/share/ament_cmake_python/environment/ament_prefix_path.sh
[0.069s] -- Up-to-date symlink: /home/nick/Robotics_Projects/furuta1/install/ament_cmake_python/share/ament_cmake_python/environment/ament_prefix_path.dsv
[0.069s] -- Up-to-date symlink: /home/nick/Robotics_Projects/furuta1/install/ament_cmake_python/share/ament_cmake_python/environment/path.sh
[0.069s] -- Up-to-date symlink: /home/nick/Robotics_Projects/furuta1/install/ament_cmake_python/share/ament_cmake_python/environment/path.dsv
[0.069s] -- Up-to-date symlink: /home/nick/Robotics_Projects/furuta1/install/ament_cmake_python/share/ament_cmake_python/local_setup.bash
[0.069s] -- Up-to-date symlink: /home/nick/Robotics_Projects/furuta1/install/ament_cmake_python/share/ament_cmake_python/local_setup.sh
[0.071s] -- Up-to-date symlink: /home/nick/Robotics_Projects/furuta1/install/ament_cmake_python/share/ament_cmake_python/local_setup.zsh
[0.071s] -- Up-to-date symlink: /home/nick/Robotics_Projects/furuta1/install/ament_cmake_python/share/ament_cmake_python/local_setup.dsv
[0.071s] -- Symlinking: /home/nick/Robotics_Projects/furuta1/install/ament_cmake_python/share/ament_cmake_python/package.dsv
[0.077s] -- Up-to-date symlink: /home/nick/Robotics_Projects/furuta1/install/ament_cmake_python/share/ament_index/resource_index/packages/ament_cmake_python
[0.078s] -- Up-to-date symlink: /home/nick/Robotics_Projects/furuta1/install/ament_cmake_python/share/ament_cmake_python/cmake/ament_cmake_python-extras.cmake
[0.078s] -- Up-to-date symlink: /home/nick/Robotics_Projects/furuta1/install/ament_cmake_python/share/ament_cmake_python/cmake/ament_cmake_pythonConfig.cmake
[0.079s] -- Up-to-date symlink: /home/nick/Robotics_Projects/furuta1/install/ament_cmake_python/share/ament_cmake_python/cmake/ament_cmake_pythonConfig-version.cmake
[0.079s] -- Up-to-date symlink: /home/nick/Robotics_Projects/furuta1/install/ament_cmake_python/share/ament_cmake_python/package.xml
[0.080s] -- Up-to-date symlink: /home/nick/Robotics_Projects/furuta1/install/ament_cmake_python/share/ament_cmake_python/cmake/ament_get_python_install_dir.cmake
[0.080s] -- Up-to-date symlink: /home/nick/Robotics_Projects/furuta1/install/ament_cmake_python/share/ament_cmake_python/cmake/ament_python_install_module.cmake
[0.080s] -- Up-to-date symlink: /home/nick/Robotics_Projects/furuta1/install/ament_cmake_python/share/ament_cmake_python/cmake/ament_python_install_package.cmake
[0.102s] Invoked command in '/home/nick/Robotics_Projects/furuta1/build/ament_cmake_python' returned '0': AMENT_PREFIX_PATH=/home/nick/Robotics_Projects/furuta1/install/ament_cmake_core:/home/nick/Robotics_Projects/furuta1/install/ament_package CMAKE_PREFIX_PATH=/home/nick/Robotics_Projects/furuta1/install/ament_cmake_core PYTHONPATH=/home/nick/Robotics_Projects/furuta1/build/ament_package:/home/nick/Robotics_Projects/furuta1/install/ament_package/lib/python3.10/site-packages /usr/bin/cmake --install /home/nick/Robotics_Projects/furuta1/build/ament_cmake_python
