-- Found ament_cmake_core: 1.3.8 (/home/nick/Robotics_Projects/furuta1/install/ament_cmake_core/share/ament_cmake_core/cmake)
-- Found Python3: /usr/bin/python3 (found version "3.10.12") found components: Interpreter 
-- Override CMake install command with custom implementation using symlinks instead of copying resources
-- Found ament_cmake_test: 1.3.8 (/home/nick/Robotics_Projects/furuta1/install/ament_cmake_test/share/ament_cmake_test/cmake)
-- Configuring done
-- Generating done
-- Build files have been written to: /home/nick/Robotics_Projects/furuta1/build/ament_cmake_lint_cmake
-- Install configuration: ""
-- Execute custom install script
-- Symlinking: /home/nick/Robotics_Projects/furuta1/install/ament_cmake_lint_cmake/share/ament_index/resource_index/package_run_dependencies/ament_cmake_lint_cmake
-- Symlinking: /home/nick/Robotics_Projects/furuta1/install/ament_cmake_lint_cmake/share/ament_index/resource_index/parent_prefix_path/ament_cmake_lint_cmake
-- Symlinking: /home/nick/Robotics_Projects/furuta1/install/ament_cmake_lint_cmake/share/ament_cmake_lint_cmake/environment/ament_prefix_path.sh
-- Symlinking: /home/nick/Robotics_Projects/furuta1/install/ament_cmake_lint_cmake/share/ament_cmake_lint_cmake/environment/ament_prefix_path.dsv
-- Symlinking: /home/nick/Robotics_Projects/furuta1/install/ament_cmake_lint_cmake/share/ament_cmake_lint_cmake/environment/path.sh
-- Symlinking: /home/nick/Robotics_Projects/furuta1/install/ament_cmake_lint_cmake/share/ament_cmake_lint_cmake/environment/path.dsv
-- Symlinking: /home/nick/Robotics_Projects/furuta1/install/ament_cmake_lint_cmake/share/ament_cmake_lint_cmake/local_setup.bash
-- Symlinking: /home/nick/Robotics_Projects/furuta1/install/ament_cmake_lint_cmake/share/ament_cmake_lint_cmake/local_setup.sh
-- Symlinking: /home/nick/Robotics_Projects/furuta1/install/ament_cmake_lint_cmake/share/ament_cmake_lint_cmake/local_setup.zsh
-- Symlinking: /home/nick/Robotics_Projects/furuta1/install/ament_cmake_lint_cmake/share/ament_cmake_lint_cmake/local_setup.dsv
-- Symlinking: /home/nick/Robotics_Projects/furuta1/install/ament_cmake_lint_cmake/share/ament_cmake_lint_cmake/package.dsv
-- Symlinking: /home/nick/Robotics_Projects/furuta1/install/ament_cmake_lint_cmake/share/ament_index/resource_index/packages/ament_cmake_lint_cmake
-- Symlinking: /home/nick/Robotics_Projects/furuta1/install/ament_cmake_lint_cmake/share/ament_cmake_lint_cmake/cmake/ament_cmake_lint_cmake-extras.cmake
-- Symlinking: /home/nick/Robotics_Projects/furuta1/install/ament_cmake_lint_cmake/share/ament_cmake_lint_cmake/cmake/ament_cmake_lint_cmakeConfig.cmake
-- Symlinking: /home/nick/Robotics_Projects/furuta1/install/ament_cmake_lint_cmake/share/ament_cmake_lint_cmake/cmake/ament_cmake_lint_cmakeConfig-version.cmake
-- Symlinking: /home/nick/Robotics_Projects/furuta1/install/ament_cmake_lint_cmake/share/ament_cmake_lint_cmake/package.xml
-- Symlinking: /home/nick/Robotics_Projects/furuta1/install/ament_cmake_lint_cmake/share/ament_cmake_lint_cmake/cmake/ament_cmake_lint_cmake_lint_hook.cmake
-- Symlinking: /home/nick/Robotics_Projects/furuta1/install/ament_cmake_lint_cmake/share/ament_cmake_lint_cmake/cmake/ament_lint_cmake.cmake
