[1.089s] Invoking command in '/home/nick/Robotics_Projects/furuta1/build/osrf_pycommon': PYTHONPATH=/home/nick/Robotics_Projects/furuta1/build/osrf_pycommon/prefix_override:/home/nick/Robotics_Projects/furuta1/install/osrf_pycommon/lib/python3.10/site-packages:${PYTHONPATH} /usr/bin/python3 -W ignore:setup.py install is deprecated setup.py develop --editable --build-directory /home/nick/Robotics_Projects/furuta1/build/osrf_pycommon/build --no-deps symlink_data
[1.427s] running develop
[1.427s] /home/nick/.local/lib/python3.10/site-packages/setuptools/command/develop.py:39: EasyInstallDeprecationWarning: easy_install command is deprecated.
[1.427s] !!
[1.427s] 
[1.427s]         ********************************************************************************
[1.427s]         Please avoid running ``setup.py`` and ``easy_install``.
[1.427s]         Instead, use pypa/build, pypa/installer or other
[1.427s]         standards-based tools.
[1.427s] 
[1.428s]         See https://github.com/pypa/setuptools/issues/917 for details.
[1.428s]         ********************************************************************************
[1.428s] 
[1.428s] !!
[1.428s]   easy_install.initialize_options(self)
[1.632s] running egg_info
[1.632s] creating osrf_pycommon.egg-info
[1.664s] writing osrf_pycommon.egg-info/PKG-INFO
[1.665s] writing dependency_links to osrf_pycommon.egg-info/dependency_links.txt
[1.666s] writing requirements to osrf_pycommon.egg-info/requires.txt
[1.666s] writing top-level names to osrf_pycommon.egg-info/top_level.txt
[1.666s] writing manifest file 'osrf_pycommon.egg-info/SOURCES.txt'
[1.712s] reading manifest file 'osrf_pycommon.egg-info/SOURCES.txt'
[1.713s] writing manifest file 'osrf_pycommon.egg-info/SOURCES.txt'
[1.740s] running build_ext
[1.740s] Creating /home/nick/Robotics_Projects/furuta1/install/osrf_pycommon/lib/python3.10/site-packages/osrf_pycommon.egg-link (link to .)
[1.741s] 
[1.741s] Installed /home/nick/Robotics_Projects/furuta1/build/osrf_pycommon
[1.741s] running symlink_data
[1.741s] symbolically linking /home/nick/Robotics_Projects/furuta1/build/osrf_pycommon/package.xml -> /home/nick/Robotics_Projects/furuta1/install/osrf_pycommon/share/osrf_pycommon
[1.741s] creating /home/nick/Robotics_Projects/furuta1/install/osrf_pycommon/share/ament_index
[1.741s] creating /home/nick/Robotics_Projects/furuta1/install/osrf_pycommon/share/ament_index/resource_index
[1.741s] creating /home/nick/Robotics_Projects/furuta1/install/osrf_pycommon/share/ament_index/resource_index/packages
[1.742s] symbolically linking /home/nick/Robotics_Projects/furuta1/build/osrf_pycommon/resource/osrf_pycommon -> /home/nick/Robotics_Projects/furuta1/install/osrf_pycommon/share/ament_index/resource_index/packages
[1.838s] Invoked command in '/home/nick/Robotics_Projects/furuta1/build/osrf_pycommon' returned '0': PYTHONPATH=/home/nick/Robotics_Projects/furuta1/build/osrf_pycommon/prefix_override:/home/nick/Robotics_Projects/furuta1/install/osrf_pycommon/lib/python3.10/site-packages:${PYTHONPATH} /usr/bin/python3 -W ignore:setup.py install is deprecated setup.py develop --editable --build-directory /home/nick/Robotics_Projects/furuta1/build/osrf_pycommon/build --no-deps symlink_data
