[0.016s] Invoking command in '/home/nick/Robotics_Projects/furuta1/build/ament_cmake_version': AMENT_PREFIX_PATH=/home/nick/Robotics_Projects/furuta1/install/ament_cmake_core:/home/nick/Robotics_Projects/furuta1/install/ament_package:${AMENT_PREFIX_PATH} CMAKE_PREFIX_PATH=/home/nick/Robotics_Projects/furuta1/install/ament_cmake_core:/opt/ros/humble PYTHONPATH=/home/nick/Robotics_Projects/furuta1/build/ament_package:/home/nick/Robotics_Projects/furuta1/install/ament_package/lib/python3.10/site-packages:${PYTHONPATH} /usr/bin/cmake /home/nick/Robotics_Projects/furuta1/src/ament/ament_cmake/ament_cmake_version -DAMENT_CMAKE_SYMLINK_INSTALL=1 -DCMAKE_INSTALL_PREFIX=/home/nick/Robotics_Projects/furuta1/install/ament_cmake_version
[0.364s] -- Found ament_cmake_core: 1.3.8 (/home/nick/Robotics_Projects/furuta1/install/ament_cmake_core/share/ament_cmake_core/cmake)
[0.364s] -- Found Python3: /usr/bin/python3 (found version "3.10.12") found components: Interpreter 
[0.379s] -- Override CMake install command with custom implementation using symlinks instead of copying resources
[0.435s] -- Configuring done
[0.437s] -- Generating done
[0.438s] -- Build files have been written to: /home/nick/Robotics_Projects/furuta1/build/ament_cmake_version
[0.440s] Invoked command in '/home/nick/Robotics_Projects/furuta1/build/ament_cmake_version' returned '0': AMENT_PREFIX_PATH=/home/nick/Robotics_Projects/furuta1/install/ament_cmake_core:/home/nick/Robotics_Projects/furuta1/install/ament_package:${AMENT_PREFIX_PATH} CMAKE_PREFIX_PATH=/home/nick/Robotics_Projects/furuta1/install/ament_cmake_core:/opt/ros/humble PYTHONPATH=/home/nick/Robotics_Projects/furuta1/build/ament_package:/home/nick/Robotics_Projects/furuta1/install/ament_package/lib/python3.10/site-packages:${PYTHONPATH} /usr/bin/cmake /home/nick/Robotics_Projects/furuta1/src/ament/ament_cmake/ament_cmake_version -DAMENT_CMAKE_SYMLINK_INSTALL=1 -DCMAKE_INSTALL_PREFIX=/home/nick/Robotics_Projects/furuta1/install/ament_cmake_version
[0.441s] Invoking command in '/home/nick/Robotics_Projects/furuta1/build/ament_cmake_version': AMENT_PREFIX_PATH=/home/nick/Robotics_Projects/furuta1/install/ament_cmake_core:/home/nick/Robotics_Projects/furuta1/install/ament_package:${AMENT_PREFIX_PATH} CMAKE_PREFIX_PATH=/home/nick/Robotics_Projects/furuta1/install/ament_cmake_core:/opt/ros/humble PYTHONPATH=/home/nick/Robotics_Projects/furuta1/build/ament_package:/home/nick/Robotics_Projects/furuta1/install/ament_package/lib/python3.10/site-packages:${PYTHONPATH} /usr/bin/cmake --build /home/nick/Robotics_Projects/furuta1/build/ament_cmake_version -- -j16 -l16
[0.473s] Invoked command in '/home/nick/Robotics_Projects/furuta1/build/ament_cmake_version' returned '0': AMENT_PREFIX_PATH=/home/nick/Robotics_Projects/furuta1/install/ament_cmake_core:/home/nick/Robotics_Projects/furuta1/install/ament_package:${AMENT_PREFIX_PATH} CMAKE_PREFIX_PATH=/home/nick/Robotics_Projects/furuta1/install/ament_cmake_core:/opt/ros/humble PYTHONPATH=/home/nick/Robotics_Projects/furuta1/build/ament_package:/home/nick/Robotics_Projects/furuta1/install/ament_package/lib/python3.10/site-packages:${PYTHONPATH} /usr/bin/cmake --build /home/nick/Robotics_Projects/furuta1/build/ament_cmake_version -- -j16 -l16
[0.490s] Invoking command in '/home/nick/Robotics_Projects/furuta1/build/ament_cmake_version': AMENT_PREFIX_PATH=/home/nick/Robotics_Projects/furuta1/install/ament_cmake_core:/home/nick/Robotics_Projects/furuta1/install/ament_package:${AMENT_PREFIX_PATH} CMAKE_PREFIX_PATH=/home/nick/Robotics_Projects/furuta1/install/ament_cmake_core:/opt/ros/humble PYTHONPATH=/home/nick/Robotics_Projects/furuta1/build/ament_package:/home/nick/Robotics_Projects/furuta1/install/ament_package/lib/python3.10/site-packages:${PYTHONPATH} /usr/bin/cmake --install /home/nick/Robotics_Projects/furuta1/build/ament_cmake_version
[0.620s] -- Install configuration: ""
[0.620s] -- Execute custom install script
[0.620s] -- Symlinking: /home/nick/Robotics_Projects/furuta1/install/ament_cmake_version/share/ament_index/resource_index/package_run_dependencies/ament_cmake_version
[0.620s] -- Symlinking: /home/nick/Robotics_Projects/furuta1/install/ament_cmake_version/share/ament_index/resource_index/parent_prefix_path/ament_cmake_version
[0.620s] -- Symlinking: /home/nick/Robotics_Projects/furuta1/install/ament_cmake_version/share/ament_cmake_version/environment/ament_prefix_path.sh
[0.620s] -- Symlinking: /home/nick/Robotics_Projects/furuta1/install/ament_cmake_version/share/ament_cmake_version/environment/ament_prefix_path.dsv
[0.620s] -- Symlinking: /home/nick/Robotics_Projects/furuta1/install/ament_cmake_version/share/ament_cmake_version/environment/path.sh
[0.620s] -- Symlinking: /home/nick/Robotics_Projects/furuta1/install/ament_cmake_version/share/ament_cmake_version/environment/path.dsv
[0.620s] -- Symlinking: /home/nick/Robotics_Projects/furuta1/install/ament_cmake_version/share/ament_cmake_version/local_setup.bash
[0.620s] -- Symlinking: /home/nick/Robotics_Projects/furuta1/install/ament_cmake_version/share/ament_cmake_version/local_setup.sh
[0.620s] -- Symlinking: /home/nick/Robotics_Projects/furuta1/install/ament_cmake_version/share/ament_cmake_version/local_setup.zsh
[0.620s] -- Symlinking: /home/nick/Robotics_Projects/furuta1/install/ament_cmake_version/share/ament_cmake_version/local_setup.dsv
[0.620s] -- Symlinking: /home/nick/Robotics_Projects/furuta1/install/ament_cmake_version/share/ament_cmake_version/package.dsv
[0.620s] -- Symlinking: /home/nick/Robotics_Projects/furuta1/install/ament_cmake_version/share/ament_index/resource_index/packages/ament_cmake_version
[0.620s] -- Symlinking: /home/nick/Robotics_Projects/furuta1/install/ament_cmake_version/share/ament_cmake_version/cmake/ament_cmake_version-extras.cmake
[0.620s] -- Symlinking: /home/nick/Robotics_Projects/furuta1/install/ament_cmake_version/share/ament_cmake_version/cmake/ament_cmake_versionConfig.cmake
[0.620s] -- Symlinking: /home/nick/Robotics_Projects/furuta1/install/ament_cmake_version/share/ament_cmake_version/cmake/ament_cmake_versionConfig-version.cmake
[0.620s] -- Symlinking: /home/nick/Robotics_Projects/furuta1/install/ament_cmake_version/share/ament_cmake_version/package.xml
[0.620s] -- Symlinking: /home/nick/Robotics_Projects/furuta1/install/ament_cmake_version/share/ament_cmake_version/cmake/ament_export_development_version_if_higher_than_manifest.cmake
[0.626s] Invoked command in '/home/nick/Robotics_Projects/furuta1/build/ament_cmake_version' returned '0': AMENT_PREFIX_PATH=/home/nick/Robotics_Projects/furuta1/install/ament_cmake_core:/home/nick/Robotics_Projects/furuta1/install/ament_package:${AMENT_PREFIX_PATH} CMAKE_PREFIX_PATH=/home/nick/Robotics_Projects/furuta1/install/ament_cmake_core:/opt/ros/humble PYTHONPATH=/home/nick/Robotics_Projects/furuta1/build/ament_package:/home/nick/Robotics_Projects/furuta1/install/ament_package/lib/python3.10/site-packages:${PYTHONPATH} /usr/bin/cmake --install /home/nick/Robotics_Projects/furuta1/build/ament_cmake_version
