running develop
/home/nick/.local/lib/python3.10/site-packages/setuptools/command/develop.py:39: EasyInstallDeprecationWarning: easy_install command is deprecated.
!!

        ********************************************************************************
        Please avoid running ``setup.py`` and ``easy_install``.
        Instead, use pypa/build, pypa/installer or other
        standards-based tools.

        See https://github.com/pypa/setuptools/issues/917 for details.
        ********************************************************************************

!!
  easy_install.initialize_options(self)
running egg_info
creating launch.egg-info
writing launch.egg-info/PKG-INFO
writing dependency_links to launch.egg-info/dependency_links.txt
writing requirements to launch.egg-info/requires.txt
writing top-level names to launch.egg-info/top_level.txt
writing manifest file 'launch.egg-info/SOURCES.txt'
reading manifest file 'launch.egg-info/SOURCES.txt'
writing manifest file 'launch.egg-info/SOURCES.txt'
running build_ext
Creating /home/nick/Robotics_Projects/furuta1/install/launch/lib/python3.10/site-packages/launch.egg-link (link to .)

Installed /home/nick/Robotics_Projects/furuta1/build/launch
running symlink_data
symbolically linking /home/nick/Robotics_Projects/furuta1/build/launch/package.xml -> /home/nick/Robotics_Projects/furuta1/install/launch/share/launch
creating /home/nick/Robotics_Projects/furuta1/install/launch/share/ament_index
creating /home/nick/Robotics_Projects/furuta1/install/launch/share/ament_index/resource_index
creating /home/nick/Robotics_Projects/furuta1/install/launch/share/ament_index/resource_index/packages
symbolically linking /home/nick/Robotics_Projects/furuta1/build/launch/resource/launch -> /home/nick/Robotics_Projects/furuta1/install/launch/share/ament_index/resource_index/packages
creating /home/nick/Robotics_Projects/furuta1/install/launch/share/launch/frontend
symbolically linking /home/nick/Robotics_Projects/furuta1/build/launch/share/launch/frontend/grammar.lark -> /home/nick/Robotics_Projects/furuta1/install/launch/share/launch/frontend
