[1.238s] Invoking command in '/home/nick/Robotics_Projects/furuta1/build/launch': AMENT_PREFIX_PATH=/home/nick/Robotics_Projects/furuta1/install/ament_index_python:/home/nick/Robotics_Projects/furuta1/install/ament_copyright:/home/nick/Robotics_Projects/furuta1/install/ament_pep257:/home/nick/Robotics_Projects/furuta1/install/ament_flake8:/home/nick/Robotics_Projects/furuta1/install/osrf_pycommon:/home/nick/Robotics_Projects/furuta1/install/ament_lint:${AMENT_PREFIX_PATH} PATH=/home/nick/Robotics_Projects/furuta1/install/ament_index_python/bin:/home/nick/Robotics_Projects/furuta1/install/ament_copyright/bin:/home/nick/Robotics_Projects/furuta1/install/ament_pep257/bin:/home/nick/Robotics_Projects/furuta1/install/ament_flake8/bin:${PATH} PYTHONPATH=/home/nick/Robotics_Projects/furuta1/build/launch/prefix_override:/home/nick/Robotics_Projects/furuta1/install/launch/lib/python3.10/site-packages:/home/nick/Robotics_Projects/furuta1/build/ament_index_python:/home/nick/Robotics_Projects/furuta1/install/ament_index_python/lib/python3.10/site-packages:/home/nick/Robotics_Projects/furuta1/build/ament_copyright:/home/nick/Robotics_Projects/furuta1/install/ament_copyright/lib/python3.10/site-packages:/home/nick/Robotics_Projects/furuta1/build/ament_pep257:/home/nick/Robotics_Projects/furuta1/install/ament_pep257/lib/python3.10/site-packages:/home/nick/Robotics_Projects/furuta1/build/ament_flake8:/home/nick/Robotics_Projects/furuta1/install/ament_flake8/lib/python3.10/site-packages:/home/nick/Robotics_Projects/furuta1/build/osrf_pycommon:/home/nick/Robotics_Projects/furuta1/install/osrf_pycommon/lib/python3.10/site-packages:/home/nick/Robotics_Projects/furuta1/build/ament_lint:/home/nick/Robotics_Projects/furuta1/install/ament_lint/lib/python3.10/site-packages:${PYTHONPATH} /usr/bin/python3 -W ignore:setup.py install is deprecated setup.py develop --editable --build-directory /home/nick/Robotics_Projects/furuta1/build/launch/build --no-deps symlink_data
[1.493s] running develop
[1.493s] /home/nick/.local/lib/python3.10/site-packages/setuptools/command/develop.py:39: EasyInstallDeprecationWarning: easy_install command is deprecated.
[1.493s] !!
[1.493s] 
[1.493s]         ********************************************************************************
[1.493s]         Please avoid running ``setup.py`` and ``easy_install``.
[1.493s]         Instead, use pypa/build, pypa/installer or other
[1.493s]         standards-based tools.
[1.493s] 
[1.493s]         See https://github.com/pypa/setuptools/issues/917 for details.
[1.493s]         ********************************************************************************
[1.493s] 
[1.494s] !!
[1.494s]   easy_install.initialize_options(self)
[1.614s] running egg_info
[1.614s] creating launch.egg-info
[1.620s] writing launch.egg-info/PKG-INFO
[1.620s] writing dependency_links to launch.egg-info/dependency_links.txt
[1.620s] writing requirements to launch.egg-info/requires.txt
[1.620s] writing top-level names to launch.egg-info/top_level.txt
[1.621s] writing manifest file 'launch.egg-info/SOURCES.txt'
[1.635s] reading manifest file 'launch.egg-info/SOURCES.txt'
[1.636s] writing manifest file 'launch.egg-info/SOURCES.txt'
[1.642s] running build_ext
[1.642s] Creating /home/nick/Robotics_Projects/furuta1/install/launch/lib/python3.10/site-packages/launch.egg-link (link to .)
[1.643s] 
[1.643s] Installed /home/nick/Robotics_Projects/furuta1/build/launch
[1.643s] running symlink_data
[1.643s] symbolically linking /home/nick/Robotics_Projects/furuta1/build/launch/package.xml -> /home/nick/Robotics_Projects/furuta1/install/launch/share/launch
[1.643s] creating /home/nick/Robotics_Projects/furuta1/install/launch/share/ament_index
[1.643s] creating /home/nick/Robotics_Projects/furuta1/install/launch/share/ament_index/resource_index
[1.643s] creating /home/nick/Robotics_Projects/furuta1/install/launch/share/ament_index/resource_index/packages
[1.643s] symbolically linking /home/nick/Robotics_Projects/furuta1/build/launch/resource/launch -> /home/nick/Robotics_Projects/furuta1/install/launch/share/ament_index/resource_index/packages
[1.643s] creating /home/nick/Robotics_Projects/furuta1/install/launch/share/launch/frontend
[1.644s] symbolically linking /home/nick/Robotics_Projects/furuta1/build/launch/share/launch/frontend/grammar.lark -> /home/nick/Robotics_Projects/furuta1/install/launch/share/launch/frontend
[1.673s] Invoked command in '/home/nick/Robotics_Projects/furuta1/build/launch' returned '0': AMENT_PREFIX_PATH=/home/nick/Robotics_Projects/furuta1/install/ament_index_python:/home/nick/Robotics_Projects/furuta1/install/ament_copyright:/home/nick/Robotics_Projects/furuta1/install/ament_pep257:/home/nick/Robotics_Projects/furuta1/install/ament_flake8:/home/nick/Robotics_Projects/furuta1/install/osrf_pycommon:/home/nick/Robotics_Projects/furuta1/install/ament_lint:${AMENT_PREFIX_PATH} PATH=/home/nick/Robotics_Projects/furuta1/install/ament_index_python/bin:/home/nick/Robotics_Projects/furuta1/install/ament_copyright/bin:/home/nick/Robotics_Projects/furuta1/install/ament_pep257/bin:/home/nick/Robotics_Projects/furuta1/install/ament_flake8/bin:${PATH} PYTHONPATH=/home/nick/Robotics_Projects/furuta1/build/launch/prefix_override:/home/nick/Robotics_Projects/furuta1/install/launch/lib/python3.10/site-packages:/home/nick/Robotics_Projects/furuta1/build/ament_index_python:/home/nick/Robotics_Projects/furuta1/install/ament_index_python/lib/python3.10/site-packages:/home/nick/Robotics_Projects/furuta1/build/ament_copyright:/home/nick/Robotics_Projects/furuta1/install/ament_copyright/lib/python3.10/site-packages:/home/nick/Robotics_Projects/furuta1/build/ament_pep257:/home/nick/Robotics_Projects/furuta1/install/ament_pep257/lib/python3.10/site-packages:/home/nick/Robotics_Projects/furuta1/build/ament_flake8:/home/nick/Robotics_Projects/furuta1/install/ament_flake8/lib/python3.10/site-packages:/home/nick/Robotics_Projects/furuta1/build/osrf_pycommon:/home/nick/Robotics_Projects/furuta1/install/osrf_pycommon/lib/python3.10/site-packages:/home/nick/Robotics_Projects/furuta1/build/ament_lint:/home/nick/Robotics_Projects/furuta1/install/ament_lint/lib/python3.10/site-packages:${PYTHONPATH} /usr/bin/python3 -W ignore:setup.py install is deprecated setup.py develop --editable --build-directory /home/nick/Robotics_Projects/furuta1/build/launch/build --no-deps symlink_data
