[1.463s] Invoking command in '/home/nick/Robotics_Projects/furuta1/build/tracetools_trace': AMENT_PREFIX_PATH=/home/nick/Robotics_Projects/furuta1/install/ament_xmllint:/home/nick/Robotics_Projects/furuta1/install/ament_copyright:/home/nick/Robotics_Projects/furuta1/install/ament_pep257:/home/nick/Robotics_Projects/furuta1/install/ament_mypy:/home/nick/Robotics_Projects/furuta1/install/ament_flake8:/home/nick/Robotics_Projects/furuta1/install/ament_lint:${AMENT_PREFIX_PATH} PATH=/home/nick/Robotics_Projects/furuta1/install/ament_xmllint/bin:/home/nick/Robotics_Projects/furuta1/install/ament_copyright/bin:/home/nick/Robotics_Projects/furuta1/install/ament_pep257/bin:/home/nick/Robotics_Projects/furuta1/install/ament_mypy/bin:/home/nick/Robotics_Projects/furuta1/install/ament_flake8/bin:${PATH} PYTHONPATH=/home/nick/Robotics_Projects/furuta1/build/tracetools_trace/prefix_override:/home/nick/Robotics_Projects/furuta1/install/tracetools_trace/lib/python3.10/site-packages:/home/nick/Robotics_Projects/furuta1/build/ament_xmllint:/home/nick/Robotics_Projects/furuta1/install/ament_xmllint/lib/python3.10/site-packages:/home/nick/Robotics_Projects/furuta1/build/ament_copyright:/home/nick/Robotics_Projects/furuta1/install/ament_copyright/lib/python3.10/site-packages:/home/nick/Robotics_Projects/furuta1/build/ament_pep257:/home/nick/Robotics_Projects/furuta1/install/ament_pep257/lib/python3.10/site-packages:/home/nick/Robotics_Projects/furuta1/build/ament_mypy:/home/nick/Robotics_Projects/furuta1/install/ament_mypy/lib/python3.10/site-packages:/home/nick/Robotics_Projects/furuta1/build/ament_flake8:/home/nick/Robotics_Projects/furuta1/install/ament_flake8/lib/python3.10/site-packages:/home/nick/Robotics_Projects/furuta1/build/ament_lint:/home/nick/Robotics_Projects/furuta1/install/ament_lint/lib/python3.10/site-packages:${PYTHONPATH} /usr/bin/python3 -W ignore:setup.py install is deprecated setup.py develop --editable --build-directory /home/nick/Robotics_Projects/furuta1/build/tracetools_trace/build --no-deps symlink_data
[1.717s] running develop
[1.717s] /home/nick/.local/lib/python3.10/site-packages/setuptools/command/develop.py:39: EasyInstallDeprecationWarning: easy_install command is deprecated.
[1.717s] !!
[1.717s] 
[1.717s]         ********************************************************************************
[1.717s]         Please avoid running ``setup.py`` and ``easy_install``.
[1.717s]         Instead, use pypa/build, pypa/installer or other
[1.717s]         standards-based tools.
[1.717s] 
[1.717s]         See https://github.com/pypa/setuptools/issues/917 for details.
[1.717s]         ********************************************************************************
[1.717s] 
[1.717s] !!
[1.717s]   easy_install.initialize_options(self)
[1.870s] running egg_info
[1.870s] creating tracetools_trace.egg-info
[1.879s] writing tracetools_trace.egg-info/PKG-INFO
[1.879s] writing dependency_links to tracetools_trace.egg-info/dependency_links.txt
[1.879s] writing entry points to tracetools_trace.egg-info/entry_points.txt
[1.880s] writing requirements to tracetools_trace.egg-info/requires.txt
[1.880s] writing top-level names to tracetools_trace.egg-info/top_level.txt
[1.880s] writing manifest file 'tracetools_trace.egg-info/SOURCES.txt'
[1.899s] reading manifest file 'tracetools_trace.egg-info/SOURCES.txt'
[1.899s] writing manifest file 'tracetools_trace.egg-info/SOURCES.txt'
[1.907s] running build_ext
[1.908s] Creating /home/nick/Robotics_Projects/furuta1/install/tracetools_trace/lib/python3.10/site-packages/tracetools_trace.egg-link (link to .)
[1.908s] Installing trace script to /home/nick/Robotics_Projects/furuta1/install/tracetools_trace/lib/tracetools_trace
[1.908s] 
[1.908s] Installed /home/nick/Robotics_Projects/furuta1/build/tracetools_trace
[1.909s] running symlink_data
[1.909s] symbolically linking /home/nick/Robotics_Projects/furuta1/build/tracetools_trace/package.xml -> /home/nick/Robotics_Projects/furuta1/install/tracetools_trace/share/tracetools_trace
[1.910s] creating /home/nick/Robotics_Projects/furuta1/install/tracetools_trace/share/ament_index
[1.910s] creating /home/nick/Robotics_Projects/furuta1/install/tracetools_trace/share/ament_index/resource_index
[1.910s] creating /home/nick/Robotics_Projects/furuta1/install/tracetools_trace/share/ament_index/resource_index/packages
[1.910s] symbolically linking /home/nick/Robotics_Projects/furuta1/build/tracetools_trace/resource/tracetools_trace -> /home/nick/Robotics_Projects/furuta1/install/tracetools_trace/share/ament_index/resource_index/packages
[1.931s] Invoked command in '/home/nick/Robotics_Projects/furuta1/build/tracetools_trace' returned '0': AMENT_PREFIX_PATH=/home/nick/Robotics_Projects/furuta1/install/ament_xmllint:/home/nick/Robotics_Projects/furuta1/install/ament_copyright:/home/nick/Robotics_Projects/furuta1/install/ament_pep257:/home/nick/Robotics_Projects/furuta1/install/ament_mypy:/home/nick/Robotics_Projects/furuta1/install/ament_flake8:/home/nick/Robotics_Projects/furuta1/install/ament_lint:${AMENT_PREFIX_PATH} PATH=/home/nick/Robotics_Projects/furuta1/install/ament_xmllint/bin:/home/nick/Robotics_Projects/furuta1/install/ament_copyright/bin:/home/nick/Robotics_Projects/furuta1/install/ament_pep257/bin:/home/nick/Robotics_Projects/furuta1/install/ament_mypy/bin:/home/nick/Robotics_Projects/furuta1/install/ament_flake8/bin:${PATH} PYTHONPATH=/home/nick/Robotics_Projects/furuta1/build/tracetools_trace/prefix_override:/home/nick/Robotics_Projects/furuta1/install/tracetools_trace/lib/python3.10/site-packages:/home/nick/Robotics_Projects/furuta1/build/ament_xmllint:/home/nick/Robotics_Projects/furuta1/install/ament_xmllint/lib/python3.10/site-packages:/home/nick/Robotics_Projects/furuta1/build/ament_copyright:/home/nick/Robotics_Projects/furuta1/install/ament_copyright/lib/python3.10/site-packages:/home/nick/Robotics_Projects/furuta1/build/ament_pep257:/home/nick/Robotics_Projects/furuta1/install/ament_pep257/lib/python3.10/site-packages:/home/nick/Robotics_Projects/furuta1/build/ament_mypy:/home/nick/Robotics_Projects/furuta1/install/ament_mypy/lib/python3.10/site-packages:/home/nick/Robotics_Projects/furuta1/build/ament_flake8:/home/nick/Robotics_Projects/furuta1/install/ament_flake8/lib/python3.10/site-packages:/home/nick/Robotics_Projects/furuta1/build/ament_lint:/home/nick/Robotics_Projects/furuta1/install/ament_lint/lib/python3.10/site-packages:${PYTHONPATH} /usr/bin/python3 -W ignore:setup.py install is deprecated setup.py develop --editable --build-directory /home/nick/Robotics_Projects/furuta1/build/tracetools_trace/build --no-deps symlink_data
