-- The C compiler identification is GNU 11.4.0
-- The CXX compiler identification is GNU 11.4.0
-- Detecting C compiler ABI info
-- Detecting C compiler ABI info - done
-- Check for working C compiler: /usr/bin/cc - skipped
-- Detecting C compile features
-- Detecting C compile features - done
-- Detecting CXX compiler ABI info
-- Detecting CXX compiler ABI info - done
-- Check for working CXX compiler: /usr/bin/c++ - skipped
-- Detecting CXX compile features
-- Detecting CXX compile features - done
-- Found ament_cmake: 1.3.8 (/home/nick/Robotics_Projects/furuta1/install/ament_cmake/share/ament_cmake/cmake)
-- Found Python3: /usr/bin/python3 (found version "3.10.12") found components: Interpreter 
-- Override CMake install command with custom implementation using symlinks instead of copying resources
-- Found SQLite3. Using SQLite3 from system.
-- Configuring done
-- Generating done
-- Build files have been written to: /home/nick/Robotics_Projects/furuta1/build/sqlite3_vendor
-- Install configuration: ""
-- Execute custom install script
-- Symlinking: /home/nick/Robotics_Projects/furuta1/install/sqlite3_vendor/share/sqlite3_vendor/cmake/Modules/FindSQLite3.cmake
-- Symlinking: /home/nick/Robotics_Projects/furuta1/install/sqlite3_vendor/share/ament_index/resource_index/package_run_dependencies/sqlite3_vendor
-- Symlinking: /home/nick/Robotics_Projects/furuta1/install/sqlite3_vendor/share/ament_index/resource_index/parent_prefix_path/sqlite3_vendor
-- Symlinking: /home/nick/Robotics_Projects/furuta1/install/sqlite3_vendor/share/sqlite3_vendor/environment/ament_prefix_path.sh
-- Symlinking: /home/nick/Robotics_Projects/furuta1/install/sqlite3_vendor/share/sqlite3_vendor/environment/ament_prefix_path.dsv
-- Symlinking: /home/nick/Robotics_Projects/furuta1/install/sqlite3_vendor/share/sqlite3_vendor/environment/path.sh
-- Symlinking: /home/nick/Robotics_Projects/furuta1/install/sqlite3_vendor/share/sqlite3_vendor/environment/path.dsv
-- Symlinking: /home/nick/Robotics_Projects/furuta1/install/sqlite3_vendor/share/sqlite3_vendor/local_setup.bash
-- Symlinking: /home/nick/Robotics_Projects/furuta1/install/sqlite3_vendor/share/sqlite3_vendor/local_setup.sh
-- Symlinking: /home/nick/Robotics_Projects/furuta1/install/sqlite3_vendor/share/sqlite3_vendor/local_setup.zsh
-- Symlinking: /home/nick/Robotics_Projects/furuta1/install/sqlite3_vendor/share/sqlite3_vendor/local_setup.dsv
-- Symlinking: /home/nick/Robotics_Projects/furuta1/install/sqlite3_vendor/share/sqlite3_vendor/package.dsv
-- Symlinking: /home/nick/Robotics_Projects/furuta1/install/sqlite3_vendor/share/ament_index/resource_index/packages/sqlite3_vendor
-- Symlinking: /home/nick/Robotics_Projects/furuta1/install/sqlite3_vendor/share/sqlite3_vendor/cmake/sqlite3_vendor-extras.cmake
-- Symlinking: /home/nick/Robotics_Projects/furuta1/install/sqlite3_vendor/share/sqlite3_vendor/cmake/sqlite3_vendorConfig.cmake
-- Symlinking: /home/nick/Robotics_Projects/furuta1/install/sqlite3_vendor/share/sqlite3_vendor/cmake/sqlite3_vendorConfig-version.cmake
-- Symlinking: /home/nick/Robotics_Projects/furuta1/install/sqlite3_vendor/share/sqlite3_vendor/package.xml
