[0.026s] Invoking command in '/home/nick/Robotics_Projects/furuta1/build/ament_cmake_export_dependencies': AMENT_PREFIX_PATH=/home/nick/Robotics_Projects/furuta1/install/ament_cmake_libraries:/home/nick/Robotics_Projects/furuta1/install/ament_cmake_core:/home/nick/Robotics_Projects/furuta1/install/ament_package:${AMENT_PREFIX_PATH} CMAKE_PREFIX_PATH=/home/nick/Robotics_Projects/furuta1/install/ament_cmake_libraries:/home/nick/Robotics_Projects/furuta1/install/ament_cmake_core:/opt/ros/humble PYTHONPATH=/home/nick/Robotics_Projects/furuta1/build/ament_package:/home/nick/Robotics_Projects/furuta1/install/ament_package/lib/python3.10/site-packages:${PYTHONPATH} /usr/bin/cmake /home/nick/Robotics_Projects/furuta1/src/ament/ament_cmake/ament_cmake_export_dependencies -DAMENT_CMAKE_SYMLINK_INSTALL=1 -DCMAKE_INSTALL_PREFIX=/home/nick/Robotics_Projects/furuta1/install/ament_cmake_export_dependencies
[0.039s] -- Found ament_cmake_core: 1.3.8 (/home/nick/Robotics_Projects/furuta1/install/ament_cmake_core/share/ament_cmake_core/cmake)
[0.261s] -- Found Python3: /usr/bin/python3 (found version "3.10.12") found components: Interpreter 
[0.297s] -- Override CMake install command with custom implementation using symlinks instead of copying resources
[0.340s] -- Configuring done
[0.341s] -- Generating done
[0.342s] -- Build files have been written to: /home/nick/Robotics_Projects/furuta1/build/ament_cmake_export_dependencies
[0.344s] Invoked command in '/home/nick/Robotics_Projects/furuta1/build/ament_cmake_export_dependencies' returned '0': AMENT_PREFIX_PATH=/home/nick/Robotics_Projects/furuta1/install/ament_cmake_libraries:/home/nick/Robotics_Projects/furuta1/install/ament_cmake_core:/home/nick/Robotics_Projects/furuta1/install/ament_package:${AMENT_PREFIX_PATH} CMAKE_PREFIX_PATH=/home/nick/Robotics_Projects/furuta1/install/ament_cmake_libraries:/home/nick/Robotics_Projects/furuta1/install/ament_cmake_core:/opt/ros/humble PYTHONPATH=/home/nick/Robotics_Projects/furuta1/build/ament_package:/home/nick/Robotics_Projects/furuta1/install/ament_package/lib/python3.10/site-packages:${PYTHONPATH} /usr/bin/cmake /home/nick/Robotics_Projects/furuta1/src/ament/ament_cmake/ament_cmake_export_dependencies -DAMENT_CMAKE_SYMLINK_INSTALL=1 -DCMAKE_INSTALL_PREFIX=/home/nick/Robotics_Projects/furuta1/install/ament_cmake_export_dependencies
[0.345s] Invoking command in '/home/nick/Robotics_Projects/furuta1/build/ament_cmake_export_dependencies': AMENT_PREFIX_PATH=/home/nick/Robotics_Projects/furuta1/install/ament_cmake_libraries:/home/nick/Robotics_Projects/furuta1/install/ament_cmake_core:/home/nick/Robotics_Projects/furuta1/install/ament_package:${AMENT_PREFIX_PATH} CMAKE_PREFIX_PATH=/home/nick/Robotics_Projects/furuta1/install/ament_cmake_libraries:/home/nick/Robotics_Projects/furuta1/install/ament_cmake_core:/opt/ros/humble PYTHONPATH=/home/nick/Robotics_Projects/furuta1/build/ament_package:/home/nick/Robotics_Projects/furuta1/install/ament_package/lib/python3.10/site-packages:${PYTHONPATH} /usr/bin/cmake --build /home/nick/Robotics_Projects/furuta1/build/ament_cmake_export_dependencies -- -j16 -l16
[0.367s] Invoked command in '/home/nick/Robotics_Projects/furuta1/build/ament_cmake_export_dependencies' returned '0': AMENT_PREFIX_PATH=/home/nick/Robotics_Projects/furuta1/install/ament_cmake_libraries:/home/nick/Robotics_Projects/furuta1/install/ament_cmake_core:/home/nick/Robotics_Projects/furuta1/install/ament_package:${AMENT_PREFIX_PATH} CMAKE_PREFIX_PATH=/home/nick/Robotics_Projects/furuta1/install/ament_cmake_libraries:/home/nick/Robotics_Projects/furuta1/install/ament_cmake_core:/opt/ros/humble PYTHONPATH=/home/nick/Robotics_Projects/furuta1/build/ament_package:/home/nick/Robotics_Projects/furuta1/install/ament_package/lib/python3.10/site-packages:${PYTHONPATH} /usr/bin/cmake --build /home/nick/Robotics_Projects/furuta1/build/ament_cmake_export_dependencies -- -j16 -l16
[0.381s] Invoking command in '/home/nick/Robotics_Projects/furuta1/build/ament_cmake_export_dependencies': AMENT_PREFIX_PATH=/home/nick/Robotics_Projects/furuta1/install/ament_cmake_libraries:/home/nick/Robotics_Projects/furuta1/install/ament_cmake_core:/home/nick/Robotics_Projects/furuta1/install/ament_package:${AMENT_PREFIX_PATH} CMAKE_PREFIX_PATH=/home/nick/Robotics_Projects/furuta1/install/ament_cmake_libraries:/home/nick/Robotics_Projects/furuta1/install/ament_cmake_core:/opt/ros/humble PYTHONPATH=/home/nick/Robotics_Projects/furuta1/build/ament_package:/home/nick/Robotics_Projects/furuta1/install/ament_package/lib/python3.10/site-packages:${PYTHONPATH} /usr/bin/cmake --install /home/nick/Robotics_Projects/furuta1/build/ament_cmake_export_dependencies
[0.386s] -- Install configuration: ""
[0.386s] -- Execute custom install script
[0.387s] -- Symlinking: /home/nick/Robotics_Projects/furuta1/install/ament_cmake_export_dependencies/share/ament_index/resource_index/package_run_dependencies/ament_cmake_export_dependencies
[0.392s] -- Symlinking: /home/nick/Robotics_Projects/furuta1/install/ament_cmake_export_dependencies/share/ament_index/resource_index/parent_prefix_path/ament_cmake_export_dependencies
[0.398s] -- Symlinking: /home/nick/Robotics_Projects/furuta1/install/ament_cmake_export_dependencies/share/ament_cmake_export_dependencies/environment/ament_prefix_path.sh
[0.403s] -- Symlinking: /home/nick/Robotics_Projects/furuta1/install/ament_cmake_export_dependencies/share/ament_cmake_export_dependencies/environment/ament_prefix_path.dsv
[0.410s] -- Symlinking: /home/nick/Robotics_Projects/furuta1/install/ament_cmake_export_dependencies/share/ament_cmake_export_dependencies/environment/path.sh
[0.416s] -- Symlinking: /home/nick/Robotics_Projects/furuta1/install/ament_cmake_export_dependencies/share/ament_cmake_export_dependencies/environment/path.dsv
[0.421s] -- Symlinking: /home/nick/Robotics_Projects/furuta1/install/ament_cmake_export_dependencies/share/ament_cmake_export_dependencies/local_setup.bash
[0.427s] -- Symlinking: /home/nick/Robotics_Projects/furuta1/install/ament_cmake_export_dependencies/share/ament_cmake_export_dependencies/local_setup.sh
[0.433s] -- Symlinking: /home/nick/Robotics_Projects/furuta1/install/ament_cmake_export_dependencies/share/ament_cmake_export_dependencies/local_setup.zsh
[0.439s] -- Symlinking: /home/nick/Robotics_Projects/furuta1/install/ament_cmake_export_dependencies/share/ament_cmake_export_dependencies/local_setup.dsv
[0.445s] -- Symlinking: /home/nick/Robotics_Projects/furuta1/install/ament_cmake_export_dependencies/share/ament_cmake_export_dependencies/package.dsv
[0.450s] -- Symlinking: /home/nick/Robotics_Projects/furuta1/install/ament_cmake_export_dependencies/share/ament_index/resource_index/packages/ament_cmake_export_dependencies
[0.456s] -- Symlinking: /home/nick/Robotics_Projects/furuta1/install/ament_cmake_export_dependencies/share/ament_cmake_export_dependencies/cmake/ament_cmake_export_dependencies-extras.cmake
[0.461s] -- Symlinking: /home/nick/Robotics_Projects/furuta1/install/ament_cmake_export_dependencies/share/ament_cmake_export_dependencies/cmake/ament_cmake_export_dependenciesConfig.cmake
[0.467s] -- Symlinking: /home/nick/Robotics_Projects/furuta1/install/ament_cmake_export_dependencies/share/ament_cmake_export_dependencies/cmake/ament_cmake_export_dependenciesConfig-version.cmake
[0.473s] -- Symlinking: /home/nick/Robotics_Projects/furuta1/install/ament_cmake_export_dependencies/share/ament_cmake_export_dependencies/package.xml
[0.479s] -- Symlinking: /home/nick/Robotics_Projects/furuta1/install/ament_cmake_export_dependencies/share/ament_cmake_export_dependencies/cmake/ament_cmake_export_dependencies-extras.cmake.in
[0.485s] -- Symlinking: /home/nick/Robotics_Projects/furuta1/install/ament_cmake_export_dependencies/share/ament_cmake_export_dependencies/cmake/ament_cmake_export_dependencies_package_hook.cmake
[0.490s] -- Symlinking: /home/nick/Robotics_Projects/furuta1/install/ament_cmake_export_dependencies/share/ament_cmake_export_dependencies/cmake/ament_export_dependencies.cmake
[0.497s] Invoked command in '/home/nick/Robotics_Projects/furuta1/build/ament_cmake_export_dependencies' returned '0': AMENT_PREFIX_PATH=/home/nick/Robotics_Projects/furuta1/install/ament_cmake_libraries:/home/nick/Robotics_Projects/furuta1/install/ament_cmake_core:/home/nick/Robotics_Projects/furuta1/install/ament_package:${AMENT_PREFIX_PATH} CMAKE_PREFIX_PATH=/home/nick/Robotics_Projects/furuta1/install/ament_cmake_libraries:/home/nick/Robotics_Projects/furuta1/install/ament_cmake_core:/opt/ros/humble PYTHONPATH=/home/nick/Robotics_Projects/furuta1/build/ament_package:/home/nick/Robotics_Projects/furuta1/install/ament_package/lib/python3.10/site-packages:${PYTHONPATH} /usr/bin/cmake --install /home/nick/Robotics_Projects/furuta1/build/ament_cmake_export_dependencies
