[0.013s] Invoking command in '/home/nick/Robotics_Projects/furuta1/build/ament_cmake_include_directories': AMENT_PREFIX_PATH=/home/nick/Robotics_Projects/furuta1/install/ament_cmake_core:/home/nick/Robotics_Projects/furuta1/install/ament_package CMAKE_PREFIX_PATH=/home/nick/Robotics_Projects/furuta1/install/ament_cmake_core PYTHONPATH=/home/nick/Robotics_Projects/furuta1/build/ament_package:/home/nick/Robotics_Projects/furuta1/install/ament_package/lib/python3.10/site-packages /usr/bin/cmake --build /home/nick/Robotics_Projects/furuta1/build/ament_cmake_include_directories -- -j16 -l16
[0.040s] Invoked command in '/home/nick/Robotics_Projects/furuta1/build/ament_cmake_include_directories' returned '0': AMENT_PREFIX_PATH=/home/nick/Robotics_Projects/furuta1/install/ament_cmake_core:/home/nick/Robotics_Projects/furuta1/install/ament_package CMAKE_PREFIX_PATH=/home/nick/Robotics_Projects/furuta1/install/ament_cmake_core PYTHONPATH=/home/nick/Robotics_Projects/furuta1/build/ament_package:/home/nick/Robotics_Projects/furuta1/install/ament_package/lib/python3.10/site-packages /usr/bin/cmake --build /home/nick/Robotics_Projects/furuta1/build/ament_cmake_include_directories -- -j16 -l16
[0.054s] Invoking command in '/home/nick/Robotics_Projects/furuta1/build/ament_cmake_include_directories': AMENT_PREFIX_PATH=/home/nick/Robotics_Projects/furuta1/install/ament_cmake_core:/home/nick/Robotics_Projects/furuta1/install/ament_package CMAKE_PREFIX_PATH=/home/nick/Robotics_Projects/furuta1/install/ament_cmake_core PYTHONPATH=/home/nick/Robotics_Projects/furuta1/build/ament_package:/home/nick/Robotics_Projects/furuta1/install/ament_package/lib/python3.10/site-packages /usr/bin/cmake --install /home/nick/Robotics_Projects/furuta1/build/ament_cmake_include_directories
[0.062s] -- Install configuration: ""
[0.062s] -- Execute custom install script
[0.062s] -- Up-to-date symlink: /home/nick/Robotics_Projects/furuta1/install/ament_cmake_include_directories/share/ament_index/resource_index/package_run_dependencies/ament_cmake_include_directories
[0.062s] -- Up-to-date symlink: /home/nick/Robotics_Projects/furuta1/install/ament_cmake_include_directories/share/ament_index/resource_index/parent_prefix_path/ament_cmake_include_directories
[0.062s] -- Up-to-date symlink: /home/nick/Robotics_Projects/furuta1/install/ament_cmake_include_directories/share/ament_cmake_include_directories/environment/ament_prefix_path.sh
[0.062s] -- Up-to-date symlink: /home/nick/Robotics_Projects/furuta1/install/ament_cmake_include_directories/share/ament_cmake_include_directories/environment/ament_prefix_path.dsv
[0.062s] -- Up-to-date symlink: /home/nick/Robotics_Projects/furuta1/install/ament_cmake_include_directories/share/ament_cmake_include_directories/environment/path.sh
[0.062s] -- Up-to-date symlink: /home/nick/Robotics_Projects/furuta1/install/ament_cmake_include_directories/share/ament_cmake_include_directories/environment/path.dsv
[0.062s] -- Up-to-date symlink: /home/nick/Robotics_Projects/furuta1/install/ament_cmake_include_directories/share/ament_cmake_include_directories/local_setup.bash
[0.062s] -- Up-to-date symlink: /home/nick/Robotics_Projects/furuta1/install/ament_cmake_include_directories/share/ament_cmake_include_directories/local_setup.sh
[0.063s] -- Up-to-date symlink: /home/nick/Robotics_Projects/furuta1/install/ament_cmake_include_directories/share/ament_cmake_include_directories/local_setup.zsh
[0.063s] -- Up-to-date symlink: /home/nick/Robotics_Projects/furuta1/install/ament_cmake_include_directories/share/ament_cmake_include_directories/local_setup.dsv
[0.063s] -- Symlinking: /home/nick/Robotics_Projects/furuta1/install/ament_cmake_include_directories/share/ament_cmake_include_directories/package.dsv
[0.072s] -- Up-to-date symlink: /home/nick/Robotics_Projects/furuta1/install/ament_cmake_include_directories/share/ament_index/resource_index/packages/ament_cmake_include_directories
[0.072s] -- Up-to-date symlink: /home/nick/Robotics_Projects/furuta1/install/ament_cmake_include_directories/share/ament_cmake_include_directories/cmake/ament_cmake_include_directories-extras.cmake
[0.072s] -- Up-to-date symlink: /home/nick/Robotics_Projects/furuta1/install/ament_cmake_include_directories/share/ament_cmake_include_directories/cmake/ament_cmake_include_directoriesConfig.cmake
[0.073s] -- Up-to-date symlink: /home/nick/Robotics_Projects/furuta1/install/ament_cmake_include_directories/share/ament_cmake_include_directories/cmake/ament_cmake_include_directoriesConfig-version.cmake
[0.073s] -- Up-to-date symlink: /home/nick/Robotics_Projects/furuta1/install/ament_cmake_include_directories/share/ament_cmake_include_directories/package.xml
[0.073s] -- Up-to-date symlink: /home/nick/Robotics_Projects/furuta1/install/ament_cmake_include_directories/share/ament_cmake_include_directories/cmake/ament_include_directories_order.cmake
[0.090s] Invoked command in '/home/nick/Robotics_Projects/furuta1/build/ament_cmake_include_directories' returned '0': AMENT_PREFIX_PATH=/home/nick/Robotics_Projects/furuta1/install/ament_cmake_core:/home/nick/Robotics_Projects/furuta1/install/ament_package CMAKE_PREFIX_PATH=/home/nick/Robotics_Projects/furuta1/install/ament_cmake_core PYTHONPATH=/home/nick/Robotics_Projects/furuta1/build/ament_package:/home/nick/Robotics_Projects/furuta1/install/ament_package/lib/python3.10/site-packages /usr/bin/cmake --install /home/nick/Robotics_Projects/furuta1/build/ament_cmake_include_directories
