[0.012s] Invoking command in '/home/nick/Robotics_Projects/furuta1/build/ament_cmake_libraries': AMENT_PREFIX_PATH=/home/nick/Robotics_Projects/furuta1/install/ament_cmake_core:/home/nick/Robotics_Projects/furuta1/install/ament_package CMAKE_PREFIX_PATH=/home/nick/Robotics_Projects/furuta1/install/ament_cmake_core PYTHONPATH=/home/nick/Robotics_Projects/furuta1/build/ament_package:/home/nick/Robotics_Projects/furuta1/install/ament_package/lib/python3.10/site-packages /usr/bin/cmake --build /home/nick/Robotics_Projects/furuta1/build/ament_cmake_libraries -- -j16 -l16
[0.039s] Invoked command in '/home/nick/Robotics_Projects/furuta1/build/ament_cmake_libraries' returned '0': AMENT_PREFIX_PATH=/home/nick/Robotics_Projects/furuta1/install/ament_cmake_core:/home/nick/Robotics_Projects/furuta1/install/ament_package CMAKE_PREFIX_PATH=/home/nick/Robotics_Projects/furuta1/install/ament_cmake_core PYTHONPATH=/home/nick/Robotics_Projects/furuta1/build/ament_package:/home/nick/Robotics_Projects/furuta1/install/ament_package/lib/python3.10/site-packages /usr/bin/cmake --build /home/nick/Robotics_Projects/furuta1/build/ament_cmake_libraries -- -j16 -l16
[0.053s] Invoking command in '/home/nick/Robotics_Projects/furuta1/build/ament_cmake_libraries': AMENT_PREFIX_PATH=/home/nick/Robotics_Projects/furuta1/install/ament_cmake_core:/home/nick/Robotics_Projects/furuta1/install/ament_package CMAKE_PREFIX_PATH=/home/nick/Robotics_Projects/furuta1/install/ament_cmake_core PYTHONPATH=/home/nick/Robotics_Projects/furuta1/build/ament_package:/home/nick/Robotics_Projects/furuta1/install/ament_package/lib/python3.10/site-packages /usr/bin/cmake --install /home/nick/Robotics_Projects/furuta1/build/ament_cmake_libraries
[0.061s] -- Install configuration: ""
[0.062s] -- Execute custom install script
[0.062s] -- Up-to-date symlink: /home/nick/Robotics_Projects/furuta1/install/ament_cmake_libraries/share/ament_index/resource_index/package_run_dependencies/ament_cmake_libraries
[0.063s] -- Up-to-date symlink: /home/nick/Robotics_Projects/furuta1/install/ament_cmake_libraries/share/ament_index/resource_index/parent_prefix_path/ament_cmake_libraries
[0.063s] -- Up-to-date symlink: /home/nick/Robotics_Projects/furuta1/install/ament_cmake_libraries/share/ament_cmake_libraries/environment/ament_prefix_path.sh
[0.063s] -- Up-to-date symlink: /home/nick/Robotics_Projects/furuta1/install/ament_cmake_libraries/share/ament_cmake_libraries/environment/ament_prefix_path.dsv
[0.063s] -- Up-to-date symlink: /home/nick/Robotics_Projects/furuta1/install/ament_cmake_libraries/share/ament_cmake_libraries/environment/path.sh
[0.063s] -- Up-to-date symlink: /home/nick/Robotics_Projects/furuta1/install/ament_cmake_libraries/share/ament_cmake_libraries/environment/path.dsv
[0.063s] -- Up-to-date symlink: /home/nick/Robotics_Projects/furuta1/install/ament_cmake_libraries/share/ament_cmake_libraries/local_setup.bash
[0.063s] -- Up-to-date symlink: /home/nick/Robotics_Projects/furuta1/install/ament_cmake_libraries/share/ament_cmake_libraries/local_setup.sh
[0.063s] -- Up-to-date symlink: /home/nick/Robotics_Projects/furuta1/install/ament_cmake_libraries/share/ament_cmake_libraries/local_setup.zsh
[0.063s] -- Up-to-date symlink: /home/nick/Robotics_Projects/furuta1/install/ament_cmake_libraries/share/ament_cmake_libraries/local_setup.dsv
[0.064s] -- Symlinking: /home/nick/Robotics_Projects/furuta1/install/ament_cmake_libraries/share/ament_cmake_libraries/package.dsv
[0.074s] -- Up-to-date symlink: /home/nick/Robotics_Projects/furuta1/install/ament_cmake_libraries/share/ament_index/resource_index/packages/ament_cmake_libraries
[0.074s] -- Up-to-date symlink: /home/nick/Robotics_Projects/furuta1/install/ament_cmake_libraries/share/ament_cmake_libraries/cmake/ament_cmake_libraries-extras.cmake
[0.074s] -- Up-to-date symlink: /home/nick/Robotics_Projects/furuta1/install/ament_cmake_libraries/share/ament_cmake_libraries/cmake/ament_cmake_librariesConfig.cmake
[0.074s] -- Up-to-date symlink: /home/nick/Robotics_Projects/furuta1/install/ament_cmake_libraries/share/ament_cmake_libraries/cmake/ament_cmake_librariesConfig-version.cmake
[0.074s] -- Up-to-date symlink: /home/nick/Robotics_Projects/furuta1/install/ament_cmake_libraries/share/ament_cmake_libraries/package.xml
[0.075s] -- Up-to-date symlink: /home/nick/Robotics_Projects/furuta1/install/ament_cmake_libraries/share/ament_cmake_libraries/cmake/ament_libraries_deduplicate.cmake
[0.075s] -- Up-to-date symlink: /home/nick/Robotics_Projects/furuta1/install/ament_cmake_libraries/share/ament_cmake_libraries/cmake/ament_libraries_pack_build_configuration.cmake
[0.075s] -- Up-to-date symlink: /home/nick/Robotics_Projects/furuta1/install/ament_cmake_libraries/share/ament_cmake_libraries/cmake/ament_libraries_unpack_build_configuration.cmake
[0.088s] Invoked command in '/home/nick/Robotics_Projects/furuta1/build/ament_cmake_libraries' returned '0': AMENT_PREFIX_PATH=/home/nick/Robotics_Projects/furuta1/install/ament_cmake_core:/home/nick/Robotics_Projects/furuta1/install/ament_package CMAKE_PREFIX_PATH=/home/nick/Robotics_Projects/furuta1/install/ament_cmake_core PYTHONPATH=/home/nick/Robotics_Projects/furuta1/build/ament_package:/home/nick/Robotics_Projects/furuta1/install/ament_package/lib/python3.10/site-packages /usr/bin/cmake --install /home/nick/Robotics_Projects/furuta1/build/ament_cmake_libraries
