[0.023s] Invoking command in '/home/nick/Robotics_Projects/furuta1/build/ament_cmake_core': AMENT_PREFIX_PATH=/home/nick/Robotics_Projects/furuta1/install/ament_package:${AMENT_PREFIX_PATH} CMAKE_PREFIX_PATH=/opt/ros/humble PYTHONPATH=/home/nick/Robotics_Projects/furuta1/build/ament_package:/home/nick/Robotics_Projects/furuta1/install/ament_package/lib/python3.10/site-packages:${PYTHONPATH} /usr/bin/cmake /home/nick/Robotics_Projects/furuta1/src/ament/ament_cmake/ament_cmake_core -DAMENT_CMAKE_SYMLINK_INSTALL=1 -DCMAKE_INSTALL_PREFIX=/home/nick/Robotics_Projects/furuta1/install/ament_cmake_core
[0.279s] -- Found Python3: /usr/bin/python3 (found version "3.10.12") found components: Interpreter 
[0.281s] -- Override CMake install command with custom implementation using symlinks instead of copying resources
[0.328s] -- ament_cmake_core 1.3.8
[0.391s] -- Configuring done
[0.393s] -- Generating done
[0.394s] -- Build files have been written to: /home/nick/Robotics_Projects/furuta1/build/ament_cmake_core
[0.397s] Invoked command in '/home/nick/Robotics_Projects/furuta1/build/ament_cmake_core' returned '0': AMENT_PREFIX_PATH=/home/nick/Robotics_Projects/furuta1/install/ament_package:${AMENT_PREFIX_PATH} CMAKE_PREFIX_PATH=/opt/ros/humble PYTHONPATH=/home/nick/Robotics_Projects/furuta1/build/ament_package:/home/nick/Robotics_Projects/furuta1/install/ament_package/lib/python3.10/site-packages:${PYTHONPATH} /usr/bin/cmake /home/nick/Robotics_Projects/furuta1/src/ament/ament_cmake/ament_cmake_core -DAMENT_CMAKE_SYMLINK_INSTALL=1 -DCMAKE_INSTALL_PREFIX=/home/nick/Robotics_Projects/furuta1/install/ament_cmake_core
[0.399s] Invoking command in '/home/nick/Robotics_Projects/furuta1/build/ament_cmake_core': AMENT_PREFIX_PATH=/home/nick/Robotics_Projects/furuta1/install/ament_package:${AMENT_PREFIX_PATH} CMAKE_PREFIX_PATH=/opt/ros/humble PYTHONPATH=/home/nick/Robotics_Projects/furuta1/build/ament_package:/home/nick/Robotics_Projects/furuta1/install/ament_package/lib/python3.10/site-packages:${PYTHONPATH} /usr/bin/cmake --build /home/nick/Robotics_Projects/furuta1/build/ament_cmake_core -- -j16 -l16
[0.430s] Invoked command in '/home/nick/Robotics_Projects/furuta1/build/ament_cmake_core' returned '0': AMENT_PREFIX_PATH=/home/nick/Robotics_Projects/furuta1/install/ament_package:${AMENT_PREFIX_PATH} CMAKE_PREFIX_PATH=/opt/ros/humble PYTHONPATH=/home/nick/Robotics_Projects/furuta1/build/ament_package:/home/nick/Robotics_Projects/furuta1/install/ament_package/lib/python3.10/site-packages:${PYTHONPATH} /usr/bin/cmake --build /home/nick/Robotics_Projects/furuta1/build/ament_cmake_core -- -j16 -l16
[0.450s] Invoking command in '/home/nick/Robotics_Projects/furuta1/build/ament_cmake_core': AMENT_PREFIX_PATH=/home/nick/Robotics_Projects/furuta1/install/ament_package:${AMENT_PREFIX_PATH} CMAKE_PREFIX_PATH=/opt/ros/humble PYTHONPATH=/home/nick/Robotics_Projects/furuta1/build/ament_package:/home/nick/Robotics_Projects/furuta1/install/ament_package/lib/python3.10/site-packages:${PYTHONPATH} /usr/bin/cmake --install /home/nick/Robotics_Projects/furuta1/build/ament_cmake_core
[0.457s] -- Install configuration: ""
[0.457s] -- Execute custom install script
[0.457s] -- Symlinking: /home/nick/Robotics_Projects/furuta1/install/ament_cmake_core/share/ament_index/resource_index/package_run_dependencies/ament_cmake_core
[0.463s] -- Symlinking: /home/nick/Robotics_Projects/furuta1/install/ament_cmake_core/share/ament_index/resource_index/parent_prefix_path/ament_cmake_core
[0.477s] -- Symlinking: /home/nick/Robotics_Projects/furuta1/install/ament_cmake_core/share/ament_cmake_core/environment/ament_prefix_path.sh
[0.480s] -- Symlinking: /home/nick/Robotics_Projects/furuta1/install/ament_cmake_core/share/ament_cmake_core/environment/ament_prefix_path.dsv
[0.489s] -- Symlinking: /home/nick/Robotics_Projects/furuta1/install/ament_cmake_core/share/ament_cmake_core/environment/path.sh
[0.497s] -- Symlinking: /home/nick/Robotics_Projects/furuta1/install/ament_cmake_core/share/ament_cmake_core/environment/path.dsv
[0.507s] -- Symlinking: /home/nick/Robotics_Projects/furuta1/install/ament_cmake_core/share/ament_cmake_core/local_setup.bash
[0.513s] -- Symlinking: /home/nick/Robotics_Projects/furuta1/install/ament_cmake_core/share/ament_cmake_core/local_setup.sh
[0.532s] -- Symlinking: /home/nick/Robotics_Projects/furuta1/install/ament_cmake_core/share/ament_cmake_core/local_setup.zsh
[0.540s] -- Symlinking: /home/nick/Robotics_Projects/furuta1/install/ament_cmake_core/share/ament_cmake_core/local_setup.dsv
[0.548s] -- Symlinking: /home/nick/Robotics_Projects/furuta1/install/ament_cmake_core/share/ament_cmake_core/package.dsv
[0.557s] -- Symlinking: /home/nick/Robotics_Projects/furuta1/install/ament_cmake_core/share/ament_index/resource_index/packages/ament_cmake_core
[0.566s] -- Symlinking: /home/nick/Robotics_Projects/furuta1/install/ament_cmake_core/share/ament_cmake_core/cmake/ament_cmake_core-extras.cmake
[0.574s] -- Symlinking: /home/nick/Robotics_Projects/furuta1/install/ament_cmake_core/share/ament_cmake_core/cmake/ament_cmake_environment-extras.cmake
[0.582s] -- Symlinking: /home/nick/Robotics_Projects/furuta1/install/ament_cmake_core/share/ament_cmake_core/cmake/ament_cmake_environment_hooks-extras.cmake
[0.591s] -- Symlinking: /home/nick/Robotics_Projects/furuta1/install/ament_cmake_core/share/ament_cmake_core/cmake/ament_cmake_index-extras.cmake
[0.599s] -- Symlinking: /home/nick/Robotics_Projects/furuta1/install/ament_cmake_core/share/ament_cmake_core/cmake/ament_cmake_package_templates-extras.cmake
[0.607s] -- Symlinking: /home/nick/Robotics_Projects/furuta1/install/ament_cmake_core/share/ament_cmake_core/cmake/ament_cmake_uninstall_target-extras.cmake
[0.615s] -- Symlinking: /home/nick/Robotics_Projects/furuta1/install/ament_cmake_core/share/ament_cmake_core/cmake/ament_cmake_symlink_install-extras.cmake
[0.623s] -- Symlinking: /home/nick/Robotics_Projects/furuta1/install/ament_cmake_core/share/ament_cmake_core/cmake/ament_cmake_coreConfig.cmake
[0.631s] -- Symlinking: /home/nick/Robotics_Projects/furuta1/install/ament_cmake_core/share/ament_cmake_core/cmake/ament_cmake_coreConfig-version.cmake
[0.639s] -- Symlinking: /home/nick/Robotics_Projects/furuta1/install/ament_cmake_core/share/ament_cmake_core/package.xml
[0.647s] -- Symlinking: /home/nick/Robotics_Projects/furuta1/install/ament_cmake_core/share/ament_cmake_core/cmake/core/all.cmake
[0.655s] -- Symlinking: /home/nick/Robotics_Projects/furuta1/install/ament_cmake_core/share/ament_cmake_core/cmake/core/ament_execute_extensions.cmake
[0.663s] -- Symlinking: /home/nick/Robotics_Projects/furuta1/install/ament_cmake_core/share/ament_cmake_core/cmake/core/ament_package.cmake
[0.671s] -- Symlinking: /home/nick/Robotics_Projects/furuta1/install/ament_cmake_core/share/ament_cmake_core/cmake/core/ament_package_xml.cmake
[0.678s] -- Symlinking: /home/nick/Robotics_Projects/furuta1/install/ament_cmake_core/share/ament_cmake_core/cmake/core/ament_register_extension.cmake
[0.685s] -- Symlinking: /home/nick/Robotics_Projects/furuta1/install/ament_cmake_core/share/ament_cmake_core/cmake/core/assert_file_exists.cmake
[0.693s] -- Symlinking: /home/nick/Robotics_Projects/furuta1/install/ament_cmake_core/share/ament_cmake_core/cmake/core/get_executable_path.cmake
[0.700s] -- Symlinking: /home/nick/Robotics_Projects/furuta1/install/ament_cmake_core/share/ament_cmake_core/cmake/core/list_append_unique.cmake
[0.706s] -- Symlinking: /home/nick/Robotics_Projects/furuta1/install/ament_cmake_core/share/ament_cmake_core/cmake/core/normalize_path.cmake
[0.719s] -- Symlinking: /home/nick/Robotics_Projects/furuta1/install/ament_cmake_core/share/ament_cmake_core/cmake/core/package_xml_2_cmake.py
[0.719s] -- Symlinking: /home/nick/Robotics_Projects/furuta1/install/ament_cmake_core/share/ament_cmake_core/cmake/core/python.cmake
[0.725s] -- Symlinking: /home/nick/Robotics_Projects/furuta1/install/ament_cmake_core/share/ament_cmake_core/cmake/core/stamp.cmake
[0.732s] -- Symlinking: /home/nick/Robotics_Projects/furuta1/install/ament_cmake_core/share/ament_cmake_core/cmake/core/string_ends_with.cmake
[0.738s] -- Symlinking: /home/nick/Robotics_Projects/furuta1/install/ament_cmake_core/share/ament_cmake_core/cmake/core/templates/nameConfig-version.cmake.in
[0.745s] -- Symlinking: /home/nick/Robotics_Projects/furuta1/install/ament_cmake_core/share/ament_cmake_core/cmake/core/templates/nameConfig.cmake.in
[0.751s] -- Symlinking: /home/nick/Robotics_Projects/furuta1/install/ament_cmake_core/share/ament_cmake_core/cmake/environment/ament_cmake_environment_package_hook.cmake
[0.757s] -- Symlinking: /home/nick/Robotics_Projects/furuta1/install/ament_cmake_core/share/ament_cmake_core/cmake/environment/ament_generate_environment.cmake
[0.763s] -- Symlinking: /home/nick/Robotics_Projects/furuta1/install/ament_cmake_core/share/ament_cmake_core/cmake/environment_hooks/ament_cmake_environment_hooks_package_hook.cmake
[0.769s] -- Symlinking: /home/nick/Robotics_Projects/furuta1/install/ament_cmake_core/share/ament_cmake_core/cmake/environment_hooks/ament_environment_hooks.cmake
[0.774s] -- Symlinking: /home/nick/Robotics_Projects/furuta1/install/ament_cmake_core/share/ament_cmake_core/cmake/environment_hooks/ament_generate_package_environment.cmake
[0.780s] -- Symlinking: /home/nick/Robotics_Projects/furuta1/install/ament_cmake_core/share/ament_cmake_core/cmake/environment_hooks/environment/ament_prefix_path.bat
[0.785s] -- Symlinking: /home/nick/Robotics_Projects/furuta1/install/ament_cmake_core/share/ament_cmake_core/cmake/environment_hooks/environment/ament_prefix_path.sh
[0.791s] -- Symlinking: /home/nick/Robotics_Projects/furuta1/install/ament_cmake_core/share/ament_cmake_core/cmake/environment_hooks/environment/path.bat
[0.797s] -- Symlinking: /home/nick/Robotics_Projects/furuta1/install/ament_cmake_core/share/ament_cmake_core/cmake/environment_hooks/environment/path.sh
[0.802s] -- Symlinking: /home/nick/Robotics_Projects/furuta1/install/ament_cmake_core/share/ament_cmake_core/cmake/index/ament_cmake_index_package_hook.cmake
[0.808s] -- Symlinking: /home/nick/Robotics_Projects/furuta1/install/ament_cmake_core/share/ament_cmake_core/cmake/index/ament_index_get_prefix_path.cmake
[0.813s] -- Symlinking: /home/nick/Robotics_Projects/furuta1/install/ament_cmake_core/share/ament_cmake_core/cmake/index/ament_index_get_resource.cmake
[0.819s] -- Symlinking: /home/nick/Robotics_Projects/furuta1/install/ament_cmake_core/share/ament_cmake_core/cmake/index/ament_index_get_resources.cmake
[0.825s] -- Symlinking: /home/nick/Robotics_Projects/furuta1/install/ament_cmake_core/share/ament_cmake_core/cmake/index/ament_index_has_resource.cmake
[0.830s] -- Symlinking: /home/nick/Robotics_Projects/furuta1/install/ament_cmake_core/share/ament_cmake_core/cmake/index/ament_index_register_package.cmake
[0.836s] -- Symlinking: /home/nick/Robotics_Projects/furuta1/install/ament_cmake_core/share/ament_cmake_core/cmake/index/ament_index_register_resource.cmake
[0.842s] -- Symlinking: /home/nick/Robotics_Projects/furuta1/install/ament_cmake_core/share/ament_cmake_core/cmake/package_templates/templates_2_cmake.py
[0.847s] -- Symlinking: /home/nick/Robotics_Projects/furuta1/install/ament_cmake_core/share/ament_cmake_core/cmake/symlink_install/ament_cmake_symlink_install.cmake.in
[0.853s] -- Symlinking: /home/nick/Robotics_Projects/furuta1/install/ament_cmake_core/share/ament_cmake_core/cmake/symlink_install/ament_cmake_symlink_install_append_install_code.cmake
[0.865s] -- Symlinking: /home/nick/Robotics_Projects/furuta1/install/ament_cmake_core/share/ament_cmake_core/cmake/symlink_install/ament_cmake_symlink_install_directory.cmake
[0.865s] -- Symlinking: /home/nick/Robotics_Projects/furuta1/install/ament_cmake_core/share/ament_cmake_core/cmake/symlink_install/ament_cmake_symlink_install_files.cmake
[0.870s] -- Symlinking: /home/nick/Robotics_Projects/furuta1/install/ament_cmake_core/share/ament_cmake_core/cmake/symlink_install/ament_cmake_symlink_install_programs.cmake
[0.875s] -- Symlinking: /home/nick/Robotics_Projects/furuta1/install/ament_cmake_core/share/ament_cmake_core/cmake/symlink_install/ament_cmake_symlink_install_targets.cmake
[0.881s] -- Symlinking: /home/nick/Robotics_Projects/furuta1/install/ament_cmake_core/share/ament_cmake_core/cmake/symlink_install/ament_cmake_symlink_install_uninstall_script.cmake.in
[0.886s] -- Symlinking: /home/nick/Robotics_Projects/furuta1/install/ament_cmake_core/share/ament_cmake_core/cmake/symlink_install/install.cmake
[0.892s] -- Symlinking: /home/nick/Robotics_Projects/furuta1/install/ament_cmake_core/share/ament_cmake_core/cmake/uninstall_target/ament_cmake_uninstall_target.cmake.in
[0.897s] -- Symlinking: /home/nick/Robotics_Projects/furuta1/install/ament_cmake_core/share/ament_cmake_core/cmake/uninstall_target/ament_cmake_uninstall_target_append_uninstall_code.cmake
[1.067s] Invoked command in '/home/nick/Robotics_Projects/furuta1/build/ament_cmake_core' returned '0': AMENT_PREFIX_PATH=/home/nick/Robotics_Projects/furuta1/install/ament_package:${AMENT_PREFIX_PATH} CMAKE_PREFIX_PATH=/opt/ros/humble PYTHONPATH=/home/nick/Robotics_Projects/furuta1/build/ament_package:/home/nick/Robotics_Projects/furuta1/install/ament_package/lib/python3.10/site-packages:${PYTHONPATH} /usr/bin/cmake --install /home/nick/Robotics_Projects/furuta1/build/ament_cmake_core
