-- The C compiler identification is GNU 11.4.0
-- The CXX compiler identification is GNU 11.4.0
-- Detecting C compiler ABI info
-- Detecting C compiler ABI info - done
-- Check for working C compiler: /usr/bin/cc - skipped
-- Detecting C compile features
-- Detecting C compile features - done
-- Detecting CXX compiler ABI info
-- Detecting CXX compiler ABI info - done
-- Check for working CXX compiler: /usr/bin/c++ - skipped
-- Detecting CXX compile features
-- Detecting CXX compile features - done
-- [i] <<<<<<<<<<<<< Start iceoryx_posh configuration: >>>>>>>>>>>>>
-- [i] Using m:n communication!
-- [i] IOX_MAX_PUBLISHERS:512
-- [i] IOX_MAX_SUBSCRIBERS:1024
-- [i] IOX_MAX_INTERFACE_NUMBER:4
-- [i] IOX_MAX_SUBSCRIBERS_PER_PUBLISHER:256
-- [i] IOX_MAX_CHUNKS_ALLOCATED_PER_PUBLISHER_SIMULTANEOUSLY:8
-- [i] IOX_MAX_PUBLISHER_HISTORY:16
-- [i] IOX_MAX_CHUNKS_HELD_PER_SUBSCRIBER_SIMULTANEOUSLY:256
-- [i] <<<<<<<<<<<<<< End iceoryx_posh configuration: >>>>>>>>>>>>>>
-- Configuring done
-- Generating done
-- Build files have been written to: /home/nick/Robotics_Projects/furuta1/build/iceoryx_binding_c
