[0.135s] Invoking command in '/home/nick/Robotics_Projects/furuta1/build/iceoryx_binding_c': CMAKE_PREFIX_PATH=/home/nick/Robotics_Projects/furuta1/install/iceoryx_posh:/home/nick/Robotics_Projects/furuta1/install/iceoryx_hoofs:/opt/ros/humble LD_LIBRARY_PATH=/home/nick/Robotics_Projects/furuta1/install/iceoryx_posh/lib:/home/nick/Robotics_Projects/furuta1/install/iceoryx_hoofs/lib:${LD_LIBRARY_PATH} PATH=/home/nick/Robotics_Projects/furuta1/install/iceoryx_posh/bin:${PATH} PKG_CONFIG_PATH=/home/nick/Robotics_Projects/furuta1/install/iceoryx_posh/lib/x86_64-linux-gnu/pkgconfig:/home/nick/Robotics_Projects/furuta1/install/iceoryx_posh/lib/pkgconfig:/home/nick/Robotics_Projects/furuta1/install/iceoryx_hoofs/lib/x86_64-linux-gnu/pkgconfig:/home/nick/Robotics_Projects/furuta1/install/iceoryx_hoofs/lib/pkgconfig /usr/bin/cmake /home/nick/Robotics_Projects/furuta1/src/eclipse-iceoryx/iceoryx/iceoryx_binding_c -DCMAKE_INSTALL_PREFIX=/home/nick/Robotics_Projects/furuta1/install/iceoryx_binding_c
[0.171s] -- The C compiler identification is GNU 11.4.0
[0.208s] -- The CXX compiler identification is GNU 11.4.0
[0.212s] -- Detecting C compiler ABI info
[0.257s] -- Detecting C compiler ABI info - done
[0.261s] -- Check for working C compiler: /usr/bin/cc - skipped
[0.261s] -- Detecting C compile features
[0.261s] -- Detecting C compile features - done
[0.263s] -- Detecting CXX compiler ABI info
[0.314s] -- Detecting CXX compiler ABI info - done
[0.318s] -- Check for working CXX compiler: /usr/bin/c++ - skipped
[0.318s] -- Detecting CXX compile features
[0.319s] -- Detecting CXX compile features - done
[0.322s] -- [i] <<<<<<<<<<<<< Start iceoryx_posh configuration: >>>>>>>>>>>>>
[0.322s] -- [i] Using m:n communication!
[0.322s] -- [i] IOX_MAX_PUBLISHERS:512
[0.322s] -- [i] IOX_MAX_SUBSCRIBERS:1024
[0.322s] -- [i] IOX_MAX_INTERFACE_NUMBER:4
[0.322s] -- [i] IOX_MAX_SUBSCRIBERS_PER_PUBLISHER:256
[0.322s] -- [i] IOX_MAX_CHUNKS_ALLOCATED_PER_PUBLISHER_SIMULTANEOUSLY:8
[0.322s] -- [i] IOX_MAX_PUBLISHER_HISTORY:16
[0.322s] -- [i] IOX_MAX_CHUNKS_HELD_PER_SUBSCRIBER_SIMULTANEOUSLY:256
[0.322s] -- [i] <<<<<<<<<<<<<< End iceoryx_posh configuration: >>>>>>>>>>>>>>
[0.323s] -- Configuring done
[0.326s] -- Generating done
[0.326s] -- Build files have been written to: /home/nick/Robotics_Projects/furuta1/build/iceoryx_binding_c
