[0.032s] Invoking command in '/home/nick/Robotics_Projects/furuta1/build/ros_gz_example_gazebo': AMENT_PREFIX_PATH=/home/nick/Robotics_Projects/furuta1/install/ros_gz_example_description:/home/nick/Robotics_Projects/furuta1/install/ament_cmake:/home/nick/Robotics_Projects/furuta1/install/ament_cmake_gen_version_h:/home/nick/Robotics_Projects/furuta1/install/ament_lint_auto:/home/nick/Robotics_Projects/furuta1/install/ament_cmake_test:/home/nick/Robotics_Projects/furuta1/install/ament_cmake_target_dependencies:/home/nick/Robotics_Projects/furuta1/install/ament_cmake_export_targets:/home/nick/Robotics_Projects/furuta1/install/ament_cmake_export_interfaces:/home/nick/Robotics_Projects/furuta1/install/ament_cmake_export_dependencies:/home/nick/Robotics_Projects/furuta1/install/ament_cmake_version:/home/nick/Robotics_Projects/furuta1/install/ament_cmake_python:/home/nick/Robotics_Projects/furuta1/install/ament_cmake_libraries:/home/nick/Robotics_Projects/furuta1/install/ament_cmake_include_directories:/home/nick/Robotics_Projects/furuta1/install/ament_cmake_export_link_flags:/home/nick/Robotics_Projects/furuta1/install/ament_cmake_export_libraries:/home/nick/Robotics_Projects/furuta1/install/ament_cmake_export_include_directories:/home/nick/Robotics_Projects/furuta1/install/ament_cmake_export_definitions:/home/nick/Robotics_Projects/furuta1/install/ament_cmake_core:/home/nick/Robotics_Projects/furuta1/install/ament_package:${AMENT_PREFIX_PATH} CMAKE_PREFIX_PATH=/home/nick/Robotics_Projects/furuta1/install/ros_gz_example_description:/home/nick/Robotics_Projects/furuta1/install/ament_cmake:/home/nick/Robotics_Projects/furuta1/install/ament_cmake_gen_version_h:/home/nick/Robotics_Projects/furuta1/install/ament_lint_auto:/home/nick/Robotics_Projects/furuta1/install/ament_cmake_test:/home/nick/Robotics_Projects/furuta1/install/ament_cmake_target_dependencies:/home/nick/Robotics_Projects/furuta1/install/ament_cmake_export_targets:/home/nick/Robotics_Projects/furuta1/install/ament_cmake_export_interfaces:/home/nick/Robotics_Projects/furuta1/install/ament_cmake_export_dependencies:/home/nick/Robotics_Projects/furuta1/install/ament_cmake_version:/home/nick/Robotics_Projects/furuta1/install/ament_cmake_python:/home/nick/Robotics_Projects/furuta1/install/ament_cmake_libraries:/home/nick/Robotics_Projects/furuta1/install/ament_cmake_include_directories:/home/nick/Robotics_Projects/furuta1/install/ament_cmake_export_link_flags:/home/nick/Robotics_Projects/furuta1/install/ament_cmake_export_libraries:/home/nick/Robotics_Projects/furuta1/install/ament_cmake_export_include_directories:/home/nick/Robotics_Projects/furuta1/install/ament_cmake_export_definitions:/home/nick/Robotics_Projects/furuta1/install/ament_cmake_core:/opt/ros/humble GZ_SIM_RESOURCE_PATH=/home/nick/Robotics_Projects/furuta1/install/ros_gz_example_description/share/ros_gz_example_description/models PYTHONPATH=/home/nick/Robotics_Projects/furuta1/install/ament_cmake_test/local/lib/python3.10/dist-packages:/home/nick/Robotics_Projects/furuta1/build/ament_package:/home/nick/Robotics_Projects/furuta1/install/ament_package/lib/python3.10/site-packages:${PYTHONPATH} /usr/bin/cmake /home/nick/Robotics_Projects/furuta1/ros_gz_example_gazebo -DAMENT_CMAKE_SYMLINK_INSTALL=1 -DCMAKE_INSTALL_PREFIX=/home/nick/Robotics_Projects/furuta1/install/ros_gz_example_gazebo
[0.066s] -- The C compiler identification is GNU 11.4.0
[0.103s] -- The CXX compiler identification is GNU 11.4.0
[0.108s] -- Detecting C compiler ABI info
[0.151s] -- Detecting C compiler ABI info - done
[0.155s] -- Check for working C compiler: /usr/bin/cc - skipped
[0.155s] -- Detecting C compile features
[0.156s] -- Detecting C compile features - done
[0.158s] -- Detecting CXX compiler ABI info
[0.207s] -- Detecting CXX compiler ABI info - done
[0.213s] -- Check for working CXX compiler: /usr/bin/c++ - skipped
[0.213s] -- Detecting CXX compile features
[0.214s] -- Detecting CXX compile features - done
[0.214s] -- Found ament_cmake: 1.3.8 (/home/nick/Robotics_Projects/furuta1/install/ament_cmake/share/ament_cmake/cmake)
[0.406s] -- Found Python3: /usr/bin/python3 (found version "3.10.12") found components: Interpreter 
[0.442s] -- Override CMake install command with custom implementation using symlinks instead of copying resources
[0.462s] -- Found ros_gz_example_description: 0.0.0 (/home/nick/Robotics_Projects/furuta1/install/ros_gz_example_description/share/ros_gz_example_description/cmake)
[0.473s] [31mCMake Error at CMakeLists.txt:13 (find_package):
[0.473s]   By not providing "Findgz-cmake3.cmake" in CMAKE_MODULE_PATH this project
[0.473s]   has asked CMake to find a package configuration file provided by
[0.473s]   "gz-cmake3", but CMake did not find one.
[0.473s] 
[0.473s]   Could not find a package configuration file provided by "gz-cmake3" with
[0.473s]   any of the following names:
[0.473s] 
[0.473s]     gz-cmake3Config.cmake
[0.473s]     gz-cmake3-config.cmake
[0.473s] 
[0.473s]   Add the installation prefix of "gz-cmake3" to CMAKE_PREFIX_PATH or set
[0.473s]   "gz-cmake3_DIR" to a directory containing one of the above files.  If
[0.473s]   "gz-cmake3" provides a separate development package or SDK, be sure it has
[0.473s]   been installed.
[0.473s] 
[0.473s] [0m
[0.473s] -- Configuring incomplete, errors occurred!
[0.473s] See also "/home/nick/Robotics_Projects/furuta1/build/ros_gz_example_gazebo/CMakeFiles/CMakeOutput.log".
