[3.502s] Invoking command in '/home/nick/Robotics_Projects/furuta1/build/ament_pclint': AMENT_PREFIX_PATH=/home/nick/Robotics_Projects/furuta1/install/ament_copyright:/home/nick/Robotics_Projects/furuta1/install/ament_pep257:/home/nick/Robotics_Projects/furuta1/install/ament_flake8:/home/nick/Robotics_Projects/furuta1/install/ament_lint:${AMENT_PREFIX_PATH} PATH=/home/nick/Robotics_Projects/furuta1/install/ament_copyright/bin:/home/nick/Robotics_Projects/furuta1/install/ament_pep257/bin:/home/nick/Robotics_Projects/furuta1/install/ament_flake8/bin:${PATH} PYTHONPATH=/home/nick/Robotics_Projects/furuta1/build/ament_pclint/prefix_override:/home/nick/Robotics_Projects/furuta1/install/ament_pclint/lib/python3.10/site-packages:/home/nick/Robotics_Projects/furuta1/build/ament_copyright:/home/nick/Robotics_Projects/furuta1/install/ament_copyright/lib/python3.10/site-packages:/home/nick/Robotics_Projects/furuta1/build/ament_pep257:/home/nick/Robotics_Projects/furuta1/install/ament_pep257/lib/python3.10/site-packages:/home/nick/Robotics_Projects/furuta1/build/ament_flake8:/home/nick/Robotics_Projects/furuta1/install/ament_flake8/lib/python3.10/site-packages:/home/nick/Robotics_Projects/furuta1/build/ament_lint:/home/nick/Robotics_Projects/furuta1/install/ament_lint/lib/python3.10/site-packages:${PYTHONPATH} /usr/bin/python3 -W ignore:setup.py install is deprecated setup.py develop --editable --build-directory /home/nick/Robotics_Projects/furuta1/build/ament_pclint/build --no-deps symlink_data
[3.792s] running develop
[3.792s] /home/nick/.local/lib/python3.10/site-packages/setuptools/command/develop.py:39: EasyInstallDeprecationWarning: easy_install command is deprecated.
[3.792s] !!
[3.792s] 
[3.792s]         ********************************************************************************
[3.792s]         Please avoid running ``setup.py`` and ``easy_install``.
[3.792s]         Instead, use pypa/build, pypa/installer or other
[3.792s]         standards-based tools.
[3.792s] 
[3.792s]         See https://github.com/pypa/setuptools/issues/917 for details.
[3.792s]         ********************************************************************************
[3.792s] 
[3.792s] !!
[3.792s]   easy_install.initialize_options(self)
[3.898s] running egg_info
[3.898s] creating ament_pclint.egg-info
[3.904s] writing ament_pclint.egg-info/PKG-INFO
[3.905s] writing dependency_links to ament_pclint.egg-info/dependency_links.txt
[3.905s] writing entry points to ament_pclint.egg-info/entry_points.txt
[3.905s] writing requirements to ament_pclint.egg-info/requires.txt
[3.905s] writing top-level names to ament_pclint.egg-info/top_level.txt
[3.905s] writing manifest file 'ament_pclint.egg-info/SOURCES.txt'
[3.923s] reading manifest file 'ament_pclint.egg-info/SOURCES.txt'
[3.924s] writing manifest file 'ament_pclint.egg-info/SOURCES.txt'
[3.934s] running build_ext
[3.934s] Creating /home/nick/Robotics_Projects/furuta1/install/ament_pclint/lib/python3.10/site-packages/ament_pclint.egg-link (link to .)
[3.935s] Installing ament_pclint script to /home/nick/Robotics_Projects/furuta1/install/ament_pclint/bin
[3.935s] 
[3.935s] Installed /home/nick/Robotics_Projects/furuta1/build/ament_pclint
[3.936s] running symlink_data
[3.936s] symbolically linking /home/nick/Robotics_Projects/furuta1/build/ament_pclint/package.xml -> /home/nick/Robotics_Projects/furuta1/install/ament_pclint/share/ament_pclint
[3.936s] creating /home/nick/Robotics_Projects/furuta1/install/ament_pclint/share/ament_index
[3.937s] creating /home/nick/Robotics_Projects/furuta1/install/ament_pclint/share/ament_index/resource_index
[3.937s] creating /home/nick/Robotics_Projects/furuta1/install/ament_pclint/share/ament_index/resource_index/packages
[3.937s] symbolically linking /home/nick/Robotics_Projects/furuta1/build/ament_pclint/resource/ament_pclint -> /home/nick/Robotics_Projects/furuta1/install/ament_pclint/share/ament_index/resource_index/packages
[4.015s] Invoked command in '/home/nick/Robotics_Projects/furuta1/build/ament_pclint' returned '0': AMENT_PREFIX_PATH=/home/nick/Robotics_Projects/furuta1/install/ament_copyright:/home/nick/Robotics_Projects/furuta1/install/ament_pep257:/home/nick/Robotics_Projects/furuta1/install/ament_flake8:/home/nick/Robotics_Projects/furuta1/install/ament_lint:${AMENT_PREFIX_PATH} PATH=/home/nick/Robotics_Projects/furuta1/install/ament_copyright/bin:/home/nick/Robotics_Projects/furuta1/install/ament_pep257/bin:/home/nick/Robotics_Projects/furuta1/install/ament_flake8/bin:${PATH} PYTHONPATH=/home/nick/Robotics_Projects/furuta1/build/ament_pclint/prefix_override:/home/nick/Robotics_Projects/furuta1/install/ament_pclint/lib/python3.10/site-packages:/home/nick/Robotics_Projects/furuta1/build/ament_copyright:/home/nick/Robotics_Projects/furuta1/install/ament_copyright/lib/python3.10/site-packages:/home/nick/Robotics_Projects/furuta1/build/ament_pep257:/home/nick/Robotics_Projects/furuta1/install/ament_pep257/lib/python3.10/site-packages:/home/nick/Robotics_Projects/furuta1/build/ament_flake8:/home/nick/Robotics_Projects/furuta1/install/ament_flake8/lib/python3.10/site-packages:/home/nick/Robotics_Projects/furuta1/build/ament_lint:/home/nick/Robotics_Projects/furuta1/install/ament_lint/lib/python3.10/site-packages:${PYTHONPATH} /usr/bin/python3 -W ignore:setup.py install is deprecated setup.py develop --editable --build-directory /home/nick/Robotics_Projects/furuta1/build/ament_pclint/build --no-deps symlink_data
