-- Found ament_cmake: 1.3.8 (/opt/ros/humble/share/ament_cmake/cmake)
-- Override CMake install command with custom implementation using symlinks instead of copying resources
-- Found ament_lint_auto: 0.12.10 (/home/nick/Robotics_Projects/furuta1/install/ament_lint_auto/share/ament_lint_auto/cmake)
-- Configuring done
-- Generating done
-- Build files have been written to: /home/nick/Robotics_Projects/furuta1/build/ros_gz_example_description
-- Install configuration: ""
-- Execute custom install script
-- Symlinking: /home/nick/Robotics_Projects/furuta1/install/ros_gz_example_description/share/ros_gz_example_description/models/diff_drive/model.config
-- Symlinking: /home/nick/Robotics_Projects/furuta1/install/ros_gz_example_description/share/ros_gz_example_description/models/diff_drive/model.sdf
-- Symlinking: /home/nick/Robotics_Projects/furuta1/install/ros_gz_example_description/share/ros_gz_example_description/models/furuta/model.sdf
-- Symlinking: /home/nick/Robotics_Projects/furuta1/install/ros_gz_example_description/share/ros_gz_example_description/models/rrbot/model.sdf
-- Symlinking: /home/nick/Robotics_Projects/furuta1/install/ros_gz_example_description/share/ros_gz_example_description/environment/ros_gz_example_description.dsv
-- Symlinking: /home/nick/Robotics_Projects/furuta1/install/ros_gz_example_description/share/ros_gz_example_description/environment/ros_gz_example_description.sh
-- Symlinking: /home/nick/Robotics_Projects/furuta1/install/ros_gz_example_description/share/ament_index/resource_index/package_run_dependencies/ros_gz_example_description
-- Symlinking: /home/nick/Robotics_Projects/furuta1/install/ros_gz_example_description/share/ament_index/resource_index/parent_prefix_path/ros_gz_example_description
-- Symlinking: /home/nick/Robotics_Projects/furuta1/install/ros_gz_example_description/share/ros_gz_example_description/environment/ament_prefix_path.sh
-- Symlinking: /home/nick/Robotics_Projects/furuta1/install/ros_gz_example_description/share/ros_gz_example_description/environment/ament_prefix_path.dsv
-- Symlinking: /home/nick/Robotics_Projects/furuta1/install/ros_gz_example_description/share/ros_gz_example_description/environment/path.sh
-- Symlinking: /home/nick/Robotics_Projects/furuta1/install/ros_gz_example_description/share/ros_gz_example_description/environment/path.dsv
-- Symlinking: /home/nick/Robotics_Projects/furuta1/install/ros_gz_example_description/share/ros_gz_example_description/local_setup.bash
-- Symlinking: /home/nick/Robotics_Projects/furuta1/install/ros_gz_example_description/share/ros_gz_example_description/local_setup.sh
-- Symlinking: /home/nick/Robotics_Projects/furuta1/install/ros_gz_example_description/share/ros_gz_example_description/local_setup.zsh
-- Symlinking: /home/nick/Robotics_Projects/furuta1/install/ros_gz_example_description/share/ros_gz_example_description/local_setup.dsv
-- Symlinking: /home/nick/Robotics_Projects/furuta1/install/ros_gz_example_description/share/ros_gz_example_description/package.dsv
-- Symlinking: /home/nick/Robotics_Projects/furuta1/install/ros_gz_example_description/share/ament_index/resource_index/packages/ros_gz_example_description
-- Symlinking: /home/nick/Robotics_Projects/furuta1/install/ros_gz_example_description/share/ros_gz_example_description/cmake/ros_gz_example_descriptionConfig.cmake
-- Symlinking: /home/nick/Robotics_Projects/furuta1/install/ros_gz_example_description/share/ros_gz_example_description/cmake/ros_gz_example_descriptionConfig-version.cmake
-- Symlinking: /home/nick/Robotics_Projects/furuta1/install/ros_gz_example_description/share/ros_gz_example_description/package.xml
