[0.025s] Invoking command in '/home/nick/Robotics_Projects/furuta1/build/ament_cmake_export_targets': AMENT_PREFIX_PATH=/home/nick/Robotics_Projects/furuta1/install/ament_cmake_export_libraries:/home/nick/Robotics_Projects/furuta1/install/ament_cmake_core:/home/nick/Robotics_Projects/furuta1/install/ament_package:${AMENT_PREFIX_PATH} CMAKE_PREFIX_PATH=/home/nick/Robotics_Projects/furuta1/install/ament_cmake_export_libraries:/home/nick/Robotics_Projects/furuta1/install/ament_cmake_core:/opt/ros/humble PYTHONPATH=/home/nick/Robotics_Projects/furuta1/build/ament_package:/home/nick/Robotics_Projects/furuta1/install/ament_package/lib/python3.10/site-packages:${PYTHONPATH} /usr/bin/cmake /home/nick/Robotics_Projects/furuta1/src/ament/ament_cmake/ament_cmake_export_targets -DAMENT_CMAKE_SYMLINK_INSTALL=1 -DCMAKE_INSTALL_PREFIX=/home/nick/Robotics_Projects/furuta1/install/ament_cmake_export_targets
[0.038s] -- Found ament_cmake_core: 1.3.8 (/home/nick/Robotics_Projects/furuta1/install/ament_cmake_core/share/ament_cmake_core/cmake)
[0.282s] -- Found Python3: /usr/bin/python3 (found version "3.10.12") found components: Interpreter 
[0.332s] -- Override CMake install command with custom implementation using symlinks instead of copying resources
[0.373s] -- Configuring done
[0.374s] -- Generating done
[0.375s] -- Build files have been written to: /home/nick/Robotics_Projects/furuta1/build/ament_cmake_export_targets
[0.377s] Invoked command in '/home/nick/Robotics_Projects/furuta1/build/ament_cmake_export_targets' returned '0': AMENT_PREFIX_PATH=/home/nick/Robotics_Projects/furuta1/install/ament_cmake_export_libraries:/home/nick/Robotics_Projects/furuta1/install/ament_cmake_core:/home/nick/Robotics_Projects/furuta1/install/ament_package:${AMENT_PREFIX_PATH} CMAKE_PREFIX_PATH=/home/nick/Robotics_Projects/furuta1/install/ament_cmake_export_libraries:/home/nick/Robotics_Projects/furuta1/install/ament_cmake_core:/opt/ros/humble PYTHONPATH=/home/nick/Robotics_Projects/furuta1/build/ament_package:/home/nick/Robotics_Projects/furuta1/install/ament_package/lib/python3.10/site-packages:${PYTHONPATH} /usr/bin/cmake /home/nick/Robotics_Projects/furuta1/src/ament/ament_cmake/ament_cmake_export_targets -DAMENT_CMAKE_SYMLINK_INSTALL=1 -DCMAKE_INSTALL_PREFIX=/home/nick/Robotics_Projects/furuta1/install/ament_cmake_export_targets
[0.378s] Invoking command in '/home/nick/Robotics_Projects/furuta1/build/ament_cmake_export_targets': AMENT_PREFIX_PATH=/home/nick/Robotics_Projects/furuta1/install/ament_cmake_export_libraries:/home/nick/Robotics_Projects/furuta1/install/ament_cmake_core:/home/nick/Robotics_Projects/furuta1/install/ament_package:${AMENT_PREFIX_PATH} CMAKE_PREFIX_PATH=/home/nick/Robotics_Projects/furuta1/install/ament_cmake_export_libraries:/home/nick/Robotics_Projects/furuta1/install/ament_cmake_core:/opt/ros/humble PYTHONPATH=/home/nick/Robotics_Projects/furuta1/build/ament_package:/home/nick/Robotics_Projects/furuta1/install/ament_package/lib/python3.10/site-packages:${PYTHONPATH} /usr/bin/cmake --build /home/nick/Robotics_Projects/furuta1/build/ament_cmake_export_targets -- -j16 -l16
[0.401s] Invoked command in '/home/nick/Robotics_Projects/furuta1/build/ament_cmake_export_targets' returned '0': AMENT_PREFIX_PATH=/home/nick/Robotics_Projects/furuta1/install/ament_cmake_export_libraries:/home/nick/Robotics_Projects/furuta1/install/ament_cmake_core:/home/nick/Robotics_Projects/furuta1/install/ament_package:${AMENT_PREFIX_PATH} CMAKE_PREFIX_PATH=/home/nick/Robotics_Projects/furuta1/install/ament_cmake_export_libraries:/home/nick/Robotics_Projects/furuta1/install/ament_cmake_core:/opt/ros/humble PYTHONPATH=/home/nick/Robotics_Projects/furuta1/build/ament_package:/home/nick/Robotics_Projects/furuta1/install/ament_package/lib/python3.10/site-packages:${PYTHONPATH} /usr/bin/cmake --build /home/nick/Robotics_Projects/furuta1/build/ament_cmake_export_targets -- -j16 -l16
[0.414s] Invoking command in '/home/nick/Robotics_Projects/furuta1/build/ament_cmake_export_targets': AMENT_PREFIX_PATH=/home/nick/Robotics_Projects/furuta1/install/ament_cmake_export_libraries:/home/nick/Robotics_Projects/furuta1/install/ament_cmake_core:/home/nick/Robotics_Projects/furuta1/install/ament_package:${AMENT_PREFIX_PATH} CMAKE_PREFIX_PATH=/home/nick/Robotics_Projects/furuta1/install/ament_cmake_export_libraries:/home/nick/Robotics_Projects/furuta1/install/ament_cmake_core:/opt/ros/humble PYTHONPATH=/home/nick/Robotics_Projects/furuta1/build/ament_package:/home/nick/Robotics_Projects/furuta1/install/ament_package/lib/python3.10/site-packages:${PYTHONPATH} /usr/bin/cmake --install /home/nick/Robotics_Projects/furuta1/build/ament_cmake_export_targets
[0.418s] -- Install configuration: ""
[0.419s] -- Execute custom install script
[0.419s] -- Symlinking: /home/nick/Robotics_Projects/furuta1/install/ament_cmake_export_targets/share/ament_index/resource_index/package_run_dependencies/ament_cmake_export_targets
[0.424s] -- Symlinking: /home/nick/Robotics_Projects/furuta1/install/ament_cmake_export_targets/share/ament_index/resource_index/parent_prefix_path/ament_cmake_export_targets
[0.430s] -- Symlinking: /home/nick/Robotics_Projects/furuta1/install/ament_cmake_export_targets/share/ament_cmake_export_targets/environment/ament_prefix_path.sh
[0.436s] -- Symlinking: /home/nick/Robotics_Projects/furuta1/install/ament_cmake_export_targets/share/ament_cmake_export_targets/environment/ament_prefix_path.dsv
[0.441s] -- Symlinking: /home/nick/Robotics_Projects/furuta1/install/ament_cmake_export_targets/share/ament_cmake_export_targets/environment/path.sh
[0.447s] -- Symlinking: /home/nick/Robotics_Projects/furuta1/install/ament_cmake_export_targets/share/ament_cmake_export_targets/environment/path.dsv
[0.452s] -- Symlinking: /home/nick/Robotics_Projects/furuta1/install/ament_cmake_export_targets/share/ament_cmake_export_targets/local_setup.bash
[0.458s] -- Symlinking: /home/nick/Robotics_Projects/furuta1/install/ament_cmake_export_targets/share/ament_cmake_export_targets/local_setup.sh
[0.463s] -- Symlinking: /home/nick/Robotics_Projects/furuta1/install/ament_cmake_export_targets/share/ament_cmake_export_targets/local_setup.zsh
[0.469s] -- Symlinking: /home/nick/Robotics_Projects/furuta1/install/ament_cmake_export_targets/share/ament_cmake_export_targets/local_setup.dsv
[0.475s] -- Symlinking: /home/nick/Robotics_Projects/furuta1/install/ament_cmake_export_targets/share/ament_cmake_export_targets/package.dsv
[0.481s] -- Symlinking: /home/nick/Robotics_Projects/furuta1/install/ament_cmake_export_targets/share/ament_index/resource_index/packages/ament_cmake_export_targets
[0.487s] -- Symlinking: /home/nick/Robotics_Projects/furuta1/install/ament_cmake_export_targets/share/ament_cmake_export_targets/cmake/ament_cmake_export_targets-extras.cmake
[0.492s] -- Symlinking: /home/nick/Robotics_Projects/furuta1/install/ament_cmake_export_targets/share/ament_cmake_export_targets/cmake/ament_cmake_export_targetsConfig.cmake
[0.498s] -- Symlinking: /home/nick/Robotics_Projects/furuta1/install/ament_cmake_export_targets/share/ament_cmake_export_targets/cmake/ament_cmake_export_targetsConfig-version.cmake
[0.503s] -- Symlinking: /home/nick/Robotics_Projects/furuta1/install/ament_cmake_export_targets/share/ament_cmake_export_targets/package.xml
[0.513s] -- Symlinking: /home/nick/Robotics_Projects/furuta1/install/ament_cmake_export_targets/share/ament_cmake_export_targets/cmake/ament_cmake_export_targets-extras.cmake.in
[0.514s] -- Symlinking: /home/nick/Robotics_Projects/furuta1/install/ament_cmake_export_targets/share/ament_cmake_export_targets/cmake/ament_cmake_export_targets_package_hook.cmake
[0.523s] -- Symlinking: /home/nick/Robotics_Projects/furuta1/install/ament_cmake_export_targets/share/ament_cmake_export_targets/cmake/ament_export_targets.cmake
[0.527s] Invoked command in '/home/nick/Robotics_Projects/furuta1/build/ament_cmake_export_targets' returned '0': AMENT_PREFIX_PATH=/home/nick/Robotics_Projects/furuta1/install/ament_cmake_export_libraries:/home/nick/Robotics_Projects/furuta1/install/ament_cmake_core:/home/nick/Robotics_Projects/furuta1/install/ament_package:${AMENT_PREFIX_PATH} CMAKE_PREFIX_PATH=/home/nick/Robotics_Projects/furuta1/install/ament_cmake_export_libraries:/home/nick/Robotics_Projects/furuta1/install/ament_cmake_core:/opt/ros/humble PYTHONPATH=/home/nick/Robotics_Projects/furuta1/build/ament_package:/home/nick/Robotics_Projects/furuta1/install/ament_package/lib/python3.10/site-packages:${PYTHONPATH} /usr/bin/cmake --install /home/nick/Robotics_Projects/furuta1/build/ament_cmake_export_targets
