[3.355s] Invoking command in '/home/nick/Robotics_Projects/furuta1/build/ament_xmllint': AMENT_PREFIX_PATH=/home/nick/Robotics_Projects/furuta1/install/ament_copyright:/home/nick/Robotics_Projects/furuta1/install/ament_pep257:/home/nick/Robotics_Projects/furuta1/install/ament_flake8:/home/nick/Robotics_Projects/furuta1/install/ament_lint:${AMENT_PREFIX_PATH} PATH=/home/nick/Robotics_Projects/furuta1/install/ament_copyright/bin:/home/nick/Robotics_Projects/furuta1/install/ament_pep257/bin:/home/nick/Robotics_Projects/furuta1/install/ament_flake8/bin:${PATH} PYTHONPATH=/home/nick/Robotics_Projects/furuta1/build/ament_xmllint/prefix_override:/home/nick/Robotics_Projects/furuta1/install/ament_xmllint/lib/python3.10/site-packages:/home/nick/Robotics_Projects/furuta1/build/ament_copyright:/home/nick/Robotics_Projects/furuta1/install/ament_copyright/lib/python3.10/site-packages:/home/nick/Robotics_Projects/furuta1/build/ament_pep257:/home/nick/Robotics_Projects/furuta1/install/ament_pep257/lib/python3.10/site-packages:/home/nick/Robotics_Projects/furuta1/build/ament_flake8:/home/nick/Robotics_Projects/furuta1/install/ament_flake8/lib/python3.10/site-packages:/home/nick/Robotics_Projects/furuta1/build/ament_lint:/home/nick/Robotics_Projects/furuta1/install/ament_lint/lib/python3.10/site-packages:${PYTHONPATH} /usr/bin/python3 -W ignore:setup.py install is deprecated setup.py develop --editable --build-directory /home/nick/Robotics_Projects/furuta1/build/ament_xmllint/build --no-deps symlink_data
[3.669s] running develop
[3.674s] /home/nick/.local/lib/python3.10/site-packages/setuptools/command/develop.py:39: EasyInstallDeprecationWarning: easy_install command is deprecated.
[3.674s] !!
[3.674s] 
[3.674s]         ********************************************************************************
[3.674s]         Please avoid running ``setup.py`` and ``easy_install``.
[3.675s]         Instead, use pypa/build, pypa/installer or other
[3.675s]         standards-based tools.
[3.675s] 
[3.675s]         See https://github.com/pypa/setuptools/issues/917 for details.
[3.675s]         ********************************************************************************
[3.675s] 
[3.675s] !!
[3.675s]   easy_install.initialize_options(self)
[3.791s] running egg_info
[3.791s] creating ament_xmllint.egg-info
[3.800s] writing ament_xmllint.egg-info/PKG-INFO
[3.800s] writing dependency_links to ament_xmllint.egg-info/dependency_links.txt
[3.801s] writing entry points to ament_xmllint.egg-info/entry_points.txt
[3.801s] writing requirements to ament_xmllint.egg-info/requires.txt
[3.801s] writing top-level names to ament_xmllint.egg-info/top_level.txt
[3.801s] writing manifest file 'ament_xmllint.egg-info/SOURCES.txt'
[3.822s] reading manifest file 'ament_xmllint.egg-info/SOURCES.txt'
[3.823s] writing manifest file 'ament_xmllint.egg-info/SOURCES.txt'
[3.833s] running build_ext
[3.834s] Creating /home/nick/Robotics_Projects/furuta1/install/ament_xmllint/lib/python3.10/site-packages/ament_xmllint.egg-link (link to .)
[3.834s] Installing ament_xmllint script to /home/nick/Robotics_Projects/furuta1/install/ament_xmllint/bin
[3.834s] 
[3.835s] Installed /home/nick/Robotics_Projects/furuta1/build/ament_xmllint
[3.835s] running symlink_data
[3.835s] symbolically linking /home/nick/Robotics_Projects/furuta1/build/ament_xmllint/package.xml -> /home/nick/Robotics_Projects/furuta1/install/ament_xmllint/share/ament_xmllint
[3.835s] creating /home/nick/Robotics_Projects/furuta1/install/ament_xmllint/share/ament_index
[3.835s] creating /home/nick/Robotics_Projects/furuta1/install/ament_xmllint/share/ament_index/resource_index
[3.835s] creating /home/nick/Robotics_Projects/furuta1/install/ament_xmllint/share/ament_index/resource_index/packages
[3.835s] symbolically linking /home/nick/Robotics_Projects/furuta1/build/ament_xmllint/resource/ament_xmllint -> /home/nick/Robotics_Projects/furuta1/install/ament_xmllint/share/ament_index/resource_index/packages
[4.030s] Invoked command in '/home/nick/Robotics_Projects/furuta1/build/ament_xmllint' returned '0': AMENT_PREFIX_PATH=/home/nick/Robotics_Projects/furuta1/install/ament_copyright:/home/nick/Robotics_Projects/furuta1/install/ament_pep257:/home/nick/Robotics_Projects/furuta1/install/ament_flake8:/home/nick/Robotics_Projects/furuta1/install/ament_lint:${AMENT_PREFIX_PATH} PATH=/home/nick/Robotics_Projects/furuta1/install/ament_copyright/bin:/home/nick/Robotics_Projects/furuta1/install/ament_pep257/bin:/home/nick/Robotics_Projects/furuta1/install/ament_flake8/bin:${PATH} PYTHONPATH=/home/nick/Robotics_Projects/furuta1/build/ament_xmllint/prefix_override:/home/nick/Robotics_Projects/furuta1/install/ament_xmllint/lib/python3.10/site-packages:/home/nick/Robotics_Projects/furuta1/build/ament_copyright:/home/nick/Robotics_Projects/furuta1/install/ament_copyright/lib/python3.10/site-packages:/home/nick/Robotics_Projects/furuta1/build/ament_pep257:/home/nick/Robotics_Projects/furuta1/install/ament_pep257/lib/python3.10/site-packages:/home/nick/Robotics_Projects/furuta1/build/ament_flake8:/home/nick/Robotics_Projects/furuta1/install/ament_flake8/lib/python3.10/site-packages:/home/nick/Robotics_Projects/furuta1/build/ament_lint:/home/nick/Robotics_Projects/furuta1/install/ament_lint/lib/python3.10/site-packages:${PYTHONPATH} /usr/bin/python3 -W ignore:setup.py install is deprecated setup.py develop --editable --build-directory /home/nick/Robotics_Projects/furuta1/build/ament_xmllint/build --no-deps symlink_data
