[0.012s] Invoking command in '/home/nick/Robotics_Projects/furuta1/build/ament_lint_auto': AMENT_PREFIX_PATH=/home/nick/Robotics_Projects/furuta1/install/ament_cmake_test:/home/nick/Robotics_Projects/furuta1/install/ament_cmake_core:/home/nick/Robotics_Projects/furuta1/install/ament_package CMAKE_PREFIX_PATH=/home/nick/Robotics_Projects/furuta1/install/ament_cmake_test:/home/nick/Robotics_Projects/furuta1/install/ament_cmake_core PYTHONPATH=/home/nick/Robotics_Projects/furuta1/install/ament_cmake_test/local/lib/python3.10/dist-packages:/home/nick/Robotics_Projects/furuta1/build/ament_package:/home/nick/Robotics_Projects/furuta1/install/ament_package/lib/python3.10/site-packages /usr/bin/cmake --build /home/nick/Robotics_Projects/furuta1/build/ament_lint_auto -- -j16 -l16
[0.039s] Invoked command in '/home/nick/Robotics_Projects/furuta1/build/ament_lint_auto' returned '0': AMENT_PREFIX_PATH=/home/nick/Robotics_Projects/furuta1/install/ament_cmake_test:/home/nick/Robotics_Projects/furuta1/install/ament_cmake_core:/home/nick/Robotics_Projects/furuta1/install/ament_package CMAKE_PREFIX_PATH=/home/nick/Robotics_Projects/furuta1/install/ament_cmake_test:/home/nick/Robotics_Projects/furuta1/install/ament_cmake_core PYTHONPATH=/home/nick/Robotics_Projects/furuta1/install/ament_cmake_test/local/lib/python3.10/dist-packages:/home/nick/Robotics_Projects/furuta1/build/ament_package:/home/nick/Robotics_Projects/furuta1/install/ament_package/lib/python3.10/site-packages /usr/bin/cmake --build /home/nick/Robotics_Projects/furuta1/build/ament_lint_auto -- -j16 -l16
[0.054s] Invoking command in '/home/nick/Robotics_Projects/furuta1/build/ament_lint_auto': AMENT_PREFIX_PATH=/home/nick/Robotics_Projects/furuta1/install/ament_cmake_test:/home/nick/Robotics_Projects/furuta1/install/ament_cmake_core:/home/nick/Robotics_Projects/furuta1/install/ament_package CMAKE_PREFIX_PATH=/home/nick/Robotics_Projects/furuta1/install/ament_cmake_test:/home/nick/Robotics_Projects/furuta1/install/ament_cmake_core PYTHONPATH=/home/nick/Robotics_Projects/furuta1/install/ament_cmake_test/local/lib/python3.10/dist-packages:/home/nick/Robotics_Projects/furuta1/build/ament_package:/home/nick/Robotics_Projects/furuta1/install/ament_package/lib/python3.10/site-packages /usr/bin/cmake --install /home/nick/Robotics_Projects/furuta1/build/ament_lint_auto
[0.058s] -- Install configuration: ""
[0.059s] -- Execute custom install script
[0.059s] -- Up-to-date symlink: /home/nick/Robotics_Projects/furuta1/install/ament_lint_auto/share/ament_index/resource_index/package_run_dependencies/ament_lint_auto
[0.059s] -- Up-to-date symlink: /home/nick/Robotics_Projects/furuta1/install/ament_lint_auto/share/ament_index/resource_index/parent_prefix_path/ament_lint_auto
[0.059s] -- Up-to-date symlink: /home/nick/Robotics_Projects/furuta1/install/ament_lint_auto/share/ament_lint_auto/environment/ament_prefix_path.sh
[0.060s] -- Up-to-date symlink: /home/nick/Robotics_Projects/furuta1/install/ament_lint_auto/share/ament_lint_auto/environment/ament_prefix_path.dsv
[0.060s] -- Up-to-date symlink: /home/nick/Robotics_Projects/furuta1/install/ament_lint_auto/share/ament_lint_auto/environment/path.sh
[0.060s] -- Up-to-date symlink: /home/nick/Robotics_Projects/furuta1/install/ament_lint_auto/share/ament_lint_auto/environment/path.dsv
[0.060s] -- Up-to-date symlink: /home/nick/Robotics_Projects/furuta1/install/ament_lint_auto/share/ament_lint_auto/local_setup.bash
[0.060s] -- Up-to-date symlink: /home/nick/Robotics_Projects/furuta1/install/ament_lint_auto/share/ament_lint_auto/local_setup.sh
[0.060s] -- Up-to-date symlink: /home/nick/Robotics_Projects/furuta1/install/ament_lint_auto/share/ament_lint_auto/local_setup.zsh
[0.060s] -- Up-to-date symlink: /home/nick/Robotics_Projects/furuta1/install/ament_lint_auto/share/ament_lint_auto/local_setup.dsv
[0.060s] -- Symlinking: /home/nick/Robotics_Projects/furuta1/install/ament_lint_auto/share/ament_lint_auto/package.dsv
[0.068s] -- Up-to-date symlink: /home/nick/Robotics_Projects/furuta1/install/ament_lint_auto/share/ament_index/resource_index/packages/ament_lint_auto
[0.068s] -- Up-to-date symlink: /home/nick/Robotics_Projects/furuta1/install/ament_lint_auto/share/ament_lint_auto/cmake/ament_lint_auto-extras.cmake
[0.068s] -- Up-to-date symlink: /home/nick/Robotics_Projects/furuta1/install/ament_lint_auto/share/ament_lint_auto/cmake/ament_lint_autoConfig.cmake
[0.068s] -- Up-to-date symlink: /home/nick/Robotics_Projects/furuta1/install/ament_lint_auto/share/ament_lint_auto/cmake/ament_lint_autoConfig-version.cmake
[0.068s] -- Up-to-date symlink: /home/nick/Robotics_Projects/furuta1/install/ament_lint_auto/share/ament_lint_auto/package.xml
[0.068s] -- Up-to-date symlink: /home/nick/Robotics_Projects/furuta1/install/ament_lint_auto/share/ament_lint_auto/cmake/ament_lint_auto_find_test_dependencies.cmake
[0.068s] -- Up-to-date symlink: /home/nick/Robotics_Projects/furuta1/install/ament_lint_auto/share/ament_lint_auto/cmake/ament_lint_auto_package_hook.cmake
[0.079s] Invoked command in '/home/nick/Robotics_Projects/furuta1/build/ament_lint_auto' returned '0': AMENT_PREFIX_PATH=/home/nick/Robotics_Projects/furuta1/install/ament_cmake_test:/home/nick/Robotics_Projects/furuta1/install/ament_cmake_core:/home/nick/Robotics_Projects/furuta1/install/ament_package CMAKE_PREFIX_PATH=/home/nick/Robotics_Projects/furuta1/install/ament_cmake_test:/home/nick/Robotics_Projects/furuta1/install/ament_cmake_core PYTHONPATH=/home/nick/Robotics_Projects/furuta1/install/ament_cmake_test/local/lib/python3.10/dist-packages:/home/nick/Robotics_Projects/furuta1/build/ament_package:/home/nick/Robotics_Projects/furuta1/install/ament_package/lib/python3.10/site-packages /usr/bin/cmake --install /home/nick/Robotics_Projects/furuta1/build/ament_lint_auto
