[0.016s] Invoking command in '/home/nick/Robotics_Projects/furuta1/build/ament_cmake_nose': AMENT_PREFIX_PATH=/home/nick/Robotics_Projects/furuta1/install/ament_cmake_test:/home/nick/Robotics_Projects/furuta1/install/ament_cmake_core:/home/nick/Robotics_Projects/furuta1/install/ament_package:${AMENT_PREFIX_PATH} CMAKE_PREFIX_PATH=/home/nick/Robotics_Projects/furuta1/install/ament_cmake_test:/home/nick/Robotics_Projects/furuta1/install/ament_cmake_core:/opt/ros/humble PYTHONPATH=/home/nick/Robotics_Projects/furuta1/install/ament_cmake_test/local/lib/python3.10/dist-packages:/home/nick/Robotics_Projects/furuta1/build/ament_package:/home/nick/Robotics_Projects/furuta1/install/ament_package/lib/python3.10/site-packages:${PYTHONPATH} /usr/bin/cmake /home/nick/Robotics_Projects/furuta1/src/ament/ament_cmake/ament_cmake_nose -DAMENT_CMAKE_SYMLINK_INSTALL=1 -DCMAKE_INSTALL_PREFIX=/home/nick/Robotics_Projects/furuta1/install/ament_cmake_nose
[0.076s] -- Found ament_cmake_core: 1.3.8 (/home/nick/Robotics_Projects/furuta1/install/ament_cmake_core/share/ament_cmake_core/cmake)
[0.696s] -- Found Python3: /usr/bin/python3 (found version "3.10.12") found components: Interpreter 
[0.762s] -- Override CMake install command with custom implementation using symlinks instead of copying resources
[0.823s] -- Configuring done
[0.825s] -- Generating done
[0.826s] -- Build files have been written to: /home/nick/Robotics_Projects/furuta1/build/ament_cmake_nose
[2.984s] Invoked command in '/home/nick/Robotics_Projects/furuta1/build/ament_cmake_nose' returned '0': AMENT_PREFIX_PATH=/home/nick/Robotics_Projects/furuta1/install/ament_cmake_test:/home/nick/Robotics_Projects/furuta1/install/ament_cmake_core:/home/nick/Robotics_Projects/furuta1/install/ament_package:${AMENT_PREFIX_PATH} CMAKE_PREFIX_PATH=/home/nick/Robotics_Projects/furuta1/install/ament_cmake_test:/home/nick/Robotics_Projects/furuta1/install/ament_cmake_core:/opt/ros/humble PYTHONPATH=/home/nick/Robotics_Projects/furuta1/install/ament_cmake_test/local/lib/python3.10/dist-packages:/home/nick/Robotics_Projects/furuta1/build/ament_package:/home/nick/Robotics_Projects/furuta1/install/ament_package/lib/python3.10/site-packages:${PYTHONPATH} /usr/bin/cmake /home/nick/Robotics_Projects/furuta1/src/ament/ament_cmake/ament_cmake_nose -DAMENT_CMAKE_SYMLINK_INSTALL=1 -DCMAKE_INSTALL_PREFIX=/home/nick/Robotics_Projects/furuta1/install/ament_cmake_nose
[2.984s] Invoking command in '/home/nick/Robotics_Projects/furuta1/build/ament_cmake_nose': AMENT_PREFIX_PATH=/home/nick/Robotics_Projects/furuta1/install/ament_cmake_test:/home/nick/Robotics_Projects/furuta1/install/ament_cmake_core:/home/nick/Robotics_Projects/furuta1/install/ament_package:${AMENT_PREFIX_PATH} CMAKE_PREFIX_PATH=/home/nick/Robotics_Projects/furuta1/install/ament_cmake_test:/home/nick/Robotics_Projects/furuta1/install/ament_cmake_core:/opt/ros/humble PYTHONPATH=/home/nick/Robotics_Projects/furuta1/install/ament_cmake_test/local/lib/python3.10/dist-packages:/home/nick/Robotics_Projects/furuta1/build/ament_package:/home/nick/Robotics_Projects/furuta1/install/ament_package/lib/python3.10/site-packages:${PYTHONPATH} /usr/bin/cmake --build /home/nick/Robotics_Projects/furuta1/build/ament_cmake_nose -- -j16 -l16
[3.201s] Invoked command in '/home/nick/Robotics_Projects/furuta1/build/ament_cmake_nose' returned '0': AMENT_PREFIX_PATH=/home/nick/Robotics_Projects/furuta1/install/ament_cmake_test:/home/nick/Robotics_Projects/furuta1/install/ament_cmake_core:/home/nick/Robotics_Projects/furuta1/install/ament_package:${AMENT_PREFIX_PATH} CMAKE_PREFIX_PATH=/home/nick/Robotics_Projects/furuta1/install/ament_cmake_test:/home/nick/Robotics_Projects/furuta1/install/ament_cmake_core:/opt/ros/humble PYTHONPATH=/home/nick/Robotics_Projects/furuta1/install/ament_cmake_test/local/lib/python3.10/dist-packages:/home/nick/Robotics_Projects/furuta1/build/ament_package:/home/nick/Robotics_Projects/furuta1/install/ament_package/lib/python3.10/site-packages:${PYTHONPATH} /usr/bin/cmake --build /home/nick/Robotics_Projects/furuta1/build/ament_cmake_nose -- -j16 -l16
[3.362s] Invoking command in '/home/nick/Robotics_Projects/furuta1/build/ament_cmake_nose': AMENT_PREFIX_PATH=/home/nick/Robotics_Projects/furuta1/install/ament_cmake_test:/home/nick/Robotics_Projects/furuta1/install/ament_cmake_core:/home/nick/Robotics_Projects/furuta1/install/ament_package:${AMENT_PREFIX_PATH} CMAKE_PREFIX_PATH=/home/nick/Robotics_Projects/furuta1/install/ament_cmake_test:/home/nick/Robotics_Projects/furuta1/install/ament_cmake_core:/opt/ros/humble PYTHONPATH=/home/nick/Robotics_Projects/furuta1/install/ament_cmake_test/local/lib/python3.10/dist-packages:/home/nick/Robotics_Projects/furuta1/build/ament_package:/home/nick/Robotics_Projects/furuta1/install/ament_package/lib/python3.10/site-packages:${PYTHONPATH} /usr/bin/cmake --install /home/nick/Robotics_Projects/furuta1/build/ament_cmake_nose
[3.374s] -- Install configuration: ""
[3.388s] -- Execute custom install script
[3.389s] -- Symlinking: /home/nick/Robotics_Projects/furuta1/install/ament_cmake_nose/share/ament_index/resource_index/package_run_dependencies/ament_cmake_nose
[3.400s] -- Symlinking: /home/nick/Robotics_Projects/furuta1/install/ament_cmake_nose/share/ament_index/resource_index/parent_prefix_path/ament_cmake_nose
[3.425s] -- Symlinking: /home/nick/Robotics_Projects/furuta1/install/ament_cmake_nose/share/ament_cmake_nose/environment/ament_prefix_path.sh
[3.457s] -- Symlinking: /home/nick/Robotics_Projects/furuta1/install/ament_cmake_nose/share/ament_cmake_nose/environment/ament_prefix_path.dsv
[3.483s] -- Symlinking: /home/nick/Robotics_Projects/furuta1/install/ament_cmake_nose/share/ament_cmake_nose/environment/path.sh
[3.510s] -- Symlinking: /home/nick/Robotics_Projects/furuta1/install/ament_cmake_nose/share/ament_cmake_nose/environment/path.dsv
[3.535s] -- Symlinking: /home/nick/Robotics_Projects/furuta1/install/ament_cmake_nose/share/ament_cmake_nose/local_setup.bash
[3.566s] -- Symlinking: /home/nick/Robotics_Projects/furuta1/install/ament_cmake_nose/share/ament_cmake_nose/local_setup.sh
[3.586s] -- Symlinking: /home/nick/Robotics_Projects/furuta1/install/ament_cmake_nose/share/ament_cmake_nose/local_setup.zsh
[3.602s] -- Symlinking: /home/nick/Robotics_Projects/furuta1/install/ament_cmake_nose/share/ament_cmake_nose/local_setup.dsv
[3.624s] -- Symlinking: /home/nick/Robotics_Projects/furuta1/install/ament_cmake_nose/share/ament_cmake_nose/package.dsv
[3.652s] -- Symlinking: /home/nick/Robotics_Projects/furuta1/install/ament_cmake_nose/share/ament_index/resource_index/packages/ament_cmake_nose
[3.661s] -- Symlinking: /home/nick/Robotics_Projects/furuta1/install/ament_cmake_nose/share/ament_cmake_nose/cmake/ament_cmake_nose-extras.cmake
[3.670s] -- Symlinking: /home/nick/Robotics_Projects/furuta1/install/ament_cmake_nose/share/ament_cmake_nose/cmake/ament_cmake_noseConfig.cmake
[3.682s] -- Symlinking: /home/nick/Robotics_Projects/furuta1/install/ament_cmake_nose/share/ament_cmake_nose/cmake/ament_cmake_noseConfig-version.cmake
[3.699s] -- Symlinking: /home/nick/Robotics_Projects/furuta1/install/ament_cmake_nose/share/ament_cmake_nose/package.xml
[3.707s] -- Symlinking: /home/nick/Robotics_Projects/furuta1/install/ament_cmake_nose/share/ament_cmake_nose/cmake/ament_add_nose_test.cmake
[3.718s] -- Symlinking: /home/nick/Robotics_Projects/furuta1/install/ament_cmake_nose/share/ament_cmake_nose/cmake/ament_find_nosetests.cmake
[3.736s] Invoked command in '/home/nick/Robotics_Projects/furuta1/build/ament_cmake_nose' returned '0': AMENT_PREFIX_PATH=/home/nick/Robotics_Projects/furuta1/install/ament_cmake_test:/home/nick/Robotics_Projects/furuta1/install/ament_cmake_core:/home/nick/Robotics_Projects/furuta1/install/ament_package:${AMENT_PREFIX_PATH} CMAKE_PREFIX_PATH=/home/nick/Robotics_Projects/furuta1/install/ament_cmake_test:/home/nick/Robotics_Projects/furuta1/install/ament_cmake_core:/opt/ros/humble PYTHONPATH=/home/nick/Robotics_Projects/furuta1/install/ament_cmake_test/local/lib/python3.10/dist-packages:/home/nick/Robotics_Projects/furuta1/build/ament_package:/home/nick/Robotics_Projects/furuta1/install/ament_package/lib/python3.10/site-packages:${PYTHONPATH} /usr/bin/cmake --install /home/nick/Robotics_Projects/furuta1/build/ament_cmake_nose
