[3.474s] Invoking command in '/home/nick/Robotics_Projects/furuta1/build/ament_clang_tidy': AMENT_PREFIX_PATH=/home/nick/Robotics_Projects/furuta1/install/ament_copyright:/home/nick/Robotics_Projects/furuta1/install/ament_pep257:/home/nick/Robotics_Projects/furuta1/install/ament_flake8:/home/nick/Robotics_Projects/furuta1/install/ament_lint:${AMENT_PREFIX_PATH} PATH=/home/nick/Robotics_Projects/furuta1/install/ament_copyright/bin:/home/nick/Robotics_Projects/furuta1/install/ament_pep257/bin:/home/nick/Robotics_Projects/furuta1/install/ament_flake8/bin:${PATH} PYTHONPATH=/home/nick/Robotics_Projects/furuta1/build/ament_clang_tidy/prefix_override:/home/nick/Robotics_Projects/furuta1/install/ament_clang_tidy/lib/python3.10/site-packages:/home/nick/Robotics_Projects/furuta1/build/ament_copyright:/home/nick/Robotics_Projects/furuta1/install/ament_copyright/lib/python3.10/site-packages:/home/nick/Robotics_Projects/furuta1/build/ament_pep257:/home/nick/Robotics_Projects/furuta1/install/ament_pep257/lib/python3.10/site-packages:/home/nick/Robotics_Projects/furuta1/build/ament_flake8:/home/nick/Robotics_Projects/furuta1/install/ament_flake8/lib/python3.10/site-packages:/home/nick/Robotics_Projects/furuta1/build/ament_lint:/home/nick/Robotics_Projects/furuta1/install/ament_lint/lib/python3.10/site-packages:${PYTHONPATH} /usr/bin/python3 -W ignore:setup.py install is deprecated setup.py develop --editable --build-directory /home/nick/Robotics_Projects/furuta1/build/ament_clang_tidy/build --no-deps symlink_data
[3.758s] /home/nick/.local/lib/python3.10/site-packages/setuptools/command/develop.py:39: EasyInstallDeprecationWarning: easy_install command is deprecated.
[3.758s] !!
[3.758s] 
[3.758s]         ********************************************************************************
[3.758s]         Please avoid running ``setup.py`` and ``easy_install``.
[3.758s]         Instead, use pypa/build, pypa/installer or other
[3.758s]         standards-based tools.
[3.758s] 
[3.758s]         See https://github.com/pypa/setuptools/issues/917 for details.
[3.758s]         ********************************************************************************
[3.758s] 
[3.758s] !!
[3.758s]   easy_install.initialize_options(self)
[3.758s] running develop
[3.905s] running egg_info
[3.905s] creating ament_clang_tidy.egg-info
[3.915s] writing ament_clang_tidy.egg-info/PKG-INFO
[3.915s] writing dependency_links to ament_clang_tidy.egg-info/dependency_links.txt
[3.915s] writing entry points to ament_clang_tidy.egg-info/entry_points.txt
[3.916s] writing requirements to ament_clang_tidy.egg-info/requires.txt
[3.916s] writing top-level names to ament_clang_tidy.egg-info/top_level.txt
[3.916s] writing manifest file 'ament_clang_tidy.egg-info/SOURCES.txt'
[3.937s] reading manifest file 'ament_clang_tidy.egg-info/SOURCES.txt'
[3.937s] writing manifest file 'ament_clang_tidy.egg-info/SOURCES.txt'
[3.947s] running build_ext
[3.947s] Creating /home/nick/Robotics_Projects/furuta1/install/ament_clang_tidy/lib/python3.10/site-packages/ament_clang_tidy.egg-link (link to .)
[3.948s] Installing ament_clang_tidy script to /home/nick/Robotics_Projects/furuta1/install/ament_clang_tidy/bin
[3.948s] 
[3.948s] Installed /home/nick/Robotics_Projects/furuta1/build/ament_clang_tidy
[3.948s] running symlink_data
[3.948s] symbolically linking /home/nick/Robotics_Projects/furuta1/build/ament_clang_tidy/package.xml -> /home/nick/Robotics_Projects/furuta1/install/ament_clang_tidy/share/ament_clang_tidy
[3.948s] creating /home/nick/Robotics_Projects/furuta1/install/ament_clang_tidy/share/ament_index
[3.948s] creating /home/nick/Robotics_Projects/furuta1/install/ament_clang_tidy/share/ament_index/resource_index
[3.948s] creating /home/nick/Robotics_Projects/furuta1/install/ament_clang_tidy/share/ament_index/resource_index/packages
[3.948s] symbolically linking /home/nick/Robotics_Projects/furuta1/build/ament_clang_tidy/resource/ament_clang_tidy -> /home/nick/Robotics_Projects/furuta1/install/ament_clang_tidy/share/ament_index/resource_index/packages
[4.021s] Invoked command in '/home/nick/Robotics_Projects/furuta1/build/ament_clang_tidy' returned '0': AMENT_PREFIX_PATH=/home/nick/Robotics_Projects/furuta1/install/ament_copyright:/home/nick/Robotics_Projects/furuta1/install/ament_pep257:/home/nick/Robotics_Projects/furuta1/install/ament_flake8:/home/nick/Robotics_Projects/furuta1/install/ament_lint:${AMENT_PREFIX_PATH} PATH=/home/nick/Robotics_Projects/furuta1/install/ament_copyright/bin:/home/nick/Robotics_Projects/furuta1/install/ament_pep257/bin:/home/nick/Robotics_Projects/furuta1/install/ament_flake8/bin:${PATH} PYTHONPATH=/home/nick/Robotics_Projects/furuta1/build/ament_clang_tidy/prefix_override:/home/nick/Robotics_Projects/furuta1/install/ament_clang_tidy/lib/python3.10/site-packages:/home/nick/Robotics_Projects/furuta1/build/ament_copyright:/home/nick/Robotics_Projects/furuta1/install/ament_copyright/lib/python3.10/site-packages:/home/nick/Robotics_Projects/furuta1/build/ament_pep257:/home/nick/Robotics_Projects/furuta1/install/ament_pep257/lib/python3.10/site-packages:/home/nick/Robotics_Projects/furuta1/build/ament_flake8:/home/nick/Robotics_Projects/furuta1/install/ament_flake8/lib/python3.10/site-packages:/home/nick/Robotics_Projects/furuta1/build/ament_lint:/home/nick/Robotics_Projects/furuta1/install/ament_lint/lib/python3.10/site-packages:${PYTHONPATH} /usr/bin/python3 -W ignore:setup.py install is deprecated setup.py develop --editable --build-directory /home/nick/Robotics_Projects/furuta1/build/ament_clang_tidy/build --no-deps symlink_data
