running develop
/home/nick/.local/lib/python3.10/site-packages/setuptools/command/develop.py:39: EasyInstallDeprecationWarning: easy_install command is deprecated.
!!

        ********************************************************************************
        Please avoid running ``setup.py`` and ``easy_install``.
        Instead, use pypa/build, pypa/installer or other
        standards-based tools.

        See https://github.com/pypa/setuptools/issues/917 for details.
        ********************************************************************************

!!
  easy_install.initialize_options(self)
running egg_info
creating ament_lint_cmake.egg-info
writing ament_lint_cmake.egg-info/PKG-INFO
writing dependency_links to ament_lint_cmake.egg-info/dependency_links.txt
writing entry points to ament_lint_cmake.egg-info/entry_points.txt
writing requirements to ament_lint_cmake.egg-info/requires.txt
writing top-level names to ament_lint_cmake.egg-info/top_level.txt
writing manifest file 'ament_lint_cmake.egg-info/SOURCES.txt'
reading manifest file 'ament_lint_cmake.egg-info/SOURCES.txt'
writing manifest file 'ament_lint_cmake.egg-info/SOURCES.txt'
running build_ext
Creating /home/nick/Robotics_Projects/furuta1/install/ament_lint_cmake/lib/python3.10/site-packages/ament_lint_cmake.egg-link (link to .)
Installing ament_lint_cmake script to /home/nick/Robotics_Projects/furuta1/install/ament_lint_cmake/bin

Installed /home/nick/Robotics_Projects/furuta1/build/ament_lint_cmake
running symlink_data
symbolically linking /home/nick/Robotics_Projects/furuta1/build/ament_lint_cmake/package.xml -> /home/nick/Robotics_Projects/furuta1/install/ament_lint_cmake/share/ament_lint_cmake
creating /home/nick/Robotics_Projects/furuta1/install/ament_lint_cmake/share/ament_index
creating /home/nick/Robotics_Projects/furuta1/install/ament_lint_cmake/share/ament_index/resource_index
creating /home/nick/Robotics_Projects/furuta1/install/ament_lint_cmake/share/ament_index/resource_index/packages
symbolically linking /home/nick/Robotics_Projects/furuta1/build/ament_lint_cmake/resource/ament_lint_cmake -> /home/nick/Robotics_Projects/furuta1/install/ament_lint_cmake/share/ament_index/resource_index/packages
