[3.459s] Invoking command in '/home/nick/Robotics_Projects/furuta1/build/ament_lint_cmake': AMENT_PREFIX_PATH=/home/nick/Robotics_Projects/furuta1/install/ament_copyright:/home/nick/Robotics_Projects/furuta1/install/ament_pep257:/home/nick/Robotics_Projects/furuta1/install/ament_flake8:/home/nick/Robotics_Projects/furuta1/install/ament_lint:${AMENT_PREFIX_PATH} PATH=/home/nick/Robotics_Projects/furuta1/install/ament_copyright/bin:/home/nick/Robotics_Projects/furuta1/install/ament_pep257/bin:/home/nick/Robotics_Projects/furuta1/install/ament_flake8/bin:${PATH} PYTHONPATH=/home/nick/Robotics_Projects/furuta1/build/ament_lint_cmake/prefix_override:/home/nick/Robotics_Projects/furuta1/install/ament_lint_cmake/lib/python3.10/site-packages:/home/nick/Robotics_Projects/furuta1/build/ament_copyright:/home/nick/Robotics_Projects/furuta1/install/ament_copyright/lib/python3.10/site-packages:/home/nick/Robotics_Projects/furuta1/build/ament_pep257:/home/nick/Robotics_Projects/furuta1/install/ament_pep257/lib/python3.10/site-packages:/home/nick/Robotics_Projects/furuta1/build/ament_flake8:/home/nick/Robotics_Projects/furuta1/install/ament_flake8/lib/python3.10/site-packages:/home/nick/Robotics_Projects/furuta1/build/ament_lint:/home/nick/Robotics_Projects/furuta1/install/ament_lint/lib/python3.10/site-packages:${PYTHONPATH} /usr/bin/python3 -W ignore:setup.py install is deprecated setup.py develop --editable --build-directory /home/nick/Robotics_Projects/furuta1/build/ament_lint_cmake/build --no-deps symlink_data
[3.713s] running develop
[3.713s] /home/nick/.local/lib/python3.10/site-packages/setuptools/command/develop.py:39: EasyInstallDeprecationWarning: easy_install command is deprecated.
[3.713s] !!
[3.714s] 
[3.714s]         ********************************************************************************
[3.714s]         Please avoid running ``setup.py`` and ``easy_install``.
[3.714s]         Instead, use pypa/build, pypa/installer or other
[3.714s]         standards-based tools.
[3.714s] 
[3.714s]         See https://github.com/pypa/setuptools/issues/917 for details.
[3.714s]         ********************************************************************************
[3.716s] 
[3.716s] !!
[3.716s]   easy_install.initialize_options(self)
[3.858s] running egg_info
[3.858s] creating ament_lint_cmake.egg-info
[3.858s] writing ament_lint_cmake.egg-info/PKG-INFO
[3.858s] writing dependency_links to ament_lint_cmake.egg-info/dependency_links.txt
[3.858s] writing entry points to ament_lint_cmake.egg-info/entry_points.txt
[3.858s] writing requirements to ament_lint_cmake.egg-info/requires.txt
[3.858s] writing top-level names to ament_lint_cmake.egg-info/top_level.txt
[3.858s] writing manifest file 'ament_lint_cmake.egg-info/SOURCES.txt'
[3.875s] reading manifest file 'ament_lint_cmake.egg-info/SOURCES.txt'
[3.876s] writing manifest file 'ament_lint_cmake.egg-info/SOURCES.txt'
[3.883s] running build_ext
[3.883s] Creating /home/nick/Robotics_Projects/furuta1/install/ament_lint_cmake/lib/python3.10/site-packages/ament_lint_cmake.egg-link (link to .)
[3.884s] Installing ament_lint_cmake script to /home/nick/Robotics_Projects/furuta1/install/ament_lint_cmake/bin
[3.884s] 
[3.884s] Installed /home/nick/Robotics_Projects/furuta1/build/ament_lint_cmake
[3.884s] running symlink_data
[3.884s] symbolically linking /home/nick/Robotics_Projects/furuta1/build/ament_lint_cmake/package.xml -> /home/nick/Robotics_Projects/furuta1/install/ament_lint_cmake/share/ament_lint_cmake
[3.884s] creating /home/nick/Robotics_Projects/furuta1/install/ament_lint_cmake/share/ament_index
[3.884s] creating /home/nick/Robotics_Projects/furuta1/install/ament_lint_cmake/share/ament_index/resource_index
[3.884s] creating /home/nick/Robotics_Projects/furuta1/install/ament_lint_cmake/share/ament_index/resource_index/packages
[3.884s] symbolically linking /home/nick/Robotics_Projects/furuta1/build/ament_lint_cmake/resource/ament_lint_cmake -> /home/nick/Robotics_Projects/furuta1/install/ament_lint_cmake/share/ament_index/resource_index/packages
[3.995s] Invoked command in '/home/nick/Robotics_Projects/furuta1/build/ament_lint_cmake' returned '0': AMENT_PREFIX_PATH=/home/nick/Robotics_Projects/furuta1/install/ament_copyright:/home/nick/Robotics_Projects/furuta1/install/ament_pep257:/home/nick/Robotics_Projects/furuta1/install/ament_flake8:/home/nick/Robotics_Projects/furuta1/install/ament_lint:${AMENT_PREFIX_PATH} PATH=/home/nick/Robotics_Projects/furuta1/install/ament_copyright/bin:/home/nick/Robotics_Projects/furuta1/install/ament_pep257/bin:/home/nick/Robotics_Projects/furuta1/install/ament_flake8/bin:${PATH} PYTHONPATH=/home/nick/Robotics_Projects/furuta1/build/ament_lint_cmake/prefix_override:/home/nick/Robotics_Projects/furuta1/install/ament_lint_cmake/lib/python3.10/site-packages:/home/nick/Robotics_Projects/furuta1/build/ament_copyright:/home/nick/Robotics_Projects/furuta1/install/ament_copyright/lib/python3.10/site-packages:/home/nick/Robotics_Projects/furuta1/build/ament_pep257:/home/nick/Robotics_Projects/furuta1/install/ament_pep257/lib/python3.10/site-packages:/home/nick/Robotics_Projects/furuta1/build/ament_flake8:/home/nick/Robotics_Projects/furuta1/install/ament_flake8/lib/python3.10/site-packages:/home/nick/Robotics_Projects/furuta1/build/ament_lint:/home/nick/Robotics_Projects/furuta1/install/ament_lint/lib/python3.10/site-packages:${PYTHONPATH} /usr/bin/python3 -W ignore:setup.py install is deprecated setup.py develop --editable --build-directory /home/nick/Robotics_Projects/furuta1/build/ament_lint_cmake/build --no-deps symlink_data
