[1.427s] Invoking command in '/home/nick/Robotics_Projects/furuta1/build/rpyutils': AMENT_PREFIX_PATH=/home/nick/Robotics_Projects/furuta1/install/ament_xmllint:/home/nick/Robotics_Projects/furuta1/install/ament_copyright:/home/nick/Robotics_Projects/furuta1/install/ament_pep257:/home/nick/Robotics_Projects/furuta1/install/ament_flake8:/home/nick/Robotics_Projects/furuta1/install/ament_lint:${AMENT_PREFIX_PATH} PATH=/home/nick/Robotics_Projects/furuta1/install/ament_xmllint/bin:/home/nick/Robotics_Projects/furuta1/install/ament_copyright/bin:/home/nick/Robotics_Projects/furuta1/install/ament_pep257/bin:/home/nick/Robotics_Projects/furuta1/install/ament_flake8/bin:${PATH} PYTHONPATH=/home/nick/Robotics_Projects/furuta1/build/rpyutils/prefix_override:/home/nick/Robotics_Projects/furuta1/install/rpyutils/lib/python3.10/site-packages:/home/nick/Robotics_Projects/furuta1/build/ament_xmllint:/home/nick/Robotics_Projects/furuta1/install/ament_xmllint/lib/python3.10/site-packages:/home/nick/Robotics_Projects/furuta1/build/ament_copyright:/home/nick/Robotics_Projects/furuta1/install/ament_copyright/lib/python3.10/site-packages:/home/nick/Robotics_Projects/furuta1/build/ament_pep257:/home/nick/Robotics_Projects/furuta1/install/ament_pep257/lib/python3.10/site-packages:/home/nick/Robotics_Projects/furuta1/build/ament_flake8:/home/nick/Robotics_Projects/furuta1/install/ament_flake8/lib/python3.10/site-packages:/home/nick/Robotics_Projects/furuta1/build/ament_lint:/home/nick/Robotics_Projects/furuta1/install/ament_lint/lib/python3.10/site-packages:${PYTHONPATH} /usr/bin/python3 -W ignore:setup.py install is deprecated setup.py develop --editable --build-directory /home/nick/Robotics_Projects/furuta1/build/rpyutils/build --no-deps symlink_data
[1.666s] running develop
[1.667s] /home/nick/.local/lib/python3.10/site-packages/setuptools/command/develop.py:39: EasyInstallDeprecationWarning: easy_install command is deprecated.
[1.667s] !!
[1.667s] 
[1.667s]         ********************************************************************************
[1.667s]         Please avoid running ``setup.py`` and ``easy_install``.
[1.667s]         Instead, use pypa/build, pypa/installer or other
[1.667s]         standards-based tools.
[1.667s] 
[1.667s]         See https://github.com/pypa/setuptools/issues/917 for details.
[1.667s]         ********************************************************************************
[1.667s] 
[1.667s] !!
[1.667s]   easy_install.initialize_options(self)
[1.819s] running egg_info
[1.819s] creating rpyutils.egg-info
[1.830s] writing rpyutils.egg-info/PKG-INFO
[1.831s] writing dependency_links to rpyutils.egg-info/dependency_links.txt
[1.831s] writing top-level names to rpyutils.egg-info/top_level.txt
[1.831s] writing manifest file 'rpyutils.egg-info/SOURCES.txt'
[1.853s] reading manifest file 'rpyutils.egg-info/SOURCES.txt'
[1.853s] writing manifest file 'rpyutils.egg-info/SOURCES.txt'
[1.865s] running build_ext
[1.865s] Creating /home/nick/Robotics_Projects/furuta1/install/rpyutils/lib/python3.10/site-packages/rpyutils.egg-link (link to .)
[1.866s] 
[1.866s] Installed /home/nick/Robotics_Projects/furuta1/build/rpyutils
[1.866s] running symlink_data
[1.866s] symbolically linking /home/nick/Robotics_Projects/furuta1/build/rpyutils/package.xml -> /home/nick/Robotics_Projects/furuta1/install/rpyutils/share/rpyutils
[1.866s] creating /home/nick/Robotics_Projects/furuta1/install/rpyutils/share/ament_index
[1.866s] creating /home/nick/Robotics_Projects/furuta1/install/rpyutils/share/ament_index/resource_index
[1.866s] creating /home/nick/Robotics_Projects/furuta1/install/rpyutils/share/ament_index/resource_index/packages
[1.867s] symbolically linking /home/nick/Robotics_Projects/furuta1/build/rpyutils/resource/rpyutils -> /home/nick/Robotics_Projects/furuta1/install/rpyutils/share/ament_index/resource_index/packages
[1.902s] Invoked command in '/home/nick/Robotics_Projects/furuta1/build/rpyutils' returned '0': AMENT_PREFIX_PATH=/home/nick/Robotics_Projects/furuta1/install/ament_xmllint:/home/nick/Robotics_Projects/furuta1/install/ament_copyright:/home/nick/Robotics_Projects/furuta1/install/ament_pep257:/home/nick/Robotics_Projects/furuta1/install/ament_flake8:/home/nick/Robotics_Projects/furuta1/install/ament_lint:${AMENT_PREFIX_PATH} PATH=/home/nick/Robotics_Projects/furuta1/install/ament_xmllint/bin:/home/nick/Robotics_Projects/furuta1/install/ament_copyright/bin:/home/nick/Robotics_Projects/furuta1/install/ament_pep257/bin:/home/nick/Robotics_Projects/furuta1/install/ament_flake8/bin:${PATH} PYTHONPATH=/home/nick/Robotics_Projects/furuta1/build/rpyutils/prefix_override:/home/nick/Robotics_Projects/furuta1/install/rpyutils/lib/python3.10/site-packages:/home/nick/Robotics_Projects/furuta1/build/ament_xmllint:/home/nick/Robotics_Projects/furuta1/install/ament_xmllint/lib/python3.10/site-packages:/home/nick/Robotics_Projects/furuta1/build/ament_copyright:/home/nick/Robotics_Projects/furuta1/install/ament_copyright/lib/python3.10/site-packages:/home/nick/Robotics_Projects/furuta1/build/ament_pep257:/home/nick/Robotics_Projects/furuta1/install/ament_pep257/lib/python3.10/site-packages:/home/nick/Robotics_Projects/furuta1/build/ament_flake8:/home/nick/Robotics_Projects/furuta1/install/ament_flake8/lib/python3.10/site-packages:/home/nick/Robotics_Projects/furuta1/build/ament_lint:/home/nick/Robotics_Projects/furuta1/install/ament_lint/lib/python3.10/site-packages:${PYTHONPATH} /usr/bin/python3 -W ignore:setup.py install is deprecated setup.py develop --editable --build-directory /home/nick/Robotics_Projects/furuta1/build/rpyutils/build --no-deps symlink_data
