-- Setting build type to 'Release' as none was specified.
-- The C compiler identification is GNU 11.4.0
-- The CXX compiler identification is GNU 11.4.0
-- Detecting C compiler ABI info
-- Detecting C compiler ABI info - done
-- Check for working C compiler: /usr/bin/cc - skipped
-- Detecting C compile features
-- Detecting C compile features - done
-- Detecting CXX compiler ABI info
-- Detecting CXX compiler ABI info - done
-- Check for working CXX compiler: /usr/bin/c++ - skipped
-- Detecting CXX compile features
-- Detecting CXX compile features - done
-- Version: 2.6.7
-- Performing Test SUPPORTS_CXX20
-- Performing Test SUPPORTS_CXX20 - Success
-- Performing Test SUPPORTS_CXX17
-- Performing Test SUPPORTS_CXX17 - Success
-- Performing Test SUPPORTS_CXX14
-- Performing Test SUPPORTS_CXX14 - Success
-- Performing Test SUPPORTS_CXX1Y
-- Performing Test SUPPORTS_CXX1Y - Success
-- Performing Test SUPPORTS_CXX11
-- Performing Test SUPPORTS_CXX11 - Success
-- Found fastcdr
-- Found Asio 1.18.1: /usr/include
-- Found Asio
-- Found TinyXML2
-- Found foonathan_memory: /opt/ros/humble/lib/foonathan_memory/cmake
-- Looking for pthread.h
-- Looking for pthread.h - found
-- Looking for pthread_kill
-- Looking for pthread_kill - not found
-- Looking for pthread_create in pthreads
-- Looking for pthread_create in pthreads - not found
-- Looking for pthread_create in pthread
-- Looking for pthread_create in pthread - found
-- Found Threads: TRUE  
-- Thirdparty/boost compiled OK
-- Found OpenSSL: /usr/lib/x86_64-linux-gnu/libcrypto.so (found version "3.0.2")  
-- OpenSSL library 3.0.2 found...
-- Performing Test ATOMIC_WITHOUT_LIB
-- Performing Test ATOMIC_WITHOUT_LIB - Success
-- Looking for __atomic_load_8 in atomic
-- Looking for __atomic_load_8 in atomic - found
-- Performing Test ATOMIC_WITH_LIB
-- Performing Test ATOMIC_WITH_LIB - Success
-- Framework's shared_mutex is PTHREAD_RWLOCK_PREFER_READER_NP
-- Performing Test HAS_VERSION_SCRIPT_SUPPORT
-- Performing Test HAS_VERSION_SCRIPT_SUPPORT - Success
-- Using linker version script to select exported symbols
-- Configuring done
-- Generating done
-- Build files have been written to: /home/nick/Robotics_Projects/furuta1/build/fastrtps
