[0.015s] Invoking command in '/home/nick/Robotics_Projects/furuta1/build/ament_cmake_version': AMENT_PREFIX_PATH=/home/nick/Robotics_Projects/furuta1/install/ament_cmake_core:/home/nick/Robotics_Projects/furuta1/install/ament_package CMAKE_PREFIX_PATH=/home/nick/Robotics_Projects/furuta1/install/ament_cmake_core PYTHONPATH=/home/nick/Robotics_Projects/furuta1/build/ament_package:/home/nick/Robotics_Projects/furuta1/install/ament_package/lib/python3.10/site-packages /usr/bin/cmake --build /home/nick/Robotics_Projects/furuta1/build/ament_cmake_version -- -j16 -l16
[0.044s] Invoked command in '/home/nick/Robotics_Projects/furuta1/build/ament_cmake_version' returned '0': AMENT_PREFIX_PATH=/home/nick/Robotics_Projects/furuta1/install/ament_cmake_core:/home/nick/Robotics_Projects/furuta1/install/ament_package CMAKE_PREFIX_PATH=/home/nick/Robotics_Projects/furuta1/install/ament_cmake_core PYTHONPATH=/home/nick/Robotics_Projects/furuta1/build/ament_package:/home/nick/Robotics_Projects/furuta1/install/ament_package/lib/python3.10/site-packages /usr/bin/cmake --build /home/nick/Robotics_Projects/furuta1/build/ament_cmake_version -- -j16 -l16
[0.062s] Invoking command in '/home/nick/Robotics_Projects/furuta1/build/ament_cmake_version': AMENT_PREFIX_PATH=/home/nick/Robotics_Projects/furuta1/install/ament_cmake_core:/home/nick/Robotics_Projects/furuta1/install/ament_package CMAKE_PREFIX_PATH=/home/nick/Robotics_Projects/furuta1/install/ament_cmake_core PYTHONPATH=/home/nick/Robotics_Projects/furuta1/build/ament_package:/home/nick/Robotics_Projects/furuta1/install/ament_package/lib/python3.10/site-packages /usr/bin/cmake --install /home/nick/Robotics_Projects/furuta1/build/ament_cmake_version
[0.071s] -- Install configuration: ""
[0.071s] -- Execute custom install script
[0.072s] -- Up-to-date symlink: /home/nick/Robotics_Projects/furuta1/install/ament_cmake_version/share/ament_index/resource_index/package_run_dependencies/ament_cmake_version
[0.072s] -- Up-to-date symlink: /home/nick/Robotics_Projects/furuta1/install/ament_cmake_version/share/ament_index/resource_index/parent_prefix_path/ament_cmake_version
[0.072s] -- Up-to-date symlink: /home/nick/Robotics_Projects/furuta1/install/ament_cmake_version/share/ament_cmake_version/environment/ament_prefix_path.sh
[0.072s] -- Up-to-date symlink: /home/nick/Robotics_Projects/furuta1/install/ament_cmake_version/share/ament_cmake_version/environment/ament_prefix_path.dsv
[0.072s] -- Up-to-date symlink: /home/nick/Robotics_Projects/furuta1/install/ament_cmake_version/share/ament_cmake_version/environment/path.sh
[0.073s] -- Up-to-date symlink: /home/nick/Robotics_Projects/furuta1/install/ament_cmake_version/share/ament_cmake_version/environment/path.dsv
[0.074s] -- Up-to-date symlink: /home/nick/Robotics_Projects/furuta1/install/ament_cmake_version/share/ament_cmake_version/local_setup.bash
[0.074s] -- Up-to-date symlink: /home/nick/Robotics_Projects/furuta1/install/ament_cmake_version/share/ament_cmake_version/local_setup.sh
[0.074s] -- Up-to-date symlink: /home/nick/Robotics_Projects/furuta1/install/ament_cmake_version/share/ament_cmake_version/local_setup.zsh
[0.075s] -- Up-to-date symlink: /home/nick/Robotics_Projects/furuta1/install/ament_cmake_version/share/ament_cmake_version/local_setup.dsv
[0.075s] -- Symlinking: /home/nick/Robotics_Projects/furuta1/install/ament_cmake_version/share/ament_cmake_version/package.dsv
[0.081s] -- Up-to-date symlink: /home/nick/Robotics_Projects/furuta1/install/ament_cmake_version/share/ament_index/resource_index/packages/ament_cmake_version
[0.081s] -- Up-to-date symlink: /home/nick/Robotics_Projects/furuta1/install/ament_cmake_version/share/ament_cmake_version/cmake/ament_cmake_version-extras.cmake
[0.081s] -- Up-to-date symlink: /home/nick/Robotics_Projects/furuta1/install/ament_cmake_version/share/ament_cmake_version/cmake/ament_cmake_versionConfig.cmake
[0.081s] -- Up-to-date symlink: /home/nick/Robotics_Projects/furuta1/install/ament_cmake_version/share/ament_cmake_version/cmake/ament_cmake_versionConfig-version.cmake
[0.081s] -- Up-to-date symlink: /home/nick/Robotics_Projects/furuta1/install/ament_cmake_version/share/ament_cmake_version/package.xml
[0.081s] -- Up-to-date symlink: /home/nick/Robotics_Projects/furuta1/install/ament_cmake_version/share/ament_cmake_version/cmake/ament_export_development_version_if_higher_than_manifest.cmake
[0.093s] Invoked command in '/home/nick/Robotics_Projects/furuta1/build/ament_cmake_version' returned '0': AMENT_PREFIX_PATH=/home/nick/Robotics_Projects/furuta1/install/ament_cmake_core:/home/nick/Robotics_Projects/furuta1/install/ament_package CMAKE_PREFIX_PATH=/home/nick/Robotics_Projects/furuta1/install/ament_cmake_core PYTHONPATH=/home/nick/Robotics_Projects/furuta1/build/ament_package:/home/nick/Robotics_Projects/furuta1/install/ament_package/lib/python3.10/site-packages /usr/bin/cmake --install /home/nick/Robotics_Projects/furuta1/build/ament_cmake_version
