-- Found ament_cmake: 1.3.8 (/home/nick/Robotics_Projects/furuta1/install/ament_cmake/share/ament_cmake/cmake)
-- Found Python3: /usr/bin/python3 (found version "3.10.12") found components: Interpreter 
-- Override CMake install command with custom implementation using symlinks instead of copying resources
-- Found ament_cmake_gmock: 1.3.8 (/home/nick/Robotics_Projects/furuta1/install/ament_cmake_gmock/share/ament_cmake_gmock/cmake)
-- Found ament_cmake_gtest: 1.3.8 (/home/nick/Robotics_Projects/furuta1/install/ament_cmake_gtest/share/ament_cmake_gtest/cmake)
-- Configuring done
-- Generating done
-- Build files have been written to: /home/nick/Robotics_Projects/furuta1/build/ament_cmake_auto
-- Install configuration: ""
-- Execute custom install script
-- Symlinking: /home/nick/Robotics_Projects/furuta1/install/ament_cmake_auto/share/ament_index/resource_index/package_run_dependencies/ament_cmake_auto
-- Symlinking: /home/nick/Robotics_Projects/furuta1/install/ament_cmake_auto/share/ament_index/resource_index/parent_prefix_path/ament_cmake_auto
-- Symlinking: /home/nick/Robotics_Projects/furuta1/install/ament_cmake_auto/share/ament_cmake_auto/environment/ament_prefix_path.sh
-- Symlinking: /home/nick/Robotics_Projects/furuta1/install/ament_cmake_auto/share/ament_cmake_auto/environment/ament_prefix_path.dsv
-- Symlinking: /home/nick/Robotics_Projects/furuta1/install/ament_cmake_auto/share/ament_cmake_auto/environment/path.sh
-- Symlinking: /home/nick/Robotics_Projects/furuta1/install/ament_cmake_auto/share/ament_cmake_auto/environment/path.dsv
-- Symlinking: /home/nick/Robotics_Projects/furuta1/install/ament_cmake_auto/share/ament_cmake_auto/local_setup.bash
-- Symlinking: /home/nick/Robotics_Projects/furuta1/install/ament_cmake_auto/share/ament_cmake_auto/local_setup.sh
-- Symlinking: /home/nick/Robotics_Projects/furuta1/install/ament_cmake_auto/share/ament_cmake_auto/local_setup.zsh
-- Symlinking: /home/nick/Robotics_Projects/furuta1/install/ament_cmake_auto/share/ament_cmake_auto/local_setup.dsv
-- Symlinking: /home/nick/Robotics_Projects/furuta1/install/ament_cmake_auto/share/ament_cmake_auto/package.dsv
-- Symlinking: /home/nick/Robotics_Projects/furuta1/install/ament_cmake_auto/share/ament_index/resource_index/packages/ament_cmake_auto
-- Symlinking: /home/nick/Robotics_Projects/furuta1/install/ament_cmake_auto/share/ament_cmake_auto/cmake/ament_cmake_auto-extras.cmake
-- Symlinking: /home/nick/Robotics_Projects/furuta1/install/ament_cmake_auto/share/ament_cmake_auto/cmake/ament_cmake_autoConfig.cmake
-- Symlinking: /home/nick/Robotics_Projects/furuta1/install/ament_cmake_auto/share/ament_cmake_auto/cmake/ament_cmake_autoConfig-version.cmake
-- Symlinking: /home/nick/Robotics_Projects/furuta1/install/ament_cmake_auto/share/ament_cmake_auto/package.xml
-- Symlinking: /home/nick/Robotics_Projects/furuta1/install/ament_cmake_auto/share/ament_cmake_auto/cmake/ament_auto_add_executable.cmake
-- Symlinking: /home/nick/Robotics_Projects/furuta1/install/ament_cmake_auto/share/ament_cmake_auto/cmake/ament_auto_add_gmock.cmake
-- Symlinking: /home/nick/Robotics_Projects/furuta1/install/ament_cmake_auto/share/ament_cmake_auto/cmake/ament_auto_add_gtest.cmake
-- Symlinking: /home/nick/Robotics_Projects/furuta1/install/ament_cmake_auto/share/ament_cmake_auto/cmake/ament_auto_add_library.cmake
-- Symlinking: /home/nick/Robotics_Projects/furuta1/install/ament_cmake_auto/share/ament_cmake_auto/cmake/ament_auto_find_build_dependencies.cmake
-- Symlinking: /home/nick/Robotics_Projects/furuta1/install/ament_cmake_auto/share/ament_cmake_auto/cmake/ament_auto_find_test_dependencies.cmake
-- Symlinking: /home/nick/Robotics_Projects/furuta1/install/ament_cmake_auto/share/ament_cmake_auto/cmake/ament_auto_generate_code.cmake
-- Symlinking: /home/nick/Robotics_Projects/furuta1/install/ament_cmake_auto/share/ament_cmake_auto/cmake/ament_auto_package.cmake
