running develop
/home/nick/.local/lib/python3.10/site-packages/setuptools/command/develop.py:39: EasyInstallDeprecationWarning: easy_install command is deprecated.
!!

        ********************************************************************************
        Please avoid running ``setup.py`` and ``easy_install``.
        Instead, use pypa/build, pypa/installer or other
        standards-based tools.

        See https://github.com/pypa/setuptools/issues/917 for details.
        ********************************************************************************

!!
  easy_install.initialize_options(self)
Removing /home/nick/Robotics_Projects/furuta1/install/ament_pycodestyle/lib/python3.10/site-packages/ament_pycodestyle.egg-link (link to .)
running egg_info
writing ../../../../build/ament_pycodestyle/ament_pycodestyle.egg-info/PKG-INFO
writing dependency_links to ../../../../build/ament_pycodestyle/ament_pycodestyle.egg-info/dependency_links.txt
writing entry points to ../../../../build/ament_pycodestyle/ament_pycodestyle.egg-info/entry_points.txt
writing requirements to ../../../../build/ament_pycodestyle/ament_pycodestyle.egg-info/requires.txt
writing top-level names to ../../../../build/ament_pycodestyle/ament_pycodestyle.egg-info/top_level.txt
reading manifest file '../../../../build/ament_pycodestyle/ament_pycodestyle.egg-info/SOURCES.txt'
writing manifest file '../../../../build/ament_pycodestyle/ament_pycodestyle.egg-info/SOURCES.txt'
running build
running build_py
creating /home/nick/Robotics_Projects/furuta1/build/ament_pycodestyle/build
creating /home/nick/Robotics_Projects/furuta1/build/ament_pycodestyle/build/lib
creating /home/nick/Robotics_Projects/furuta1/build/ament_pycodestyle/build/lib/ament_pycodestyle
copying ament_pycodestyle/main.py -> /home/nick/Robotics_Projects/furuta1/build/ament_pycodestyle/build/lib/ament_pycodestyle
copying ament_pycodestyle/__init__.py -> /home/nick/Robotics_Projects/furuta1/build/ament_pycodestyle/build/lib/ament_pycodestyle
creating /home/nick/Robotics_Projects/furuta1/build/ament_pycodestyle/build/lib/ament_pycodestyle/configuration
copying ament_pycodestyle/configuration/ament_pycodestyle.ini -> /home/nick/Robotics_Projects/furuta1/build/ament_pycodestyle/build/lib/ament_pycodestyle/configuration
running install
running install_lib
creating /home/nick/Robotics_Projects/furuta1/install/ament_pycodestyle/lib/python3.10/site-packages/ament_pycodestyle
copying /home/nick/Robotics_Projects/furuta1/build/ament_pycodestyle/build/lib/ament_pycodestyle/main.py -> /home/nick/Robotics_Projects/furuta1/install/ament_pycodestyle/lib/python3.10/site-packages/ament_pycodestyle
copying /home/nick/Robotics_Projects/furuta1/build/ament_pycodestyle/build/lib/ament_pycodestyle/__init__.py -> /home/nick/Robotics_Projects/furuta1/install/ament_pycodestyle/lib/python3.10/site-packages/ament_pycodestyle
creating /home/nick/Robotics_Projects/furuta1/install/ament_pycodestyle/lib/python3.10/site-packages/ament_pycodestyle/configuration
copying /home/nick/Robotics_Projects/furuta1/build/ament_pycodestyle/build/lib/ament_pycodestyle/configuration/ament_pycodestyle.ini -> /home/nick/Robotics_Projects/furuta1/install/ament_pycodestyle/lib/python3.10/site-packages/ament_pycodestyle/configuration
byte-compiling /home/nick/Robotics_Projects/furuta1/install/ament_pycodestyle/lib/python3.10/site-packages/ament_pycodestyle/main.py to main.cpython-310.pyc
byte-compiling /home/nick/Robotics_Projects/furuta1/install/ament_pycodestyle/lib/python3.10/site-packages/ament_pycodestyle/__init__.py to __init__.cpython-310.pyc
running install_data
copying package.xml -> /home/nick/Robotics_Projects/furuta1/install/ament_pycodestyle/share/ament_pycodestyle
copying resource/ament_pycodestyle -> /home/nick/Robotics_Projects/furuta1/install/ament_pycodestyle/share/ament_index/resource_index/packages
running install_egg_info
Copying ../../../../build/ament_pycodestyle/ament_pycodestyle.egg-info to /home/nick/Robotics_Projects/furuta1/install/ament_pycodestyle/lib/python3.10/site-packages/ament_pycodestyle-0.12.10-py3.10.egg-info
running install_scripts
Installing ament_pycodestyle script to /home/nick/Robotics_Projects/furuta1/install/ament_pycodestyle/bin
error: [Errno 13] Permission denied: '/home/nick/Robotics_Projects/furuta1/install/ament_pycodestyle/bin/ament_pycodestyle'
