[0.731s] Invoking command in '/home/nick/Robotics_Projects/furuta1/build/ament_pycodestyle': PYTHONPATH=/home/nick/Robotics_Projects/furuta1/build/ament_pycodestyle/prefix_override:/home/nick/Robotics_Projects/furuta1/install/ament_pycodestyle/lib/python3.10/site-packages:${PYTHONPATH} /usr/bin/python3 -W ignore:setup.py install is deprecated setup.py develop --uninstall --editable --build-directory /home/nick/Robotics_Projects/furuta1/build/ament_pycodestyle/build
[0.868s] running develop
[0.868s] /home/nick/.local/lib/python3.10/site-packages/setuptools/command/develop.py:39: EasyInstallDeprecationWarning: easy_install command is deprecated.
[0.868s] !!
[0.868s] 
[0.868s]         ********************************************************************************
[0.869s]         Please avoid running ``setup.py`` and ``easy_install``.
[0.869s]         Instead, use pypa/build, pypa/installer or other
[0.869s]         standards-based tools.
[0.869s] 
[0.869s]         See https://github.com/pypa/setuptools/issues/917 for details.
[0.869s]         ********************************************************************************
[0.869s] 
[0.869s] !!
[0.869s]   easy_install.initialize_options(self)
[0.951s] Removing /home/nick/Robotics_Projects/furuta1/install/ament_pycodestyle/lib/python3.10/site-packages/ament_pycodestyle.egg-link (link to .)
[0.970s] Invoked command in '/home/nick/Robotics_Projects/furuta1/build/ament_pycodestyle' returned '0': PYTHONPATH=/home/nick/Robotics_Projects/furuta1/build/ament_pycodestyle/prefix_override:/home/nick/Robotics_Projects/furuta1/install/ament_pycodestyle/lib/python3.10/site-packages:${PYTHONPATH} /usr/bin/python3 -W ignore:setup.py install is deprecated setup.py develop --uninstall --editable --build-directory /home/nick/Robotics_Projects/furuta1/build/ament_pycodestyle/build
[0.971s] Invoking command in '/home/nick/Robotics_Projects/furuta1/src/ament/ament_lint/ament_pycodestyle': PYTHONPATH=/home/nick/Robotics_Projects/furuta1/build/ament_pycodestyle/prefix_override:/home/nick/Robotics_Projects/furuta1/install/ament_pycodestyle/lib/python3.10/site-packages:${PYTHONPATH} /usr/bin/python3 -W ignore:setup.py install is deprecated setup.py egg_info --egg-base ../../../../build/ament_pycodestyle build --build-base /home/nick/Robotics_Projects/furuta1/build/ament_pycodestyle/build install --record /home/nick/Robotics_Projects/furuta1/build/ament_pycodestyle/install.log --single-version-externally-managed install_data --force
[1.071s] running egg_info
[1.076s] writing ../../../../build/ament_pycodestyle/ament_pycodestyle.egg-info/PKG-INFO
[1.077s] writing dependency_links to ../../../../build/ament_pycodestyle/ament_pycodestyle.egg-info/dependency_links.txt
[1.077s] writing entry points to ../../../../build/ament_pycodestyle/ament_pycodestyle.egg-info/entry_points.txt
[1.077s] writing requirements to ../../../../build/ament_pycodestyle/ament_pycodestyle.egg-info/requires.txt
[1.077s] writing top-level names to ../../../../build/ament_pycodestyle/ament_pycodestyle.egg-info/top_level.txt
[1.088s] reading manifest file '../../../../build/ament_pycodestyle/ament_pycodestyle.egg-info/SOURCES.txt'
[1.088s] writing manifest file '../../../../build/ament_pycodestyle/ament_pycodestyle.egg-info/SOURCES.txt'
[1.088s] running build
[1.089s] running build_py
[1.089s] creating /home/nick/Robotics_Projects/furuta1/build/ament_pycodestyle/build
[1.089s] creating /home/nick/Robotics_Projects/furuta1/build/ament_pycodestyle/build/lib
[1.089s] creating /home/nick/Robotics_Projects/furuta1/build/ament_pycodestyle/build/lib/ament_pycodestyle
[1.089s] copying ament_pycodestyle/main.py -> /home/nick/Robotics_Projects/furuta1/build/ament_pycodestyle/build/lib/ament_pycodestyle
[1.089s] copying ament_pycodestyle/__init__.py -> /home/nick/Robotics_Projects/furuta1/build/ament_pycodestyle/build/lib/ament_pycodestyle
[1.089s] creating /home/nick/Robotics_Projects/furuta1/build/ament_pycodestyle/build/lib/ament_pycodestyle/configuration
[1.089s] copying ament_pycodestyle/configuration/ament_pycodestyle.ini -> /home/nick/Robotics_Projects/furuta1/build/ament_pycodestyle/build/lib/ament_pycodestyle/configuration
[1.089s] running install
[1.092s] running install_lib
[1.097s] creating /home/nick/Robotics_Projects/furuta1/install/ament_pycodestyle/lib/python3.10/site-packages/ament_pycodestyle
[1.098s] copying /home/nick/Robotics_Projects/furuta1/build/ament_pycodestyle/build/lib/ament_pycodestyle/main.py -> /home/nick/Robotics_Projects/furuta1/install/ament_pycodestyle/lib/python3.10/site-packages/ament_pycodestyle
[1.098s] copying /home/nick/Robotics_Projects/furuta1/build/ament_pycodestyle/build/lib/ament_pycodestyle/__init__.py -> /home/nick/Robotics_Projects/furuta1/install/ament_pycodestyle/lib/python3.10/site-packages/ament_pycodestyle
[1.098s] creating /home/nick/Robotics_Projects/furuta1/install/ament_pycodestyle/lib/python3.10/site-packages/ament_pycodestyle/configuration
[1.098s] copying /home/nick/Robotics_Projects/furuta1/build/ament_pycodestyle/build/lib/ament_pycodestyle/configuration/ament_pycodestyle.ini -> /home/nick/Robotics_Projects/furuta1/install/ament_pycodestyle/lib/python3.10/site-packages/ament_pycodestyle/configuration
[1.098s] byte-compiling /home/nick/Robotics_Projects/furuta1/install/ament_pycodestyle/lib/python3.10/site-packages/ament_pycodestyle/main.py to main.cpython-310.pyc
[1.099s] byte-compiling /home/nick/Robotics_Projects/furuta1/install/ament_pycodestyle/lib/python3.10/site-packages/ament_pycodestyle/__init__.py to __init__.cpython-310.pyc
[1.099s] running install_data
[1.099s] copying package.xml -> /home/nick/Robotics_Projects/furuta1/install/ament_pycodestyle/share/ament_pycodestyle
[1.099s] copying resource/ament_pycodestyle -> /home/nick/Robotics_Projects/furuta1/install/ament_pycodestyle/share/ament_index/resource_index/packages
[1.099s] running install_egg_info
[1.105s] Copying ../../../../build/ament_pycodestyle/ament_pycodestyle.egg-info to /home/nick/Robotics_Projects/furuta1/install/ament_pycodestyle/lib/python3.10/site-packages/ament_pycodestyle-0.12.10-py3.10.egg-info
[1.106s] running install_scripts
[1.165s] Installing ament_pycodestyle script to /home/nick/Robotics_Projects/furuta1/install/ament_pycodestyle/bin
[1.165s] error: [Errno 13] Permission denied: '/home/nick/Robotics_Projects/furuta1/install/ament_pycodestyle/bin/ament_pycodestyle'
