[1.060s] Invoking command in '/home/nick/Robotics_Projects/furuta1/build/ament_package': PYTHONPATH=/home/nick/Robotics_Projects/furuta1/build/ament_package/prefix_override:/home/nick/Robotics_Projects/furuta1/install/ament_package/lib/python3.10/site-packages:${PYTHONPATH} /usr/bin/python3 -W ignore:setup.py install is deprecated setup.py develop --editable --build-directory /home/nick/Robotics_Projects/furuta1/build/ament_package/build --no-deps symlink_data
[1.467s] running develop
[1.469s] /home/nick/.local/lib/python3.10/site-packages/setuptools/command/develop.py:39: EasyInstallDeprecationWarning: easy_install command is deprecated.
[1.469s] !!
[1.469s] 
[1.469s]         ********************************************************************************
[1.469s]         Please avoid running ``setup.py`` and ``easy_install``.
[1.470s]         Instead, use pypa/build, pypa/installer or other
[1.470s]         standards-based tools.
[1.470s] 
[1.470s]         See https://github.com/pypa/setuptools/issues/917 for details.
[1.470s]         ********************************************************************************
[1.470s] 
[1.470s] !!
[1.470s]   easy_install.initialize_options(self)
[1.630s] running egg_info
[1.630s] creating ament_package.egg-info
[1.655s] writing ament_package.egg-info/PKG-INFO
[1.656s] writing dependency_links to ament_package.egg-info/dependency_links.txt
[1.656s] writing top-level names to ament_package.egg-info/top_level.txt
[1.656s] writing manifest file 'ament_package.egg-info/SOURCES.txt'
[1.699s] reading manifest file 'ament_package.egg-info/SOURCES.txt'
[1.700s] writing manifest file 'ament_package.egg-info/SOURCES.txt'
[1.727s] running build_ext
[1.727s] Creating /home/nick/Robotics_Projects/furuta1/install/ament_package/lib/python3.10/site-packages/ament_package.egg-link (link to .)
[1.728s] 
[1.728s] Installed /home/nick/Robotics_Projects/furuta1/build/ament_package
[1.728s] running symlink_data
[1.728s] symbolically linking /home/nick/Robotics_Projects/furuta1/build/ament_package/package.xml -> /home/nick/Robotics_Projects/furuta1/install/ament_package/share/ament_package
[1.736s] creating /home/nick/Robotics_Projects/furuta1/install/ament_package/share/ament_index
[1.736s] creating /home/nick/Robotics_Projects/furuta1/install/ament_package/share/ament_index/resource_index
[1.736s] creating /home/nick/Robotics_Projects/furuta1/install/ament_package/share/ament_index/resource_index/packages
[1.737s] symbolically linking /home/nick/Robotics_Projects/furuta1/build/ament_package/resource/ament_package -> /home/nick/Robotics_Projects/furuta1/install/ament_package/share/ament_index/resource_index/packages
[1.842s] Invoked command in '/home/nick/Robotics_Projects/furuta1/build/ament_package' returned '0': PYTHONPATH=/home/nick/Robotics_Projects/furuta1/build/ament_package/prefix_override:/home/nick/Robotics_Projects/furuta1/install/ament_package/lib/python3.10/site-packages:${PYTHONPATH} /usr/bin/python3 -W ignore:setup.py install is deprecated setup.py develop --editable --build-directory /home/nick/Robotics_Projects/furuta1/build/ament_package/build --no-deps symlink_data
