running develop
/home/nick/.local/lib/python3.10/site-packages/setuptools/command/develop.py:39: EasyInstallDeprecationWarning: easy_install command is deprecated.
!!

        ********************************************************************************
        Please avoid running ``setup.py`` and ``easy_install``.
        Instead, use pypa/build, pypa/installer or other
        standards-based tools.

        See https://github.com/pypa/setuptools/issues/917 for details.
        ********************************************************************************

!!
  easy_install.initialize_options(self)
Removing /home/nick/Robotics_Projects/furuta1/install/ament_package/lib/python3.10/site-packages/ament_package.egg-link (link to .)
running egg_info
writing ../../../build/ament_package/ament_package.egg-info/PKG-INFO
writing dependency_links to ../../../build/ament_package/ament_package.egg-info/dependency_links.txt
writing top-level names to ../../../build/ament_package/ament_package.egg-info/top_level.txt
reading manifest file '../../../build/ament_package/ament_package.egg-info/SOURCES.txt'
adding license file 'LICENSE'
writing manifest file '../../../build/ament_package/ament_package.egg-info/SOURCES.txt'
running build
running build_py
creating /home/nick/Robotics_Projects/furuta1/build/ament_package/build
creating /home/nick/Robotics_Projects/furuta1/build/ament_package/build/lib
creating /home/nick/Robotics_Projects/furuta1/build/ament_package/build/lib/ament_package
copying ament_package/__init__.py -> /home/nick/Robotics_Projects/furuta1/build/ament_package/build/lib/ament_package
copying ament_package/templates.py -> /home/nick/Robotics_Projects/furuta1/build/ament_package/build/lib/ament_package
creating /home/nick/Robotics_Projects/furuta1/build/ament_package/build/lib/ament_package/template
copying ament_package/template/__init__.py -> /home/nick/Robotics_Projects/furuta1/build/ament_package/build/lib/ament_package/template
creating /home/nick/Robotics_Projects/furuta1/build/ament_package/build/lib/ament_package/template/isolated_prefix_level
copying ament_package/template/isolated_prefix_level/__init__.py -> /home/nick/Robotics_Projects/furuta1/build/ament_package/build/lib/ament_package/template/isolated_prefix_level
copying ament_package/template/isolated_prefix_level/_order_isolated_packages.py -> /home/nick/Robotics_Projects/furuta1/build/ament_package/build/lib/ament_package/template/isolated_prefix_level
creating /home/nick/Robotics_Projects/furuta1/build/ament_package/build/lib/ament_package/template/package_level
copying ament_package/template/package_level/__init__.py -> /home/nick/Robotics_Projects/furuta1/build/ament_package/build/lib/ament_package/template/package_level
creating /home/nick/Robotics_Projects/furuta1/build/ament_package/build/lib/ament_package/template/prefix_level
copying ament_package/template/prefix_level/__init__.py -> /home/nick/Robotics_Projects/furuta1/build/ament_package/build/lib/ament_package/template/prefix_level
copying ament_package/template/prefix_level/_local_setup_util.py -> /home/nick/Robotics_Projects/furuta1/build/ament_package/build/lib/ament_package/template/prefix_level
creating /home/nick/Robotics_Projects/furuta1/build/ament_package/build/lib/ament_package/template/environment_hook
copying ament_package/template/environment_hook/__init__.py -> /home/nick/Robotics_Projects/furuta1/build/ament_package/build/lib/ament_package/template/environment_hook
copying ament_package/template/environment_hook/ament_prefix_path.sh -> /home/nick/Robotics_Projects/furuta1/build/ament_package/build/lib/ament_package/template/environment_hook
copying ament_package/template/environment_hook/__init__.py -> /home/nick/Robotics_Projects/furuta1/build/ament_package/build/lib/ament_package/template/environment_hook
copying ament_package/template/environment_hook/pythonpath.sh.in -> /home/nick/Robotics_Projects/furuta1/build/ament_package/build/lib/ament_package/template/environment_hook
copying ament_package/template/environment_hook/pkg_config_path.sh -> /home/nick/Robotics_Projects/furuta1/build/ament_package/build/lib/ament_package/template/environment_hook
copying ament_package/template/environment_hook/pkg_config_path.bat -> /home/nick/Robotics_Projects/furuta1/build/ament_package/build/lib/ament_package/template/environment_hook
copying ament_package/template/environment_hook/pythonpath.bat.in -> /home/nick/Robotics_Projects/furuta1/build/ament_package/build/lib/ament_package/template/environment_hook
copying ament_package/template/environment_hook/library_path.sh -> /home/nick/Robotics_Projects/furuta1/build/ament_package/build/lib/ament_package/template/environment_hook
copying ament_package/template/environment_hook/ament_prefix_path.bat -> /home/nick/Robotics_Projects/furuta1/build/ament_package/build/lib/ament_package/template/environment_hook
copying ament_package/template/environment_hook/path.bat -> /home/nick/Robotics_Projects/furuta1/build/ament_package/build/lib/ament_package/template/environment_hook
copying ament_package/template/environment_hook/path.sh -> /home/nick/Robotics_Projects/furuta1/build/ament_package/build/lib/ament_package/template/environment_hook
copying ament_package/template/isolated_prefix_level/local_setup.bash -> /home/nick/Robotics_Projects/furuta1/build/ament_package/build/lib/ament_package/template/isolated_prefix_level
copying ament_package/template/isolated_prefix_level/__init__.py -> /home/nick/Robotics_Projects/furuta1/build/ament_package/build/lib/ament_package/template/isolated_prefix_level
copying ament_package/template/isolated_prefix_level/local_setup.bat.in -> /home/nick/Robotics_Projects/furuta1/build/ament_package/build/lib/ament_package/template/isolated_prefix_level
copying ament_package/template/isolated_prefix_level/local_setup.sh.in -> /home/nick/Robotics_Projects/furuta1/build/ament_package/build/lib/ament_package/template/isolated_prefix_level
copying ament_package/template/isolated_prefix_level/local_setup.zsh -> /home/nick/Robotics_Projects/furuta1/build/ament_package/build/lib/ament_package/template/isolated_prefix_level
copying ament_package/template/isolated_prefix_level/_order_isolated_packages.py -> /home/nick/Robotics_Projects/furuta1/build/ament_package/build/lib/ament_package/template/isolated_prefix_level
copying ament_package/template/package_level/__init__.py -> /home/nick/Robotics_Projects/furuta1/build/ament_package/build/lib/ament_package/template/package_level
copying ament_package/template/package_level/local_setup.bat.in -> /home/nick/Robotics_Projects/furuta1/build/ament_package/build/lib/ament_package/template/package_level
copying ament_package/template/package_level/local_setup.sh.in -> /home/nick/Robotics_Projects/furuta1/build/ament_package/build/lib/ament_package/template/package_level
copying ament_package/template/package_level/local_setup.bash.in -> /home/nick/Robotics_Projects/furuta1/build/ament_package/build/lib/ament_package/template/package_level
copying ament_package/template/package_level/local_setup.zsh.in -> /home/nick/Robotics_Projects/furuta1/build/ament_package/build/lib/ament_package/template/package_level
copying ament_package/template/prefix_level/local_setup.bash -> /home/nick/Robotics_Projects/furuta1/build/ament_package/build/lib/ament_package/template/prefix_level
copying ament_package/template/prefix_level/setup.zsh -> /home/nick/Robotics_Projects/furuta1/build/ament_package/build/lib/ament_package/template/prefix_level
copying ament_package/template/prefix_level/__init__.py -> /home/nick/Robotics_Projects/furuta1/build/ament_package/build/lib/ament_package/template/prefix_level
copying ament_package/template/prefix_level/setup.bash -> /home/nick/Robotics_Projects/furuta1/build/ament_package/build/lib/ament_package/template/prefix_level
copying ament_package/template/prefix_level/local_setup.bat.in -> /home/nick/Robotics_Projects/furuta1/build/ament_package/build/lib/ament_package/template/prefix_level
copying ament_package/template/prefix_level/local_setup.sh.in -> /home/nick/Robotics_Projects/furuta1/build/ament_package/build/lib/ament_package/template/prefix_level
copying ament_package/template/prefix_level/_local_setup_util.py -> /home/nick/Robotics_Projects/furuta1/build/ament_package/build/lib/ament_package/template/prefix_level
copying ament_package/template/prefix_level/setup.bat.in -> /home/nick/Robotics_Projects/furuta1/build/ament_package/build/lib/ament_package/template/prefix_level
copying ament_package/template/prefix_level/setup.sh.in -> /home/nick/Robotics_Projects/furuta1/build/ament_package/build/lib/ament_package/template/prefix_level
copying ament_package/template/prefix_level/local_setup.zsh -> /home/nick/Robotics_Projects/furuta1/build/ament_package/build/lib/ament_package/template/prefix_level
running install
running install_lib
creating /home/nick/Robotics_Projects/furuta1/install/ament_package/lib/python3.10/site-packages/ament_package
copying /home/nick/Robotics_Projects/furuta1/build/ament_package/build/lib/ament_package/__init__.py -> /home/nick/Robotics_Projects/furuta1/install/ament_package/lib/python3.10/site-packages/ament_package
creating /home/nick/Robotics_Projects/furuta1/install/ament_package/lib/python3.10/site-packages/ament_package/template
copying /home/nick/Robotics_Projects/furuta1/build/ament_package/build/lib/ament_package/template/__init__.py -> /home/nick/Robotics_Projects/furuta1/install/ament_package/lib/python3.10/site-packages/ament_package/template
creating /home/nick/Robotics_Projects/furuta1/install/ament_package/lib/python3.10/site-packages/ament_package/template/isolated_prefix_level
copying /home/nick/Robotics_Projects/furuta1/build/ament_package/build/lib/ament_package/template/isolated_prefix_level/local_setup.bash -> /home/nick/Robotics_Projects/furuta1/install/ament_package/lib/python3.10/site-packages/ament_package/template/isolated_prefix_level
copying /home/nick/Robotics_Projects/furuta1/build/ament_package/build/lib/ament_package/template/isolated_prefix_level/__init__.py -> /home/nick/Robotics_Projects/furuta1/install/ament_package/lib/python3.10/site-packages/ament_package/template/isolated_prefix_level
copying /home/nick/Robotics_Projects/furuta1/build/ament_package/build/lib/ament_package/template/isolated_prefix_level/local_setup.bat.in -> /home/nick/Robotics_Projects/furuta1/install/ament_package/lib/python3.10/site-packages/ament_package/template/isolated_prefix_level
copying /home/nick/Robotics_Projects/furuta1/build/ament_package/build/lib/ament_package/template/isolated_prefix_level/local_setup.sh.in -> /home/nick/Robotics_Projects/furuta1/install/ament_package/lib/python3.10/site-packages/ament_package/template/isolated_prefix_level
copying /home/nick/Robotics_Projects/furuta1/build/ament_package/build/lib/ament_package/template/isolated_prefix_level/local_setup.zsh -> /home/nick/Robotics_Projects/furuta1/install/ament_package/lib/python3.10/site-packages/ament_package/template/isolated_prefix_level
copying /home/nick/Robotics_Projects/furuta1/build/ament_package/build/lib/ament_package/template/isolated_prefix_level/_order_isolated_packages.py -> /home/nick/Robotics_Projects/furuta1/install/ament_package/lib/python3.10/site-packages/ament_package/template/isolated_prefix_level
creating /home/nick/Robotics_Projects/furuta1/install/ament_package/lib/python3.10/site-packages/ament_package/template/package_level
copying /home/nick/Robotics_Projects/furuta1/build/ament_package/build/lib/ament_package/template/package_level/__init__.py -> /home/nick/Robotics_Projects/furuta1/install/ament_package/lib/python3.10/site-packages/ament_package/template/package_level
copying /home/nick/Robotics_Projects/furuta1/build/ament_package/build/lib/ament_package/template/package_level/local_setup.bat.in -> /home/nick/Robotics_Projects/furuta1/install/ament_package/lib/python3.10/site-packages/ament_package/template/package_level
copying /home/nick/Robotics_Projects/furuta1/build/ament_package/build/lib/ament_package/template/package_level/local_setup.sh.in -> /home/nick/Robotics_Projects/furuta1/install/ament_package/lib/python3.10/site-packages/ament_package/template/package_level
copying /home/nick/Robotics_Projects/furuta1/build/ament_package/build/lib/ament_package/template/package_level/local_setup.bash.in -> /home/nick/Robotics_Projects/furuta1/install/ament_package/lib/python3.10/site-packages/ament_package/template/package_level
copying /home/nick/Robotics_Projects/furuta1/build/ament_package/build/lib/ament_package/template/package_level/local_setup.zsh.in -> /home/nick/Robotics_Projects/furuta1/install/ament_package/lib/python3.10/site-packages/ament_package/template/package_level
creating /home/nick/Robotics_Projects/furuta1/install/ament_package/lib/python3.10/site-packages/ament_package/template/prefix_level
copying /home/nick/Robotics_Projects/furuta1/build/ament_package/build/lib/ament_package/template/prefix_level/local_setup.bash -> /home/nick/Robotics_Projects/furuta1/install/ament_package/lib/python3.10/site-packages/ament_package/template/prefix_level
copying /home/nick/Robotics_Projects/furuta1/build/ament_package/build/lib/ament_package/template/prefix_level/setup.zsh -> /home/nick/Robotics_Projects/furuta1/install/ament_package/lib/python3.10/site-packages/ament_package/template/prefix_level
copying /home/nick/Robotics_Projects/furuta1/build/ament_package/build/lib/ament_package/template/prefix_level/__init__.py -> /home/nick/Robotics_Projects/furuta1/install/ament_package/lib/python3.10/site-packages/ament_package/template/prefix_level
copying /home/nick/Robotics_Projects/furuta1/build/ament_package/build/lib/ament_package/template/prefix_level/setup.bash -> /home/nick/Robotics_Projects/furuta1/install/ament_package/lib/python3.10/site-packages/ament_package/template/prefix_level
copying /home/nick/Robotics_Projects/furuta1/build/ament_package/build/lib/ament_package/template/prefix_level/local_setup.bat.in -> /home/nick/Robotics_Projects/furuta1/install/ament_package/lib/python3.10/site-packages/ament_package/template/prefix_level
copying /home/nick/Robotics_Projects/furuta1/build/ament_package/build/lib/ament_package/template/prefix_level/local_setup.sh.in -> /home/nick/Robotics_Projects/furuta1/install/ament_package/lib/python3.10/site-packages/ament_package/template/prefix_level
copying /home/nick/Robotics_Projects/furuta1/build/ament_package/build/lib/ament_package/template/prefix_level/_local_setup_util.py -> /home/nick/Robotics_Projects/furuta1/install/ament_package/lib/python3.10/site-packages/ament_package/template/prefix_level
copying /home/nick/Robotics_Projects/furuta1/build/ament_package/build/lib/ament_package/template/prefix_level/setup.bat.in -> /home/nick/Robotics_Projects/furuta1/install/ament_package/lib/python3.10/site-packages/ament_package/template/prefix_level
copying /home/nick/Robotics_Projects/furuta1/build/ament_package/build/lib/ament_package/template/prefix_level/setup.sh.in -> /home/nick/Robotics_Projects/furuta1/install/ament_package/lib/python3.10/site-packages/ament_package/template/prefix_level
copying /home/nick/Robotics_Projects/furuta1/build/ament_package/build/lib/ament_package/template/prefix_level/local_setup.zsh -> /home/nick/Robotics_Projects/furuta1/install/ament_package/lib/python3.10/site-packages/ament_package/template/prefix_level
creating /home/nick/Robotics_Projects/furuta1/install/ament_package/lib/python3.10/site-packages/ament_package/template/environment_hook
copying /home/nick/Robotics_Projects/furuta1/build/ament_package/build/lib/ament_package/template/environment_hook/ament_prefix_path.sh -> /home/nick/Robotics_Projects/furuta1/install/ament_package/lib/python3.10/site-packages/ament_package/template/environment_hook
copying /home/nick/Robotics_Projects/furuta1/build/ament_package/build/lib/ament_package/template/environment_hook/__init__.py -> /home/nick/Robotics_Projects/furuta1/install/ament_package/lib/python3.10/site-packages/ament_package/template/environment_hook
copying /home/nick/Robotics_Projects/furuta1/build/ament_package/build/lib/ament_package/template/environment_hook/pythonpath.sh.in -> /home/nick/Robotics_Projects/furuta1/install/ament_package/lib/python3.10/site-packages/ament_package/template/environment_hook
copying /home/nick/Robotics_Projects/furuta1/build/ament_package/build/lib/ament_package/template/environment_hook/pkg_config_path.sh -> /home/nick/Robotics_Projects/furuta1/install/ament_package/lib/python3.10/site-packages/ament_package/template/environment_hook
copying /home/nick/Robotics_Projects/furuta1/build/ament_package/build/lib/ament_package/template/environment_hook/pkg_config_path.bat -> /home/nick/Robotics_Projects/furuta1/install/ament_package/lib/python3.10/site-packages/ament_package/template/environment_hook
copying /home/nick/Robotics_Projects/furuta1/build/ament_package/build/lib/ament_package/template/environment_hook/pythonpath.bat.in -> /home/nick/Robotics_Projects/furuta1/install/ament_package/lib/python3.10/site-packages/ament_package/template/environment_hook
copying /home/nick/Robotics_Projects/furuta1/build/ament_package/build/lib/ament_package/template/environment_hook/library_path.sh -> /home/nick/Robotics_Projects/furuta1/install/ament_package/lib/python3.10/site-packages/ament_package/template/environment_hook
copying /home/nick/Robotics_Projects/furuta1/build/ament_package/build/lib/ament_package/template/environment_hook/ament_prefix_path.bat -> /home/nick/Robotics_Projects/furuta1/install/ament_package/lib/python3.10/site-packages/ament_package/template/environment_hook
copying /home/nick/Robotics_Projects/furuta1/build/ament_package/build/lib/ament_package/template/environment_hook/path.bat -> /home/nick/Robotics_Projects/furuta1/install/ament_package/lib/python3.10/site-packages/ament_package/template/environment_hook
copying /home/nick/Robotics_Projects/furuta1/build/ament_package/build/lib/ament_package/template/environment_hook/path.sh -> /home/nick/Robotics_Projects/furuta1/install/ament_package/lib/python3.10/site-packages/ament_package/template/environment_hook
copying /home/nick/Robotics_Projects/furuta1/build/ament_package/build/lib/ament_package/templates.py -> /home/nick/Robotics_Projects/furuta1/install/ament_package/lib/python3.10/site-packages/ament_package
byte-compiling /home/nick/Robotics_Projects/furuta1/install/ament_package/lib/python3.10/site-packages/ament_package/__init__.py to __init__.cpython-310.pyc
byte-compiling /home/nick/Robotics_Projects/furuta1/install/ament_package/lib/python3.10/site-packages/ament_package/template/__init__.py to __init__.cpython-310.pyc
byte-compiling /home/nick/Robotics_Projects/furuta1/install/ament_package/lib/python3.10/site-packages/ament_package/template/isolated_prefix_level/__init__.py to __init__.cpython-310.pyc
byte-compiling /home/nick/Robotics_Projects/furuta1/install/ament_package/lib/python3.10/site-packages/ament_package/template/isolated_prefix_level/_order_isolated_packages.py to _order_isolated_packages.cpython-310.pyc
byte-compiling /home/nick/Robotics_Projects/furuta1/install/ament_package/lib/python3.10/site-packages/ament_package/template/package_level/__init__.py to __init__.cpython-310.pyc
byte-compiling /home/nick/Robotics_Projects/furuta1/install/ament_package/lib/python3.10/site-packages/ament_package/template/prefix_level/__init__.py to __init__.cpython-310.pyc
byte-compiling /home/nick/Robotics_Projects/furuta1/install/ament_package/lib/python3.10/site-packages/ament_package/template/prefix_level/_local_setup_util.py to _local_setup_util.cpython-310.pyc
byte-compiling /home/nick/Robotics_Projects/furuta1/install/ament_package/lib/python3.10/site-packages/ament_package/template/environment_hook/__init__.py to __init__.cpython-310.pyc
byte-compiling /home/nick/Robotics_Projects/furuta1/install/ament_package/lib/python3.10/site-packages/ament_package/templates.py to templates.cpython-310.pyc
running install_data
copying package.xml -> /home/nick/Robotics_Projects/furuta1/install/ament_package/share/ament_package
copying resource/ament_package -> /home/nick/Robotics_Projects/furuta1/install/ament_package/share/ament_index/resource_index/packages
running install_egg_info
Copying ../../../build/ament_package/ament_package.egg-info to /home/nick/Robotics_Projects/furuta1/install/ament_package/lib/python3.10/site-packages/ament_package-0.14.0-py3.10.egg-info
running install_scripts
writing list of installed files to '/home/nick/Robotics_Projects/furuta1/build/ament_package/install.log'
