[0.751s] Invoking command in '/home/nick/Robotics_Projects/furuta1/build/ament_package': PYTHONPATH=/home/nick/Robotics_Projects/furuta1/build/ament_package/prefix_override:/home/nick/Robotics_Projects/furuta1/install/ament_package/lib/python3.10/site-packages:${PYTHONPATH} /usr/bin/python3 -W ignore:setup.py install is deprecated setup.py develop --uninstall --editable --build-directory /home/nick/Robotics_Projects/furuta1/build/ament_package/build
[0.885s] running develop
[0.885s] /home/nick/.local/lib/python3.10/site-packages/setuptools/command/develop.py:39: EasyInstallDeprecationWarning: easy_install command is deprecated.
[0.885s] !!
[0.885s] 
[0.885s]         ********************************************************************************
[0.885s]         Please avoid running ``setup.py`` and ``easy_install``.
[0.885s]         Instead, use pypa/build, pypa/installer or other
[0.885s]         standards-based tools.
[0.885s] 
[0.885s]         See https://github.com/pypa/setuptools/issues/917 for details.
[0.886s]         ********************************************************************************
[0.886s] 
[0.886s] !!
[0.886s]   easy_install.initialize_options(self)
[0.965s] Removing /home/nick/Robotics_Projects/furuta1/install/ament_package/lib/python3.10/site-packages/ament_package.egg-link (link to .)
[0.982s] Invoked command in '/home/nick/Robotics_Projects/furuta1/build/ament_package' returned '0': PYTHONPATH=/home/nick/Robotics_Projects/furuta1/build/ament_package/prefix_override:/home/nick/Robotics_Projects/furuta1/install/ament_package/lib/python3.10/site-packages:${PYTHONPATH} /usr/bin/python3 -W ignore:setup.py install is deprecated setup.py develop --uninstall --editable --build-directory /home/nick/Robotics_Projects/furuta1/build/ament_package/build
[0.982s] Invoking command in '/home/nick/Robotics_Projects/furuta1/src/ament/ament_package': PYTHONPATH=/home/nick/Robotics_Projects/furuta1/build/ament_package/prefix_override:/home/nick/Robotics_Projects/furuta1/install/ament_package/lib/python3.10/site-packages:${PYTHONPATH} /usr/bin/python3 -W ignore:setup.py install is deprecated setup.py egg_info --egg-base ../../../build/ament_package build --build-base /home/nick/Robotics_Projects/furuta1/build/ament_package/build install --record /home/nick/Robotics_Projects/furuta1/build/ament_package/install.log --single-version-externally-managed install_data --force
[1.084s] running egg_info
[1.089s] writing ../../../build/ament_package/ament_package.egg-info/PKG-INFO
[1.089s] writing dependency_links to ../../../build/ament_package/ament_package.egg-info/dependency_links.txt
[1.089s] writing top-level names to ../../../build/ament_package/ament_package.egg-info/top_level.txt
[1.102s] reading manifest file '../../../build/ament_package/ament_package.egg-info/SOURCES.txt'
[1.102s] adding license file 'LICENSE'
[1.102s] writing manifest file '../../../build/ament_package/ament_package.egg-info/SOURCES.txt'
[1.102s] running build
[1.103s] running build_py
[1.103s] creating /home/nick/Robotics_Projects/furuta1/build/ament_package/build
[1.103s] creating /home/nick/Robotics_Projects/furuta1/build/ament_package/build/lib
[1.103s] creating /home/nick/Robotics_Projects/furuta1/build/ament_package/build/lib/ament_package
[1.103s] copying ament_package/__init__.py -> /home/nick/Robotics_Projects/furuta1/build/ament_package/build/lib/ament_package
[1.103s] copying ament_package/templates.py -> /home/nick/Robotics_Projects/furuta1/build/ament_package/build/lib/ament_package
[1.103s] creating /home/nick/Robotics_Projects/furuta1/build/ament_package/build/lib/ament_package/template
[1.103s] copying ament_package/template/__init__.py -> /home/nick/Robotics_Projects/furuta1/build/ament_package/build/lib/ament_package/template
[1.103s] creating /home/nick/Robotics_Projects/furuta1/build/ament_package/build/lib/ament_package/template/isolated_prefix_level
[1.103s] copying ament_package/template/isolated_prefix_level/__init__.py -> /home/nick/Robotics_Projects/furuta1/build/ament_package/build/lib/ament_package/template/isolated_prefix_level
[1.103s] copying ament_package/template/isolated_prefix_level/_order_isolated_packages.py -> /home/nick/Robotics_Projects/furuta1/build/ament_package/build/lib/ament_package/template/isolated_prefix_level
[1.103s] creating /home/nick/Robotics_Projects/furuta1/build/ament_package/build/lib/ament_package/template/package_level
[1.103s] copying ament_package/template/package_level/__init__.py -> /home/nick/Robotics_Projects/furuta1/build/ament_package/build/lib/ament_package/template/package_level
[1.104s] creating /home/nick/Robotics_Projects/furuta1/build/ament_package/build/lib/ament_package/template/prefix_level
[1.104s] copying ament_package/template/prefix_level/__init__.py -> /home/nick/Robotics_Projects/furuta1/build/ament_package/build/lib/ament_package/template/prefix_level
[1.104s] copying ament_package/template/prefix_level/_local_setup_util.py -> /home/nick/Robotics_Projects/furuta1/build/ament_package/build/lib/ament_package/template/prefix_level
[1.104s] creating /home/nick/Robotics_Projects/furuta1/build/ament_package/build/lib/ament_package/template/environment_hook
[1.104s] copying ament_package/template/environment_hook/__init__.py -> /home/nick/Robotics_Projects/furuta1/build/ament_package/build/lib/ament_package/template/environment_hook
[1.105s] copying ament_package/template/environment_hook/ament_prefix_path.sh -> /home/nick/Robotics_Projects/furuta1/build/ament_package/build/lib/ament_package/template/environment_hook
[1.105s] copying ament_package/template/environment_hook/__init__.py -> /home/nick/Robotics_Projects/furuta1/build/ament_package/build/lib/ament_package/template/environment_hook
[1.105s] copying ament_package/template/environment_hook/pythonpath.sh.in -> /home/nick/Robotics_Projects/furuta1/build/ament_package/build/lib/ament_package/template/environment_hook
[1.105s] copying ament_package/template/environment_hook/pkg_config_path.sh -> /home/nick/Robotics_Projects/furuta1/build/ament_package/build/lib/ament_package/template/environment_hook
[1.105s] copying ament_package/template/environment_hook/pkg_config_path.bat -> /home/nick/Robotics_Projects/furuta1/build/ament_package/build/lib/ament_package/template/environment_hook
[1.105s] copying ament_package/template/environment_hook/pythonpath.bat.in -> /home/nick/Robotics_Projects/furuta1/build/ament_package/build/lib/ament_package/template/environment_hook
[1.105s] copying ament_package/template/environment_hook/library_path.sh -> /home/nick/Robotics_Projects/furuta1/build/ament_package/build/lib/ament_package/template/environment_hook
[1.105s] copying ament_package/template/environment_hook/ament_prefix_path.bat -> /home/nick/Robotics_Projects/furuta1/build/ament_package/build/lib/ament_package/template/environment_hook
[1.105s] copying ament_package/template/environment_hook/path.bat -> /home/nick/Robotics_Projects/furuta1/build/ament_package/build/lib/ament_package/template/environment_hook
[1.105s] copying ament_package/template/environment_hook/path.sh -> /home/nick/Robotics_Projects/furuta1/build/ament_package/build/lib/ament_package/template/environment_hook
[1.105s] copying ament_package/template/isolated_prefix_level/local_setup.bash -> /home/nick/Robotics_Projects/furuta1/build/ament_package/build/lib/ament_package/template/isolated_prefix_level
[1.105s] copying ament_package/template/isolated_prefix_level/__init__.py -> /home/nick/Robotics_Projects/furuta1/build/ament_package/build/lib/ament_package/template/isolated_prefix_level
[1.105s] copying ament_package/template/isolated_prefix_level/local_setup.bat.in -> /home/nick/Robotics_Projects/furuta1/build/ament_package/build/lib/ament_package/template/isolated_prefix_level
[1.106s] copying ament_package/template/isolated_prefix_level/local_setup.sh.in -> /home/nick/Robotics_Projects/furuta1/build/ament_package/build/lib/ament_package/template/isolated_prefix_level
[1.106s] copying ament_package/template/isolated_prefix_level/local_setup.zsh -> /home/nick/Robotics_Projects/furuta1/build/ament_package/build/lib/ament_package/template/isolated_prefix_level
[1.106s] copying ament_package/template/isolated_prefix_level/_order_isolated_packages.py -> /home/nick/Robotics_Projects/furuta1/build/ament_package/build/lib/ament_package/template/isolated_prefix_level
[1.106s] copying ament_package/template/package_level/__init__.py -> /home/nick/Robotics_Projects/furuta1/build/ament_package/build/lib/ament_package/template/package_level
[1.106s] copying ament_package/template/package_level/local_setup.bat.in -> /home/nick/Robotics_Projects/furuta1/build/ament_package/build/lib/ament_package/template/package_level
[1.106s] copying ament_package/template/package_level/local_setup.sh.in -> /home/nick/Robotics_Projects/furuta1/build/ament_package/build/lib/ament_package/template/package_level
[1.106s] copying ament_package/template/package_level/local_setup.bash.in -> /home/nick/Robotics_Projects/furuta1/build/ament_package/build/lib/ament_package/template/package_level
[1.106s] copying ament_package/template/package_level/local_setup.zsh.in -> /home/nick/Robotics_Projects/furuta1/build/ament_package/build/lib/ament_package/template/package_level
[1.106s] copying ament_package/template/prefix_level/local_setup.bash -> /home/nick/Robotics_Projects/furuta1/build/ament_package/build/lib/ament_package/template/prefix_level
[1.106s] copying ament_package/template/prefix_level/setup.zsh -> /home/nick/Robotics_Projects/furuta1/build/ament_package/build/lib/ament_package/template/prefix_level
[1.106s] copying ament_package/template/prefix_level/__init__.py -> /home/nick/Robotics_Projects/furuta1/build/ament_package/build/lib/ament_package/template/prefix_level
[1.107s] copying ament_package/template/prefix_level/setup.bash -> /home/nick/Robotics_Projects/furuta1/build/ament_package/build/lib/ament_package/template/prefix_level
[1.107s] copying ament_package/template/prefix_level/local_setup.bat.in -> /home/nick/Robotics_Projects/furuta1/build/ament_package/build/lib/ament_package/template/prefix_level
[1.107s] copying ament_package/template/prefix_level/local_setup.sh.in -> /home/nick/Robotics_Projects/furuta1/build/ament_package/build/lib/ament_package/template/prefix_level
[1.107s] copying ament_package/template/prefix_level/_local_setup_util.py -> /home/nick/Robotics_Projects/furuta1/build/ament_package/build/lib/ament_package/template/prefix_level
[1.107s] copying ament_package/template/prefix_level/setup.bat.in -> /home/nick/Robotics_Projects/furuta1/build/ament_package/build/lib/ament_package/template/prefix_level
[1.107s] copying ament_package/template/prefix_level/setup.sh.in -> /home/nick/Robotics_Projects/furuta1/build/ament_package/build/lib/ament_package/template/prefix_level
[1.107s] copying ament_package/template/prefix_level/local_setup.zsh -> /home/nick/Robotics_Projects/furuta1/build/ament_package/build/lib/ament_package/template/prefix_level
[1.107s] running install
[1.110s] running install_lib
[1.116s] creating /home/nick/Robotics_Projects/furuta1/install/ament_package/lib/python3.10/site-packages/ament_package
[1.116s] copying /home/nick/Robotics_Projects/furuta1/build/ament_package/build/lib/ament_package/__init__.py -> /home/nick/Robotics_Projects/furuta1/install/ament_package/lib/python3.10/site-packages/ament_package
[1.116s] creating /home/nick/Robotics_Projects/furuta1/install/ament_package/lib/python3.10/site-packages/ament_package/template
[1.116s] copying /home/nick/Robotics_Projects/furuta1/build/ament_package/build/lib/ament_package/template/__init__.py -> /home/nick/Robotics_Projects/furuta1/install/ament_package/lib/python3.10/site-packages/ament_package/template
[1.116s] creating /home/nick/Robotics_Projects/furuta1/install/ament_package/lib/python3.10/site-packages/ament_package/template/isolated_prefix_level
[1.116s] copying /home/nick/Robotics_Projects/furuta1/build/ament_package/build/lib/ament_package/template/isolated_prefix_level/local_setup.bash -> /home/nick/Robotics_Projects/furuta1/install/ament_package/lib/python3.10/site-packages/ament_package/template/isolated_prefix_level
[1.116s] copying /home/nick/Robotics_Projects/furuta1/build/ament_package/build/lib/ament_package/template/isolated_prefix_level/__init__.py -> /home/nick/Robotics_Projects/furuta1/install/ament_package/lib/python3.10/site-packages/ament_package/template/isolated_prefix_level
[1.116s] copying /home/nick/Robotics_Projects/furuta1/build/ament_package/build/lib/ament_package/template/isolated_prefix_level/local_setup.bat.in -> /home/nick/Robotics_Projects/furuta1/install/ament_package/lib/python3.10/site-packages/ament_package/template/isolated_prefix_level
[1.116s] copying /home/nick/Robotics_Projects/furuta1/build/ament_package/build/lib/ament_package/template/isolated_prefix_level/local_setup.sh.in -> /home/nick/Robotics_Projects/furuta1/install/ament_package/lib/python3.10/site-packages/ament_package/template/isolated_prefix_level
[1.116s] copying /home/nick/Robotics_Projects/furuta1/build/ament_package/build/lib/ament_package/template/isolated_prefix_level/local_setup.zsh -> /home/nick/Robotics_Projects/furuta1/install/ament_package/lib/python3.10/site-packages/ament_package/template/isolated_prefix_level
[1.116s] copying /home/nick/Robotics_Projects/furuta1/build/ament_package/build/lib/ament_package/template/isolated_prefix_level/_order_isolated_packages.py -> /home/nick/Robotics_Projects/furuta1/install/ament_package/lib/python3.10/site-packages/ament_package/template/isolated_prefix_level
[1.116s] creating /home/nick/Robotics_Projects/furuta1/install/ament_package/lib/python3.10/site-packages/ament_package/template/package_level
[1.116s] copying /home/nick/Robotics_Projects/furuta1/build/ament_package/build/lib/ament_package/template/package_level/__init__.py -> /home/nick/Robotics_Projects/furuta1/install/ament_package/lib/python3.10/site-packages/ament_package/template/package_level
[1.116s] copying /home/nick/Robotics_Projects/furuta1/build/ament_package/build/lib/ament_package/template/package_level/local_setup.bat.in -> /home/nick/Robotics_Projects/furuta1/install/ament_package/lib/python3.10/site-packages/ament_package/template/package_level
[1.116s] copying /home/nick/Robotics_Projects/furuta1/build/ament_package/build/lib/ament_package/template/package_level/local_setup.sh.in -> /home/nick/Robotics_Projects/furuta1/install/ament_package/lib/python3.10/site-packages/ament_package/template/package_level
[1.117s] copying /home/nick/Robotics_Projects/furuta1/build/ament_package/build/lib/ament_package/template/package_level/local_setup.bash.in -> /home/nick/Robotics_Projects/furuta1/install/ament_package/lib/python3.10/site-packages/ament_package/template/package_level
[1.117s] copying /home/nick/Robotics_Projects/furuta1/build/ament_package/build/lib/ament_package/template/package_level/local_setup.zsh.in -> /home/nick/Robotics_Projects/furuta1/install/ament_package/lib/python3.10/site-packages/ament_package/template/package_level
[1.117s] creating /home/nick/Robotics_Projects/furuta1/install/ament_package/lib/python3.10/site-packages/ament_package/template/prefix_level
[1.117s] copying /home/nick/Robotics_Projects/furuta1/build/ament_package/build/lib/ament_package/template/prefix_level/local_setup.bash -> /home/nick/Robotics_Projects/furuta1/install/ament_package/lib/python3.10/site-packages/ament_package/template/prefix_level
[1.117s] copying /home/nick/Robotics_Projects/furuta1/build/ament_package/build/lib/ament_package/template/prefix_level/setup.zsh -> /home/nick/Robotics_Projects/furuta1/install/ament_package/lib/python3.10/site-packages/ament_package/template/prefix_level
[1.117s] copying /home/nick/Robotics_Projects/furuta1/build/ament_package/build/lib/ament_package/template/prefix_level/__init__.py -> /home/nick/Robotics_Projects/furuta1/install/ament_package/lib/python3.10/site-packages/ament_package/template/prefix_level
[1.117s] copying /home/nick/Robotics_Projects/furuta1/build/ament_package/build/lib/ament_package/template/prefix_level/setup.bash -> /home/nick/Robotics_Projects/furuta1/install/ament_package/lib/python3.10/site-packages/ament_package/template/prefix_level
[1.117s] copying /home/nick/Robotics_Projects/furuta1/build/ament_package/build/lib/ament_package/template/prefix_level/local_setup.bat.in -> /home/nick/Robotics_Projects/furuta1/install/ament_package/lib/python3.10/site-packages/ament_package/template/prefix_level
[1.117s] copying /home/nick/Robotics_Projects/furuta1/build/ament_package/build/lib/ament_package/template/prefix_level/local_setup.sh.in -> /home/nick/Robotics_Projects/furuta1/install/ament_package/lib/python3.10/site-packages/ament_package/template/prefix_level
[1.117s] copying /home/nick/Robotics_Projects/furuta1/build/ament_package/build/lib/ament_package/template/prefix_level/_local_setup_util.py -> /home/nick/Robotics_Projects/furuta1/install/ament_package/lib/python3.10/site-packages/ament_package/template/prefix_level
[1.117s] copying /home/nick/Robotics_Projects/furuta1/build/ament_package/build/lib/ament_package/template/prefix_level/setup.bat.in -> /home/nick/Robotics_Projects/furuta1/install/ament_package/lib/python3.10/site-packages/ament_package/template/prefix_level
[1.117s] copying /home/nick/Robotics_Projects/furuta1/build/ament_package/build/lib/ament_package/template/prefix_level/setup.sh.in -> /home/nick/Robotics_Projects/furuta1/install/ament_package/lib/python3.10/site-packages/ament_package/template/prefix_level
[1.117s] copying /home/nick/Robotics_Projects/furuta1/build/ament_package/build/lib/ament_package/template/prefix_level/local_setup.zsh -> /home/nick/Robotics_Projects/furuta1/install/ament_package/lib/python3.10/site-packages/ament_package/template/prefix_level
[1.117s] creating /home/nick/Robotics_Projects/furuta1/install/ament_package/lib/python3.10/site-packages/ament_package/template/environment_hook
[1.117s] copying /home/nick/Robotics_Projects/furuta1/build/ament_package/build/lib/ament_package/template/environment_hook/ament_prefix_path.sh -> /home/nick/Robotics_Projects/furuta1/install/ament_package/lib/python3.10/site-packages/ament_package/template/environment_hook
[1.118s] copying /home/nick/Robotics_Projects/furuta1/build/ament_package/build/lib/ament_package/template/environment_hook/__init__.py -> /home/nick/Robotics_Projects/furuta1/install/ament_package/lib/python3.10/site-packages/ament_package/template/environment_hook
[1.118s] copying /home/nick/Robotics_Projects/furuta1/build/ament_package/build/lib/ament_package/template/environment_hook/pythonpath.sh.in -> /home/nick/Robotics_Projects/furuta1/install/ament_package/lib/python3.10/site-packages/ament_package/template/environment_hook
[1.118s] copying /home/nick/Robotics_Projects/furuta1/build/ament_package/build/lib/ament_package/template/environment_hook/pkg_config_path.sh -> /home/nick/Robotics_Projects/furuta1/install/ament_package/lib/python3.10/site-packages/ament_package/template/environment_hook
[1.118s] copying /home/nick/Robotics_Projects/furuta1/build/ament_package/build/lib/ament_package/template/environment_hook/pkg_config_path.bat -> /home/nick/Robotics_Projects/furuta1/install/ament_package/lib/python3.10/site-packages/ament_package/template/environment_hook
[1.118s] copying /home/nick/Robotics_Projects/furuta1/build/ament_package/build/lib/ament_package/template/environment_hook/pythonpath.bat.in -> /home/nick/Robotics_Projects/furuta1/install/ament_package/lib/python3.10/site-packages/ament_package/template/environment_hook
[1.118s] copying /home/nick/Robotics_Projects/furuta1/build/ament_package/build/lib/ament_package/template/environment_hook/library_path.sh -> /home/nick/Robotics_Projects/furuta1/install/ament_package/lib/python3.10/site-packages/ament_package/template/environment_hook
[1.118s] copying /home/nick/Robotics_Projects/furuta1/build/ament_package/build/lib/ament_package/template/environment_hook/ament_prefix_path.bat -> /home/nick/Robotics_Projects/furuta1/install/ament_package/lib/python3.10/site-packages/ament_package/template/environment_hook
[1.118s] copying /home/nick/Robotics_Projects/furuta1/build/ament_package/build/lib/ament_package/template/environment_hook/path.bat -> /home/nick/Robotics_Projects/furuta1/install/ament_package/lib/python3.10/site-packages/ament_package/template/environment_hook
[1.118s] copying /home/nick/Robotics_Projects/furuta1/build/ament_package/build/lib/ament_package/template/environment_hook/path.sh -> /home/nick/Robotics_Projects/furuta1/install/ament_package/lib/python3.10/site-packages/ament_package/template/environment_hook
[1.118s] copying /home/nick/Robotics_Projects/furuta1/build/ament_package/build/lib/ament_package/templates.py -> /home/nick/Robotics_Projects/furuta1/install/ament_package/lib/python3.10/site-packages/ament_package
[1.118s] byte-compiling /home/nick/Robotics_Projects/furuta1/install/ament_package/lib/python3.10/site-packages/ament_package/__init__.py to __init__.cpython-310.pyc
[1.119s] byte-compiling /home/nick/Robotics_Projects/furuta1/install/ament_package/lib/python3.10/site-packages/ament_package/template/__init__.py to __init__.cpython-310.pyc
[1.119s] byte-compiling /home/nick/Robotics_Projects/furuta1/install/ament_package/lib/python3.10/site-packages/ament_package/template/isolated_prefix_level/__init__.py to __init__.cpython-310.pyc
[1.119s] byte-compiling /home/nick/Robotics_Projects/furuta1/install/ament_package/lib/python3.10/site-packages/ament_package/template/isolated_prefix_level/_order_isolated_packages.py to _order_isolated_packages.cpython-310.pyc
[1.119s] byte-compiling /home/nick/Robotics_Projects/furuta1/install/ament_package/lib/python3.10/site-packages/ament_package/template/package_level/__init__.py to __init__.cpython-310.pyc
[1.119s] byte-compiling /home/nick/Robotics_Projects/furuta1/install/ament_package/lib/python3.10/site-packages/ament_package/template/prefix_level/__init__.py to __init__.cpython-310.pyc
[1.119s] byte-compiling /home/nick/Robotics_Projects/furuta1/install/ament_package/lib/python3.10/site-packages/ament_package/template/prefix_level/_local_setup_util.py to _local_setup_util.cpython-310.pyc
[1.121s] byte-compiling /home/nick/Robotics_Projects/furuta1/install/ament_package/lib/python3.10/site-packages/ament_package/template/environment_hook/__init__.py to __init__.cpython-310.pyc
[1.121s] byte-compiling /home/nick/Robotics_Projects/furuta1/install/ament_package/lib/python3.10/site-packages/ament_package/templates.py to templates.cpython-310.pyc
[1.121s] running install_data
[1.121s] copying package.xml -> /home/nick/Robotics_Projects/furuta1/install/ament_package/share/ament_package
[1.122s] copying resource/ament_package -> /home/nick/Robotics_Projects/furuta1/install/ament_package/share/ament_index/resource_index/packages
[1.122s] running install_egg_info
[1.127s] Copying ../../../build/ament_package/ament_package.egg-info to /home/nick/Robotics_Projects/furuta1/install/ament_package/lib/python3.10/site-packages/ament_package-0.14.0-py3.10.egg-info
[1.128s] running install_scripts
[1.187s] writing list of installed files to '/home/nick/Robotics_Projects/furuta1/build/ament_package/install.log'
