running develop
/home/nick/.local/lib/python3.10/site-packages/setuptools/command/develop.py:39: EasyInstallDeprecationWarning: easy_install command is deprecated.
!!

        ********************************************************************************
        Please avoid running ``setup.py`` and ``easy_install``.
        Instead, use pypa/build, pypa/installer or other
        standards-based tools.

        See https://github.com/pypa/setuptools/issues/917 for details.
        ********************************************************************************

!!
  easy_install.initialize_options(self)
running egg_info
creating launch_xml.egg-info
writing launch_xml.egg-info/PKG-INFO
writing dependency_links to launch_xml.egg-info/dependency_links.txt
writing entry points to launch_xml.egg-info/entry_points.txt
writing requirements to launch_xml.egg-info/requires.txt
writing top-level names to launch_xml.egg-info/top_level.txt
writing manifest file 'launch_xml.egg-info/SOURCES.txt'
reading manifest file 'launch_xml.egg-info/SOURCES.txt'
writing manifest file 'launch_xml.egg-info/SOURCES.txt'
running build_ext
Creating /home/nick/Robotics_Projects/furuta1/install/launch_xml/lib/python3.10/site-packages/launch_xml.egg-link (link to .)

Installed /home/nick/Robotics_Projects/furuta1/build/launch_xml
running symlink_data
symbolically linking /home/nick/Robotics_Projects/furuta1/build/launch_xml/package.xml -> /home/nick/Robotics_Projects/furuta1/install/launch_xml/share/launch_xml
creating /home/nick/Robotics_Projects/furuta1/install/launch_xml/share/ament_index
creating /home/nick/Robotics_Projects/furuta1/install/launch_xml/share/ament_index/resource_index
creating /home/nick/Robotics_Projects/furuta1/install/launch_xml/share/ament_index/resource_index/packages
symbolically linking /home/nick/Robotics_Projects/furuta1/build/launch_xml/resource/launch_xml -> /home/nick/Robotics_Projects/furuta1/install/launch_xml/share/ament_index/resource_index/packages
