[0.693s] Invoking command in '/home/nick/Robotics_Projects/furuta1/build/launch_xml': AMENT_PREFIX_PATH=/home/nick/Robotics_Projects/furuta1/install/launch:/home/nick/Robotics_Projects/furuta1/install/ament_index_python:/home/nick/Robotics_Projects/furuta1/install/ament_copyright:/home/nick/Robotics_Projects/furuta1/install/ament_pep257:/home/nick/Robotics_Projects/furuta1/install/ament_flake8:/home/nick/Robotics_Projects/furuta1/install/osrf_pycommon:/home/nick/Robotics_Projects/furuta1/install/ament_lint:${AMENT_PREFIX_PATH} PATH=/home/nick/Robotics_Projects/furuta1/install/ament_index_python/bin:/home/nick/Robotics_Projects/furuta1/install/ament_copyright/bin:/home/nick/Robotics_Projects/furuta1/install/ament_pep257/bin:/home/nick/Robotics_Projects/furuta1/install/ament_flake8/bin:${PATH} PYTHONPATH=/home/nick/Robotics_Projects/furuta1/build/launch_xml/prefix_override:/home/nick/Robotics_Projects/furuta1/install/launch_xml/lib/python3.10/site-packages:/home/nick/Robotics_Projects/furuta1/build/launch:/home/nick/Robotics_Projects/furuta1/install/launch/lib/python3.10/site-packages:/home/nick/Robotics_Projects/furuta1/build/ament_index_python:/home/nick/Robotics_Projects/furuta1/install/ament_index_python/lib/python3.10/site-packages:/home/nick/Robotics_Projects/furuta1/build/ament_copyright:/home/nick/Robotics_Projects/furuta1/install/ament_copyright/lib/python3.10/site-packages:/home/nick/Robotics_Projects/furuta1/build/ament_pep257:/home/nick/Robotics_Projects/furuta1/install/ament_pep257/lib/python3.10/site-packages:/home/nick/Robotics_Projects/furuta1/build/ament_flake8:/home/nick/Robotics_Projects/furuta1/install/ament_flake8/lib/python3.10/site-packages:/home/nick/Robotics_Projects/furuta1/build/osrf_pycommon:/home/nick/Robotics_Projects/furuta1/install/osrf_pycommon/lib/python3.10/site-packages:/home/nick/Robotics_Projects/furuta1/build/ament_lint:/home/nick/Robotics_Projects/furuta1/install/ament_lint/lib/python3.10/site-packages:${PYTHONPATH} /usr/bin/python3 -W ignore:setup.py install is deprecated setup.py develop --editable --build-directory /home/nick/Robotics_Projects/furuta1/build/launch_xml/build --no-deps symlink_data
[1.106s] running develop
[1.106s] /home/nick/.local/lib/python3.10/site-packages/setuptools/command/develop.py:39: EasyInstallDeprecationWarning: easy_install command is deprecated.
[1.106s] !!
[1.106s] 
[1.106s]         ********************************************************************************
[1.106s]         Please avoid running ``setup.py`` and ``easy_install``.
[1.106s]         Instead, use pypa/build, pypa/installer or other
[1.106s]         standards-based tools.
[1.106s] 
[1.106s]         See https://github.com/pypa/setuptools/issues/917 for details.
[1.106s]         ********************************************************************************
[1.106s] 
[1.106s] !!
[1.107s]   easy_install.initialize_options(self)
[1.164s] running egg_info
[1.164s] creating launch_xml.egg-info
[1.172s] writing launch_xml.egg-info/PKG-INFO
[1.172s] writing dependency_links to launch_xml.egg-info/dependency_links.txt
[1.173s] writing entry points to launch_xml.egg-info/entry_points.txt
[1.173s] writing requirements to launch_xml.egg-info/requires.txt
[1.173s] writing top-level names to launch_xml.egg-info/top_level.txt
[1.173s] writing manifest file 'launch_xml.egg-info/SOURCES.txt'
[1.191s] reading manifest file 'launch_xml.egg-info/SOURCES.txt'
[1.192s] writing manifest file 'launch_xml.egg-info/SOURCES.txt'
[1.205s] running build_ext
[1.206s] Creating /home/nick/Robotics_Projects/furuta1/install/launch_xml/lib/python3.10/site-packages/launch_xml.egg-link (link to .)
[1.206s] 
[1.206s] Installed /home/nick/Robotics_Projects/furuta1/build/launch_xml
[1.207s] running symlink_data
[1.207s] symbolically linking /home/nick/Robotics_Projects/furuta1/build/launch_xml/package.xml -> /home/nick/Robotics_Projects/furuta1/install/launch_xml/share/launch_xml
[1.207s] creating /home/nick/Robotics_Projects/furuta1/install/launch_xml/share/ament_index
[1.208s] creating /home/nick/Robotics_Projects/furuta1/install/launch_xml/share/ament_index/resource_index
[1.208s] creating /home/nick/Robotics_Projects/furuta1/install/launch_xml/share/ament_index/resource_index/packages
[1.208s] symbolically linking /home/nick/Robotics_Projects/furuta1/build/launch_xml/resource/launch_xml -> /home/nick/Robotics_Projects/furuta1/install/launch_xml/share/ament_index/resource_index/packages
[1.242s] Invoked command in '/home/nick/Robotics_Projects/furuta1/build/launch_xml' returned '0': AMENT_PREFIX_PATH=/home/nick/Robotics_Projects/furuta1/install/launch:/home/nick/Robotics_Projects/furuta1/install/ament_index_python:/home/nick/Robotics_Projects/furuta1/install/ament_copyright:/home/nick/Robotics_Projects/furuta1/install/ament_pep257:/home/nick/Robotics_Projects/furuta1/install/ament_flake8:/home/nick/Robotics_Projects/furuta1/install/osrf_pycommon:/home/nick/Robotics_Projects/furuta1/install/ament_lint:${AMENT_PREFIX_PATH} PATH=/home/nick/Robotics_Projects/furuta1/install/ament_index_python/bin:/home/nick/Robotics_Projects/furuta1/install/ament_copyright/bin:/home/nick/Robotics_Projects/furuta1/install/ament_pep257/bin:/home/nick/Robotics_Projects/furuta1/install/ament_flake8/bin:${PATH} PYTHONPATH=/home/nick/Robotics_Projects/furuta1/build/launch_xml/prefix_override:/home/nick/Robotics_Projects/furuta1/install/launch_xml/lib/python3.10/site-packages:/home/nick/Robotics_Projects/furuta1/build/launch:/home/nick/Robotics_Projects/furuta1/install/launch/lib/python3.10/site-packages:/home/nick/Robotics_Projects/furuta1/build/ament_index_python:/home/nick/Robotics_Projects/furuta1/install/ament_index_python/lib/python3.10/site-packages:/home/nick/Robotics_Projects/furuta1/build/ament_copyright:/home/nick/Robotics_Projects/furuta1/install/ament_copyright/lib/python3.10/site-packages:/home/nick/Robotics_Projects/furuta1/build/ament_pep257:/home/nick/Robotics_Projects/furuta1/install/ament_pep257/lib/python3.10/site-packages:/home/nick/Robotics_Projects/furuta1/build/ament_flake8:/home/nick/Robotics_Projects/furuta1/install/ament_flake8/lib/python3.10/site-packages:/home/nick/Robotics_Projects/furuta1/build/osrf_pycommon:/home/nick/Robotics_Projects/furuta1/install/osrf_pycommon/lib/python3.10/site-packages:/home/nick/Robotics_Projects/furuta1/build/ament_lint:/home/nick/Robotics_Projects/furuta1/install/ament_lint/lib/python3.10/site-packages:${PYTHONPATH} /usr/bin/python3 -W ignore:setup.py install is deprecated setup.py develop --editable --build-directory /home/nick/Robotics_Projects/furuta1/build/launch_xml/build --no-deps symlink_data
