-- The C compiler identification is GNU 11.4.0
-- The CXX compiler identification is GNU 11.4.0
-- Detecting C compiler ABI info
-- Detecting C compiler ABI info - done
-- Check for working C compiler: /usr/bin/cc - skipped
-- Detecting C compile features
-- Detecting C compile features - done
-- Detecting CXX compiler ABI info
-- Detecting CXX compiler ABI info - done
-- Check for working CXX compiler: /usr/bin/c++ - skipped
-- Detecting CXX compile features
-- Detecting CXX compile features - done
-- Found ament_cmake: 1.3.8 (/home/nick/Robotics_Projects/furuta1/install/ament_cmake/share/ament_cmake/cmake)
-- Found Python3: /usr/bin/python3 (found version "3.10.12") found components: Interpreter 
-- Override CMake install command with custom implementation using symlinks instead of copying resources
-- Found yaml-cpp 0.7.0 in path /usr/lib/x86_64-linux-gnu/cmake/yaml-cpp/yaml-cpp-config.cmake
-- Configuring done
-- Generating done
-- Build files have been written to: /home/nick/Robotics_Projects/furuta1/build/yaml_cpp_vendor
-- Install configuration: ""
-- Execute custom install script
-- Symlinking: /home/nick/Robotics_Projects/furuta1/install/yaml_cpp_vendor/share/ament_index/resource_index/package_run_dependencies/yaml_cpp_vendor
-- Symlinking: /home/nick/Robotics_Projects/furuta1/install/yaml_cpp_vendor/share/ament_index/resource_index/parent_prefix_path/yaml_cpp_vendor
-- Symlinking: /home/nick/Robotics_Projects/furuta1/install/yaml_cpp_vendor/share/yaml_cpp_vendor/environment/ament_prefix_path.sh
-- Symlinking: /home/nick/Robotics_Projects/furuta1/install/yaml_cpp_vendor/share/yaml_cpp_vendor/environment/ament_prefix_path.dsv
-- Symlinking: /home/nick/Robotics_Projects/furuta1/install/yaml_cpp_vendor/share/yaml_cpp_vendor/environment/path.sh
-- Symlinking: /home/nick/Robotics_Projects/furuta1/install/yaml_cpp_vendor/share/yaml_cpp_vendor/environment/path.dsv
-- Symlinking: /home/nick/Robotics_Projects/furuta1/install/yaml_cpp_vendor/share/yaml_cpp_vendor/local_setup.bash
-- Symlinking: /home/nick/Robotics_Projects/furuta1/install/yaml_cpp_vendor/share/yaml_cpp_vendor/local_setup.sh
-- Symlinking: /home/nick/Robotics_Projects/furuta1/install/yaml_cpp_vendor/share/yaml_cpp_vendor/local_setup.zsh
-- Symlinking: /home/nick/Robotics_Projects/furuta1/install/yaml_cpp_vendor/share/yaml_cpp_vendor/local_setup.dsv
-- Symlinking: /home/nick/Robotics_Projects/furuta1/install/yaml_cpp_vendor/share/yaml_cpp_vendor/package.dsv
-- Symlinking: /home/nick/Robotics_Projects/furuta1/install/yaml_cpp_vendor/share/ament_index/resource_index/packages/yaml_cpp_vendor
-- Symlinking: /home/nick/Robotics_Projects/furuta1/install/yaml_cpp_vendor/share/yaml_cpp_vendor/cmake/yaml_cpp_vendor-extras.cmake
-- Symlinking: /home/nick/Robotics_Projects/furuta1/install/yaml_cpp_vendor/share/yaml_cpp_vendor/cmake/yaml_cpp_vendorConfig.cmake
-- Symlinking: /home/nick/Robotics_Projects/furuta1/install/yaml_cpp_vendor/share/yaml_cpp_vendor/cmake/yaml_cpp_vendorConfig-version.cmake
-- Symlinking: /home/nick/Robotics_Projects/furuta1/install/yaml_cpp_vendor/share/yaml_cpp_vendor/package.xml
