[0.035s] Invoking command in '/home/nick/Robotics_Projects/furuta1/build/ament_cmake_export_dependencies': AMENT_PREFIX_PATH=/home/nick/Robotics_Projects/furuta1/install/ament_cmake_libraries:/home/nick/Robotics_Projects/furuta1/install/ament_cmake_core:/home/nick/Robotics_Projects/furuta1/install/ament_package CMAKE_PREFIX_PATH=/home/nick/Robotics_Projects/furuta1/install/ament_cmake_libraries:/home/nick/Robotics_Projects/furuta1/install/ament_cmake_core PYTHONPATH=/home/nick/Robotics_Projects/furuta1/build/ament_package:/home/nick/Robotics_Projects/furuta1/install/ament_package/lib/python3.10/site-packages /usr/bin/cmake --build /home/nick/Robotics_Projects/furuta1/build/ament_cmake_export_dependencies -- -j16 -l16
[0.058s] Invoked command in '/home/nick/Robotics_Projects/furuta1/build/ament_cmake_export_dependencies' returned '0': AMENT_PREFIX_PATH=/home/nick/Robotics_Projects/furuta1/install/ament_cmake_libraries:/home/nick/Robotics_Projects/furuta1/install/ament_cmake_core:/home/nick/Robotics_Projects/furuta1/install/ament_package CMAKE_PREFIX_PATH=/home/nick/Robotics_Projects/furuta1/install/ament_cmake_libraries:/home/nick/Robotics_Projects/furuta1/install/ament_cmake_core PYTHONPATH=/home/nick/Robotics_Projects/furuta1/build/ament_package:/home/nick/Robotics_Projects/furuta1/install/ament_package/lib/python3.10/site-packages /usr/bin/cmake --build /home/nick/Robotics_Projects/furuta1/build/ament_cmake_export_dependencies -- -j16 -l16
[0.080s] Invoking command in '/home/nick/Robotics_Projects/furuta1/build/ament_cmake_export_dependencies': AMENT_PREFIX_PATH=/home/nick/Robotics_Projects/furuta1/install/ament_cmake_libraries:/home/nick/Robotics_Projects/furuta1/install/ament_cmake_core:/home/nick/Robotics_Projects/furuta1/install/ament_package CMAKE_PREFIX_PATH=/home/nick/Robotics_Projects/furuta1/install/ament_cmake_libraries:/home/nick/Robotics_Projects/furuta1/install/ament_cmake_core PYTHONPATH=/home/nick/Robotics_Projects/furuta1/build/ament_package:/home/nick/Robotics_Projects/furuta1/install/ament_package/lib/python3.10/site-packages /usr/bin/cmake --install /home/nick/Robotics_Projects/furuta1/build/ament_cmake_export_dependencies
[0.086s] -- Install configuration: ""
[0.086s] -- Execute custom install script
[0.086s] -- Up-to-date symlink: /home/nick/Robotics_Projects/furuta1/install/ament_cmake_export_dependencies/share/ament_index/resource_index/package_run_dependencies/ament_cmake_export_dependencies
[0.086s] -- Up-to-date symlink: /home/nick/Robotics_Projects/furuta1/install/ament_cmake_export_dependencies/share/ament_index/resource_index/parent_prefix_path/ament_cmake_export_dependencies
[0.093s] -- Up-to-date symlink: /home/nick/Robotics_Projects/furuta1/install/ament_cmake_export_dependencies/share/ament_cmake_export_dependencies/environment/ament_prefix_path.sh
[0.094s] -- Up-to-date symlink: /home/nick/Robotics_Projects/furuta1/install/ament_cmake_export_dependencies/share/ament_cmake_export_dependencies/environment/ament_prefix_path.dsv
[0.094s] -- Up-to-date symlink: /home/nick/Robotics_Projects/furuta1/install/ament_cmake_export_dependencies/share/ament_cmake_export_dependencies/environment/path.sh
[0.094s] -- Up-to-date symlink: /home/nick/Robotics_Projects/furuta1/install/ament_cmake_export_dependencies/share/ament_cmake_export_dependencies/environment/path.dsv
[0.094s] -- Up-to-date symlink: /home/nick/Robotics_Projects/furuta1/install/ament_cmake_export_dependencies/share/ament_cmake_export_dependencies/local_setup.bash
[0.094s] -- Up-to-date symlink: /home/nick/Robotics_Projects/furuta1/install/ament_cmake_export_dependencies/share/ament_cmake_export_dependencies/local_setup.sh
[0.094s] -- Up-to-date symlink: /home/nick/Robotics_Projects/furuta1/install/ament_cmake_export_dependencies/share/ament_cmake_export_dependencies/local_setup.zsh
[0.094s] -- Up-to-date symlink: /home/nick/Robotics_Projects/furuta1/install/ament_cmake_export_dependencies/share/ament_cmake_export_dependencies/local_setup.dsv
[0.094s] -- Symlinking: /home/nick/Robotics_Projects/furuta1/install/ament_cmake_export_dependencies/share/ament_cmake_export_dependencies/package.dsv
[0.113s] -- Up-to-date symlink: /home/nick/Robotics_Projects/furuta1/install/ament_cmake_export_dependencies/share/ament_index/resource_index/packages/ament_cmake_export_dependencies
[0.113s] -- Up-to-date symlink: /home/nick/Robotics_Projects/furuta1/install/ament_cmake_export_dependencies/share/ament_cmake_export_dependencies/cmake/ament_cmake_export_dependencies-extras.cmake
[0.113s] -- Up-to-date symlink: /home/nick/Robotics_Projects/furuta1/install/ament_cmake_export_dependencies/share/ament_cmake_export_dependencies/cmake/ament_cmake_export_dependenciesConfig.cmake
[0.113s] -- Up-to-date symlink: /home/nick/Robotics_Projects/furuta1/install/ament_cmake_export_dependencies/share/ament_cmake_export_dependencies/cmake/ament_cmake_export_dependenciesConfig-version.cmake
[0.113s] -- Up-to-date symlink: /home/nick/Robotics_Projects/furuta1/install/ament_cmake_export_dependencies/share/ament_cmake_export_dependencies/package.xml
[0.113s] -- Up-to-date symlink: /home/nick/Robotics_Projects/furuta1/install/ament_cmake_export_dependencies/share/ament_cmake_export_dependencies/cmake/ament_cmake_export_dependencies-extras.cmake.in
[0.113s] -- Up-to-date symlink: /home/nick/Robotics_Projects/furuta1/install/ament_cmake_export_dependencies/share/ament_cmake_export_dependencies/cmake/ament_cmake_export_dependencies_package_hook.cmake
[0.113s] -- Up-to-date symlink: /home/nick/Robotics_Projects/furuta1/install/ament_cmake_export_dependencies/share/ament_cmake_export_dependencies/cmake/ament_export_dependencies.cmake
[0.181s] Invoked command in '/home/nick/Robotics_Projects/furuta1/build/ament_cmake_export_dependencies' returned '0': AMENT_PREFIX_PATH=/home/nick/Robotics_Projects/furuta1/install/ament_cmake_libraries:/home/nick/Robotics_Projects/furuta1/install/ament_cmake_core:/home/nick/Robotics_Projects/furuta1/install/ament_package CMAKE_PREFIX_PATH=/home/nick/Robotics_Projects/furuta1/install/ament_cmake_libraries:/home/nick/Robotics_Projects/furuta1/install/ament_cmake_core PYTHONPATH=/home/nick/Robotics_Projects/furuta1/build/ament_package:/home/nick/Robotics_Projects/furuta1/install/ament_package/lib/python3.10/site-packages /usr/bin/cmake --install /home/nick/Robotics_Projects/furuta1/build/ament_cmake_export_dependencies
