-- Found ament_cmake_core: 1.3.8 (/home/nick/Robotics_Projects/furuta1/install/ament_cmake_core/share/ament_cmake_core/cmake)
-- Found Python3: /usr/bin/python3 (found version "3.10.12") found components: Interpreter 
-- Override CMake install command with custom implementation using symlinks instead of copying resources
-- Configuring done
-- Generating done
-- Build files have been written to: /home/nick/Robotics_Projects/furuta1/build/ament_cmake_python
-- Install configuration: ""
-- Execute custom install script
-- Symlinking: /home/nick/Robotics_Projects/furuta1/install/ament_cmake_python/share/ament_index/resource_index/package_run_dependencies/ament_cmake_python
-- Symlinking: /home/nick/Robotics_Projects/furuta1/install/ament_cmake_python/share/ament_index/resource_index/parent_prefix_path/ament_cmake_python
-- Symlinking: /home/nick/Robotics_Projects/furuta1/install/ament_cmake_python/share/ament_cmake_python/environment/ament_prefix_path.sh
-- Symlinking: /home/nick/Robotics_Projects/furuta1/install/ament_cmake_python/share/ament_cmake_python/environment/ament_prefix_path.dsv
-- Symlinking: /home/nick/Robotics_Projects/furuta1/install/ament_cmake_python/share/ament_cmake_python/environment/path.sh
-- Symlinking: /home/nick/Robotics_Projects/furuta1/install/ament_cmake_python/share/ament_cmake_python/environment/path.dsv
-- Symlinking: /home/nick/Robotics_Projects/furuta1/install/ament_cmake_python/share/ament_cmake_python/local_setup.bash
-- Symlinking: /home/nick/Robotics_Projects/furuta1/install/ament_cmake_python/share/ament_cmake_python/local_setup.sh
-- Symlinking: /home/nick/Robotics_Projects/furuta1/install/ament_cmake_python/share/ament_cmake_python/local_setup.zsh
-- Symlinking: /home/nick/Robotics_Projects/furuta1/install/ament_cmake_python/share/ament_cmake_python/local_setup.dsv
-- Symlinking: /home/nick/Robotics_Projects/furuta1/install/ament_cmake_python/share/ament_cmake_python/package.dsv
-- Symlinking: /home/nick/Robotics_Projects/furuta1/install/ament_cmake_python/share/ament_index/resource_index/packages/ament_cmake_python
-- Symlinking: /home/nick/Robotics_Projects/furuta1/install/ament_cmake_python/share/ament_cmake_python/cmake/ament_cmake_python-extras.cmake
-- Symlinking: /home/nick/Robotics_Projects/furuta1/install/ament_cmake_python/share/ament_cmake_python/cmake/ament_cmake_pythonConfig.cmake
-- Symlinking: /home/nick/Robotics_Projects/furuta1/install/ament_cmake_python/share/ament_cmake_python/cmake/ament_cmake_pythonConfig-version.cmake
-- Symlinking: /home/nick/Robotics_Projects/furuta1/install/ament_cmake_python/share/ament_cmake_python/package.xml
-- Symlinking: /home/nick/Robotics_Projects/furuta1/install/ament_cmake_python/share/ament_cmake_python/cmake/ament_get_python_install_dir.cmake
-- Symlinking: /home/nick/Robotics_Projects/furuta1/install/ament_cmake_python/share/ament_cmake_python/cmake/ament_python_install_module.cmake
-- Symlinking: /home/nick/Robotics_Projects/furuta1/install/ament_cmake_python/share/ament_cmake_python/cmake/ament_python_install_package.cmake
