[0.019s] Invoking command in '/home/nick/Robotics_Projects/furuta1/build/ament_cmake_python': AMENT_PREFIX_PATH=/home/nick/Robotics_Projects/furuta1/install/ament_cmake_core:/home/nick/Robotics_Projects/furuta1/install/ament_package:${AMENT_PREFIX_PATH} CMAKE_PREFIX_PATH=/home/nick/Robotics_Projects/furuta1/install/ament_cmake_core:/opt/ros/humble PYTHONPATH=/home/nick/Robotics_Projects/furuta1/build/ament_package:/home/nick/Robotics_Projects/furuta1/install/ament_package/lib/python3.10/site-packages:${PYTHONPATH} /usr/bin/cmake /home/nick/Robotics_Projects/furuta1/src/ament/ament_cmake/ament_cmake_python -DAMENT_CMAKE_SYMLINK_INSTALL=1 -DCMAKE_INSTALL_PREFIX=/home/nick/Robotics_Projects/furuta1/install/ament_cmake_python
[0.041s] -- Found ament_cmake_core: 1.3.8 (/home/nick/Robotics_Projects/furuta1/install/ament_cmake_core/share/ament_cmake_core/cmake)
[0.273s] -- Found Python3: /usr/bin/python3 (found version "3.10.12") found components: Interpreter 
[0.315s] -- Override CMake install command with custom implementation using symlinks instead of copying resources
[0.368s] -- Configuring done
[0.369s] -- Generating done
[0.370s] -- Build files have been written to: /home/nick/Robotics_Projects/furuta1/build/ament_cmake_python
[0.372s] Invoked command in '/home/nick/Robotics_Projects/furuta1/build/ament_cmake_python' returned '0': AMENT_PREFIX_PATH=/home/nick/Robotics_Projects/furuta1/install/ament_cmake_core:/home/nick/Robotics_Projects/furuta1/install/ament_package:${AMENT_PREFIX_PATH} CMAKE_PREFIX_PATH=/home/nick/Robotics_Projects/furuta1/install/ament_cmake_core:/opt/ros/humble PYTHONPATH=/home/nick/Robotics_Projects/furuta1/build/ament_package:/home/nick/Robotics_Projects/furuta1/install/ament_package/lib/python3.10/site-packages:${PYTHONPATH} /usr/bin/cmake /home/nick/Robotics_Projects/furuta1/src/ament/ament_cmake/ament_cmake_python -DAMENT_CMAKE_SYMLINK_INSTALL=1 -DCMAKE_INSTALL_PREFIX=/home/nick/Robotics_Projects/furuta1/install/ament_cmake_python
[0.373s] Invoking command in '/home/nick/Robotics_Projects/furuta1/build/ament_cmake_python': AMENT_PREFIX_PATH=/home/nick/Robotics_Projects/furuta1/install/ament_cmake_core:/home/nick/Robotics_Projects/furuta1/install/ament_package:${AMENT_PREFIX_PATH} CMAKE_PREFIX_PATH=/home/nick/Robotics_Projects/furuta1/install/ament_cmake_core:/opt/ros/humble PYTHONPATH=/home/nick/Robotics_Projects/furuta1/build/ament_package:/home/nick/Robotics_Projects/furuta1/install/ament_package/lib/python3.10/site-packages:${PYTHONPATH} /usr/bin/cmake --build /home/nick/Robotics_Projects/furuta1/build/ament_cmake_python -- -j16 -l16
[0.441s] Invoked command in '/home/nick/Robotics_Projects/furuta1/build/ament_cmake_python' returned '0': AMENT_PREFIX_PATH=/home/nick/Robotics_Projects/furuta1/install/ament_cmake_core:/home/nick/Robotics_Projects/furuta1/install/ament_package:${AMENT_PREFIX_PATH} CMAKE_PREFIX_PATH=/home/nick/Robotics_Projects/furuta1/install/ament_cmake_core:/opt/ros/humble PYTHONPATH=/home/nick/Robotics_Projects/furuta1/build/ament_package:/home/nick/Robotics_Projects/furuta1/install/ament_package/lib/python3.10/site-packages:${PYTHONPATH} /usr/bin/cmake --build /home/nick/Robotics_Projects/furuta1/build/ament_cmake_python -- -j16 -l16
[0.461s] Invoking command in '/home/nick/Robotics_Projects/furuta1/build/ament_cmake_python': AMENT_PREFIX_PATH=/home/nick/Robotics_Projects/furuta1/install/ament_cmake_core:/home/nick/Robotics_Projects/furuta1/install/ament_package:${AMENT_PREFIX_PATH} CMAKE_PREFIX_PATH=/home/nick/Robotics_Projects/furuta1/install/ament_cmake_core:/opt/ros/humble PYTHONPATH=/home/nick/Robotics_Projects/furuta1/build/ament_package:/home/nick/Robotics_Projects/furuta1/install/ament_package/lib/python3.10/site-packages:${PYTHONPATH} /usr/bin/cmake --install /home/nick/Robotics_Projects/furuta1/build/ament_cmake_python
[0.467s] -- Install configuration: ""
[0.467s] -- Execute custom install script
[0.467s] -- Symlinking: /home/nick/Robotics_Projects/furuta1/install/ament_cmake_python/share/ament_index/resource_index/package_run_dependencies/ament_cmake_python
[0.474s] -- Symlinking: /home/nick/Robotics_Projects/furuta1/install/ament_cmake_python/share/ament_index/resource_index/parent_prefix_path/ament_cmake_python
[0.480s] -- Symlinking: /home/nick/Robotics_Projects/furuta1/install/ament_cmake_python/share/ament_cmake_python/environment/ament_prefix_path.sh
[0.489s] -- Symlinking: /home/nick/Robotics_Projects/furuta1/install/ament_cmake_python/share/ament_cmake_python/environment/ament_prefix_path.dsv
[0.495s] -- Symlinking: /home/nick/Robotics_Projects/furuta1/install/ament_cmake_python/share/ament_cmake_python/environment/path.sh
[0.502s] -- Symlinking: /home/nick/Robotics_Projects/furuta1/install/ament_cmake_python/share/ament_cmake_python/environment/path.dsv
[0.509s] -- Symlinking: /home/nick/Robotics_Projects/furuta1/install/ament_cmake_python/share/ament_cmake_python/local_setup.bash
[0.517s] -- Symlinking: /home/nick/Robotics_Projects/furuta1/install/ament_cmake_python/share/ament_cmake_python/local_setup.sh
[0.523s] -- Symlinking: /home/nick/Robotics_Projects/furuta1/install/ament_cmake_python/share/ament_cmake_python/local_setup.zsh
[0.533s] -- Symlinking: /home/nick/Robotics_Projects/furuta1/install/ament_cmake_python/share/ament_cmake_python/local_setup.dsv
[0.540s] -- Symlinking: /home/nick/Robotics_Projects/furuta1/install/ament_cmake_python/share/ament_cmake_python/package.dsv
[0.547s] -- Symlinking: /home/nick/Robotics_Projects/furuta1/install/ament_cmake_python/share/ament_index/resource_index/packages/ament_cmake_python
[0.554s] -- Symlinking: /home/nick/Robotics_Projects/furuta1/install/ament_cmake_python/share/ament_cmake_python/cmake/ament_cmake_python-extras.cmake
[0.562s] -- Symlinking: /home/nick/Robotics_Projects/furuta1/install/ament_cmake_python/share/ament_cmake_python/cmake/ament_cmake_pythonConfig.cmake
[0.569s] -- Symlinking: /home/nick/Robotics_Projects/furuta1/install/ament_cmake_python/share/ament_cmake_python/cmake/ament_cmake_pythonConfig-version.cmake
[0.576s] -- Symlinking: /home/nick/Robotics_Projects/furuta1/install/ament_cmake_python/share/ament_cmake_python/package.xml
[0.583s] -- Symlinking: /home/nick/Robotics_Projects/furuta1/install/ament_cmake_python/share/ament_cmake_python/cmake/ament_get_python_install_dir.cmake
[0.590s] -- Symlinking: /home/nick/Robotics_Projects/furuta1/install/ament_cmake_python/share/ament_cmake_python/cmake/ament_python_install_module.cmake
[0.597s] -- Symlinking: /home/nick/Robotics_Projects/furuta1/install/ament_cmake_python/share/ament_cmake_python/cmake/ament_python_install_package.cmake
[0.610s] Invoked command in '/home/nick/Robotics_Projects/furuta1/build/ament_cmake_python' returned '0': AMENT_PREFIX_PATH=/home/nick/Robotics_Projects/furuta1/install/ament_cmake_core:/home/nick/Robotics_Projects/furuta1/install/ament_package:${AMENT_PREFIX_PATH} CMAKE_PREFIX_PATH=/home/nick/Robotics_Projects/furuta1/install/ament_cmake_core:/opt/ros/humble PYTHONPATH=/home/nick/Robotics_Projects/furuta1/build/ament_package:/home/nick/Robotics_Projects/furuta1/install/ament_package/lib/python3.10/site-packages:${PYTHONPATH} /usr/bin/cmake --install /home/nick/Robotics_Projects/furuta1/build/ament_cmake_python
