[0.036s] Invoking command in '/home/nick/Robotics_Projects/furuta1/build/ament_cmake_target_dependencies': AMENT_PREFIX_PATH=/home/nick/Robotics_Projects/furuta1/install/ament_cmake_libraries:/home/nick/Robotics_Projects/furuta1/install/ament_cmake_include_directories:/home/nick/Robotics_Projects/furuta1/install/ament_cmake_core:/home/nick/Robotics_Projects/furuta1/install/ament_package CMAKE_PREFIX_PATH=/home/nick/Robotics_Projects/furuta1/install/ament_cmake_libraries:/home/nick/Robotics_Projects/furuta1/install/ament_cmake_include_directories:/home/nick/Robotics_Projects/furuta1/install/ament_cmake_core PYTHONPATH=/home/nick/Robotics_Projects/furuta1/build/ament_package:/home/nick/Robotics_Projects/furuta1/install/ament_package/lib/python3.10/site-packages /usr/bin/cmake --build /home/nick/Robotics_Projects/furuta1/build/ament_cmake_target_dependencies -- -j16 -l16
[0.056s] Invoked command in '/home/nick/Robotics_Projects/furuta1/build/ament_cmake_target_dependencies' returned '0': AMENT_PREFIX_PATH=/home/nick/Robotics_Projects/furuta1/install/ament_cmake_libraries:/home/nick/Robotics_Projects/furuta1/install/ament_cmake_include_directories:/home/nick/Robotics_Projects/furuta1/install/ament_cmake_core:/home/nick/Robotics_Projects/furuta1/install/ament_package CMAKE_PREFIX_PATH=/home/nick/Robotics_Projects/furuta1/install/ament_cmake_libraries:/home/nick/Robotics_Projects/furuta1/install/ament_cmake_include_directories:/home/nick/Robotics_Projects/furuta1/install/ament_cmake_core PYTHONPATH=/home/nick/Robotics_Projects/furuta1/build/ament_package:/home/nick/Robotics_Projects/furuta1/install/ament_package/lib/python3.10/site-packages /usr/bin/cmake --build /home/nick/Robotics_Projects/furuta1/build/ament_cmake_target_dependencies -- -j16 -l16
[0.092s] Invoking command in '/home/nick/Robotics_Projects/furuta1/build/ament_cmake_target_dependencies': AMENT_PREFIX_PATH=/home/nick/Robotics_Projects/furuta1/install/ament_cmake_libraries:/home/nick/Robotics_Projects/furuta1/install/ament_cmake_include_directories:/home/nick/Robotics_Projects/furuta1/install/ament_cmake_core:/home/nick/Robotics_Projects/furuta1/install/ament_package CMAKE_PREFIX_PATH=/home/nick/Robotics_Projects/furuta1/install/ament_cmake_libraries:/home/nick/Robotics_Projects/furuta1/install/ament_cmake_include_directories:/home/nick/Robotics_Projects/furuta1/install/ament_cmake_core PYTHONPATH=/home/nick/Robotics_Projects/furuta1/build/ament_package:/home/nick/Robotics_Projects/furuta1/install/ament_package/lib/python3.10/site-packages /usr/bin/cmake --install /home/nick/Robotics_Projects/furuta1/build/ament_cmake_target_dependencies
[0.124s] -- Install configuration: ""
[0.124s] -- Execute custom install script
[0.125s] -- Up-to-date symlink: /home/nick/Robotics_Projects/furuta1/install/ament_cmake_target_dependencies/share/ament_index/resource_index/package_run_dependencies/ament_cmake_target_dependencies
[0.125s] -- Up-to-date symlink: /home/nick/Robotics_Projects/furuta1/install/ament_cmake_target_dependencies/share/ament_index/resource_index/parent_prefix_path/ament_cmake_target_dependencies
[0.125s] -- Up-to-date symlink: /home/nick/Robotics_Projects/furuta1/install/ament_cmake_target_dependencies/share/ament_cmake_target_dependencies/environment/ament_prefix_path.sh
[0.125s] -- Up-to-date symlink: /home/nick/Robotics_Projects/furuta1/install/ament_cmake_target_dependencies/share/ament_cmake_target_dependencies/environment/ament_prefix_path.dsv
[0.125s] -- Up-to-date symlink: /home/nick/Robotics_Projects/furuta1/install/ament_cmake_target_dependencies/share/ament_cmake_target_dependencies/environment/path.sh
[0.125s] -- Up-to-date symlink: /home/nick/Robotics_Projects/furuta1/install/ament_cmake_target_dependencies/share/ament_cmake_target_dependencies/environment/path.dsv
[0.125s] -- Up-to-date symlink: /home/nick/Robotics_Projects/furuta1/install/ament_cmake_target_dependencies/share/ament_cmake_target_dependencies/local_setup.bash
[0.125s] -- Up-to-date symlink: /home/nick/Robotics_Projects/furuta1/install/ament_cmake_target_dependencies/share/ament_cmake_target_dependencies/local_setup.sh
[0.125s] -- Up-to-date symlink: /home/nick/Robotics_Projects/furuta1/install/ament_cmake_target_dependencies/share/ament_cmake_target_dependencies/local_setup.zsh
[0.125s] -- Up-to-date symlink: /home/nick/Robotics_Projects/furuta1/install/ament_cmake_target_dependencies/share/ament_cmake_target_dependencies/local_setup.dsv
[0.125s] -- Symlinking: /home/nick/Robotics_Projects/furuta1/install/ament_cmake_target_dependencies/share/ament_cmake_target_dependencies/package.dsv
[0.149s] -- Up-to-date symlink: /home/nick/Robotics_Projects/furuta1/install/ament_cmake_target_dependencies/share/ament_index/resource_index/packages/ament_cmake_target_dependencies
[0.149s] -- Up-to-date symlink: /home/nick/Robotics_Projects/furuta1/install/ament_cmake_target_dependencies/share/ament_cmake_target_dependencies/cmake/ament_cmake_target_dependencies-extras.cmake
[0.149s] -- Up-to-date symlink: /home/nick/Robotics_Projects/furuta1/install/ament_cmake_target_dependencies/share/ament_cmake_target_dependencies/cmake/ament_cmake_target_dependenciesConfig.cmake
[0.149s] -- Up-to-date symlink: /home/nick/Robotics_Projects/furuta1/install/ament_cmake_target_dependencies/share/ament_cmake_target_dependencies/cmake/ament_cmake_target_dependenciesConfig-version.cmake
[0.149s] -- Up-to-date symlink: /home/nick/Robotics_Projects/furuta1/install/ament_cmake_target_dependencies/share/ament_cmake_target_dependencies/package.xml
[0.149s] -- Up-to-date symlink: /home/nick/Robotics_Projects/furuta1/install/ament_cmake_target_dependencies/share/ament_cmake_target_dependencies/cmake/ament_get_recursive_properties.cmake
[0.149s] -- Up-to-date symlink: /home/nick/Robotics_Projects/furuta1/install/ament_cmake_target_dependencies/share/ament_cmake_target_dependencies/cmake/ament_target_dependencies.cmake
[0.208s] Invoked command in '/home/nick/Robotics_Projects/furuta1/build/ament_cmake_target_dependencies' returned '0': AMENT_PREFIX_PATH=/home/nick/Robotics_Projects/furuta1/install/ament_cmake_libraries:/home/nick/Robotics_Projects/furuta1/install/ament_cmake_include_directories:/home/nick/Robotics_Projects/furuta1/install/ament_cmake_core:/home/nick/Robotics_Projects/furuta1/install/ament_package CMAKE_PREFIX_PATH=/home/nick/Robotics_Projects/furuta1/install/ament_cmake_libraries:/home/nick/Robotics_Projects/furuta1/install/ament_cmake_include_directories:/home/nick/Robotics_Projects/furuta1/install/ament_cmake_core PYTHONPATH=/home/nick/Robotics_Projects/furuta1/build/ament_package:/home/nick/Robotics_Projects/furuta1/install/ament_package/lib/python3.10/site-packages /usr/bin/cmake --install /home/nick/Robotics_Projects/furuta1/build/ament_cmake_target_dependencies
