[0.365s] Invoking command in '/home/nick/Robotics_Projects/furuta1/build/urdfdom_headers': /usr/bin/cmake /home/nick/Robotics_Projects/furuta1/src/ros/urdfdom_headers -DBUILD_TESTING=ON -DCMAKE_INSTALL_PREFIX=/home/nick/Robotics_Projects/furuta1/install/urdfdom_headers
[0.374s] -- urdfdom_headers version 1.0.6
[0.374s] -- Configuration successful. Type make install to install urdfdom_headers.
[0.374s] -- Configuring done
[0.376s] -- Generating done
[0.376s] [33mCMake Warning:
[0.376s]   Manually-specified variables were not used by the project:
[0.376s] 
[0.376s]     BUILD_TESTING
[0.376s] 
[0.376s] [0m
[0.376s] -- Build files have been written to: /home/nick/Robotics_Projects/furuta1/build/urdfdom_headers
[0.468s] Invoked command in '/home/nick/Robotics_Projects/furuta1/build/urdfdom_headers' returned '0': /usr/bin/cmake /home/nick/Robotics_Projects/furuta1/src/ros/urdfdom_headers -DBUILD_TESTING=ON -DCMAKE_INSTALL_PREFIX=/home/nick/Robotics_Projects/furuta1/install/urdfdom_headers
[0.469s] Invoking command in '/home/nick/Robotics_Projects/furuta1/build/urdfdom_headers': /usr/bin/cmake --build /home/nick/Robotics_Projects/furuta1/build/urdfdom_headers -- -j16 -l16
[0.497s] Invoked command in '/home/nick/Robotics_Projects/furuta1/build/urdfdom_headers' returned '0': /usr/bin/cmake --build /home/nick/Robotics_Projects/furuta1/build/urdfdom_headers -- -j16 -l16
[0.511s] Invoking command in '/home/nick/Robotics_Projects/furuta1/build/urdfdom_headers': /usr/bin/cmake --install /home/nick/Robotics_Projects/furuta1/build/urdfdom_headers
[0.521s] -- Install configuration: ""
[0.521s] -- Up-to-date: /home/nick/Robotics_Projects/furuta1/install/urdfdom_headers/include/urdfdom_headers
[0.521s] -- Up-to-date: /home/nick/Robotics_Projects/furuta1/install/urdfdom_headers/include/urdfdom_headers/urdf_world
[0.521s] -- Up-to-date: /home/nick/Robotics_Projects/furuta1/install/urdfdom_headers/include/urdfdom_headers/urdf_world/world.h
[0.521s] -- Up-to-date: /home/nick/Robotics_Projects/furuta1/install/urdfdom_headers/include/urdfdom_headers/urdf_world/types.h
[0.521s] -- Up-to-date: /home/nick/Robotics_Projects/furuta1/install/urdfdom_headers/include/urdfdom_headers/urdf_model_state
[0.521s] -- Up-to-date: /home/nick/Robotics_Projects/furuta1/install/urdfdom_headers/include/urdfdom_headers/urdf_model_state/twist.h
[0.521s] -- Up-to-date: /home/nick/Robotics_Projects/furuta1/install/urdfdom_headers/include/urdfdom_headers/urdf_model_state/model_state.h
[0.521s] -- Up-to-date: /home/nick/Robotics_Projects/furuta1/install/urdfdom_headers/include/urdfdom_headers/urdf_model_state/types.h
[0.521s] -- Up-to-date: /home/nick/Robotics_Projects/furuta1/install/urdfdom_headers/include/urdfdom_headers/urdf_model
[0.521s] -- Up-to-date: /home/nick/Robotics_Projects/furuta1/install/urdfdom_headers/include/urdfdom_headers/urdf_model/utils.h
[0.522s] -- Up-to-date: /home/nick/Robotics_Projects/furuta1/install/urdfdom_headers/include/urdfdom_headers/urdf_model/twist.h
[0.522s] -- Up-to-date: /home/nick/Robotics_Projects/furuta1/install/urdfdom_headers/include/urdfdom_headers/urdf_model/color.h
[0.522s] -- Up-to-date: /home/nick/Robotics_Projects/furuta1/install/urdfdom_headers/include/urdfdom_headers/urdf_model/pose.h
[0.522s] -- Up-to-date: /home/nick/Robotics_Projects/furuta1/install/urdfdom_headers/include/urdfdom_headers/urdf_model/link.h
[0.522s] -- Up-to-date: /home/nick/Robotics_Projects/furuta1/install/urdfdom_headers/include/urdfdom_headers/urdf_model/joint.h
[0.522s] -- Up-to-date: /home/nick/Robotics_Projects/furuta1/install/urdfdom_headers/include/urdfdom_headers/urdf_model/types.h
[0.522s] -- Up-to-date: /home/nick/Robotics_Projects/furuta1/install/urdfdom_headers/include/urdfdom_headers/urdf_model/model.h
[0.522s] -- Up-to-date: /home/nick/Robotics_Projects/furuta1/install/urdfdom_headers/include/urdfdom_headers/urdf_exception
[0.522s] -- Up-to-date: /home/nick/Robotics_Projects/furuta1/install/urdfdom_headers/include/urdfdom_headers/urdf_exception/exception.h
[0.522s] -- Up-to-date: /home/nick/Robotics_Projects/furuta1/install/urdfdom_headers/include/urdfdom_headers/urdf_sensor
[0.522s] -- Up-to-date: /home/nick/Robotics_Projects/furuta1/install/urdfdom_headers/include/urdfdom_headers/urdf_sensor/sensor.h
[0.522s] -- Up-to-date: /home/nick/Robotics_Projects/furuta1/install/urdfdom_headers/include/urdfdom_headers/urdf_sensor/types.h
[0.522s] -- Up-to-date: /home/nick/Robotics_Projects/furuta1/install/urdfdom_headers/lib/urdfdom_headers/cmake/urdfdom_headers-config.cmake
[0.522s] -- Up-to-date: /home/nick/Robotics_Projects/furuta1/install/urdfdom_headers/lib/urdfdom_headers/cmake/urdfdom_headers-config-version.cmake
[0.522s] -- Up-to-date: /home/nick/Robotics_Projects/furuta1/install/urdfdom_headers/lib/pkgconfig/urdfdom_headers.pc
[0.523s] -- Up-to-date: /home/nick/Robotics_Projects/furuta1/install/urdfdom_headers/lib/urdfdom_headers/cmake/urdfdom_headersExport.cmake
[0.523s] Invoked command in '/home/nick/Robotics_Projects/furuta1/build/urdfdom_headers' returned '0': /usr/bin/cmake --install /home/nick/Robotics_Projects/furuta1/build/urdfdom_headers
