-- Install configuration: ""
-- Up-to-date: /home/nick/Robotics_Projects/furuta1/install/urdfdom_headers/include/urdfdom_headers
-- Up-to-date: /home/nick/Robotics_Projects/furuta1/install/urdfdom_headers/include/urdfdom_headers/urdf_world
-- Up-to-date: /home/nick/Robotics_Projects/furuta1/install/urdfdom_headers/include/urdfdom_headers/urdf_world/world.h
-- Up-to-date: /home/nick/Robotics_Projects/furuta1/install/urdfdom_headers/include/urdfdom_headers/urdf_world/types.h
-- Up-to-date: /home/nick/Robotics_Projects/furuta1/install/urdfdom_headers/include/urdfdom_headers/urdf_model_state
-- Up-to-date: /home/nick/Robotics_Projects/furuta1/install/urdfdom_headers/include/urdfdom_headers/urdf_model_state/twist.h
-- Up-to-date: /home/nick/Robotics_Projects/furuta1/install/urdfdom_headers/include/urdfdom_headers/urdf_model_state/model_state.h
-- Up-to-date: /home/nick/Robotics_Projects/furuta1/install/urdfdom_headers/include/urdfdom_headers/urdf_model_state/types.h
-- Up-to-date: /home/nick/Robotics_Projects/furuta1/install/urdfdom_headers/include/urdfdom_headers/urdf_model
-- Up-to-date: /home/nick/Robotics_Projects/furuta1/install/urdfdom_headers/include/urdfdom_headers/urdf_model/utils.h
-- Up-to-date: /home/nick/Robotics_Projects/furuta1/install/urdfdom_headers/include/urdfdom_headers/urdf_model/twist.h
-- Up-to-date: /home/nick/Robotics_Projects/furuta1/install/urdfdom_headers/include/urdfdom_headers/urdf_model/color.h
-- Up-to-date: /home/nick/Robotics_Projects/furuta1/install/urdfdom_headers/include/urdfdom_headers/urdf_model/pose.h
-- Up-to-date: /home/nick/Robotics_Projects/furuta1/install/urdfdom_headers/include/urdfdom_headers/urdf_model/link.h
-- Up-to-date: /home/nick/Robotics_Projects/furuta1/install/urdfdom_headers/include/urdfdom_headers/urdf_model/joint.h
-- Up-to-date: /home/nick/Robotics_Projects/furuta1/install/urdfdom_headers/include/urdfdom_headers/urdf_model/types.h
-- Up-to-date: /home/nick/Robotics_Projects/furuta1/install/urdfdom_headers/include/urdfdom_headers/urdf_model/model.h
-- Up-to-date: /home/nick/Robotics_Projects/furuta1/install/urdfdom_headers/include/urdfdom_headers/urdf_exception
-- Up-to-date: /home/nick/Robotics_Projects/furuta1/install/urdfdom_headers/include/urdfdom_headers/urdf_exception/exception.h
-- Up-to-date: /home/nick/Robotics_Projects/furuta1/install/urdfdom_headers/include/urdfdom_headers/urdf_sensor
-- Up-to-date: /home/nick/Robotics_Projects/furuta1/install/urdfdom_headers/include/urdfdom_headers/urdf_sensor/sensor.h
-- Up-to-date: /home/nick/Robotics_Projects/furuta1/install/urdfdom_headers/include/urdfdom_headers/urdf_sensor/types.h
-- Up-to-date: /home/nick/Robotics_Projects/furuta1/install/urdfdom_headers/lib/urdfdom_headers/cmake/urdfdom_headers-config.cmake
-- Up-to-date: /home/nick/Robotics_Projects/furuta1/install/urdfdom_headers/lib/urdfdom_headers/cmake/urdfdom_headers-config-version.cmake
-- Up-to-date: /home/nick/Robotics_Projects/furuta1/install/urdfdom_headers/lib/pkgconfig/urdfdom_headers.pc
-- Up-to-date: /home/nick/Robotics_Projects/furuta1/install/urdfdom_headers/lib/urdfdom_headers/cmake/urdfdom_headersExport.cmake
