[0.474s] Invoking command in '/home/nick/Robotics_Projects/furuta1/build/urdfdom_headers': /usr/bin/cmake --build /home/nick/Robotics_Projects/furuta1/build/urdfdom_headers -- -j16 -l16
[0.582s] Invoked command in '/home/nick/Robotics_Projects/furuta1/build/urdfdom_headers' returned '0': /usr/bin/cmake --build /home/nick/Robotics_Projects/furuta1/build/urdfdom_headers -- -j16 -l16
[0.599s] Invoking command in '/home/nick/Robotics_Projects/furuta1/build/urdfdom_headers': /usr/bin/cmake --install /home/nick/Robotics_Projects/furuta1/build/urdfdom_headers
[0.608s] -- Install configuration: ""
[0.608s] -- Up-to-date: /home/nick/Robotics_Projects/furuta1/install/urdfdom_headers/include/urdfdom_headers
[0.608s] -- Up-to-date: /home/nick/Robotics_Projects/furuta1/install/urdfdom_headers/include/urdfdom_headers/urdf_world
[0.608s] -- Up-to-date: /home/nick/Robotics_Projects/furuta1/install/urdfdom_headers/include/urdfdom_headers/urdf_world/world.h
[0.608s] -- Up-to-date: /home/nick/Robotics_Projects/furuta1/install/urdfdom_headers/include/urdfdom_headers/urdf_world/types.h
[0.609s] -- Up-to-date: /home/nick/Robotics_Projects/furuta1/install/urdfdom_headers/include/urdfdom_headers/urdf_model_state
[0.609s] -- Up-to-date: /home/nick/Robotics_Projects/furuta1/install/urdfdom_headers/include/urdfdom_headers/urdf_model_state/twist.h
[0.609s] -- Up-to-date: /home/nick/Robotics_Projects/furuta1/install/urdfdom_headers/include/urdfdom_headers/urdf_model_state/model_state.h
[0.609s] -- Up-to-date: /home/nick/Robotics_Projects/furuta1/install/urdfdom_headers/include/urdfdom_headers/urdf_model_state/types.h
[0.609s] -- Up-to-date: /home/nick/Robotics_Projects/furuta1/install/urdfdom_headers/include/urdfdom_headers/urdf_model
[0.609s] -- Up-to-date: /home/nick/Robotics_Projects/furuta1/install/urdfdom_headers/include/urdfdom_headers/urdf_model/utils.h
[0.609s] -- Up-to-date: /home/nick/Robotics_Projects/furuta1/install/urdfdom_headers/include/urdfdom_headers/urdf_model/twist.h
[0.609s] -- Up-to-date: /home/nick/Robotics_Projects/furuta1/install/urdfdom_headers/include/urdfdom_headers/urdf_model/color.h
[0.610s] -- Up-to-date: /home/nick/Robotics_Projects/furuta1/install/urdfdom_headers/include/urdfdom_headers/urdf_model/pose.h
[0.610s] -- Up-to-date: /home/nick/Robotics_Projects/furuta1/install/urdfdom_headers/include/urdfdom_headers/urdf_model/link.h
[0.610s] -- Up-to-date: /home/nick/Robotics_Projects/furuta1/install/urdfdom_headers/include/urdfdom_headers/urdf_model/joint.h
[0.610s] -- Up-to-date: /home/nick/Robotics_Projects/furuta1/install/urdfdom_headers/include/urdfdom_headers/urdf_model/types.h
[0.610s] -- Up-to-date: /home/nick/Robotics_Projects/furuta1/install/urdfdom_headers/include/urdfdom_headers/urdf_model/model.h
[0.610s] -- Up-to-date: /home/nick/Robotics_Projects/furuta1/install/urdfdom_headers/include/urdfdom_headers/urdf_exception
[0.611s] -- Up-to-date: /home/nick/Robotics_Projects/furuta1/install/urdfdom_headers/include/urdfdom_headers/urdf_exception/exception.h
[0.611s] -- Up-to-date: /home/nick/Robotics_Projects/furuta1/install/urdfdom_headers/include/urdfdom_headers/urdf_sensor
[0.611s] -- Up-to-date: /home/nick/Robotics_Projects/furuta1/install/urdfdom_headers/include/urdfdom_headers/urdf_sensor/sensor.h
[0.611s] -- Up-to-date: /home/nick/Robotics_Projects/furuta1/install/urdfdom_headers/include/urdfdom_headers/urdf_sensor/types.h
[0.611s] -- Up-to-date: /home/nick/Robotics_Projects/furuta1/install/urdfdom_headers/lib/urdfdom_headers/cmake/urdfdom_headers-config.cmake
[0.612s] -- Up-to-date: /home/nick/Robotics_Projects/furuta1/install/urdfdom_headers/lib/urdfdom_headers/cmake/urdfdom_headers-config-version.cmake
[0.612s] -- Up-to-date: /home/nick/Robotics_Projects/furuta1/install/urdfdom_headers/lib/pkgconfig/urdfdom_headers.pc
[0.612s] -- Up-to-date: /home/nick/Robotics_Projects/furuta1/install/urdfdom_headers/lib/urdfdom_headers/cmake/urdfdom_headersExport.cmake
[0.643s] Invoked command in '/home/nick/Robotics_Projects/furuta1/build/urdfdom_headers' returned '0': /usr/bin/cmake --install /home/nick/Robotics_Projects/furuta1/build/urdfdom_headers
