[0.009s] Invoking command in '/home/nick/Robotics_Projects/furuta1/build/ament_cmake_gen_version_h': AMENT_PREFIX_PATH=/home/nick/Robotics_Projects/furuta1/install/ament_cmake_gtest:/home/nick/Robotics_Projects/furuta1/install/ament_cmake_test:/home/nick/Robotics_Projects/furuta1/install/ament_cmake_core:/home/nick/Robotics_Projects/furuta1/install/ament_package:${AMENT_PREFIX_PATH} CMAKE_PREFIX_PATH=/home/nick/Robotics_Projects/furuta1/install/ament_cmake_gtest:/home/nick/Robotics_Projects/furuta1/install/ament_cmake_test:/home/nick/Robotics_Projects/furuta1/install/ament_cmake_core:/home/nick/Robotics_Projects/furuta1/install/gtest_vendor:/opt/ros/humble PKG_CONFIG_PATH=/home/nick/Robotics_Projects/furuta1/install/gtest_vendor/lib/x86_64-linux-gnu/pkgconfig:/home/nick/Robotics_Projects/furuta1/install/gtest_vendor/lib/pkgconfig PYTHONPATH=/home/nick/Robotics_Projects/furuta1/install/ament_cmake_test/local/lib/python3.10/dist-packages:/home/nick/Robotics_Projects/furuta1/build/ament_package:/home/nick/Robotics_Projects/furuta1/install/ament_package/lib/python3.10/site-packages:${PYTHONPATH} /usr/bin/cmake /home/nick/Robotics_Projects/furuta1/src/ament/ament_cmake/ament_cmake_gen_version_h -DAMENT_CMAKE_SYMLINK_INSTALL=1 -DCMAKE_INSTALL_PREFIX=/home/nick/Robotics_Projects/furuta1/install/ament_cmake_gen_version_h
[0.287s] -- The C compiler identification is GNU 11.4.0
[0.288s] -- The CXX compiler identification is GNU 11.4.0
[0.288s] -- Detecting C compiler ABI info
[0.288s] -- Detecting C compiler ABI info - done
[0.288s] -- Check for working C compiler: /usr/bin/cc - skipped
[0.288s] -- Detecting C compile features
[0.288s] -- Detecting C compile features - done
[0.288s] -- Detecting CXX compiler ABI info
[0.288s] -- Detecting CXX compiler ABI info - done
[0.290s] -- Check for working CXX compiler: /usr/bin/c++ - skipped
[0.291s] -- Detecting CXX compile features
[0.291s] -- Detecting CXX compile features - done
[0.291s] -- Found ament_cmake_core: 1.3.8 (/home/nick/Robotics_Projects/furuta1/install/ament_cmake_core/share/ament_cmake_core/cmake)
[0.722s] -- Found Python3: /usr/bin/python3 (found version "3.10.12") found components: Interpreter 
[0.848s] -- Override CMake install command with custom implementation using symlinks instead of copying resources
[0.855s] -- Found ament_cmake_gtest: 1.3.8 (/home/nick/Robotics_Projects/furuta1/install/ament_cmake_gtest/share/ament_cmake_gtest/cmake)
[0.949s] -- Create new version file for version 1.3.8
[1.059s] -- Create new version file for version 1.3.8
[1.162s] -- Create new version file for version 1.3.8
[1.224s] -- Create new version file for version 1.3.8
[1.227s] -- Found gtest sources under '/home/nick/Robotics_Projects/furuta1/install/gtest_vendor/src/gtest_vendor': C++ tests using 'Google Test' will be built
[1.229s] -- Looking for pthread.h
[1.304s] -- Looking for pthread.h - found
[1.304s] -- Performing Test CMAKE_HAVE_LIBC_PTHREAD
[1.366s] -- Performing Test CMAKE_HAVE_LIBC_PTHREAD - Success
[1.366s] -- Found Threads: TRUE  
[1.482s] -- Configuring done
[1.504s] -- Generating done
[1.508s] -- Build files have been written to: /home/nick/Robotics_Projects/furuta1/build/ament_cmake_gen_version_h
[1.515s] Invoked command in '/home/nick/Robotics_Projects/furuta1/build/ament_cmake_gen_version_h' returned '0': AMENT_PREFIX_PATH=/home/nick/Robotics_Projects/furuta1/install/ament_cmake_gtest:/home/nick/Robotics_Projects/furuta1/install/ament_cmake_test:/home/nick/Robotics_Projects/furuta1/install/ament_cmake_core:/home/nick/Robotics_Projects/furuta1/install/ament_package:${AMENT_PREFIX_PATH} CMAKE_PREFIX_PATH=/home/nick/Robotics_Projects/furuta1/install/ament_cmake_gtest:/home/nick/Robotics_Projects/furuta1/install/ament_cmake_test:/home/nick/Robotics_Projects/furuta1/install/ament_cmake_core:/home/nick/Robotics_Projects/furuta1/install/gtest_vendor:/opt/ros/humble PKG_CONFIG_PATH=/home/nick/Robotics_Projects/furuta1/install/gtest_vendor/lib/x86_64-linux-gnu/pkgconfig:/home/nick/Robotics_Projects/furuta1/install/gtest_vendor/lib/pkgconfig PYTHONPATH=/home/nick/Robotics_Projects/furuta1/install/ament_cmake_test/local/lib/python3.10/dist-packages:/home/nick/Robotics_Projects/furuta1/build/ament_package:/home/nick/Robotics_Projects/furuta1/install/ament_package/lib/python3.10/site-packages:${PYTHONPATH} /usr/bin/cmake /home/nick/Robotics_Projects/furuta1/src/ament/ament_cmake/ament_cmake_gen_version_h -DAMENT_CMAKE_SYMLINK_INSTALL=1 -DCMAKE_INSTALL_PREFIX=/home/nick/Robotics_Projects/furuta1/install/ament_cmake_gen_version_h
[1.515s] Invoking command in '/home/nick/Robotics_Projects/furuta1/build/ament_cmake_gen_version_h': AMENT_PREFIX_PATH=/home/nick/Robotics_Projects/furuta1/install/ament_cmake_gtest:/home/nick/Robotics_Projects/furuta1/install/ament_cmake_test:/home/nick/Robotics_Projects/furuta1/install/ament_cmake_core:/home/nick/Robotics_Projects/furuta1/install/ament_package:${AMENT_PREFIX_PATH} CMAKE_PREFIX_PATH=/home/nick/Robotics_Projects/furuta1/install/ament_cmake_gtest:/home/nick/Robotics_Projects/furuta1/install/ament_cmake_test:/home/nick/Robotics_Projects/furuta1/install/ament_cmake_core:/home/nick/Robotics_Projects/furuta1/install/gtest_vendor:/opt/ros/humble PKG_CONFIG_PATH=/home/nick/Robotics_Projects/furuta1/install/gtest_vendor/lib/x86_64-linux-gnu/pkgconfig:/home/nick/Robotics_Projects/furuta1/install/gtest_vendor/lib/pkgconfig PYTHONPATH=/home/nick/Robotics_Projects/furuta1/install/ament_cmake_test/local/lib/python3.10/dist-packages:/home/nick/Robotics_Projects/furuta1/build/ament_package:/home/nick/Robotics_Projects/furuta1/install/ament_package/lib/python3.10/site-packages:${PYTHONPATH} /usr/bin/cmake --build /home/nick/Robotics_Projects/furuta1/build/ament_cmake_gen_version_h -- -j16 -l16
[1.594s] [  8%] [32mBuilding CXX object gtest/CMakeFiles/gtest.dir/src/gtest-all.cc.o[0m
[1.601s] [ 16%] [34m[1mGenerating ament_generate_version_header/version.hpp[0m
[1.607s] [ 25%] [32mBuilding CXX object gtest/CMakeFiles/gtest_main.dir/src/gtest_main.cc.o[0m
[1.617s] [ 25%] Built target ament_generate_version_header__some_lib
[2.043s] [ 33%] [32m[1mLinking CXX static library libgtest_main.a[0m
[2.110s] [ 33%] Built target gtest_main
[3.756s] [ 41%] [32m[1mLinking CXX static library libgtest.a[0m
[3.824s] [ 41%] Built target gtest
[3.837s] [ 58%] [32mBuilding CXX object CMakeFiles/test_ament_cmake_gen_version_h.dir/test/test_version_h.cpp.o[0m
[3.837s] [ 58%] [32mBuilding CXX object CMakeFiles/test_ament_generate_version_header.dir/test/test_version_hpp.cpp.o[0m
[3.837s] [ 66%] [32mBuilding CXX object CMakeFiles/test_ament_cmake_gen_version_h.dir/test/test_version1_h.cpp.o[0m
[3.838s] [ 75%] [32mBuilding CXX object CMakeFiles/test_ament_cmake_gen_version_h.dir/test/test_version_custom.cpp.o[0m
[3.839s] [ 83%] [32mBuilding CXX object CMakeFiles/test_ament_cmake_gen_version_h.dir/test/test_version2_h.cpp.o[0m
[4.229s] [ 91%] [32m[1mLinking CXX executable test_ament_generate_version_header[0m
[4.241s] [100%] [32m[1mLinking CXX executable test_ament_cmake_gen_version_h[0m
[4.309s] [100%] Built target test_ament_generate_version_header
[4.335s] [100%] Built target test_ament_cmake_gen_version_h
[4.344s] Invoked command in '/home/nick/Robotics_Projects/furuta1/build/ament_cmake_gen_version_h' returned '0': AMENT_PREFIX_PATH=/home/nick/Robotics_Projects/furuta1/install/ament_cmake_gtest:/home/nick/Robotics_Projects/furuta1/install/ament_cmake_test:/home/nick/Robotics_Projects/furuta1/install/ament_cmake_core:/home/nick/Robotics_Projects/furuta1/install/ament_package:${AMENT_PREFIX_PATH} CMAKE_PREFIX_PATH=/home/nick/Robotics_Projects/furuta1/install/ament_cmake_gtest:/home/nick/Robotics_Projects/furuta1/install/ament_cmake_test:/home/nick/Robotics_Projects/furuta1/install/ament_cmake_core:/home/nick/Robotics_Projects/furuta1/install/gtest_vendor:/opt/ros/humble PKG_CONFIG_PATH=/home/nick/Robotics_Projects/furuta1/install/gtest_vendor/lib/x86_64-linux-gnu/pkgconfig:/home/nick/Robotics_Projects/furuta1/install/gtest_vendor/lib/pkgconfig PYTHONPATH=/home/nick/Robotics_Projects/furuta1/install/ament_cmake_test/local/lib/python3.10/dist-packages:/home/nick/Robotics_Projects/furuta1/build/ament_package:/home/nick/Robotics_Projects/furuta1/install/ament_package/lib/python3.10/site-packages:${PYTHONPATH} /usr/bin/cmake --build /home/nick/Robotics_Projects/furuta1/build/ament_cmake_gen_version_h -- -j16 -l16
[4.381s] Invoking command in '/home/nick/Robotics_Projects/furuta1/build/ament_cmake_gen_version_h': AMENT_PREFIX_PATH=/home/nick/Robotics_Projects/furuta1/install/ament_cmake_gtest:/home/nick/Robotics_Projects/furuta1/install/ament_cmake_test:/home/nick/Robotics_Projects/furuta1/install/ament_cmake_core:/home/nick/Robotics_Projects/furuta1/install/ament_package:${AMENT_PREFIX_PATH} CMAKE_PREFIX_PATH=/home/nick/Robotics_Projects/furuta1/install/ament_cmake_gtest:/home/nick/Robotics_Projects/furuta1/install/ament_cmake_test:/home/nick/Robotics_Projects/furuta1/install/ament_cmake_core:/home/nick/Robotics_Projects/furuta1/install/gtest_vendor:/opt/ros/humble PKG_CONFIG_PATH=/home/nick/Robotics_Projects/furuta1/install/gtest_vendor/lib/x86_64-linux-gnu/pkgconfig:/home/nick/Robotics_Projects/furuta1/install/gtest_vendor/lib/pkgconfig PYTHONPATH=/home/nick/Robotics_Projects/furuta1/install/ament_cmake_test/local/lib/python3.10/dist-packages:/home/nick/Robotics_Projects/furuta1/build/ament_package:/home/nick/Robotics_Projects/furuta1/install/ament_package/lib/python3.10/site-packages:${PYTHONPATH} /usr/bin/cmake --install /home/nick/Robotics_Projects/furuta1/build/ament_cmake_gen_version_h
[4.385s] -- Install configuration: ""
[4.386s] -- Execute custom install script
[4.386s] -- Symlinking: /home/nick/Robotics_Projects/furuta1/install/ament_cmake_gen_version_h/share/ament_index/resource_index/package_run_dependencies/ament_cmake_gen_version_h
[4.392s] -- Symlinking: /home/nick/Robotics_Projects/furuta1/install/ament_cmake_gen_version_h/share/ament_index/resource_index/parent_prefix_path/ament_cmake_gen_version_h
[4.397s] -- Symlinking: /home/nick/Robotics_Projects/furuta1/install/ament_cmake_gen_version_h/share/ament_cmake_gen_version_h/environment/ament_prefix_path.sh
[4.403s] -- Symlinking: /home/nick/Robotics_Projects/furuta1/install/ament_cmake_gen_version_h/share/ament_cmake_gen_version_h/environment/ament_prefix_path.dsv
[4.408s] -- Symlinking: /home/nick/Robotics_Projects/furuta1/install/ament_cmake_gen_version_h/share/ament_cmake_gen_version_h/environment/path.sh
[4.414s] -- Symlinking: /home/nick/Robotics_Projects/furuta1/install/ament_cmake_gen_version_h/share/ament_cmake_gen_version_h/environment/path.dsv
[4.419s] -- Symlinking: /home/nick/Robotics_Projects/furuta1/install/ament_cmake_gen_version_h/share/ament_cmake_gen_version_h/local_setup.bash
[4.425s] -- Symlinking: /home/nick/Robotics_Projects/furuta1/install/ament_cmake_gen_version_h/share/ament_cmake_gen_version_h/local_setup.sh
[4.430s] -- Symlinking: /home/nick/Robotics_Projects/furuta1/install/ament_cmake_gen_version_h/share/ament_cmake_gen_version_h/local_setup.zsh
[4.436s] -- Symlinking: /home/nick/Robotics_Projects/furuta1/install/ament_cmake_gen_version_h/share/ament_cmake_gen_version_h/local_setup.dsv
[4.442s] -- Symlinking: /home/nick/Robotics_Projects/furuta1/install/ament_cmake_gen_version_h/share/ament_cmake_gen_version_h/package.dsv
[4.448s] -- Symlinking: /home/nick/Robotics_Projects/furuta1/install/ament_cmake_gen_version_h/share/ament_index/resource_index/packages/ament_cmake_gen_version_h
[4.454s] -- Symlinking: /home/nick/Robotics_Projects/furuta1/install/ament_cmake_gen_version_h/share/ament_cmake_gen_version_h/cmake/ament_cmake_gen_version_h-extras.cmake
[4.460s] -- Symlinking: /home/nick/Robotics_Projects/furuta1/install/ament_cmake_gen_version_h/share/ament_cmake_gen_version_h/cmake/ament_cmake_gen_version_hConfig.cmake
[4.465s] -- Symlinking: /home/nick/Robotics_Projects/furuta1/install/ament_cmake_gen_version_h/share/ament_cmake_gen_version_h/cmake/ament_cmake_gen_version_hConfig-version.cmake
[4.471s] -- Symlinking: /home/nick/Robotics_Projects/furuta1/install/ament_cmake_gen_version_h/share/ament_cmake_gen_version_h/package.xml
[4.477s] -- Symlinking: /home/nick/Robotics_Projects/furuta1/install/ament_cmake_gen_version_h/share/ament_cmake_gen_version_h/cmake/ament_cmake_gen_version_h.cmake
[4.483s] -- Symlinking: /home/nick/Robotics_Projects/furuta1/install/ament_cmake_gen_version_h/share/ament_cmake_gen_version_h/cmake/ament_generate_version_header.cmake
[4.488s] -- Symlinking: /home/nick/Robotics_Projects/furuta1/install/ament_cmake_gen_version_h/share/ament_cmake_gen_version_h/cmake/generate_version_header.cmake.in
[4.494s] -- Symlinking: /home/nick/Robotics_Projects/furuta1/install/ament_cmake_gen_version_h/share/ament_cmake_gen_version_h/cmake/version.h.in
[4.500s] Invoked command in '/home/nick/Robotics_Projects/furuta1/build/ament_cmake_gen_version_h' returned '0': AMENT_PREFIX_PATH=/home/nick/Robotics_Projects/furuta1/install/ament_cmake_gtest:/home/nick/Robotics_Projects/furuta1/install/ament_cmake_test:/home/nick/Robotics_Projects/furuta1/install/ament_cmake_core:/home/nick/Robotics_Projects/furuta1/install/ament_package:${AMENT_PREFIX_PATH} CMAKE_PREFIX_PATH=/home/nick/Robotics_Projects/furuta1/install/ament_cmake_gtest:/home/nick/Robotics_Projects/furuta1/install/ament_cmake_test:/home/nick/Robotics_Projects/furuta1/install/ament_cmake_core:/home/nick/Robotics_Projects/furuta1/install/gtest_vendor:/opt/ros/humble PKG_CONFIG_PATH=/home/nick/Robotics_Projects/furuta1/install/gtest_vendor/lib/x86_64-linux-gnu/pkgconfig:/home/nick/Robotics_Projects/furuta1/install/gtest_vendor/lib/pkgconfig PYTHONPATH=/home/nick/Robotics_Projects/furuta1/install/ament_cmake_test/local/lib/python3.10/dist-packages:/home/nick/Robotics_Projects/furuta1/build/ament_package:/home/nick/Robotics_Projects/furuta1/install/ament_package/lib/python3.10/site-packages:${PYTHONPATH} /usr/bin/cmake --install /home/nick/Robotics_Projects/furuta1/build/ament_cmake_gen_version_h
