[0.241s] Invoking command in '/home/nick/Robotics_Projects/furuta1/build/fastcdr': /usr/bin/cmake --build /home/nick/Robotics_Projects/furuta1/build/fastcdr -- -j16 -l16
[0.577s] [35m[1mConsolidate compiler generated dependencies of target fastcdr[0m
[0.577s] [100%] Built target fastcdr
[0.580s] Invoked command in '/home/nick/Robotics_Projects/furuta1/build/fastcdr' returned '0': /usr/bin/cmake --build /home/nick/Robotics_Projects/furuta1/build/fastcdr -- -j16 -l16
[0.598s] Invoking command in '/home/nick/Robotics_Projects/furuta1/build/fastcdr': /usr/bin/cmake --install /home/nick/Robotics_Projects/furuta1/build/fastcdr
[0.604s] -- Install configuration: "Release"
[0.604s] -- Up-to-date: /home/nick/Robotics_Projects/furuta1/install/fastcdr/share/fastcdr/LICENSE
[0.606s] -- Up-to-date: /home/nick/Robotics_Projects/furuta1/install/fastcdr/include/fastcdr
[0.606s] -- Up-to-date: /home/nick/Robotics_Projects/furuta1/install/fastcdr/include/fastcdr/exceptions
[0.606s] -- Up-to-date: /home/nick/Robotics_Projects/furuta1/install/fastcdr/include/fastcdr/exceptions/Exception.h
[0.607s] -- Up-to-date: /home/nick/Robotics_Projects/furuta1/install/fastcdr/include/fastcdr/exceptions/BadParamException.h
[0.607s] -- Up-to-date: /home/nick/Robotics_Projects/furuta1/install/fastcdr/include/fastcdr/exceptions/NotEnoughMemoryException.h
[0.607s] -- Up-to-date: /home/nick/Robotics_Projects/furuta1/install/fastcdr/include/fastcdr/FastBuffer.h
[0.607s] -- Up-to-date: /home/nick/Robotics_Projects/furuta1/install/fastcdr/include/fastcdr/eProsima_auto_link.h
[0.607s] -- Up-to-date: /home/nick/Robotics_Projects/furuta1/install/fastcdr/include/fastcdr/fastcdr_dll.h
[0.607s] -- Up-to-date: /home/nick/Robotics_Projects/furuta1/install/fastcdr/include/fastcdr/FastCdr.h
[0.607s] -- Up-to-date: /home/nick/Robotics_Projects/furuta1/install/fastcdr/include/fastcdr/Cdr.h
[0.607s] -- Up-to-date: /home/nick/Robotics_Projects/furuta1/install/fastcdr/include/fastcdr/config.h
[0.607s] -- Up-to-date: /home/nick/Robotics_Projects/furuta1/install/fastcdr/lib/libfastcdr.so.1.0.24
[0.607s] -- Up-to-date: /home/nick/Robotics_Projects/furuta1/install/fastcdr/lib/libfastcdr.so.1
[0.608s] -- Up-to-date: /home/nick/Robotics_Projects/furuta1/install/fastcdr/lib/libfastcdr.so
[0.608s] -- Up-to-date: /home/nick/Robotics_Projects/furuta1/install/fastcdr/lib/cmake/fastcdr/fastcdr-dynamic-targets.cmake
[0.608s] -- Up-to-date: /home/nick/Robotics_Projects/furuta1/install/fastcdr/lib/cmake/fastcdr/fastcdr-dynamic-targets-release.cmake
[0.608s] -- Up-to-date: /home/nick/Robotics_Projects/furuta1/install/fastcdr/lib/cmake/fastcdr/fastcdr-config.cmake
[0.608s] -- Up-to-date: /home/nick/Robotics_Projects/furuta1/install/fastcdr/lib/cmake/fastcdr/fastcdr-config-version.cmake
[0.616s] Invoked command in '/home/nick/Robotics_Projects/furuta1/build/fastcdr' returned '0': /usr/bin/cmake --install /home/nick/Robotics_Projects/furuta1/build/fastcdr
