[0.026s] Invoking command in '/home/nick/Robotics_Projects/furuta1/build/ament_cmake_gen_version_h': AMENT_PREFIX_PATH=/home/nick/Robotics_Projects/furuta1/install/ament_cmake_gtest:/home/nick/Robotics_Projects/furuta1/install/ament_cmake_test:/home/nick/Robotics_Projects/furuta1/install/ament_cmake_core:/home/nick/Robotics_Projects/furuta1/install/ament_package CMAKE_PREFIX_PATH=/home/nick/Robotics_Projects/furuta1/install/ament_cmake_gtest:/home/nick/Robotics_Projects/furuta1/install/ament_cmake_test:/home/nick/Robotics_Projects/furuta1/install/ament_cmake_core:/home/nick/Robotics_Projects/furuta1/install/gtest_vendor PKG_CONFIG_PATH=/home/nick/Robotics_Projects/furuta1/install/gtest_vendor/lib/x86_64-linux-gnu/pkgconfig:/home/nick/Robotics_Projects/furuta1/install/gtest_vendor/lib/pkgconfig PYTHONPATH=/home/nick/Robotics_Projects/furuta1/install/ament_cmake_test/local/lib/python3.10/dist-packages:/home/nick/Robotics_Projects/furuta1/build/ament_package:/home/nick/Robotics_Projects/furuta1/install/ament_package/lib/python3.10/site-packages /usr/bin/cmake --build /home/nick/Robotics_Projects/furuta1/build/ament_cmake_gen_version_h -- -j16 -l16
[0.050s] [35m[1mConsolidate compiler generated dependencies of target gtest_main[0m
[0.051s] [35m[1mConsolidate compiler generated dependencies of target gtest[0m
[0.055s] [  8%] Built target ament_generate_version_header__some_lib
[0.058s] [ 25%] Built target gtest_main
[0.062s] [ 41%] Built target gtest
[0.070s] [35m[1mConsolidate compiler generated dependencies of target test_ament_generate_version_header[0m
[0.070s] [35m[1mConsolidate compiler generated dependencies of target test_ament_cmake_gen_version_h[0m
[0.078s] [ 58%] Built target test_ament_generate_version_header
[0.083s] [100%] Built target test_ament_cmake_gen_version_h
[0.090s] Invoked command in '/home/nick/Robotics_Projects/furuta1/build/ament_cmake_gen_version_h' returned '0': AMENT_PREFIX_PATH=/home/nick/Robotics_Projects/furuta1/install/ament_cmake_gtest:/home/nick/Robotics_Projects/furuta1/install/ament_cmake_test:/home/nick/Robotics_Projects/furuta1/install/ament_cmake_core:/home/nick/Robotics_Projects/furuta1/install/ament_package CMAKE_PREFIX_PATH=/home/nick/Robotics_Projects/furuta1/install/ament_cmake_gtest:/home/nick/Robotics_Projects/furuta1/install/ament_cmake_test:/home/nick/Robotics_Projects/furuta1/install/ament_cmake_core:/home/nick/Robotics_Projects/furuta1/install/gtest_vendor PKG_CONFIG_PATH=/home/nick/Robotics_Projects/furuta1/install/gtest_vendor/lib/x86_64-linux-gnu/pkgconfig:/home/nick/Robotics_Projects/furuta1/install/gtest_vendor/lib/pkgconfig PYTHONPATH=/home/nick/Robotics_Projects/furuta1/install/ament_cmake_test/local/lib/python3.10/dist-packages:/home/nick/Robotics_Projects/furuta1/build/ament_package:/home/nick/Robotics_Projects/furuta1/install/ament_package/lib/python3.10/site-packages /usr/bin/cmake --build /home/nick/Robotics_Projects/furuta1/build/ament_cmake_gen_version_h -- -j16 -l16
[0.121s] Invoking command in '/home/nick/Robotics_Projects/furuta1/build/ament_cmake_gen_version_h': AMENT_PREFIX_PATH=/home/nick/Robotics_Projects/furuta1/install/ament_cmake_gtest:/home/nick/Robotics_Projects/furuta1/install/ament_cmake_test:/home/nick/Robotics_Projects/furuta1/install/ament_cmake_core:/home/nick/Robotics_Projects/furuta1/install/ament_package CMAKE_PREFIX_PATH=/home/nick/Robotics_Projects/furuta1/install/ament_cmake_gtest:/home/nick/Robotics_Projects/furuta1/install/ament_cmake_test:/home/nick/Robotics_Projects/furuta1/install/ament_cmake_core:/home/nick/Robotics_Projects/furuta1/install/gtest_vendor PKG_CONFIG_PATH=/home/nick/Robotics_Projects/furuta1/install/gtest_vendor/lib/x86_64-linux-gnu/pkgconfig:/home/nick/Robotics_Projects/furuta1/install/gtest_vendor/lib/pkgconfig PYTHONPATH=/home/nick/Robotics_Projects/furuta1/install/ament_cmake_test/local/lib/python3.10/dist-packages:/home/nick/Robotics_Projects/furuta1/build/ament_package:/home/nick/Robotics_Projects/furuta1/install/ament_package/lib/python3.10/site-packages /usr/bin/cmake --install /home/nick/Robotics_Projects/furuta1/build/ament_cmake_gen_version_h
[0.125s] -- Install configuration: ""
[0.126s] -- Execute custom install script
[0.126s] -- Up-to-date symlink: /home/nick/Robotics_Projects/furuta1/install/ament_cmake_gen_version_h/share/ament_index/resource_index/package_run_dependencies/ament_cmake_gen_version_h
[0.126s] -- Up-to-date symlink: /home/nick/Robotics_Projects/furuta1/install/ament_cmake_gen_version_h/share/ament_index/resource_index/parent_prefix_path/ament_cmake_gen_version_h
[0.126s] -- Up-to-date symlink: /home/nick/Robotics_Projects/furuta1/install/ament_cmake_gen_version_h/share/ament_cmake_gen_version_h/environment/ament_prefix_path.sh
[0.126s] -- Up-to-date symlink: /home/nick/Robotics_Projects/furuta1/install/ament_cmake_gen_version_h/share/ament_cmake_gen_version_h/environment/ament_prefix_path.dsv
[0.126s] -- Up-to-date symlink: /home/nick/Robotics_Projects/furuta1/install/ament_cmake_gen_version_h/share/ament_cmake_gen_version_h/environment/path.sh
[0.126s] -- Up-to-date symlink: /home/nick/Robotics_Projects/furuta1/install/ament_cmake_gen_version_h/share/ament_cmake_gen_version_h/environment/path.dsv
[0.126s] -- Up-to-date symlink: /home/nick/Robotics_Projects/furuta1/install/ament_cmake_gen_version_h/share/ament_cmake_gen_version_h/local_setup.bash
[0.126s] -- Up-to-date symlink: /home/nick/Robotics_Projects/furuta1/install/ament_cmake_gen_version_h/share/ament_cmake_gen_version_h/local_setup.sh
[0.127s] -- Up-to-date symlink: /home/nick/Robotics_Projects/furuta1/install/ament_cmake_gen_version_h/share/ament_cmake_gen_version_h/local_setup.zsh
[0.127s] -- Up-to-date symlink: /home/nick/Robotics_Projects/furuta1/install/ament_cmake_gen_version_h/share/ament_cmake_gen_version_h/local_setup.dsv
[0.127s] -- Symlinking: /home/nick/Robotics_Projects/furuta1/install/ament_cmake_gen_version_h/share/ament_cmake_gen_version_h/package.dsv
[0.132s] -- Up-to-date symlink: /home/nick/Robotics_Projects/furuta1/install/ament_cmake_gen_version_h/share/ament_index/resource_index/packages/ament_cmake_gen_version_h
[0.132s] -- Up-to-date symlink: /home/nick/Robotics_Projects/furuta1/install/ament_cmake_gen_version_h/share/ament_cmake_gen_version_h/cmake/ament_cmake_gen_version_h-extras.cmake
[0.132s] -- Up-to-date symlink: /home/nick/Robotics_Projects/furuta1/install/ament_cmake_gen_version_h/share/ament_cmake_gen_version_h/cmake/ament_cmake_gen_version_hConfig.cmake
[0.133s] -- Up-to-date symlink: /home/nick/Robotics_Projects/furuta1/install/ament_cmake_gen_version_h/share/ament_cmake_gen_version_h/cmake/ament_cmake_gen_version_hConfig-version.cmake
[0.133s] -- Up-to-date symlink: /home/nick/Robotics_Projects/furuta1/install/ament_cmake_gen_version_h/share/ament_cmake_gen_version_h/package.xml
[0.133s] -- Up-to-date symlink: /home/nick/Robotics_Projects/furuta1/install/ament_cmake_gen_version_h/share/ament_cmake_gen_version_h/cmake/ament_cmake_gen_version_h.cmake
[0.133s] -- Up-to-date symlink: /home/nick/Robotics_Projects/furuta1/install/ament_cmake_gen_version_h/share/ament_cmake_gen_version_h/cmake/ament_generate_version_header.cmake
[0.133s] -- Up-to-date symlink: /home/nick/Robotics_Projects/furuta1/install/ament_cmake_gen_version_h/share/ament_cmake_gen_version_h/cmake/generate_version_header.cmake.in
[0.133s] -- Up-to-date symlink: /home/nick/Robotics_Projects/furuta1/install/ament_cmake_gen_version_h/share/ament_cmake_gen_version_h/cmake/version.h.in
[0.135s] Invoked command in '/home/nick/Robotics_Projects/furuta1/build/ament_cmake_gen_version_h' returned '0': AMENT_PREFIX_PATH=/home/nick/Robotics_Projects/furuta1/install/ament_cmake_gtest:/home/nick/Robotics_Projects/furuta1/install/ament_cmake_test:/home/nick/Robotics_Projects/furuta1/install/ament_cmake_core:/home/nick/Robotics_Projects/furuta1/install/ament_package CMAKE_PREFIX_PATH=/home/nick/Robotics_Projects/furuta1/install/ament_cmake_gtest:/home/nick/Robotics_Projects/furuta1/install/ament_cmake_test:/home/nick/Robotics_Projects/furuta1/install/ament_cmake_core:/home/nick/Robotics_Projects/furuta1/install/gtest_vendor PKG_CONFIG_PATH=/home/nick/Robotics_Projects/furuta1/install/gtest_vendor/lib/x86_64-linux-gnu/pkgconfig:/home/nick/Robotics_Projects/furuta1/install/gtest_vendor/lib/pkgconfig PYTHONPATH=/home/nick/Robotics_Projects/furuta1/install/ament_cmake_test/local/lib/python3.10/dist-packages:/home/nick/Robotics_Projects/furuta1/build/ament_package:/home/nick/Robotics_Projects/furuta1/install/ament_package/lib/python3.10/site-packages /usr/bin/cmake --install /home/nick/Robotics_Projects/furuta1/build/ament_cmake_gen_version_h
