running develop
running egg_info
creating launch_yaml.egg-info
writing launch_yaml.egg-info/PKG-INFO
writing dependency_links to launch_yaml.egg-info/dependency_links.txt
writing entry points to launch_yaml.egg-info/entry_points.txt
writing requirements to launch_yaml.egg-info/requires.txt
writing top-level names to launch_yaml.egg-info/top_level.txt
writing manifest file 'launch_yaml.egg-info/SOURCES.txt'
reading manifest file 'launch_yaml.egg-info/SOURCES.txt'
writing manifest file 'launch_yaml.egg-info/SOURCES.txt'
running build_ext
Creating /home/nick/Robotics_Projects/furuta1/install/launch_yaml/lib/python3.10/site-packages/launch_yaml.egg-link (link to .)

Installed /home/nick/Robotics_Projects/furuta1/build/launch_yaml
running symlink_data
symbolically linking /home/nick/Robotics_Projects/furuta1/build/launch_yaml/package.xml -> /home/nick/Robotics_Projects/furuta1/install/launch_yaml/share/launch_yaml
creating /home/nick/Robotics_Projects/furuta1/install/launch_yaml/share/ament_index
creating /home/nick/Robotics_Projects/furuta1/install/launch_yaml/share/ament_index/resource_index
creating /home/nick/Robotics_Projects/furuta1/install/launch_yaml/share/ament_index/resource_index/packages
symbolically linking /home/nick/Robotics_Projects/furuta1/build/launch_yaml/resource/launch_yaml -> /home/nick/Robotics_Projects/furuta1/install/launch_yaml/share/ament_index/resource_index/packages
