[0.705s] Invoking command in '/home/nick/Robotics_Projects/furuta1/build/launch_yaml': AMENT_PREFIX_PATH=/home/nick/Robotics_Projects/furuta1/install/launch:/home/nick/Robotics_Projects/furuta1/install/ament_index_python:/home/nick/Robotics_Projects/furuta1/install/ament_copyright:/home/nick/Robotics_Projects/furuta1/install/ament_pep257:/home/nick/Robotics_Projects/furuta1/install/ament_flake8:/home/nick/Robotics_Projects/furuta1/install/osrf_pycommon:/home/nick/Robotics_Projects/furuta1/install/ament_lint:${AMENT_PREFIX_PATH} PATH=/home/nick/Robotics_Projects/furuta1/install/ament_index_python/bin:/home/nick/Robotics_Projects/furuta1/install/ament_copyright/bin:/home/nick/Robotics_Projects/furuta1/install/ament_pep257/bin:/home/nick/Robotics_Projects/furuta1/install/ament_flake8/bin:${PATH} PYTHONPATH=/home/nick/Robotics_Projects/furuta1/build/launch_yaml/prefix_override:/home/nick/Robotics_Projects/furuta1/install/launch_yaml/lib/python3.10/site-packages:/home/nick/Robotics_Projects/furuta1/build/launch:/home/nick/Robotics_Projects/furuta1/install/launch/lib/python3.10/site-packages:/home/nick/Robotics_Projects/furuta1/build/ament_index_python:/home/nick/Robotics_Projects/furuta1/install/ament_index_python/lib/python3.10/site-packages:/home/nick/Robotics_Projects/furuta1/build/ament_copyright:/home/nick/Robotics_Projects/furuta1/install/ament_copyright/lib/python3.10/site-packages:/home/nick/Robotics_Projects/furuta1/build/ament_pep257:/home/nick/Robotics_Projects/furuta1/install/ament_pep257/lib/python3.10/site-packages:/home/nick/Robotics_Projects/furuta1/build/ament_flake8:/home/nick/Robotics_Projects/furuta1/install/ament_flake8/lib/python3.10/site-packages:/home/nick/Robotics_Projects/furuta1/build/osrf_pycommon:/home/nick/Robotics_Projects/furuta1/install/osrf_pycommon/lib/python3.10/site-packages:/home/nick/Robotics_Projects/furuta1/build/ament_lint:/home/nick/Robotics_Projects/furuta1/install/ament_lint/lib/python3.10/site-packages:${PYTHONPATH} /usr/bin/python3 -W ignore:setup.py install is deprecated setup.py develop --editable --build-directory /home/nick/Robotics_Projects/furuta1/build/launch_yaml/build --no-deps symlink_data
[1.124s] running develop
[1.124s] running egg_info
[1.124s] creating launch_yaml.egg-info
[1.124s] writing launch_yaml.egg-info/PKG-INFO
[1.124s] writing dependency_links to launch_yaml.egg-info/dependency_links.txt
[1.124s] writing entry points to launch_yaml.egg-info/entry_points.txt
[1.124s] writing requirements to launch_yaml.egg-info/requires.txt
[1.124s] writing top-level names to launch_yaml.egg-info/top_level.txt
[1.124s] writing manifest file 'launch_yaml.egg-info/SOURCES.txt'
[1.124s] /home/nick/.local/lib/python3.10/site-packages/setuptools/command/develop.py:39: EasyInstallDeprecationWarning: easy_install command is deprecated.
[1.124s] !!
[1.124s] 
[1.124s]         ********************************************************************************
[1.124s]         Please avoid running ``setup.py`` and ``easy_install``.
[1.124s]         Instead, use pypa/build, pypa/installer or other
[1.125s]         standards-based tools.
[1.125s] 
[1.125s]         See https://github.com/pypa/setuptools/issues/917 for details.
[1.125s]         ********************************************************************************
[1.126s] 
[1.126s] !!
[1.126s]   easy_install.initialize_options(self)
[1.131s] reading manifest file 'launch_yaml.egg-info/SOURCES.txt'
[1.131s] writing manifest file 'launch_yaml.egg-info/SOURCES.txt'
[1.139s] running build_ext
[1.139s] Creating /home/nick/Robotics_Projects/furuta1/install/launch_yaml/lib/python3.10/site-packages/launch_yaml.egg-link (link to .)
[1.140s] 
[1.140s] Installed /home/nick/Robotics_Projects/furuta1/build/launch_yaml
[1.140s] running symlink_data
[1.140s] symbolically linking /home/nick/Robotics_Projects/furuta1/build/launch_yaml/package.xml -> /home/nick/Robotics_Projects/furuta1/install/launch_yaml/share/launch_yaml
[1.141s] creating /home/nick/Robotics_Projects/furuta1/install/launch_yaml/share/ament_index
[1.141s] creating /home/nick/Robotics_Projects/furuta1/install/launch_yaml/share/ament_index/resource_index
[1.142s] creating /home/nick/Robotics_Projects/furuta1/install/launch_yaml/share/ament_index/resource_index/packages
[1.142s] symbolically linking /home/nick/Robotics_Projects/furuta1/build/launch_yaml/resource/launch_yaml -> /home/nick/Robotics_Projects/furuta1/install/launch_yaml/share/ament_index/resource_index/packages
[1.171s] Invoked command in '/home/nick/Robotics_Projects/furuta1/build/launch_yaml' returned '0': AMENT_PREFIX_PATH=/home/nick/Robotics_Projects/furuta1/install/launch:/home/nick/Robotics_Projects/furuta1/install/ament_index_python:/home/nick/Robotics_Projects/furuta1/install/ament_copyright:/home/nick/Robotics_Projects/furuta1/install/ament_pep257:/home/nick/Robotics_Projects/furuta1/install/ament_flake8:/home/nick/Robotics_Projects/furuta1/install/osrf_pycommon:/home/nick/Robotics_Projects/furuta1/install/ament_lint:${AMENT_PREFIX_PATH} PATH=/home/nick/Robotics_Projects/furuta1/install/ament_index_python/bin:/home/nick/Robotics_Projects/furuta1/install/ament_copyright/bin:/home/nick/Robotics_Projects/furuta1/install/ament_pep257/bin:/home/nick/Robotics_Projects/furuta1/install/ament_flake8/bin:${PATH} PYTHONPATH=/home/nick/Robotics_Projects/furuta1/build/launch_yaml/prefix_override:/home/nick/Robotics_Projects/furuta1/install/launch_yaml/lib/python3.10/site-packages:/home/nick/Robotics_Projects/furuta1/build/launch:/home/nick/Robotics_Projects/furuta1/install/launch/lib/python3.10/site-packages:/home/nick/Robotics_Projects/furuta1/build/ament_index_python:/home/nick/Robotics_Projects/furuta1/install/ament_index_python/lib/python3.10/site-packages:/home/nick/Robotics_Projects/furuta1/build/ament_copyright:/home/nick/Robotics_Projects/furuta1/install/ament_copyright/lib/python3.10/site-packages:/home/nick/Robotics_Projects/furuta1/build/ament_pep257:/home/nick/Robotics_Projects/furuta1/install/ament_pep257/lib/python3.10/site-packages:/home/nick/Robotics_Projects/furuta1/build/ament_flake8:/home/nick/Robotics_Projects/furuta1/install/ament_flake8/lib/python3.10/site-packages:/home/nick/Robotics_Projects/furuta1/build/osrf_pycommon:/home/nick/Robotics_Projects/furuta1/install/osrf_pycommon/lib/python3.10/site-packages:/home/nick/Robotics_Projects/furuta1/build/ament_lint:/home/nick/Robotics_Projects/furuta1/install/ament_lint/lib/python3.10/site-packages:${PYTHONPATH} /usr/bin/python3 -W ignore:setup.py install is deprecated setup.py develop --editable --build-directory /home/nick/Robotics_Projects/furuta1/build/launch_yaml/build --no-deps symlink_data
