[ 33%] Built target exlib_bad
[ 66%] Built target exlib_good
[100%] Built target depender
-- Install configuration: ""
-- Execute custom install script
-- Up-to-date symlink: /home/nick/Robotics_Projects/furuta1/install/ament_cmake_vendor_package/share/ament_index/resource_index/package_run_dependencies/ament_cmake_vendor_package
-- Up-to-date symlink: /home/nick/Robotics_Projects/furuta1/install/ament_cmake_vendor_package/share/ament_index/resource_index/parent_prefix_path/ament_cmake_vendor_package
-- Up-to-date symlink: /home/nick/Robotics_Projects/furuta1/install/ament_cmake_vendor_package/share/ament_cmake_vendor_package/environment/ament_prefix_path.sh
-- Up-to-date symlink: /home/nick/Robotics_Projects/furuta1/install/ament_cmake_vendor_package/share/ament_cmake_vendor_package/environment/ament_prefix_path.dsv
-- Up-to-date symlink: /home/nick/Robotics_Projects/furuta1/install/ament_cmake_vendor_package/share/ament_cmake_vendor_package/environment/path.sh
-- Up-to-date symlink: /home/nick/Robotics_Projects/furuta1/install/ament_cmake_vendor_package/share/ament_cmake_vendor_package/environment/path.dsv
-- Up-to-date symlink: /home/nick/Robotics_Projects/furuta1/install/ament_cmake_vendor_package/share/ament_cmake_vendor_package/local_setup.bash
-- Up-to-date symlink: /home/nick/Robotics_Projects/furuta1/install/ament_cmake_vendor_package/share/ament_cmake_vendor_package/local_setup.sh
-- Up-to-date symlink: /home/nick/Robotics_Projects/furuta1/install/ament_cmake_vendor_package/share/ament_cmake_vendor_package/local_setup.zsh
-- Up-to-date symlink: /home/nick/Robotics_Projects/furuta1/install/ament_cmake_vendor_package/share/ament_cmake_vendor_package/local_setup.dsv
-- Symlinking: /home/nick/Robotics_Projects/furuta1/install/ament_cmake_vendor_package/share/ament_cmake_vendor_package/package.dsv
-- Up-to-date symlink: /home/nick/Robotics_Projects/furuta1/install/ament_cmake_vendor_package/share/ament_index/resource_index/packages/ament_cmake_vendor_package
-- Up-to-date symlink: /home/nick/Robotics_Projects/furuta1/install/ament_cmake_vendor_package/share/ament_cmake_vendor_package/cmake/ament_cmake_vendor_package-extras.cmake
-- Up-to-date symlink: /home/nick/Robotics_Projects/furuta1/install/ament_cmake_vendor_package/share/ament_cmake_vendor_package/cmake/ament_cmake_export_dependencies-extras.cmake
-- Up-to-date symlink: /home/nick/Robotics_Projects/furuta1/install/ament_cmake_vendor_package/share/ament_cmake_vendor_package/cmake/ament_cmake_vendor_packageConfig.cmake
-- Up-to-date symlink: /home/nick/Robotics_Projects/furuta1/install/ament_cmake_vendor_package/share/ament_cmake_vendor_package/cmake/ament_cmake_vendor_packageConfig-version.cmake
-- Up-to-date symlink: /home/nick/Robotics_Projects/furuta1/install/ament_cmake_vendor_package/share/ament_cmake_vendor_package/package.xml
-- Up-to-date symlink: /home/nick/Robotics_Projects/furuta1/install/ament_cmake_vendor_package/share/ament_cmake_vendor_package/cmake/ament_vendor.cmake
-- Up-to-date symlink: /home/nick/Robotics_Projects/furuta1/install/ament_cmake_vendor_package/share/ament_cmake_vendor_package/cmake/templates/target.repos.in
-- Up-to-date symlink: /home/nick/Robotics_Projects/furuta1/install/ament_cmake_vendor_package/share/ament_cmake_vendor_package/cmake/templates/vendor_package.bat.in
-- Up-to-date symlink: /home/nick/Robotics_Projects/furuta1/install/ament_cmake_vendor_package/share/ament_cmake_vendor_package/cmake/templates/vendor_package.dsv.in
-- Up-to-date symlink: /home/nick/Robotics_Projects/furuta1/install/ament_cmake_vendor_package/share/ament_cmake_vendor_package/cmake/templates/vendor_package.sh.in
-- Up-to-date symlink: /home/nick/Robotics_Projects/furuta1/install/ament_cmake_vendor_package/share/ament_cmake_vendor_package/cmake/templates/vendor_package_cmake_prefix.bat.in
-- Up-to-date symlink: /home/nick/Robotics_Projects/furuta1/install/ament_cmake_vendor_package/share/ament_cmake_vendor_package/cmake/templates/vendor_package_cmake_prefix.cmake.in
-- Up-to-date symlink: /home/nick/Robotics_Projects/furuta1/install/ament_cmake_vendor_package/share/ament_cmake_vendor_package/cmake/templates/vendor_package_cmake_prefix.dsv.in
-- Up-to-date symlink: /home/nick/Robotics_Projects/furuta1/install/ament_cmake_vendor_package/share/ament_cmake_vendor_package/cmake/templates/vendor_package_cmake_prefix.sh.in
