[0.013s] Invoking command in '/home/nick/Robotics_Projects/furuta1/build/ament_cmake_vendor_package': AMENT_PREFIX_PATH=/home/nick/Robotics_Projects/furuta1/install/ament_cmake_test:/home/nick/Robotics_Projects/furuta1/install/ament_cmake_export_dependencies:/home/nick/Robotics_Projects/furuta1/install/ament_cmake_libraries:/home/nick/Robotics_Projects/furuta1/install/ament_cmake_core:/home/nick/Robotics_Projects/furuta1/install/ament_package CMAKE_PREFIX_PATH=/home/nick/Robotics_Projects/furuta1/install/ament_cmake_test:/home/nick/Robotics_Projects/furuta1/install/ament_cmake_export_dependencies:/home/nick/Robotics_Projects/furuta1/install/ament_cmake_libraries:/home/nick/Robotics_Projects/furuta1/install/ament_cmake_core PYTHONPATH=/home/nick/Robotics_Projects/furuta1/install/ament_cmake_test/local/lib/python3.10/dist-packages:/home/nick/Robotics_Projects/furuta1/build/ament_package:/home/nick/Robotics_Projects/furuta1/install/ament_package/lib/python3.10/site-packages /usr/bin/cmake --build /home/nick/Robotics_Projects/furuta1/build/ament_cmake_vendor_package -- -j16 -l16
[0.050s] [ 33%] Built target exlib_bad
[0.050s] [ 66%] Built target exlib_good
[0.065s] [100%] Built target depender
[0.082s] Invoked command in '/home/nick/Robotics_Projects/furuta1/build/ament_cmake_vendor_package' returned '0': AMENT_PREFIX_PATH=/home/nick/Robotics_Projects/furuta1/install/ament_cmake_test:/home/nick/Robotics_Projects/furuta1/install/ament_cmake_export_dependencies:/home/nick/Robotics_Projects/furuta1/install/ament_cmake_libraries:/home/nick/Robotics_Projects/furuta1/install/ament_cmake_core:/home/nick/Robotics_Projects/furuta1/install/ament_package CMAKE_PREFIX_PATH=/home/nick/Robotics_Projects/furuta1/install/ament_cmake_test:/home/nick/Robotics_Projects/furuta1/install/ament_cmake_export_dependencies:/home/nick/Robotics_Projects/furuta1/install/ament_cmake_libraries:/home/nick/Robotics_Projects/furuta1/install/ament_cmake_core PYTHONPATH=/home/nick/Robotics_Projects/furuta1/install/ament_cmake_test/local/lib/python3.10/dist-packages:/home/nick/Robotics_Projects/furuta1/build/ament_package:/home/nick/Robotics_Projects/furuta1/install/ament_package/lib/python3.10/site-packages /usr/bin/cmake --build /home/nick/Robotics_Projects/furuta1/build/ament_cmake_vendor_package -- -j16 -l16
[0.121s] Invoking command in '/home/nick/Robotics_Projects/furuta1/build/ament_cmake_vendor_package': AMENT_PREFIX_PATH=/home/nick/Robotics_Projects/furuta1/install/ament_cmake_test:/home/nick/Robotics_Projects/furuta1/install/ament_cmake_export_dependencies:/home/nick/Robotics_Projects/furuta1/install/ament_cmake_libraries:/home/nick/Robotics_Projects/furuta1/install/ament_cmake_core:/home/nick/Robotics_Projects/furuta1/install/ament_package CMAKE_PREFIX_PATH=/home/nick/Robotics_Projects/furuta1/install/ament_cmake_test:/home/nick/Robotics_Projects/furuta1/install/ament_cmake_export_dependencies:/home/nick/Robotics_Projects/furuta1/install/ament_cmake_libraries:/home/nick/Robotics_Projects/furuta1/install/ament_cmake_core PYTHONPATH=/home/nick/Robotics_Projects/furuta1/install/ament_cmake_test/local/lib/python3.10/dist-packages:/home/nick/Robotics_Projects/furuta1/build/ament_package:/home/nick/Robotics_Projects/furuta1/install/ament_package/lib/python3.10/site-packages /usr/bin/cmake --install /home/nick/Robotics_Projects/furuta1/build/ament_cmake_vendor_package
[0.125s] -- Install configuration: ""
[0.125s] -- Execute custom install script
[0.125s] -- Up-to-date symlink: /home/nick/Robotics_Projects/furuta1/install/ament_cmake_vendor_package/share/ament_index/resource_index/package_run_dependencies/ament_cmake_vendor_package
[0.125s] -- Up-to-date symlink: /home/nick/Robotics_Projects/furuta1/install/ament_cmake_vendor_package/share/ament_index/resource_index/parent_prefix_path/ament_cmake_vendor_package
[0.125s] -- Up-to-date symlink: /home/nick/Robotics_Projects/furuta1/install/ament_cmake_vendor_package/share/ament_cmake_vendor_package/environment/ament_prefix_path.sh
[0.126s] -- Up-to-date symlink: /home/nick/Robotics_Projects/furuta1/install/ament_cmake_vendor_package/share/ament_cmake_vendor_package/environment/ament_prefix_path.dsv
[0.126s] -- Up-to-date symlink: /home/nick/Robotics_Projects/furuta1/install/ament_cmake_vendor_package/share/ament_cmake_vendor_package/environment/path.sh
[0.126s] -- Up-to-date symlink: /home/nick/Robotics_Projects/furuta1/install/ament_cmake_vendor_package/share/ament_cmake_vendor_package/environment/path.dsv
[0.126s] -- Up-to-date symlink: /home/nick/Robotics_Projects/furuta1/install/ament_cmake_vendor_package/share/ament_cmake_vendor_package/local_setup.bash
[0.126s] -- Up-to-date symlink: /home/nick/Robotics_Projects/furuta1/install/ament_cmake_vendor_package/share/ament_cmake_vendor_package/local_setup.sh
[0.126s] -- Up-to-date symlink: /home/nick/Robotics_Projects/furuta1/install/ament_cmake_vendor_package/share/ament_cmake_vendor_package/local_setup.zsh
[0.126s] -- Up-to-date symlink: /home/nick/Robotics_Projects/furuta1/install/ament_cmake_vendor_package/share/ament_cmake_vendor_package/local_setup.dsv
[0.126s] -- Symlinking: /home/nick/Robotics_Projects/furuta1/install/ament_cmake_vendor_package/share/ament_cmake_vendor_package/package.dsv
[0.132s] -- Up-to-date symlink: /home/nick/Robotics_Projects/furuta1/install/ament_cmake_vendor_package/share/ament_index/resource_index/packages/ament_cmake_vendor_package
[0.132s] -- Up-to-date symlink: /home/nick/Robotics_Projects/furuta1/install/ament_cmake_vendor_package/share/ament_cmake_vendor_package/cmake/ament_cmake_vendor_package-extras.cmake
[0.132s] -- Up-to-date symlink: /home/nick/Robotics_Projects/furuta1/install/ament_cmake_vendor_package/share/ament_cmake_vendor_package/cmake/ament_cmake_export_dependencies-extras.cmake
[0.132s] -- Up-to-date symlink: /home/nick/Robotics_Projects/furuta1/install/ament_cmake_vendor_package/share/ament_cmake_vendor_package/cmake/ament_cmake_vendor_packageConfig.cmake
[0.132s] -- Up-to-date symlink: /home/nick/Robotics_Projects/furuta1/install/ament_cmake_vendor_package/share/ament_cmake_vendor_package/cmake/ament_cmake_vendor_packageConfig-version.cmake
[0.132s] -- Up-to-date symlink: /home/nick/Robotics_Projects/furuta1/install/ament_cmake_vendor_package/share/ament_cmake_vendor_package/package.xml
[0.133s] -- Up-to-date symlink: /home/nick/Robotics_Projects/furuta1/install/ament_cmake_vendor_package/share/ament_cmake_vendor_package/cmake/ament_vendor.cmake
[0.133s] -- Up-to-date symlink: /home/nick/Robotics_Projects/furuta1/install/ament_cmake_vendor_package/share/ament_cmake_vendor_package/cmake/templates/target.repos.in
[0.133s] -- Up-to-date symlink: /home/nick/Robotics_Projects/furuta1/install/ament_cmake_vendor_package/share/ament_cmake_vendor_package/cmake/templates/vendor_package.bat.in
[0.133s] -- Up-to-date symlink: /home/nick/Robotics_Projects/furuta1/install/ament_cmake_vendor_package/share/ament_cmake_vendor_package/cmake/templates/vendor_package.dsv.in
[0.133s] -- Up-to-date symlink: /home/nick/Robotics_Projects/furuta1/install/ament_cmake_vendor_package/share/ament_cmake_vendor_package/cmake/templates/vendor_package.sh.in
[0.133s] -- Up-to-date symlink: /home/nick/Robotics_Projects/furuta1/install/ament_cmake_vendor_package/share/ament_cmake_vendor_package/cmake/templates/vendor_package_cmake_prefix.bat.in
[0.133s] -- Up-to-date symlink: /home/nick/Robotics_Projects/furuta1/install/ament_cmake_vendor_package/share/ament_cmake_vendor_package/cmake/templates/vendor_package_cmake_prefix.cmake.in
[0.133s] -- Up-to-date symlink: /home/nick/Robotics_Projects/furuta1/install/ament_cmake_vendor_package/share/ament_cmake_vendor_package/cmake/templates/vendor_package_cmake_prefix.dsv.in
[0.133s] -- Up-to-date symlink: /home/nick/Robotics_Projects/furuta1/install/ament_cmake_vendor_package/share/ament_cmake_vendor_package/cmake/templates/vendor_package_cmake_prefix.sh.in
[0.135s] Invoked command in '/home/nick/Robotics_Projects/furuta1/build/ament_cmake_vendor_package' returned '0': AMENT_PREFIX_PATH=/home/nick/Robotics_Projects/furuta1/install/ament_cmake_test:/home/nick/Robotics_Projects/furuta1/install/ament_cmake_export_dependencies:/home/nick/Robotics_Projects/furuta1/install/ament_cmake_libraries:/home/nick/Robotics_Projects/furuta1/install/ament_cmake_core:/home/nick/Robotics_Projects/furuta1/install/ament_package CMAKE_PREFIX_PATH=/home/nick/Robotics_Projects/furuta1/install/ament_cmake_test:/home/nick/Robotics_Projects/furuta1/install/ament_cmake_export_dependencies:/home/nick/Robotics_Projects/furuta1/install/ament_cmake_libraries:/home/nick/Robotics_Projects/furuta1/install/ament_cmake_core PYTHONPATH=/home/nick/Robotics_Projects/furuta1/install/ament_cmake_test/local/lib/python3.10/dist-packages:/home/nick/Robotics_Projects/furuta1/build/ament_package:/home/nick/Robotics_Projects/furuta1/install/ament_package/lib/python3.10/site-packages /usr/bin/cmake --install /home/nick/Robotics_Projects/furuta1/build/ament_cmake_vendor_package
