-- The C compiler identification is GNU 11.4.0
-- The CXX compiler identification is GNU 11.4.0
-- Detecting C compiler ABI info
-- Detecting C compiler ABI info - done
-- Check for working C compiler: /usr/bin/cc - skipped
-- Detecting C compile features
-- Detecting C compile features - done
-- Detecting CXX compiler ABI info
-- Detecting CXX compiler ABI info - done
-- Check for working CXX compiler: /usr/bin/c++ - skipped
-- Detecting CXX compile features
-- Detecting CXX compile features - done
-- Found ament_cmake: 1.3.8 (/home/nick/Robotics_Projects/furuta1/install/ament_cmake/share/ament_cmake/cmake)
-- Found Python3: /usr/bin/python3 (found version "3.10.12") found components: Interpreter 
-- Override CMake install command with custom implementation using symlinks instead of copying resources
-- Found ament_lint_auto: 0.12.10 (/home/nick/Robotics_Projects/furuta1/install/ament_lint_auto/share/ament_lint_auto/cmake)
-- Added test 'lint_cmake' to check CMake code style
-- Added test 'xmllint' to check XML markup files
-- Configuring done
-- Generating done
-- Build files have been written to: /home/nick/Robotics_Projects/furuta1/build/rviz_assimp_vendor
-- Install configuration: ""
-- Execute custom install script
-- Symlinking: /home/nick/Robotics_Projects/furuta1/install/rviz_assimp_vendor/share/ament_index/resource_index/package_run_dependencies/rviz_assimp_vendor
-- Symlinking: /home/nick/Robotics_Projects/furuta1/install/rviz_assimp_vendor/share/ament_index/resource_index/parent_prefix_path/rviz_assimp_vendor
-- Symlinking: /home/nick/Robotics_Projects/furuta1/install/rviz_assimp_vendor/share/rviz_assimp_vendor/environment/ament_prefix_path.sh
-- Symlinking: /home/nick/Robotics_Projects/furuta1/install/rviz_assimp_vendor/share/rviz_assimp_vendor/environment/ament_prefix_path.dsv
-- Symlinking: /home/nick/Robotics_Projects/furuta1/install/rviz_assimp_vendor/share/rviz_assimp_vendor/environment/path.sh
-- Symlinking: /home/nick/Robotics_Projects/furuta1/install/rviz_assimp_vendor/share/rviz_assimp_vendor/environment/path.dsv
-- Symlinking: /home/nick/Robotics_Projects/furuta1/install/rviz_assimp_vendor/share/rviz_assimp_vendor/local_setup.bash
-- Symlinking: /home/nick/Robotics_Projects/furuta1/install/rviz_assimp_vendor/share/rviz_assimp_vendor/local_setup.sh
-- Symlinking: /home/nick/Robotics_Projects/furuta1/install/rviz_assimp_vendor/share/rviz_assimp_vendor/local_setup.zsh
-- Symlinking: /home/nick/Robotics_Projects/furuta1/install/rviz_assimp_vendor/share/rviz_assimp_vendor/local_setup.dsv
-- Symlinking: /home/nick/Robotics_Projects/furuta1/install/rviz_assimp_vendor/share/rviz_assimp_vendor/package.dsv
-- Symlinking: /home/nick/Robotics_Projects/furuta1/install/rviz_assimp_vendor/share/ament_index/resource_index/packages/rviz_assimp_vendor
-- Symlinking: /home/nick/Robotics_Projects/furuta1/install/rviz_assimp_vendor/share/rviz_assimp_vendor/cmake/rviz_assimp_vendor-extras.cmake
-- Symlinking: /home/nick/Robotics_Projects/furuta1/install/rviz_assimp_vendor/share/rviz_assimp_vendor/cmake/rviz_assimp_vendorConfig.cmake
-- Symlinking: /home/nick/Robotics_Projects/furuta1/install/rviz_assimp_vendor/share/rviz_assimp_vendor/cmake/rviz_assimp_vendorConfig-version.cmake
-- Symlinking: /home/nick/Robotics_Projects/furuta1/install/rviz_assimp_vendor/share/rviz_assimp_vendor/package.xml
