[0.984s] Invoking command in '/home/nick/Robotics_Projects/furuta1/build/ament_pycodestyle': PYTHONPATH=/home/nick/Robotics_Projects/furuta1/build/ament_pycodestyle/prefix_override:/home/nick/Robotics_Projects/furuta1/install/ament_pycodestyle/lib/python3.10/site-packages:${PYTHONPATH} /usr/bin/python3 -W ignore:setup.py install is deprecated setup.py develop --editable --build-directory /home/nick/Robotics_Projects/furuta1/build/ament_pycodestyle/build --no-deps symlink_data
[1.255s] running develop
[1.256s] /home/nick/.local/lib/python3.10/site-packages/setuptools/command/develop.py:39: EasyInstallDeprecationWarning: easy_install command is deprecated.
[1.256s] !!
[1.256s] 
[1.256s]         ********************************************************************************
[1.256s]         Please avoid running ``setup.py`` and ``easy_install``.
[1.256s]         Instead, use pypa/build, pypa/installer or other
[1.256s]         standards-based tools.
[1.256s] 
[1.256s]         See https://github.com/pypa/setuptools/issues/917 for details.
[1.256s]         ********************************************************************************
[1.256s] 
[1.256s] !!
[1.256s]   easy_install.initialize_options(self)
[1.389s] running egg_info
[1.389s] creating ament_pycodestyle.egg-info
[1.406s] writing ament_pycodestyle.egg-info/PKG-INFO
[1.406s] writing dependency_links to ament_pycodestyle.egg-info/dependency_links.txt
[1.406s] writing entry points to ament_pycodestyle.egg-info/entry_points.txt
[1.406s] writing requirements to ament_pycodestyle.egg-info/requires.txt
[1.406s] writing top-level names to ament_pycodestyle.egg-info/top_level.txt
[1.407s] writing manifest file 'ament_pycodestyle.egg-info/SOURCES.txt'
[1.424s] reading manifest file 'ament_pycodestyle.egg-info/SOURCES.txt'
[1.425s] writing manifest file 'ament_pycodestyle.egg-info/SOURCES.txt'
[1.434s] running build_ext
[1.434s] Creating /home/nick/Robotics_Projects/furuta1/install/ament_pycodestyle/lib/python3.10/site-packages/ament_pycodestyle.egg-link (link to .)
[1.435s] Installing ament_pycodestyle script to /home/nick/Robotics_Projects/furuta1/install/ament_pycodestyle/bin
[1.435s] 
[1.435s] Installed /home/nick/Robotics_Projects/furuta1/build/ament_pycodestyle
[1.435s] running symlink_data
[1.435s] symbolically linking /home/nick/Robotics_Projects/furuta1/build/ament_pycodestyle/package.xml -> /home/nick/Robotics_Projects/furuta1/install/ament_pycodestyle/share/ament_pycodestyle
[1.435s] creating /home/nick/Robotics_Projects/furuta1/install/ament_pycodestyle/share/ament_index
[1.435s] creating /home/nick/Robotics_Projects/furuta1/install/ament_pycodestyle/share/ament_index/resource_index
[1.436s] creating /home/nick/Robotics_Projects/furuta1/install/ament_pycodestyle/share/ament_index/resource_index/packages
[1.436s] symbolically linking /home/nick/Robotics_Projects/furuta1/build/ament_pycodestyle/resource/ament_pycodestyle -> /home/nick/Robotics_Projects/furuta1/install/ament_pycodestyle/share/ament_index/resource_index/packages
[1.461s] Invoked command in '/home/nick/Robotics_Projects/furuta1/build/ament_pycodestyle' returned '0': PYTHONPATH=/home/nick/Robotics_Projects/furuta1/build/ament_pycodestyle/prefix_override:/home/nick/Robotics_Projects/furuta1/install/ament_pycodestyle/lib/python3.10/site-packages:${PYTHONPATH} /usr/bin/python3 -W ignore:setup.py install is deprecated setup.py develop --editable --build-directory /home/nick/Robotics_Projects/furuta1/build/ament_pycodestyle/build --no-deps symlink_data
