[0.005s] Invoking command in '/home/nick/Robotics_Projects/furuta1/build/iceoryx_posh': CMAKE_PREFIX_PATH=/home/nick/Robotics_Projects/furuta1/install/iceoryx_hoofs:/opt/ros/humble LD_LIBRARY_PATH=/home/nick/Robotics_Projects/furuta1/install/iceoryx_hoofs/lib:${LD_LIBRARY_PATH} PKG_CONFIG_PATH=/home/nick/Robotics_Projects/furuta1/install/iceoryx_hoofs/lib/x86_64-linux-gnu/pkgconfig:/home/nick/Robotics_Projects/furuta1/install/iceoryx_hoofs/lib/pkgconfig /usr/bin/cmake /home/nick/Robotics_Projects/furuta1/src/eclipse-iceoryx/iceoryx/iceoryx_posh -DBUILD_TESTING=ON -DCMAKE_INSTALL_PREFIX=/home/nick/Robotics_Projects/furuta1/install/iceoryx_posh
[0.033s] -- Configuring done
[0.034s] -- Generating done
[0.034s] -- Build files have been written to: /home/nick/Robotics_Projects/furuta1/build/iceoryx_posh/dependencies/cpptoml/download
[0.066s] [ 11%] Performing update step for 'ext_cpptoml'
[0.082s] [ 22%] No patch step for 'ext_cpptoml'
[0.097s] [ 33%] No configure step for 'ext_cpptoml'
[0.112s] [ 44%] No build step for 'ext_cpptoml'
[0.128s] [ 55%] No install step for 'ext_cpptoml'
[0.143s] [ 66%] No test step for 'ext_cpptoml'
[0.159s] [ 77%] Completed 'ext_cpptoml'
[0.180s] [100%] Built target ext_cpptoml
[0.189s] error: patch failed: CMakeLists.txt:1
[0.189s] error: CMakeLists.txt: patch does not apply
[0.189s] [33mCMake Warning at cmake/cpptoml/CMakeLists.txt:81 (message):
[0.189s]   CMake step [patch] for 'cpptoml-build' failed! Error code: 1! Build of
[0.189s]   'cpptoml-build' might fail
[0.189s] 
[0.189s] [0m
[0.244s] -- Configuring done
[0.246s] -- Generating done
[0.246s] -- Build files have been written to: /home/nick/Robotics_Projects/furuta1/build/iceoryx_posh/dependencies/cpptoml/build
[0.277s] Install the project...
[0.283s] -- Install configuration: ""
[0.283s] -- Up-to-date: /home/nick/Robotics_Projects/furuta1/build/iceoryx_posh/dependencies/install/include/cpptoml.h
[0.283s] -- Up-to-date: /home/nick/Robotics_Projects/furuta1/build/iceoryx_posh/dependencies/install/lib/cmake/cpptoml/cpptomlTargets.cmake
[0.283s] -- Up-to-date: /home/nick/Robotics_Projects/furuta1/build/iceoryx_posh/dependencies/install/lib/cmake/cpptoml/cpptomlConfigVersion.cmake
[0.283s] -- Up-to-date: /home/nick/Robotics_Projects/furuta1/build/iceoryx_posh/dependencies/install/lib/cmake/cpptoml/cpptomlConfig.cmake
[0.287s] -- [i] <<<<<<<<<<<<< Start iceoryx_posh configuration: >>>>>>>>>>>>>
[0.287s] -- [i] Using m:n communication!
[0.287s] -- [i] IOX_MAX_PUBLISHERS:512
[0.287s] -- [i] IOX_MAX_SUBSCRIBERS:1024
[0.287s] -- [i] IOX_MAX_INTERFACE_NUMBER:4
[0.287s] -- [i] IOX_MAX_SUBSCRIBERS_PER_PUBLISHER:256
[0.287s] -- [i] IOX_MAX_CHUNKS_ALLOCATED_PER_PUBLISHER_SIMULTANEOUSLY:8
[0.287s] -- [i] IOX_MAX_PUBLISHER_HISTORY:16
[0.287s] -- [i] IOX_MAX_CHUNKS_HELD_PER_SUBSCRIBER_SIMULTANEOUSLY:256
[0.287s] -- [i] <<<<<<<<<<<<<< End iceoryx_posh configuration: >>>>>>>>>>>>>>
[0.317s] -- Configuring done
[0.336s] -- Generating done
[0.336s] [33mCMake Warning:
[0.336s]   Manually-specified variables were not used by the project:
[0.336s] 
[0.336s]     BUILD_TESTING
[0.336s] 
[0.336s] [0m
[0.336s] -- Build files have been written to: /home/nick/Robotics_Projects/furuta1/build/iceoryx_posh
[0.338s] Invoked command in '/home/nick/Robotics_Projects/furuta1/build/iceoryx_posh' returned '0': CMAKE_PREFIX_PATH=/home/nick/Robotics_Projects/furuta1/install/iceoryx_hoofs:/opt/ros/humble LD_LIBRARY_PATH=/home/nick/Robotics_Projects/furuta1/install/iceoryx_hoofs/lib:${LD_LIBRARY_PATH} PKG_CONFIG_PATH=/home/nick/Robotics_Projects/furuta1/install/iceoryx_hoofs/lib/x86_64-linux-gnu/pkgconfig:/home/nick/Robotics_Projects/furuta1/install/iceoryx_hoofs/lib/pkgconfig /usr/bin/cmake /home/nick/Robotics_Projects/furuta1/src/eclipse-iceoryx/iceoryx/iceoryx_posh -DBUILD_TESTING=ON -DCMAKE_INSTALL_PREFIX=/home/nick/Robotics_Projects/furuta1/install/iceoryx_posh
[0.339s] Invoking command in '/home/nick/Robotics_Projects/furuta1/build/iceoryx_posh': CMAKE_PREFIX_PATH=/home/nick/Robotics_Projects/furuta1/install/iceoryx_hoofs:/opt/ros/humble LD_LIBRARY_PATH=/home/nick/Robotics_Projects/furuta1/install/iceoryx_hoofs/lib:${LD_LIBRARY_PATH} PKG_CONFIG_PATH=/home/nick/Robotics_Projects/furuta1/install/iceoryx_hoofs/lib/x86_64-linux-gnu/pkgconfig:/home/nick/Robotics_Projects/furuta1/install/iceoryx_hoofs/lib/pkgconfig /usr/bin/cmake --build /home/nick/Robotics_Projects/furuta1/build/iceoryx_posh -- -j16 -l16
[0.380s] [35m[1mConsolidate compiler generated dependencies of target iceoryx_posh[0m
[0.453s] [  2%] [32mBuilding CXX object CMakeFiles/iceoryx_posh.dir/source/runtime/ipc_runtime_interface.cpp.o[0m
[0.453s] [  2%] [32mBuilding CXX object CMakeFiles/iceoryx_posh.dir/source/version/version_info.cpp.o[0m
[0.815s] [  3%] [32m[1mLinking CXX shared library libiceoryx_posh.so[0m
[0.924s] [ 68%] Built target iceoryx_posh
[0.931s] [35m[1mConsolidate compiler generated dependencies of target iceoryx_posh_gateway[0m
[0.937s] [35m[1mConsolidate compiler generated dependencies of target iceoryx_posh_roudi[0m
[0.942s] [ 69%] [32m[1mLinking CXX shared library libiceoryx_posh_gateway.so[0m
[0.970s] [ 70%] [32mBuilding CXX object CMakeFiles/iceoryx_posh_roudi.dir/source/roudi/application/iceoryx_roudi_app.cpp.o[0m
[0.970s] [ 71%] [32mBuilding CXX object CMakeFiles/iceoryx_posh_roudi.dir/source/roudi/application/roudi_app.cpp.o[0m
[0.971s] [ 72%] [32mBuilding CXX object CMakeFiles/iceoryx_posh_roudi.dir/source/roudi/roudi.cpp.o[0m
[0.971s] [ 73%] [32mBuilding CXX object CMakeFiles/iceoryx_posh_roudi.dir/source/roudi/process.cpp.o[0m
[0.971s] [ 74%] [32mBuilding CXX object CMakeFiles/iceoryx_posh_roudi.dir/source/roudi/process_manager.cpp.o[0m
[0.971s] [ 75%] [32mBuilding CXX object CMakeFiles/iceoryx_posh_roudi.dir/source/roudi/roudi_cmd_line_parser.cpp.o[0m
[0.972s] [ 76%] [32mBuilding CXX object CMakeFiles/iceoryx_posh_roudi.dir/source/roudi/roudi_cmd_line_parser_config_file_option.cpp.o[0m
[0.994s] [ 77%] Built target iceoryx_posh_gateway
[1.609s] [ 78%] [32m[1mLinking CXX shared library libiceoryx_posh_roudi.so[0m
[1.702s] [ 92%] Built target iceoryx_posh_roudi
[1.710s] [35m[1mConsolidate compiler generated dependencies of target iceoryx_posh_config[0m
[1.722s] [ 93%] [32m[1mLinking CXX shared library libiceoryx_posh_config.so[0m
[1.830s] [ 97%] Built target iceoryx_posh_config
[1.837s] [35m[1mConsolidate compiler generated dependencies of target iox-roudi[0m
[1.847s] [ 98%] [32m[1mLinking CXX executable iox-roudi[0m
[1.906s] [100%] Built target iox-roudi
