[0.751s] Invoking command in '/home/nick/Robotics_Projects/furuta1/build/ament_lint': PYTHONPATH=/home/nick/Robotics_Projects/furuta1/build/ament_lint/prefix_override:/home/nick/Robotics_Projects/furuta1/install/ament_lint/lib/python3.10/site-packages:${PYTHONPATH} /usr/bin/python3 -W ignore:setup.py install is deprecated setup.py develop --uninstall --editable --build-directory /home/nick/Robotics_Projects/furuta1/build/ament_lint/build
[0.896s] running develop
[0.897s] /home/nick/.local/lib/python3.10/site-packages/setuptools/command/develop.py:39: EasyInstallDeprecationWarning: easy_install command is deprecated.
[0.897s] !!
[0.897s] 
[0.897s]         ********************************************************************************
[0.897s]         Please avoid running ``setup.py`` and ``easy_install``.
[0.897s]         Instead, use pypa/build, pypa/installer or other
[0.897s]         standards-based tools.
[0.897s] 
[0.897s]         See https://github.com/pypa/setuptools/issues/917 for details.
[0.897s]         ********************************************************************************
[0.897s] 
[0.897s] !!
[0.897s]   easy_install.initialize_options(self)
[0.983s] Removing /home/nick/Robotics_Projects/furuta1/install/ament_lint/lib/python3.10/site-packages/ament_lint.egg-link (link to .)
[1.000s] Invoked command in '/home/nick/Robotics_Projects/furuta1/build/ament_lint' returned '0': PYTHONPATH=/home/nick/Robotics_Projects/furuta1/build/ament_lint/prefix_override:/home/nick/Robotics_Projects/furuta1/install/ament_lint/lib/python3.10/site-packages:${PYTHONPATH} /usr/bin/python3 -W ignore:setup.py install is deprecated setup.py develop --uninstall --editable --build-directory /home/nick/Robotics_Projects/furuta1/build/ament_lint/build
[1.001s] Invoking command in '/home/nick/Robotics_Projects/furuta1/src/ament/ament_lint/ament_lint': PYTHONPATH=/home/nick/Robotics_Projects/furuta1/build/ament_lint/prefix_override:/home/nick/Robotics_Projects/furuta1/install/ament_lint/lib/python3.10/site-packages:${PYTHONPATH} /usr/bin/python3 -W ignore:setup.py install is deprecated setup.py egg_info --egg-base ../../../../build/ament_lint build --build-base /home/nick/Robotics_Projects/furuta1/build/ament_lint/build install --record /home/nick/Robotics_Projects/furuta1/build/ament_lint/install.log --single-version-externally-managed install_data --force
[1.101s] running egg_info
[1.106s] writing ../../../../build/ament_lint/ament_lint.egg-info/PKG-INFO
[1.107s] writing dependency_links to ../../../../build/ament_lint/ament_lint.egg-info/dependency_links.txt
[1.107s] writing entry points to ../../../../build/ament_lint/ament_lint.egg-info/entry_points.txt
[1.107s] writing requirements to ../../../../build/ament_lint/ament_lint.egg-info/requires.txt
[1.107s] writing top-level names to ../../../../build/ament_lint/ament_lint.egg-info/top_level.txt
[1.118s] reading manifest file '../../../../build/ament_lint/ament_lint.egg-info/SOURCES.txt'
[1.119s] writing manifest file '../../../../build/ament_lint/ament_lint.egg-info/SOURCES.txt'
[1.119s] running build
[1.119s] running build_py
[1.119s] creating /home/nick/Robotics_Projects/furuta1/build/ament_lint/build
[1.119s] creating /home/nick/Robotics_Projects/furuta1/build/ament_lint/build/lib
[1.119s] creating /home/nick/Robotics_Projects/furuta1/build/ament_lint/build/lib/ament_lint
[1.119s] copying ament_lint/pytest_marker.py -> /home/nick/Robotics_Projects/furuta1/build/ament_lint/build/lib/ament_lint
[1.119s] copying ament_lint/__init__.py -> /home/nick/Robotics_Projects/furuta1/build/ament_lint/build/lib/ament_lint
[1.119s] running install
[1.122s] running install_lib
[1.128s] creating /home/nick/Robotics_Projects/furuta1/install/ament_lint/lib/python3.10/site-packages/ament_lint
[1.128s] copying /home/nick/Robotics_Projects/furuta1/build/ament_lint/build/lib/ament_lint/pytest_marker.py -> /home/nick/Robotics_Projects/furuta1/install/ament_lint/lib/python3.10/site-packages/ament_lint
[1.128s] copying /home/nick/Robotics_Projects/furuta1/build/ament_lint/build/lib/ament_lint/__init__.py -> /home/nick/Robotics_Projects/furuta1/install/ament_lint/lib/python3.10/site-packages/ament_lint
[1.128s] byte-compiling /home/nick/Robotics_Projects/furuta1/install/ament_lint/lib/python3.10/site-packages/ament_lint/pytest_marker.py to pytest_marker.cpython-310.pyc
[1.128s] byte-compiling /home/nick/Robotics_Projects/furuta1/install/ament_lint/lib/python3.10/site-packages/ament_lint/__init__.py to __init__.cpython-310.pyc
[1.128s] running install_data
[1.128s] copying package.xml -> /home/nick/Robotics_Projects/furuta1/install/ament_lint/share/ament_lint
[1.128s] copying resource/ament_lint -> /home/nick/Robotics_Projects/furuta1/install/ament_lint/share/ament_index/resource_index/packages
[1.128s] running install_egg_info
[1.134s] Copying ../../../../build/ament_lint/ament_lint.egg-info to /home/nick/Robotics_Projects/furuta1/install/ament_lint/lib/python3.10/site-packages/ament_lint-0.12.10-py3.10.egg-info
[1.135s] running install_scripts
[1.195s] writing list of installed files to '/home/nick/Robotics_Projects/furuta1/build/ament_lint/install.log'
