[0.373s] Invoking command in '/home/nick/Robotics_Projects/furuta1/build/urdfdom_headers': /usr/bin/cmake /home/nick/Robotics_Projects/furuta1/src/ros/urdfdom_headers -DCMAKE_INSTALL_PREFIX=/home/nick/Robotics_Projects/furuta1/install/urdfdom_headers
[0.407s] -- The C compiler identification is GNU 11.4.0
[0.442s] -- The CXX compiler identification is GNU 11.4.0
[0.447s] -- Detecting C compiler ABI info
[0.491s] -- Detecting C compiler ABI info - done
[0.499s] -- Check for working C compiler: /usr/bin/cc - skipped
[0.499s] -- Detecting C compile features
[0.499s] -- Detecting C compile features - done
[0.503s] -- Detecting CXX compiler ABI info
[0.562s] -- Detecting CXX compiler ABI info - done
[0.571s] -- Check for working CXX compiler: /usr/bin/c++ - skipped
[0.571s] -- Detecting CXX compile features
[0.571s] -- Detecting CXX compile features - done
[0.574s] -- urdfdom_headers version 1.0.6
[0.585s] -- Configuration successful. Type make install to install urdfdom_headers.
[0.585s] -- Configuring done
[0.585s] -- Generating done
[0.585s] -- Build files have been written to: /home/nick/Robotics_Projects/furuta1/build/urdfdom_headers
[0.587s] Invoked command in '/home/nick/Robotics_Projects/furuta1/build/urdfdom_headers' returned '0': /usr/bin/cmake /home/nick/Robotics_Projects/furuta1/src/ros/urdfdom_headers -DCMAKE_INSTALL_PREFIX=/home/nick/Robotics_Projects/furuta1/install/urdfdom_headers
[0.589s] Invoking command in '/home/nick/Robotics_Projects/furuta1/build/urdfdom_headers': /usr/bin/cmake --build /home/nick/Robotics_Projects/furuta1/build/urdfdom_headers -- -j16 -l16
[0.626s] Invoked command in '/home/nick/Robotics_Projects/furuta1/build/urdfdom_headers' returned '0': /usr/bin/cmake --build /home/nick/Robotics_Projects/furuta1/build/urdfdom_headers -- -j16 -l16
[0.668s] Invoking command in '/home/nick/Robotics_Projects/furuta1/build/urdfdom_headers': /usr/bin/cmake --install /home/nick/Robotics_Projects/furuta1/build/urdfdom_headers
[0.675s] -- Install configuration: ""
[0.675s] -- Installing: /home/nick/Robotics_Projects/furuta1/install/urdfdom_headers/include/urdfdom_headers
[0.675s] -- Installing: /home/nick/Robotics_Projects/furuta1/install/urdfdom_headers/include/urdfdom_headers/urdf_world
[0.676s] -- Installing: /home/nick/Robotics_Projects/furuta1/install/urdfdom_headers/include/urdfdom_headers/urdf_world/world.h
[0.676s] -- Installing: /home/nick/Robotics_Projects/furuta1/install/urdfdom_headers/include/urdfdom_headers/urdf_world/types.h
[0.677s] -- Installing: /home/nick/Robotics_Projects/furuta1/install/urdfdom_headers/include/urdfdom_headers/urdf_model_state
[0.677s] -- Installing: /home/nick/Robotics_Projects/furuta1/install/urdfdom_headers/include/urdfdom_headers/urdf_model_state/twist.h
[0.677s] -- Installing: /home/nick/Robotics_Projects/furuta1/install/urdfdom_headers/include/urdfdom_headers/urdf_model_state/model_state.h
[0.677s] -- Installing: /home/nick/Robotics_Projects/furuta1/install/urdfdom_headers/include/urdfdom_headers/urdf_model_state/types.h
[0.677s] -- Installing: /home/nick/Robotics_Projects/furuta1/install/urdfdom_headers/include/urdfdom_headers/urdf_model
[0.678s] -- Installing: /home/nick/Robotics_Projects/furuta1/install/urdfdom_headers/include/urdfdom_headers/urdf_model/utils.h
[0.678s] -- Installing: /home/nick/Robotics_Projects/furuta1/install/urdfdom_headers/include/urdfdom_headers/urdf_model/twist.h
[0.678s] -- Installing: /home/nick/Robotics_Projects/furuta1/install/urdfdom_headers/include/urdfdom_headers/urdf_model/color.h
[0.678s] -- Installing: /home/nick/Robotics_Projects/furuta1/install/urdfdom_headers/include/urdfdom_headers/urdf_model/pose.h
[0.679s] -- Installing: /home/nick/Robotics_Projects/furuta1/install/urdfdom_headers/include/urdfdom_headers/urdf_model/link.h
[0.679s] -- Installing: /home/nick/Robotics_Projects/furuta1/install/urdfdom_headers/include/urdfdom_headers/urdf_model/joint.h
[0.679s] -- Installing: /home/nick/Robotics_Projects/furuta1/install/urdfdom_headers/include/urdfdom_headers/urdf_model/types.h
[0.679s] -- Installing: /home/nick/Robotics_Projects/furuta1/install/urdfdom_headers/include/urdfdom_headers/urdf_model/model.h
[0.679s] -- Installing: /home/nick/Robotics_Projects/furuta1/install/urdfdom_headers/include/urdfdom_headers/urdf_exception
[0.680s] -- Installing: /home/nick/Robotics_Projects/furuta1/install/urdfdom_headers/include/urdfdom_headers/urdf_exception/exception.h
[0.680s] -- Installing: /home/nick/Robotics_Projects/furuta1/install/urdfdom_headers/include/urdfdom_headers/urdf_sensor
[0.680s] -- Installing: /home/nick/Robotics_Projects/furuta1/install/urdfdom_headers/include/urdfdom_headers/urdf_sensor/sensor.h
[0.680s] -- Installing: /home/nick/Robotics_Projects/furuta1/install/urdfdom_headers/include/urdfdom_headers/urdf_sensor/types.h
[0.681s] -- Installing: /home/nick/Robotics_Projects/furuta1/install/urdfdom_headers/lib/urdfdom_headers/cmake/urdfdom_headers-config.cmake
[0.681s] -- Installing: /home/nick/Robotics_Projects/furuta1/install/urdfdom_headers/lib/urdfdom_headers/cmake/urdfdom_headers-config-version.cmake
[0.681s] -- Installing: /home/nick/Robotics_Projects/furuta1/install/urdfdom_headers/lib/pkgconfig/urdfdom_headers.pc
[0.681s] -- Installing: /home/nick/Robotics_Projects/furuta1/install/urdfdom_headers/lib/urdfdom_headers/cmake/urdfdom_headersExport.cmake
[0.693s] Invoked command in '/home/nick/Robotics_Projects/furuta1/build/urdfdom_headers' returned '0': /usr/bin/cmake --install /home/nick/Robotics_Projects/furuta1/build/urdfdom_headers
