[0.018s] Invoking command in '/home/nick/Robotics_Projects/furuta1/build/ament_cmake_libraries': AMENT_PREFIX_PATH=/home/nick/Robotics_Projects/furuta1/install/ament_cmake_core:/home/nick/Robotics_Projects/furuta1/install/ament_package:${AMENT_PREFIX_PATH} CMAKE_PREFIX_PATH=/home/nick/Robotics_Projects/furuta1/install/ament_cmake_core:/opt/ros/humble PYTHONPATH=/home/nick/Robotics_Projects/furuta1/build/ament_package:/home/nick/Robotics_Projects/furuta1/install/ament_package/lib/python3.10/site-packages:${PYTHONPATH} /usr/bin/cmake /home/nick/Robotics_Projects/furuta1/src/ament/ament_cmake/ament_cmake_libraries -DAMENT_CMAKE_SYMLINK_INSTALL=1 -DCMAKE_INSTALL_PREFIX=/home/nick/Robotics_Projects/furuta1/install/ament_cmake_libraries
[0.042s] -- Found ament_cmake_core: 1.3.8 (/home/nick/Robotics_Projects/furuta1/install/ament_cmake_core/share/ament_cmake_core/cmake)
[0.336s] -- Found Python3: /usr/bin/python3 (found version "3.10.12") found components: Interpreter 
[0.387s] -- Override CMake install command with custom implementation using symlinks instead of copying resources
[0.437s] -- Configuring done
[0.437s] -- Generating done
[0.438s] -- Build files have been written to: /home/nick/Robotics_Projects/furuta1/build/ament_cmake_libraries
[0.438s] Invoked command in '/home/nick/Robotics_Projects/furuta1/build/ament_cmake_libraries' returned '0': AMENT_PREFIX_PATH=/home/nick/Robotics_Projects/furuta1/install/ament_cmake_core:/home/nick/Robotics_Projects/furuta1/install/ament_package:${AMENT_PREFIX_PATH} CMAKE_PREFIX_PATH=/home/nick/Robotics_Projects/furuta1/install/ament_cmake_core:/opt/ros/humble PYTHONPATH=/home/nick/Robotics_Projects/furuta1/build/ament_package:/home/nick/Robotics_Projects/furuta1/install/ament_package/lib/python3.10/site-packages:${PYTHONPATH} /usr/bin/cmake /home/nick/Robotics_Projects/furuta1/src/ament/ament_cmake/ament_cmake_libraries -DAMENT_CMAKE_SYMLINK_INSTALL=1 -DCMAKE_INSTALL_PREFIX=/home/nick/Robotics_Projects/furuta1/install/ament_cmake_libraries
[0.439s] Invoking command in '/home/nick/Robotics_Projects/furuta1/build/ament_cmake_libraries': AMENT_PREFIX_PATH=/home/nick/Robotics_Projects/furuta1/install/ament_cmake_core:/home/nick/Robotics_Projects/furuta1/install/ament_package:${AMENT_PREFIX_PATH} CMAKE_PREFIX_PATH=/home/nick/Robotics_Projects/furuta1/install/ament_cmake_core:/opt/ros/humble PYTHONPATH=/home/nick/Robotics_Projects/furuta1/build/ament_package:/home/nick/Robotics_Projects/furuta1/install/ament_package/lib/python3.10/site-packages:${PYTHONPATH} /usr/bin/cmake --build /home/nick/Robotics_Projects/furuta1/build/ament_cmake_libraries -- -j16 -l16
[0.471s] Invoked command in '/home/nick/Robotics_Projects/furuta1/build/ament_cmake_libraries' returned '0': AMENT_PREFIX_PATH=/home/nick/Robotics_Projects/furuta1/install/ament_cmake_core:/home/nick/Robotics_Projects/furuta1/install/ament_package:${AMENT_PREFIX_PATH} CMAKE_PREFIX_PATH=/home/nick/Robotics_Projects/furuta1/install/ament_cmake_core:/opt/ros/humble PYTHONPATH=/home/nick/Robotics_Projects/furuta1/build/ament_package:/home/nick/Robotics_Projects/furuta1/install/ament_package/lib/python3.10/site-packages:${PYTHONPATH} /usr/bin/cmake --build /home/nick/Robotics_Projects/furuta1/build/ament_cmake_libraries -- -j16 -l16
[0.491s] Invoking command in '/home/nick/Robotics_Projects/furuta1/build/ament_cmake_libraries': AMENT_PREFIX_PATH=/home/nick/Robotics_Projects/furuta1/install/ament_cmake_core:/home/nick/Robotics_Projects/furuta1/install/ament_package:${AMENT_PREFIX_PATH} CMAKE_PREFIX_PATH=/home/nick/Robotics_Projects/furuta1/install/ament_cmake_core:/opt/ros/humble PYTHONPATH=/home/nick/Robotics_Projects/furuta1/build/ament_package:/home/nick/Robotics_Projects/furuta1/install/ament_package/lib/python3.10/site-packages:${PYTHONPATH} /usr/bin/cmake --install /home/nick/Robotics_Projects/furuta1/build/ament_cmake_libraries
[0.496s] -- Install configuration: ""
[0.497s] -- Execute custom install script
[0.497s] -- Symlinking: /home/nick/Robotics_Projects/furuta1/install/ament_cmake_libraries/share/ament_index/resource_index/package_run_dependencies/ament_cmake_libraries
[0.504s] -- Symlinking: /home/nick/Robotics_Projects/furuta1/install/ament_cmake_libraries/share/ament_index/resource_index/parent_prefix_path/ament_cmake_libraries
[0.511s] -- Symlinking: /home/nick/Robotics_Projects/furuta1/install/ament_cmake_libraries/share/ament_cmake_libraries/environment/ament_prefix_path.sh
[0.518s] -- Symlinking: /home/nick/Robotics_Projects/furuta1/install/ament_cmake_libraries/share/ament_cmake_libraries/environment/ament_prefix_path.dsv
[0.525s] -- Symlinking: /home/nick/Robotics_Projects/furuta1/install/ament_cmake_libraries/share/ament_cmake_libraries/environment/path.sh
[0.533s] -- Symlinking: /home/nick/Robotics_Projects/furuta1/install/ament_cmake_libraries/share/ament_cmake_libraries/environment/path.dsv
[0.540s] -- Symlinking: /home/nick/Robotics_Projects/furuta1/install/ament_cmake_libraries/share/ament_cmake_libraries/local_setup.bash
[0.549s] -- Symlinking: /home/nick/Robotics_Projects/furuta1/install/ament_cmake_libraries/share/ament_cmake_libraries/local_setup.sh
[0.554s] -- Symlinking: /home/nick/Robotics_Projects/furuta1/install/ament_cmake_libraries/share/ament_cmake_libraries/local_setup.zsh
[0.562s] -- Symlinking: /home/nick/Robotics_Projects/furuta1/install/ament_cmake_libraries/share/ament_cmake_libraries/local_setup.dsv
[0.569s] -- Symlinking: /home/nick/Robotics_Projects/furuta1/install/ament_cmake_libraries/share/ament_cmake_libraries/package.dsv
[0.576s] -- Symlinking: /home/nick/Robotics_Projects/furuta1/install/ament_cmake_libraries/share/ament_index/resource_index/packages/ament_cmake_libraries
[0.583s] -- Symlinking: /home/nick/Robotics_Projects/furuta1/install/ament_cmake_libraries/share/ament_cmake_libraries/cmake/ament_cmake_libraries-extras.cmake
[0.590s] -- Symlinking: /home/nick/Robotics_Projects/furuta1/install/ament_cmake_libraries/share/ament_cmake_libraries/cmake/ament_cmake_librariesConfig.cmake
[0.598s] -- Symlinking: /home/nick/Robotics_Projects/furuta1/install/ament_cmake_libraries/share/ament_cmake_libraries/cmake/ament_cmake_librariesConfig-version.cmake
[0.605s] -- Symlinking: /home/nick/Robotics_Projects/furuta1/install/ament_cmake_libraries/share/ament_cmake_libraries/package.xml
[0.614s] -- Symlinking: /home/nick/Robotics_Projects/furuta1/install/ament_cmake_libraries/share/ament_cmake_libraries/cmake/ament_libraries_deduplicate.cmake
[0.620s] -- Symlinking: /home/nick/Robotics_Projects/furuta1/install/ament_cmake_libraries/share/ament_cmake_libraries/cmake/ament_libraries_pack_build_configuration.cmake
[0.627s] -- Symlinking: /home/nick/Robotics_Projects/furuta1/install/ament_cmake_libraries/share/ament_cmake_libraries/cmake/ament_libraries_unpack_build_configuration.cmake
[0.664s] Invoked command in '/home/nick/Robotics_Projects/furuta1/build/ament_cmake_libraries' returned '0': AMENT_PREFIX_PATH=/home/nick/Robotics_Projects/furuta1/install/ament_cmake_core:/home/nick/Robotics_Projects/furuta1/install/ament_package:${AMENT_PREFIX_PATH} CMAKE_PREFIX_PATH=/home/nick/Robotics_Projects/furuta1/install/ament_cmake_core:/opt/ros/humble PYTHONPATH=/home/nick/Robotics_Projects/furuta1/build/ament_package:/home/nick/Robotics_Projects/furuta1/install/ament_package/lib/python3.10/site-packages:${PYTHONPATH} /usr/bin/cmake --install /home/nick/Robotics_Projects/furuta1/build/ament_cmake_libraries
