[3.431s] Invoking command in '/home/nick/Robotics_Projects/furuta1/build/ament_cpplint': AMENT_PREFIX_PATH=/home/nick/Robotics_Projects/furuta1/install/ament_copyright:/home/nick/Robotics_Projects/furuta1/install/ament_pep257:/home/nick/Robotics_Projects/furuta1/install/ament_flake8:/home/nick/Robotics_Projects/furuta1/install/ament_lint:${AMENT_PREFIX_PATH} PATH=/home/nick/Robotics_Projects/furuta1/install/ament_copyright/bin:/home/nick/Robotics_Projects/furuta1/install/ament_pep257/bin:/home/nick/Robotics_Projects/furuta1/install/ament_flake8/bin:${PATH} PYTHONPATH=/home/nick/Robotics_Projects/furuta1/build/ament_cpplint/prefix_override:/home/nick/Robotics_Projects/furuta1/install/ament_cpplint/lib/python3.10/site-packages:/home/nick/Robotics_Projects/furuta1/build/ament_copyright:/home/nick/Robotics_Projects/furuta1/install/ament_copyright/lib/python3.10/site-packages:/home/nick/Robotics_Projects/furuta1/build/ament_pep257:/home/nick/Robotics_Projects/furuta1/install/ament_pep257/lib/python3.10/site-packages:/home/nick/Robotics_Projects/furuta1/build/ament_flake8:/home/nick/Robotics_Projects/furuta1/install/ament_flake8/lib/python3.10/site-packages:/home/nick/Robotics_Projects/furuta1/build/ament_lint:/home/nick/Robotics_Projects/furuta1/install/ament_lint/lib/python3.10/site-packages:${PYTHONPATH} /usr/bin/python3 -W ignore:setup.py install is deprecated setup.py develop --editable --build-directory /home/nick/Robotics_Projects/furuta1/build/ament_cpplint/build --no-deps symlink_data
[3.721s] running develop
[3.721s] /home/nick/.local/lib/python3.10/site-packages/setuptools/command/develop.py:39: EasyInstallDeprecationWarning: easy_install command is deprecated.
[3.721s] !!
[3.721s] 
[3.721s]         ********************************************************************************
[3.721s]         Please avoid running ``setup.py`` and ``easy_install``.
[3.721s]         Instead, use pypa/build, pypa/installer or other
[3.721s]         standards-based tools.
[3.721s] 
[3.721s]         See https://github.com/pypa/setuptools/issues/917 for details.
[3.721s]         ********************************************************************************
[3.721s] 
[3.721s] !!
[3.721s]   easy_install.initialize_options(self)
[3.842s] running egg_info
[3.842s] creating ament_cpplint.egg-info
[3.848s] writing ament_cpplint.egg-info/PKG-INFO
[3.849s] writing dependency_links to ament_cpplint.egg-info/dependency_links.txt
[3.849s] writing entry points to ament_cpplint.egg-info/entry_points.txt
[3.849s] writing requirements to ament_cpplint.egg-info/requires.txt
[3.849s] writing top-level names to ament_cpplint.egg-info/top_level.txt
[3.849s] writing manifest file 'ament_cpplint.egg-info/SOURCES.txt'
[3.867s] reading manifest file 'ament_cpplint.egg-info/SOURCES.txt'
[3.868s] writing manifest file 'ament_cpplint.egg-info/SOURCES.txt'
[3.877s] running build_ext
[3.878s] Creating /home/nick/Robotics_Projects/furuta1/install/ament_cpplint/lib/python3.10/site-packages/ament_cpplint.egg-link (link to .)
[3.878s] Installing ament_cpplint script to /home/nick/Robotics_Projects/furuta1/install/ament_cpplint/bin
[3.878s] 
[3.878s] Installed /home/nick/Robotics_Projects/furuta1/build/ament_cpplint
[3.879s] running symlink_data
[3.879s] symbolically linking /home/nick/Robotics_Projects/furuta1/build/ament_cpplint/package.xml -> /home/nick/Robotics_Projects/furuta1/install/ament_cpplint/share/ament_cpplint
[3.879s] creating /home/nick/Robotics_Projects/furuta1/install/ament_cpplint/share/ament_index
[3.879s] creating /home/nick/Robotics_Projects/furuta1/install/ament_cpplint/share/ament_index/resource_index
[3.879s] creating /home/nick/Robotics_Projects/furuta1/install/ament_cpplint/share/ament_index/resource_index/packages
[3.880s] symbolically linking /home/nick/Robotics_Projects/furuta1/build/ament_cpplint/resource/ament_cpplint -> /home/nick/Robotics_Projects/furuta1/install/ament_cpplint/share/ament_index/resource_index/packages
[3.997s] Invoked command in '/home/nick/Robotics_Projects/furuta1/build/ament_cpplint' returned '0': AMENT_PREFIX_PATH=/home/nick/Robotics_Projects/furuta1/install/ament_copyright:/home/nick/Robotics_Projects/furuta1/install/ament_pep257:/home/nick/Robotics_Projects/furuta1/install/ament_flake8:/home/nick/Robotics_Projects/furuta1/install/ament_lint:${AMENT_PREFIX_PATH} PATH=/home/nick/Robotics_Projects/furuta1/install/ament_copyright/bin:/home/nick/Robotics_Projects/furuta1/install/ament_pep257/bin:/home/nick/Robotics_Projects/furuta1/install/ament_flake8/bin:${PATH} PYTHONPATH=/home/nick/Robotics_Projects/furuta1/build/ament_cpplint/prefix_override:/home/nick/Robotics_Projects/furuta1/install/ament_cpplint/lib/python3.10/site-packages:/home/nick/Robotics_Projects/furuta1/build/ament_copyright:/home/nick/Robotics_Projects/furuta1/install/ament_copyright/lib/python3.10/site-packages:/home/nick/Robotics_Projects/furuta1/build/ament_pep257:/home/nick/Robotics_Projects/furuta1/install/ament_pep257/lib/python3.10/site-packages:/home/nick/Robotics_Projects/furuta1/build/ament_flake8:/home/nick/Robotics_Projects/furuta1/install/ament_flake8/lib/python3.10/site-packages:/home/nick/Robotics_Projects/furuta1/build/ament_lint:/home/nick/Robotics_Projects/furuta1/install/ament_lint/lib/python3.10/site-packages:${PYTHONPATH} /usr/bin/python3 -W ignore:setup.py install is deprecated setup.py develop --editable --build-directory /home/nick/Robotics_Projects/furuta1/build/ament_cpplint/build --no-deps symlink_data
