running develop
/home/nick/.local/lib/python3.10/site-packages/setuptools/command/develop.py:39: EasyInstallDeprecationWarning: easy_install command is deprecated.
!!

        ********************************************************************************
        Please avoid running ``setup.py`` and ``easy_install``.
        Instead, use pypa/build, pypa/installer or other
        standards-based tools.

        See https://github.com/pypa/setuptools/issues/917 for details.
        ********************************************************************************

!!
  easy_install.initialize_options(self)
running egg_info
creating domain_coordinator.egg-info
writing domain_coordinator.egg-info/PKG-INFO
writing dependency_links to domain_coordinator.egg-info/dependency_links.txt
writing requirements to domain_coordinator.egg-info/requires.txt
writing top-level names to domain_coordinator.egg-info/top_level.txt
writing manifest file 'domain_coordinator.egg-info/SOURCES.txt'
reading manifest file 'domain_coordinator.egg-info/SOURCES.txt'
writing manifest file 'domain_coordinator.egg-info/SOURCES.txt'
running build_ext
Creating /home/nick/Robotics_Projects/furuta1/install/domain_coordinator/lib/python3.10/site-packages/domain_coordinator.egg-link (link to .)

Installed /home/nick/Robotics_Projects/furuta1/build/domain_coordinator
running symlink_data
symbolically linking /home/nick/Robotics_Projects/furuta1/build/domain_coordinator/package.xml -> /home/nick/Robotics_Projects/furuta1/install/domain_coordinator/share/domain_coordinator
creating /home/nick/Robotics_Projects/furuta1/install/domain_coordinator/share/ament_index
creating /home/nick/Robotics_Projects/furuta1/install/domain_coordinator/share/ament_index/resource_index
creating /home/nick/Robotics_Projects/furuta1/install/domain_coordinator/share/ament_index/resource_index/packages
symbolically linking /home/nick/Robotics_Projects/furuta1/build/domain_coordinator/resource/domain_coordinator -> /home/nick/Robotics_Projects/furuta1/install/domain_coordinator/share/ament_index/resource_index/packages
