[3.521s] Invoking command in '/home/nick/Robotics_Projects/furuta1/build/domain_coordinator': AMENT_PREFIX_PATH=/home/nick/Robotics_Projects/furuta1/install/ament_copyright:/home/nick/Robotics_Projects/furuta1/install/ament_pep257:/home/nick/Robotics_Projects/furuta1/install/ament_flake8:/home/nick/Robotics_Projects/furuta1/install/ament_lint:${AMENT_PREFIX_PATH} PATH=/home/nick/Robotics_Projects/furuta1/install/ament_copyright/bin:/home/nick/Robotics_Projects/furuta1/install/ament_pep257/bin:/home/nick/Robotics_Projects/furuta1/install/ament_flake8/bin:${PATH} PYTHONPATH=/home/nick/Robotics_Projects/furuta1/build/domain_coordinator/prefix_override:/home/nick/Robotics_Projects/furuta1/install/domain_coordinator/lib/python3.10/site-packages:/home/nick/Robotics_Projects/furuta1/build/ament_copyright:/home/nick/Robotics_Projects/furuta1/install/ament_copyright/lib/python3.10/site-packages:/home/nick/Robotics_Projects/furuta1/build/ament_pep257:/home/nick/Robotics_Projects/furuta1/install/ament_pep257/lib/python3.10/site-packages:/home/nick/Robotics_Projects/furuta1/build/ament_flake8:/home/nick/Robotics_Projects/furuta1/install/ament_flake8/lib/python3.10/site-packages:/home/nick/Robotics_Projects/furuta1/build/ament_lint:/home/nick/Robotics_Projects/furuta1/install/ament_lint/lib/python3.10/site-packages:${PYTHONPATH} /usr/bin/python3 -W ignore:setup.py install is deprecated setup.py develop --editable --build-directory /home/nick/Robotics_Projects/furuta1/build/domain_coordinator/build --no-deps symlink_data
[3.746s] running develop
[3.746s] /home/nick/.local/lib/python3.10/site-packages/setuptools/command/develop.py:39: EasyInstallDeprecationWarning: easy_install command is deprecated.
[3.746s] !!
[3.755s] 
[3.755s]         ********************************************************************************
[3.756s]         Please avoid running ``setup.py`` and ``easy_install``.
[3.756s]         Instead, use pypa/build, pypa/installer or other
[3.756s]         standards-based tools.
[3.756s] 
[3.756s]         See https://github.com/pypa/setuptools/issues/917 for details.
[3.756s]         ********************************************************************************
[3.756s] 
[3.756s] !!
[3.756s]   easy_install.initialize_options(self)
[3.883s] running egg_info
[3.883s] creating domain_coordinator.egg-info
[3.908s] writing domain_coordinator.egg-info/PKG-INFO
[3.910s] writing dependency_links to domain_coordinator.egg-info/dependency_links.txt
[3.910s] writing requirements to domain_coordinator.egg-info/requires.txt
[3.910s] writing top-level names to domain_coordinator.egg-info/top_level.txt
[3.910s] writing manifest file 'domain_coordinator.egg-info/SOURCES.txt'
[3.928s] reading manifest file 'domain_coordinator.egg-info/SOURCES.txt'
[3.929s] writing manifest file 'domain_coordinator.egg-info/SOURCES.txt'
[3.939s] running build_ext
[3.939s] Creating /home/nick/Robotics_Projects/furuta1/install/domain_coordinator/lib/python3.10/site-packages/domain_coordinator.egg-link (link to .)
[3.940s] 
[3.940s] Installed /home/nick/Robotics_Projects/furuta1/build/domain_coordinator
[3.940s] running symlink_data
[3.940s] symbolically linking /home/nick/Robotics_Projects/furuta1/build/domain_coordinator/package.xml -> /home/nick/Robotics_Projects/furuta1/install/domain_coordinator/share/domain_coordinator
[3.940s] creating /home/nick/Robotics_Projects/furuta1/install/domain_coordinator/share/ament_index
[3.940s] creating /home/nick/Robotics_Projects/furuta1/install/domain_coordinator/share/ament_index/resource_index
[3.940s] creating /home/nick/Robotics_Projects/furuta1/install/domain_coordinator/share/ament_index/resource_index/packages
[3.940s] symbolically linking /home/nick/Robotics_Projects/furuta1/build/domain_coordinator/resource/domain_coordinator -> /home/nick/Robotics_Projects/furuta1/install/domain_coordinator/share/ament_index/resource_index/packages
[4.096s] Invoked command in '/home/nick/Robotics_Projects/furuta1/build/domain_coordinator' returned '0': AMENT_PREFIX_PATH=/home/nick/Robotics_Projects/furuta1/install/ament_copyright:/home/nick/Robotics_Projects/furuta1/install/ament_pep257:/home/nick/Robotics_Projects/furuta1/install/ament_flake8:/home/nick/Robotics_Projects/furuta1/install/ament_lint:${AMENT_PREFIX_PATH} PATH=/home/nick/Robotics_Projects/furuta1/install/ament_copyright/bin:/home/nick/Robotics_Projects/furuta1/install/ament_pep257/bin:/home/nick/Robotics_Projects/furuta1/install/ament_flake8/bin:${PATH} PYTHONPATH=/home/nick/Robotics_Projects/furuta1/build/domain_coordinator/prefix_override:/home/nick/Robotics_Projects/furuta1/install/domain_coordinator/lib/python3.10/site-packages:/home/nick/Robotics_Projects/furuta1/build/ament_copyright:/home/nick/Robotics_Projects/furuta1/install/ament_copyright/lib/python3.10/site-packages:/home/nick/Robotics_Projects/furuta1/build/ament_pep257:/home/nick/Robotics_Projects/furuta1/install/ament_pep257/lib/python3.10/site-packages:/home/nick/Robotics_Projects/furuta1/build/ament_flake8:/home/nick/Robotics_Projects/furuta1/install/ament_flake8/lib/python3.10/site-packages:/home/nick/Robotics_Projects/furuta1/build/ament_lint:/home/nick/Robotics_Projects/furuta1/install/ament_lint/lib/python3.10/site-packages:${PYTHONPATH} /usr/bin/python3 -W ignore:setup.py install is deprecated setup.py develop --editable --build-directory /home/nick/Robotics_Projects/furuta1/build/domain_coordinator/build --no-deps symlink_data
