[0.731s] Invoking command in '/home/nick/Robotics_Projects/furuta1/build/ament_cppcheck': PYTHONPATH=/home/nick/Robotics_Projects/furuta1/build/ament_cppcheck/prefix_override:/home/nick/Robotics_Projects/furuta1/install/ament_cppcheck/lib/python3.10/site-packages:${PYTHONPATH} /usr/bin/python3 -W ignore:setup.py install is deprecated setup.py develop --uninstall --editable --build-directory /home/nick/Robotics_Projects/furuta1/build/ament_cppcheck/build
[0.869s] running develop
[0.869s] /home/nick/.local/lib/python3.10/site-packages/setuptools/command/develop.py:39: EasyInstallDeprecationWarning: easy_install command is deprecated.
[0.869s] !!
[0.869s] 
[0.869s]         ********************************************************************************
[0.869s]         Please avoid running ``setup.py`` and ``easy_install``.
[0.869s]         Instead, use pypa/build, pypa/installer or other
[0.869s]         standards-based tools.
[0.869s] 
[0.869s]         See https://github.com/pypa/setuptools/issues/917 for details.
[0.869s]         ********************************************************************************
[0.869s] 
[0.869s] !!
[0.869s]   easy_install.initialize_options(self)
[0.950s] Removing /home/nick/Robotics_Projects/furuta1/install/ament_cppcheck/lib/python3.10/site-packages/ament_cppcheck.egg-link (link to .)
[0.966s] Invoked command in '/home/nick/Robotics_Projects/furuta1/build/ament_cppcheck' returned '0': PYTHONPATH=/home/nick/Robotics_Projects/furuta1/build/ament_cppcheck/prefix_override:/home/nick/Robotics_Projects/furuta1/install/ament_cppcheck/lib/python3.10/site-packages:${PYTHONPATH} /usr/bin/python3 -W ignore:setup.py install is deprecated setup.py develop --uninstall --editable --build-directory /home/nick/Robotics_Projects/furuta1/build/ament_cppcheck/build
[0.967s] Invoking command in '/home/nick/Robotics_Projects/furuta1/src/ament/ament_lint/ament_cppcheck': PYTHONPATH=/home/nick/Robotics_Projects/furuta1/build/ament_cppcheck/prefix_override:/home/nick/Robotics_Projects/furuta1/install/ament_cppcheck/lib/python3.10/site-packages:${PYTHONPATH} /usr/bin/python3 -W ignore:setup.py install is deprecated setup.py egg_info --egg-base ../../../../build/ament_cppcheck build --build-base /home/nick/Robotics_Projects/furuta1/build/ament_cppcheck/build install --record /home/nick/Robotics_Projects/furuta1/build/ament_cppcheck/install.log --single-version-externally-managed install_data --force
[1.067s] running egg_info
[1.072s] writing ../../../../build/ament_cppcheck/ament_cppcheck.egg-info/PKG-INFO
[1.072s] writing dependency_links to ../../../../build/ament_cppcheck/ament_cppcheck.egg-info/dependency_links.txt
[1.072s] writing entry points to ../../../../build/ament_cppcheck/ament_cppcheck.egg-info/entry_points.txt
[1.072s] writing requirements to ../../../../build/ament_cppcheck/ament_cppcheck.egg-info/requires.txt
[1.073s] writing top-level names to ../../../../build/ament_cppcheck/ament_cppcheck.egg-info/top_level.txt
[1.084s] reading manifest file '../../../../build/ament_cppcheck/ament_cppcheck.egg-info/SOURCES.txt'
[1.084s] writing manifest file '../../../../build/ament_cppcheck/ament_cppcheck.egg-info/SOURCES.txt'
[1.084s] running build
[1.084s] running build_py
[1.085s] creating /home/nick/Robotics_Projects/furuta1/build/ament_cppcheck/build
[1.085s] creating /home/nick/Robotics_Projects/furuta1/build/ament_cppcheck/build/lib
[1.085s] creating /home/nick/Robotics_Projects/furuta1/build/ament_cppcheck/build/lib/ament_cppcheck
[1.085s] copying ament_cppcheck/main.py -> /home/nick/Robotics_Projects/furuta1/build/ament_cppcheck/build/lib/ament_cppcheck
[1.085s] copying ament_cppcheck/__init__.py -> /home/nick/Robotics_Projects/furuta1/build/ament_cppcheck/build/lib/ament_cppcheck
[1.085s] running install
[1.088s] running install_lib
[1.093s] creating /home/nick/Robotics_Projects/furuta1/install/ament_cppcheck/lib/python3.10/site-packages/ament_cppcheck
[1.093s] copying /home/nick/Robotics_Projects/furuta1/build/ament_cppcheck/build/lib/ament_cppcheck/main.py -> /home/nick/Robotics_Projects/furuta1/install/ament_cppcheck/lib/python3.10/site-packages/ament_cppcheck
[1.093s] copying /home/nick/Robotics_Projects/furuta1/build/ament_cppcheck/build/lib/ament_cppcheck/__init__.py -> /home/nick/Robotics_Projects/furuta1/install/ament_cppcheck/lib/python3.10/site-packages/ament_cppcheck
[1.094s] byte-compiling /home/nick/Robotics_Projects/furuta1/install/ament_cppcheck/lib/python3.10/site-packages/ament_cppcheck/main.py to main.cpython-310.pyc
[1.095s] byte-compiling /home/nick/Robotics_Projects/furuta1/install/ament_cppcheck/lib/python3.10/site-packages/ament_cppcheck/__init__.py to __init__.cpython-310.pyc
[1.095s] running install_data
[1.095s] copying package.xml -> /home/nick/Robotics_Projects/furuta1/install/ament_cppcheck/share/ament_cppcheck
[1.095s] copying resource/ament_cppcheck -> /home/nick/Robotics_Projects/furuta1/install/ament_cppcheck/share/ament_index/resource_index/packages
[1.095s] running install_egg_info
[1.101s] Copying ../../../../build/ament_cppcheck/ament_cppcheck.egg-info to /home/nick/Robotics_Projects/furuta1/install/ament_cppcheck/lib/python3.10/site-packages/ament_cppcheck-0.12.10-py3.10.egg-info
[1.101s] running install_scripts
[1.161s] Installing ament_cppcheck script to /home/nick/Robotics_Projects/furuta1/install/ament_cppcheck/bin
[1.161s] error: [Errno 13] Permission denied: '/home/nick/Robotics_Projects/furuta1/install/ament_cppcheck/bin/ament_cppcheck'
[1.174s] Invoked command in '/home/nick/Robotics_Projects/furuta1/src/ament/ament_lint/ament_cppcheck' returned '1': PYTHONPATH=/home/nick/Robotics_Projects/furuta1/build/ament_cppcheck/prefix_override:/home/nick/Robotics_Projects/furuta1/install/ament_cppcheck/lib/python3.10/site-packages:${PYTHONPATH} /usr/bin/python3 -W ignore:setup.py install is deprecated setup.py egg_info --egg-base ../../../../build/ament_cppcheck build --build-base /home/nick/Robotics_Projects/furuta1/build/ament_cppcheck/build install --record /home/nick/Robotics_Projects/furuta1/build/ament_cppcheck/install.log --single-version-externally-managed install_data --force
