[0.282s] Invoking command in '/home/nick/Robotics_Projects/furuta1/build/iceoryx_hoofs': CMAKE_PREFIX_PATH=/opt/ros/humble /usr/bin/cmake /home/nick/Robotics_Projects/furuta1/src/eclipse-iceoryx/iceoryx/iceoryx_hoofs -DCMAKE_INSTALL_PREFIX=/home/nick/Robotics_Projects/furuta1/install/iceoryx_hoofs
[0.380s] -- The C compiler identification is GNU 11.4.0
[0.380s] -- The CXX compiler identification is GNU 11.4.0
[0.381s] -- Detecting C compiler ABI info
[0.396s] -- Detecting C compiler ABI info - done
[0.400s] -- Check for working C compiler: /usr/bin/cc - skipped
[0.400s] -- Detecting C compile features
[0.400s] -- Detecting C compile features - done
[0.402s] -- Detecting CXX compiler ABI info
[0.450s] -- Detecting CXX compiler ABI info - done
[0.455s] -- Check for working CXX compiler: /usr/bin/c++ - skipped
[0.455s] -- Detecting CXX compile features
[0.455s] -- Detecting CXX compile features - done
[0.459s] -- Configuring done
[0.464s] -- Generating done
[0.465s] -- Build files have been written to: /home/nick/Robotics_Projects/furuta1/build/iceoryx_hoofs
[0.487s] Invoked command in '/home/nick/Robotics_Projects/furuta1/build/iceoryx_hoofs' returned '0': CMAKE_PREFIX_PATH=/opt/ros/humble /usr/bin/cmake /home/nick/Robotics_Projects/furuta1/src/eclipse-iceoryx/iceoryx/iceoryx_hoofs -DCMAKE_INSTALL_PREFIX=/home/nick/Robotics_Projects/furuta1/install/iceoryx_hoofs
[0.488s] Invoking command in '/home/nick/Robotics_Projects/furuta1/build/iceoryx_hoofs': CMAKE_PREFIX_PATH=/opt/ros/humble /usr/bin/cmake --build /home/nick/Robotics_Projects/furuta1/build/iceoryx_hoofs -- -j16 -l16
[0.519s] [  2%] [32mBuilding CXX object platform/CMakeFiles/iceoryx_platform.dir/linux/source/file.cpp.o[0m
[0.519s] [  4%] [32mBuilding CXX object platform/CMakeFiles/iceoryx_platform.dir/linux/source/fnctl.cpp.o[0m
[0.519s] [  6%] [32mBuilding CXX object platform/CMakeFiles/iceoryx_platform.dir/linux/source/grp.cpp.o[0m
[0.520s] [  8%] [32mBuilding CXX object platform/CMakeFiles/iceoryx_platform.dir/linux/source/mman.cpp.o[0m
[0.520s] [ 11%] [32mBuilding CXX object platform/CMakeFiles/iceoryx_platform.dir/linux/source/mqueue.cpp.o[0m
[0.520s] [ 13%] [32mBuilding CXX object platform/CMakeFiles/iceoryx_platform.dir/linux/source/socket.cpp.o[0m
[0.523s] [ 15%] [32mBuilding CXX object platform/CMakeFiles/iceoryx_platform.dir/linux/source/unistd.cpp.o[0m
[0.558s] [ 17%] [32m[1mLinking CXX shared library libiceoryx_platform.so[0m
[0.595s] [ 17%] Built target iceoryx_platform
[0.612s] [ 20%] [32mBuilding CXX object CMakeFiles/iceoryx_hoofs.dir/source/concurrent/active_object.cpp.o[0m
[0.612s] [ 24%] [32mBuilding CXX object CMakeFiles/iceoryx_hoofs.dir/source/cxx/helplets.cpp.o[0m
[0.612s] [ 24%] [32mBuilding CXX object CMakeFiles/iceoryx_hoofs.dir/source/cxx/deadline_timer.cpp.o[0m
[0.612s] [ 26%] [32mBuilding CXX object CMakeFiles/iceoryx_hoofs.dir/source/cxx/requires.cpp.o[0m
[0.613s] [ 28%] [32mBuilding CXX object CMakeFiles/iceoryx_hoofs.dir/source/cxx/filesystem.cpp.o[0m
[0.614s] [ 31%] [32mBuilding CXX object CMakeFiles/iceoryx_hoofs.dir/source/concurrent/loffli.cpp.o[0m
[0.615s] [ 33%] [32mBuilding CXX object CMakeFiles/iceoryx_hoofs.dir/source/cxx/generic_raii.cpp.o[0m
[0.617s] [ 35%] [32mBuilding CXX object CMakeFiles/iceoryx_hoofs.dir/source/error_handling/error_handling.cpp.o[0m
[0.617s] [ 40%] [32mBuilding CXX object CMakeFiles/iceoryx_hoofs.dir/source/cxx/unique_id.cpp.o[0m
[0.618s] [ 40%] [32mBuilding CXX object CMakeFiles/iceoryx_hoofs.dir/source/file_reader/file_reader.cpp.o[0m
[0.634s] [ 42%] [32mBuilding CXX object CMakeFiles/iceoryx_hoofs.dir/source/log/logcommon.cpp.o[0m
[0.636s] [ 44%] [32mBuilding CXX object CMakeFiles/iceoryx_hoofs.dir/source/log/logger.cpp.o[0m
[0.644s] [ 46%] [32mBuilding CXX object CMakeFiles/iceoryx_hoofs.dir/source/log/logging.cpp.o[0m
[0.645s] [ 48%] [32mBuilding CXX object CMakeFiles/iceoryx_hoofs.dir/source/log/logging_internal.cpp.o[0m
[0.654s] [ 51%] [32mBuilding CXX object CMakeFiles/iceoryx_hoofs.dir/source/log/logmanager.cpp.o[0m
[0.673s] [ 53%] [32mBuilding CXX object CMakeFiles/iceoryx_hoofs.dir/source/log/logstream.cpp.o[0m
[0.729s] [ 55%] [32mBuilding CXX object CMakeFiles/iceoryx_hoofs.dir/source/posix_wrapper/access_control.cpp.o[0m
[0.991s] [ 57%] [32mBuilding CXX object CMakeFiles/iceoryx_hoofs.dir/source/posix_wrapper/mutex.cpp.o[0m
[0.999s] [ 60%] [32mBuilding CXX object CMakeFiles/iceoryx_hoofs.dir/source/posix_wrapper/file_lock.cpp.o[0m
[1.037s] [ 62%] [32mBuilding CXX object CMakeFiles/iceoryx_hoofs.dir/source/posix_wrapper/timer.cpp.o[0m
[1.042s] [ 64%] [32mBuilding CXX object CMakeFiles/iceoryx_hoofs.dir/source/posix_wrapper/semaphore.cpp.o[0m
[1.102s] [ 66%] [32mBuilding CXX object CMakeFiles/iceoryx_hoofs.dir/source/posix_wrapper/signal_handler.cpp.o[0m
[1.118s] [ 68%] [32mBuilding CXX object CMakeFiles/iceoryx_hoofs.dir/source/posix_wrapper/shared_memory_object.cpp.o[0m
[1.155s] [ 71%] [32mBuilding CXX object CMakeFiles/iceoryx_hoofs.dir/source/posix_wrapper/signal_watcher.cpp.o[0m
[1.188s] [ 73%] [32mBuilding CXX object CMakeFiles/iceoryx_hoofs.dir/source/posix_wrapper/message_queue.cpp.o[0m
[1.237s] [ 75%] [32mBuilding CXX object CMakeFiles/iceoryx_hoofs.dir/source/posix_wrapper/named_pipe.cpp.o[0m
[1.260s] [ 77%] [32mBuilding CXX object CMakeFiles/iceoryx_hoofs.dir/source/posix_wrapper/unix_domain_socket.cpp.o[0m
[1.293s] [ 80%] [32mBuilding CXX object CMakeFiles/iceoryx_hoofs.dir/source/posix_wrapper/shared_memory_object/allocator.cpp.o[0m
[1.330s] [ 82%] [32mBuilding CXX object CMakeFiles/iceoryx_hoofs.dir/source/posix_wrapper/shared_memory_object/memory_map.cpp.o[0m
[1.332s] [ 84%] [32mBuilding CXX object CMakeFiles/iceoryx_hoofs.dir/source/posix_wrapper/shared_memory_object/shared_memory.cpp.o[0m
[1.402s] [ 86%] [32mBuilding CXX object CMakeFiles/iceoryx_hoofs.dir/source/posix_wrapper/system_configuration.cpp.o[0m
[1.461s] [ 88%] [32mBuilding CXX object CMakeFiles/iceoryx_hoofs.dir/source/posix_wrapper/posix_access_rights.cpp.o[0m
[1.486s] [ 91%] [32mBuilding CXX object CMakeFiles/iceoryx_hoofs.dir/source/posix_wrapper/thread.cpp.o[0m
[1.545s] [ 93%] [32mBuilding CXX object CMakeFiles/iceoryx_hoofs.dir/source/units/duration.cpp.o[0m
[1.588s] [ 95%] [32mBuilding CXX object CMakeFiles/iceoryx_hoofs.dir/source/relocatable_pointer/base_relative_pointer.cpp.o[0m
[1.632s] [ 97%] [32mBuilding CXX object CMakeFiles/iceoryx_hoofs.dir/source/relocatable_pointer/relative_pointer_data.cpp.o[0m
[1.955s] [100%] [32m[1mLinking CXX shared library libiceoryx_hoofs.so[0m
[2.042s] [100%] Built target iceoryx_hoofs
[2.054s] Invoked command in '/home/nick/Robotics_Projects/furuta1/build/iceoryx_hoofs' returned '0': CMAKE_PREFIX_PATH=/opt/ros/humble /usr/bin/cmake --build /home/nick/Robotics_Projects/furuta1/build/iceoryx_hoofs -- -j16 -l16
[2.209s] Invoking command in '/home/nick/Robotics_Projects/furuta1/build/iceoryx_hoofs': CMAKE_PREFIX_PATH=/opt/ros/humble /usr/bin/cmake --install /home/nick/Robotics_Projects/furuta1/build/iceoryx_hoofs
[2.215s] -- Install configuration: ""
[2.216s] -- Installing: /home/nick/Robotics_Projects/furuta1/install/iceoryx_hoofs/include/iceoryx/v2.0.5
[2.216s] -- Installing: /home/nick/Robotics_Projects/furuta1/install/iceoryx_hoofs/include/iceoryx/v2.0.5/iceoryx_hoofs
[2.216s] -- Installing: /home/nick/Robotics_Projects/furuta1/install/iceoryx_hoofs/include/iceoryx/v2.0.5/iceoryx_hoofs/platform
[2.216s] -- Installing: /home/nick/Robotics_Projects/furuta1/install/iceoryx_hoofs/include/iceoryx/v2.0.5/iceoryx_hoofs/platform/un.hpp
[2.216s] -- Installing: /home/nick/Robotics_Projects/furuta1/install/iceoryx_hoofs/include/iceoryx/v2.0.5/iceoryx_hoofs/platform/resource.hpp
[2.216s] -- Installing: /home/nick/Robotics_Projects/furuta1/install/iceoryx_hoofs/include/iceoryx/v2.0.5/iceoryx_hoofs/platform/platform_correction.hpp
[2.216s] -- Installing: /home/nick/Robotics_Projects/furuta1/install/iceoryx_hoofs/include/iceoryx/v2.0.5/iceoryx_hoofs/platform/getopt.hpp
[2.217s] -- Installing: /home/nick/Robotics_Projects/furuta1/install/iceoryx_hoofs/include/iceoryx/v2.0.5/iceoryx_hoofs/platform/socket.hpp
[2.217s] -- Installing: /home/nick/Robotics_Projects/furuta1/install/iceoryx_hoofs/include/iceoryx/v2.0.5/iceoryx_hoofs/platform/semaphore.hpp
[2.217s] -- Installing: /home/nick/Robotics_Projects/furuta1/install/iceoryx_hoofs/include/iceoryx/v2.0.5/iceoryx_hoofs/platform/file.hpp
[2.217s] -- Installing: /home/nick/Robotics_Projects/furuta1/install/iceoryx_hoofs/include/iceoryx/v2.0.5/iceoryx_hoofs/platform/errno.hpp
[2.217s] -- Installing: /home/nick/Robotics_Projects/furuta1/install/iceoryx_hoofs/include/iceoryx/v2.0.5/iceoryx_hoofs/platform/acl.hpp
[2.217s] -- Installing: /home/nick/Robotics_Projects/furuta1/install/iceoryx_hoofs/include/iceoryx/v2.0.5/iceoryx_hoofs/platform/mman.hpp
[2.218s] -- Installing: /home/nick/Robotics_Projects/furuta1/install/iceoryx_hoofs/include/iceoryx/v2.0.5/iceoryx_hoofs/platform/unistd.hpp
[2.218s] -- Installing: /home/nick/Robotics_Projects/furuta1/install/iceoryx_hoofs/include/iceoryx/v2.0.5/iceoryx_hoofs/platform/pthread.hpp
[2.218s] -- Installing: /home/nick/Robotics_Projects/furuta1/install/iceoryx_hoofs/include/iceoryx/v2.0.5/iceoryx_hoofs/platform/mqueue.hpp
[2.218s] -- Installing: /home/nick/Robotics_Projects/furuta1/install/iceoryx_hoofs/include/iceoryx/v2.0.5/iceoryx_hoofs/platform/signal.hpp
[2.218s] -- Installing: /home/nick/Robotics_Projects/furuta1/install/iceoryx_hoofs/include/iceoryx/v2.0.5/iceoryx_hoofs/platform/dlfcn.hpp
[2.218s] -- Installing: /home/nick/Robotics_Projects/furuta1/install/iceoryx_hoofs/include/iceoryx/v2.0.5/iceoryx_hoofs/platform/wait.hpp
[2.218s] -- Installing: /home/nick/Robotics_Projects/furuta1/install/iceoryx_hoofs/include/iceoryx/v2.0.5/iceoryx_hoofs/platform/grp.hpp
[2.219s] -- Installing: /home/nick/Robotics_Projects/furuta1/install/iceoryx_hoofs/include/iceoryx/v2.0.5/iceoryx_hoofs/platform/inet.hpp
[2.219s] -- Installing: /home/nick/Robotics_Projects/furuta1/install/iceoryx_hoofs/include/iceoryx/v2.0.5/iceoryx_hoofs/platform/platform_settings.hpp
[2.219s] -- Installing: /home/nick/Robotics_Projects/furuta1/install/iceoryx_hoofs/include/iceoryx/v2.0.5/iceoryx_hoofs/platform/stat.hpp
[2.219s] -- Installing: /home/nick/Robotics_Projects/furuta1/install/iceoryx_hoofs/include/iceoryx/v2.0.5/iceoryx_hoofs/platform/types.hpp
[2.219s] -- Installing: /home/nick/Robotics_Projects/furuta1/install/iceoryx_hoofs/include/iceoryx/v2.0.5/iceoryx_hoofs/platform/pwd.hpp
[2.219s] -- Installing: /home/nick/Robotics_Projects/furuta1/install/iceoryx_hoofs/include/iceoryx/v2.0.5/iceoryx_hoofs/platform/fcntl.hpp
[2.219s] -- Installing: /home/nick/Robotics_Projects/furuta1/install/iceoryx_hoofs/include/iceoryx/v2.0.5/iceoryx_hoofs/platform/time.hpp
[2.220s] -- Installing: /home/nick/Robotics_Projects/furuta1/install/iceoryx_hoofs/lib/libiceoryx_hoofs.so
[2.222s] -- Set runtime path of "/home/nick/Robotics_Projects/furuta1/install/iceoryx_hoofs/lib/libiceoryx_hoofs.so" to ""
[2.222s] -- Installing: /home/nick/Robotics_Projects/furuta1/install/iceoryx_hoofs/lib/libiceoryx_platform.so
[2.222s] -- Up-to-date: /home/nick/Robotics_Projects/furuta1/install/iceoryx_hoofs/include/iceoryx/v2.0.5
[2.222s] -- Up-to-date: /home/nick/Robotics_Projects/furuta1/install/iceoryx_hoofs/include/iceoryx/v2.0.5/iceoryx_hoofs
[2.222s] -- Installing: /home/nick/Robotics_Projects/furuta1/install/iceoryx_hoofs/include/iceoryx/v2.0.5/iceoryx_hoofs/cxx
[2.222s] -- Installing: /home/nick/Robotics_Projects/furuta1/install/iceoryx_hoofs/include/iceoryx/v2.0.5/iceoryx_hoofs/cxx/newtype.hpp
[2.223s] -- Installing: /home/nick/Robotics_Projects/furuta1/install/iceoryx_hoofs/include/iceoryx/v2.0.5/iceoryx_hoofs/cxx/convert.hpp
[2.223s] -- Installing: /home/nick/Robotics_Projects/furuta1/install/iceoryx_hoofs/include/iceoryx/v2.0.5/iceoryx_hoofs/cxx/variant.hpp
[2.223s] -- Installing: /home/nick/Robotics_Projects/furuta1/install/iceoryx_hoofs/include/iceoryx/v2.0.5/iceoryx_hoofs/cxx/helplets.hpp
[2.223s] -- Installing: /home/nick/Robotics_Projects/furuta1/install/iceoryx_hoofs/include/iceoryx/v2.0.5/iceoryx_hoofs/cxx/unique_ptr.hpp
[2.223s] -- Installing: /home/nick/Robotics_Projects/furuta1/install/iceoryx_hoofs/include/iceoryx/v2.0.5/iceoryx_hoofs/cxx/filesystem.hpp
[2.223s] -- Installing: /home/nick/Robotics_Projects/furuta1/install/iceoryx_hoofs/include/iceoryx/v2.0.5/iceoryx_hoofs/cxx/function.hpp
[2.223s] -- Installing: /home/nick/Robotics_Projects/furuta1/install/iceoryx_hoofs/include/iceoryx/v2.0.5/iceoryx_hoofs/cxx/method_callback.hpp
[2.224s] -- Installing: /home/nick/Robotics_Projects/furuta1/install/iceoryx_hoofs/include/iceoryx/v2.0.5/iceoryx_hoofs/cxx/functional_interface.hpp
[2.224s] -- Installing: /home/nick/Robotics_Projects/furuta1/install/iceoryx_hoofs/include/iceoryx/v2.0.5/iceoryx_hoofs/cxx/poor_mans_heap.hpp
[2.224s] -- Installing: /home/nick/Robotics_Projects/furuta1/install/iceoryx_hoofs/include/iceoryx/v2.0.5/iceoryx_hoofs/cxx/algorithm.hpp
[2.224s] -- Installing: /home/nick/Robotics_Projects/furuta1/install/iceoryx_hoofs/include/iceoryx/v2.0.5/iceoryx_hoofs/cxx/forward_list.hpp
[2.224s] -- Installing: /home/nick/Robotics_Projects/furuta1/install/iceoryx_hoofs/include/iceoryx/v2.0.5/iceoryx_hoofs/cxx/function_ref.hpp
[2.224s] -- Installing: /home/nick/Robotics_Projects/furuta1/install/iceoryx_hoofs/include/iceoryx/v2.0.5/iceoryx_hoofs/cxx/.clang-tidy
[2.225s] -- Installing: /home/nick/Robotics_Projects/furuta1/install/iceoryx_hoofs/include/iceoryx/v2.0.5/iceoryx_hoofs/cxx/string.hpp
[2.225s] -- Installing: /home/nick/Robotics_Projects/furuta1/install/iceoryx_hoofs/include/iceoryx/v2.0.5/iceoryx_hoofs/cxx/scoped_static.hpp
[2.225s] -- Installing: /home/nick/Robotics_Projects/furuta1/install/iceoryx_hoofs/include/iceoryx/v2.0.5/iceoryx_hoofs/cxx/list.hpp
[2.225s] -- Installing: /home/nick/Robotics_Projects/furuta1/install/iceoryx_hoofs/include/iceoryx/v2.0.5/iceoryx_hoofs/cxx/expected.hpp
[2.225s] -- Installing: /home/nick/Robotics_Projects/furuta1/install/iceoryx_hoofs/include/iceoryx/v2.0.5/iceoryx_hoofs/cxx/vector.hpp
[2.225s] -- Installing: /home/nick/Robotics_Projects/furuta1/install/iceoryx_hoofs/include/iceoryx/v2.0.5/iceoryx_hoofs/cxx/stack.hpp
[2.225s] -- Installing: /home/nick/Robotics_Projects/furuta1/install/iceoryx_hoofs/include/iceoryx/v2.0.5/iceoryx_hoofs/cxx/type_traits.hpp
[2.226s] -- Installing: /home/nick/Robotics_Projects/furuta1/install/iceoryx_hoofs/include/iceoryx/v2.0.5/iceoryx_hoofs/cxx/requires.hpp
[2.226s] -- Installing: /home/nick/Robotics_Projects/furuta1/install/iceoryx_hoofs/include/iceoryx/v2.0.5/iceoryx_hoofs/cxx/attributes.hpp
[2.226s] -- Installing: /home/nick/Robotics_Projects/furuta1/install/iceoryx_hoofs/include/iceoryx/v2.0.5/iceoryx_hoofs/cxx/generic_raii.hpp
[2.226s] -- Installing: /home/nick/Robotics_Projects/furuta1/install/iceoryx_hoofs/include/iceoryx/v2.0.5/iceoryx_hoofs/cxx/optional.hpp
[2.226s] -- Installing: /home/nick/Robotics_Projects/furuta1/install/iceoryx_hoofs/include/iceoryx/v2.0.5/iceoryx_hoofs/cxx/serialization.hpp
[2.226s] -- Installing: /home/nick/Robotics_Projects/furuta1/install/iceoryx_hoofs/include/iceoryx/v2.0.5/iceoryx_hoofs/cxx/variant_queue.hpp
[2.227s] -- Installing: /home/nick/Robotics_Projects/furuta1/install/iceoryx_hoofs/include/iceoryx/v2.0.5/iceoryx_hoofs/cxx/types.hpp
[2.227s] -- Installing: /home/nick/Robotics_Projects/furuta1/install/iceoryx_hoofs/include/iceoryx/v2.0.5/iceoryx_hoofs/cxx/deadline_timer.hpp
[2.227s] -- Installing: /home/nick/Robotics_Projects/furuta1/install/iceoryx_hoofs/include/iceoryx/v2.0.5/iceoryx_hoofs/concurrent
[2.227s] -- Installing: /home/nick/Robotics_Projects/furuta1/install/iceoryx_hoofs/include/iceoryx/v2.0.5/iceoryx_hoofs/concurrent/lockfree_queue.hpp
[2.227s] -- Installing: /home/nick/Robotics_Projects/furuta1/install/iceoryx_hoofs/include/iceoryx/v2.0.5/iceoryx_hoofs/concurrent/resizeable_lockfree_queue.hpp
[2.227s] -- Installing: /home/nick/Robotics_Projects/furuta1/install/iceoryx_hoofs/include/iceoryx/v2.0.5/iceoryx_hoofs/posix_wrapper
[2.227s] -- Installing: /home/nick/Robotics_Projects/furuta1/install/iceoryx_hoofs/include/iceoryx/v2.0.5/iceoryx_hoofs/posix_wrapper/file_lock.hpp
[2.227s] -- Installing: /home/nick/Robotics_Projects/furuta1/install/iceoryx_hoofs/include/iceoryx/v2.0.5/iceoryx_hoofs/posix_wrapper/posix_access_rights.hpp
[2.228s] -- Installing: /home/nick/Robotics_Projects/furuta1/install/iceoryx_hoofs/include/iceoryx/v2.0.5/iceoryx_hoofs/posix_wrapper/semaphore.hpp
[2.228s] -- Installing: /home/nick/Robotics_Projects/furuta1/install/iceoryx_hoofs/include/iceoryx/v2.0.5/iceoryx_hoofs/posix_wrapper/signal_handler.hpp
[2.228s] -- Installing: /home/nick/Robotics_Projects/furuta1/install/iceoryx_hoofs/include/iceoryx/v2.0.5/iceoryx_hoofs/posix_wrapper/named_pipe.hpp
[2.228s] -- Installing: /home/nick/Robotics_Projects/furuta1/install/iceoryx_hoofs/include/iceoryx/v2.0.5/iceoryx_hoofs/posix_wrapper/thread.hpp
[2.228s] -- Installing: /home/nick/Robotics_Projects/furuta1/install/iceoryx_hoofs/include/iceoryx/v2.0.5/iceoryx_hoofs/posix_wrapper/posix_call.hpp
[2.228s] -- Installing: /home/nick/Robotics_Projects/furuta1/install/iceoryx_hoofs/include/iceoryx/v2.0.5/iceoryx_hoofs/posix_wrapper/timer.hpp
[2.229s] -- Installing: /home/nick/Robotics_Projects/furuta1/install/iceoryx_hoofs/include/iceoryx/v2.0.5/iceoryx_hoofs/posix_wrapper/signal_watcher.hpp
[2.229s] -- Installing: /home/nick/Robotics_Projects/furuta1/install/iceoryx_hoofs/include/iceoryx/v2.0.5/iceoryx_hoofs/error_handling
[2.229s] -- Installing: /home/nick/Robotics_Projects/furuta1/install/iceoryx_hoofs/include/iceoryx/v2.0.5/iceoryx_hoofs/error_handling/error_handling.hpp
[2.229s] -- Installing: /home/nick/Robotics_Projects/furuta1/install/iceoryx_hoofs/include/iceoryx/v2.0.5/iceoryx_hoofs/design_pattern
[2.229s] -- Installing: /home/nick/Robotics_Projects/furuta1/install/iceoryx_hoofs/include/iceoryx/v2.0.5/iceoryx_hoofs/design_pattern/creation.hpp
[2.229s] -- Installing: /home/nick/Robotics_Projects/furuta1/install/iceoryx_hoofs/include/iceoryx/v2.0.5/iceoryx_hoofs/log
[2.229s] -- Installing: /home/nick/Robotics_Projects/furuta1/install/iceoryx_hoofs/include/iceoryx/v2.0.5/iceoryx_hoofs/log/logging.hpp
[2.229s] -- Installing: /home/nick/Robotics_Projects/furuta1/install/iceoryx_hoofs/include/iceoryx/v2.0.5/iceoryx_hoofs/log/logging_free_function_building_block.hpp
[2.230s] -- Installing: /home/nick/Robotics_Projects/furuta1/install/iceoryx_hoofs/include/iceoryx/v2.0.5/iceoryx_hoofs/log/logger.hpp
[2.230s] -- Installing: /home/nick/Robotics_Projects/furuta1/install/iceoryx_hoofs/include/iceoryx/v2.0.5/iceoryx_hoofs/log/logcommon.hpp
[2.230s] -- Installing: /home/nick/Robotics_Projects/furuta1/install/iceoryx_hoofs/include/iceoryx/v2.0.5/iceoryx_hoofs/log/logstream.hpp
[2.230s] -- Installing: /home/nick/Robotics_Projects/furuta1/install/iceoryx_hoofs/include/iceoryx/v2.0.5/iceoryx_hoofs/log/logmanager.hpp
[2.230s] -- Installing: /home/nick/Robotics_Projects/furuta1/install/iceoryx_hoofs/include/iceoryx/v2.0.5/iceoryx_hoofs/internal
[2.230s] -- Installing: /home/nick/Robotics_Projects/furuta1/install/iceoryx_hoofs/include/iceoryx/v2.0.5/iceoryx_hoofs/internal/cxx
[2.230s] -- Installing: /home/nick/Robotics_Projects/furuta1/install/iceoryx_hoofs/include/iceoryx/v2.0.5/iceoryx_hoofs/internal/cxx/pair.hpp
[2.230s] -- Installing: /home/nick/Robotics_Projects/furuta1/install/iceoryx_hoofs/include/iceoryx/v2.0.5/iceoryx_hoofs/internal/cxx/variant.inl
[2.231s] -- Installing: /home/nick/Robotics_Projects/furuta1/install/iceoryx_hoofs/include/iceoryx/v2.0.5/iceoryx_hoofs/internal/cxx/stack.inl
[2.231s] -- Installing: /home/nick/Robotics_Projects/furuta1/install/iceoryx_hoofs/include/iceoryx/v2.0.5/iceoryx_hoofs/internal/cxx/newtype.inl
[2.231s] -- Installing: /home/nick/Robotics_Projects/furuta1/install/iceoryx_hoofs/include/iceoryx/v2.0.5/iceoryx_hoofs/internal/cxx/variant_queue.inl
[2.231s] -- Installing: /home/nick/Robotics_Projects/furuta1/install/iceoryx_hoofs/include/iceoryx/v2.0.5/iceoryx_hoofs/internal/cxx/vector.inl
[2.231s] -- Installing: /home/nick/Robotics_Projects/furuta1/install/iceoryx_hoofs/include/iceoryx/v2.0.5/iceoryx_hoofs/internal/cxx/method_callback.inl
[2.231s] -- Installing: /home/nick/Robotics_Projects/furuta1/install/iceoryx_hoofs/include/iceoryx/v2.0.5/iceoryx_hoofs/internal/cxx/newtype
[2.232s] -- Installing: /home/nick/Robotics_Projects/furuta1/install/iceoryx_hoofs/include/iceoryx/v2.0.5/iceoryx_hoofs/internal/cxx/newtype/constructor.hpp
[2.232s] -- Installing: /home/nick/Robotics_Projects/furuta1/install/iceoryx_hoofs/include/iceoryx/v2.0.5/iceoryx_hoofs/internal/cxx/newtype/assignment.hpp
[2.232s] -- Installing: /home/nick/Robotics_Projects/furuta1/install/iceoryx_hoofs/include/iceoryx/v2.0.5/iceoryx_hoofs/internal/cxx/newtype/comparable.hpp
[2.232s] -- Installing: /home/nick/Robotics_Projects/furuta1/install/iceoryx_hoofs/include/iceoryx/v2.0.5/iceoryx_hoofs/internal/cxx/newtype/internal.hpp
[2.232s] -- Installing: /home/nick/Robotics_Projects/furuta1/install/iceoryx_hoofs/include/iceoryx/v2.0.5/iceoryx_hoofs/internal/cxx/newtype/sortable.hpp
[2.232s] -- Installing: /home/nick/Robotics_Projects/furuta1/install/iceoryx_hoofs/include/iceoryx/v2.0.5/iceoryx_hoofs/internal/cxx/newtype/convertable.hpp
[2.232s] -- Installing: /home/nick/Robotics_Projects/furuta1/install/iceoryx_hoofs/include/iceoryx/v2.0.5/iceoryx_hoofs/internal/cxx/newtype/protected_constructor.hpp
[2.233s] -- Installing: /home/nick/Robotics_Projects/furuta1/install/iceoryx_hoofs/include/iceoryx/v2.0.5/iceoryx_hoofs/internal/cxx/poor_mans_heap.inl
[2.233s] -- Installing: /home/nick/Robotics_Projects/furuta1/install/iceoryx_hoofs/include/iceoryx/v2.0.5/iceoryx_hoofs/internal/cxx/algorithm.inl
[2.233s] -- Installing: /home/nick/Robotics_Projects/furuta1/install/iceoryx_hoofs/include/iceoryx/v2.0.5/iceoryx_hoofs/internal/cxx/list.inl
[2.233s] -- Installing: /home/nick/Robotics_Projects/furuta1/install/iceoryx_hoofs/include/iceoryx/v2.0.5/iceoryx_hoofs/internal/cxx/.clang-tidy
[2.233s] -- Installing: /home/nick/Robotics_Projects/furuta1/install/iceoryx_hoofs/include/iceoryx/v2.0.5/iceoryx_hoofs/internal/cxx/reference_counter.inl
[2.233s] -- Installing: /home/nick/Robotics_Projects/furuta1/install/iceoryx_hoofs/include/iceoryx/v2.0.5/iceoryx_hoofs/internal/cxx/forward_list.inl
[2.233s] -- Installing: /home/nick/Robotics_Projects/furuta1/install/iceoryx_hoofs/include/iceoryx/v2.0.5/iceoryx_hoofs/internal/cxx/unique_ptr.inl
[2.234s] -- Installing: /home/nick/Robotics_Projects/furuta1/install/iceoryx_hoofs/include/iceoryx/v2.0.5/iceoryx_hoofs/internal/cxx/scoped_static.inl
[2.234s] -- Installing: /home/nick/Robotics_Projects/furuta1/install/iceoryx_hoofs/include/iceoryx/v2.0.5/iceoryx_hoofs/internal/cxx/static_storage.inl
[2.234s] -- Installing: /home/nick/Robotics_Projects/furuta1/install/iceoryx_hoofs/include/iceoryx/v2.0.5/iceoryx_hoofs/internal/cxx/functional_interface.inl
[2.234s] -- Installing: /home/nick/Robotics_Projects/furuta1/install/iceoryx_hoofs/include/iceoryx/v2.0.5/iceoryx_hoofs/internal/cxx/convert.inl
[2.234s] -- Installing: /home/nick/Robotics_Projects/furuta1/install/iceoryx_hoofs/include/iceoryx/v2.0.5/iceoryx_hoofs/internal/cxx/function_ref.inl
[2.234s] -- Installing: /home/nick/Robotics_Projects/furuta1/install/iceoryx_hoofs/include/iceoryx/v2.0.5/iceoryx_hoofs/internal/cxx/serialization.inl
[2.235s] -- Installing: /home/nick/Robotics_Projects/furuta1/install/iceoryx_hoofs/include/iceoryx/v2.0.5/iceoryx_hoofs/internal/cxx/unique_id.hpp
[2.235s] -- Installing: /home/nick/Robotics_Projects/furuta1/install/iceoryx_hoofs/include/iceoryx/v2.0.5/iceoryx_hoofs/internal/cxx/set.hpp
[2.235s] -- Installing: /home/nick/Robotics_Projects/furuta1/install/iceoryx_hoofs/include/iceoryx/v2.0.5/iceoryx_hoofs/internal/cxx/variant_internal.hpp
[2.235s] -- Installing: /home/nick/Robotics_Projects/furuta1/install/iceoryx_hoofs/include/iceoryx/v2.0.5/iceoryx_hoofs/internal/cxx/static_storage.hpp
[2.235s] -- Installing: /home/nick/Robotics_Projects/furuta1/install/iceoryx_hoofs/include/iceoryx/v2.0.5/iceoryx_hoofs/internal/cxx/storable_function.hpp
[2.235s] -- Installing: /home/nick/Robotics_Projects/furuta1/install/iceoryx_hoofs/include/iceoryx/v2.0.5/iceoryx_hoofs/internal/cxx/expected.inl
[2.235s] -- Installing: /home/nick/Robotics_Projects/furuta1/install/iceoryx_hoofs/include/iceoryx/v2.0.5/iceoryx_hoofs/internal/cxx/reference_counter.hpp
[2.236s] -- Installing: /home/nick/Robotics_Projects/furuta1/install/iceoryx_hoofs/include/iceoryx/v2.0.5/iceoryx_hoofs/internal/cxx/helplets.inl
[2.236s] -- Installing: /home/nick/Robotics_Projects/furuta1/install/iceoryx_hoofs/include/iceoryx/v2.0.5/iceoryx_hoofs/internal/cxx/storable_function.inl
[2.236s] -- Installing: /home/nick/Robotics_Projects/furuta1/install/iceoryx_hoofs/include/iceoryx/v2.0.5/iceoryx_hoofs/internal/cxx/optional.inl
[2.236s] -- Installing: /home/nick/Robotics_Projects/furuta1/install/iceoryx_hoofs/include/iceoryx/v2.0.5/iceoryx_hoofs/internal/cxx/string.inl
[2.236s] -- Installing: /home/nick/Robotics_Projects/furuta1/install/iceoryx_hoofs/include/iceoryx/v2.0.5/iceoryx_hoofs/internal/cxx/string_internal.hpp
[2.236s] -- Installing: /home/nick/Robotics_Projects/furuta1/install/iceoryx_hoofs/include/iceoryx/v2.0.5/iceoryx_hoofs/internal/objectpool
[2.236s] -- Installing: /home/nick/Robotics_Projects/furuta1/install/iceoryx_hoofs/include/iceoryx/v2.0.5/iceoryx_hoofs/internal/objectpool/objectpool.hpp
[2.237s] -- Installing: /home/nick/Robotics_Projects/furuta1/install/iceoryx_hoofs/include/iceoryx/v2.0.5/iceoryx_hoofs/internal/concurrent
[2.237s] -- Installing: /home/nick/Robotics_Projects/furuta1/install/iceoryx_hoofs/include/iceoryx/v2.0.5/iceoryx_hoofs/internal/concurrent/periodic_task.inl
[2.237s] -- Installing: /home/nick/Robotics_Projects/furuta1/install/iceoryx_hoofs/include/iceoryx/v2.0.5/iceoryx_hoofs/internal/concurrent/loffli.hpp
[2.237s] -- Installing: /home/nick/Robotics_Projects/furuta1/install/iceoryx_hoofs/include/iceoryx/v2.0.5/iceoryx_hoofs/internal/concurrent/active_object.hpp
[2.237s] -- Installing: /home/nick/Robotics_Projects/furuta1/install/iceoryx_hoofs/include/iceoryx/v2.0.5/iceoryx_hoofs/internal/concurrent/sofi.inl
[2.237s] -- Installing: /home/nick/Robotics_Projects/furuta1/install/iceoryx_hoofs/include/iceoryx/v2.0.5/iceoryx_hoofs/internal/concurrent/periodic_task.hpp
[2.237s] -- Installing: /home/nick/Robotics_Projects/furuta1/install/iceoryx_hoofs/include/iceoryx/v2.0.5/iceoryx_hoofs/internal/concurrent/trigger_queue.hpp
[2.238s] -- Installing: /home/nick/Robotics_Projects/furuta1/install/iceoryx_hoofs/include/iceoryx/v2.0.5/iceoryx_hoofs/internal/concurrent/lockfree_queue
[2.238s] -- Installing: /home/nick/Robotics_Projects/furuta1/install/iceoryx_hoofs/include/iceoryx/v2.0.5/iceoryx_hoofs/internal/concurrent/lockfree_queue/buffer.hpp
[2.238s] -- Installing: /home/nick/Robotics_Projects/furuta1/install/iceoryx_hoofs/include/iceoryx/v2.0.5/iceoryx_hoofs/internal/concurrent/lockfree_queue/resizeable_lockfree_queue.inl
[2.238s] -- Installing: /home/nick/Robotics_Projects/furuta1/install/iceoryx_hoofs/include/iceoryx/v2.0.5/iceoryx_hoofs/internal/concurrent/lockfree_queue/buffer.inl
[2.238s] -- Installing: /home/nick/Robotics_Projects/furuta1/install/iceoryx_hoofs/include/iceoryx/v2.0.5/iceoryx_hoofs/internal/concurrent/lockfree_queue/index_queue.hpp
[2.238s] -- Installing: /home/nick/Robotics_Projects/furuta1/install/iceoryx_hoofs/include/iceoryx/v2.0.5/iceoryx_hoofs/internal/concurrent/lockfree_queue/cyclic_index.inl
[2.238s] -- Installing: /home/nick/Robotics_Projects/furuta1/install/iceoryx_hoofs/include/iceoryx/v2.0.5/iceoryx_hoofs/internal/concurrent/lockfree_queue/cyclic_index.hpp
[2.239s] -- Installing: /home/nick/Robotics_Projects/furuta1/install/iceoryx_hoofs/include/iceoryx/v2.0.5/iceoryx_hoofs/internal/concurrent/lockfree_queue/lockfree_queue.inl
[2.239s] -- Installing: /home/nick/Robotics_Projects/furuta1/install/iceoryx_hoofs/include/iceoryx/v2.0.5/iceoryx_hoofs/internal/concurrent/lockfree_queue/index_queue.inl
[2.239s] -- Installing: /home/nick/Robotics_Projects/furuta1/install/iceoryx_hoofs/include/iceoryx/v2.0.5/iceoryx_hoofs/internal/concurrent/smart_lock.inl
[2.239s] -- Installing: /home/nick/Robotics_Projects/furuta1/install/iceoryx_hoofs/include/iceoryx/v2.0.5/iceoryx_hoofs/internal/concurrent/loffli.inl
[2.239s] -- Installing: /home/nick/Robotics_Projects/furuta1/install/iceoryx_hoofs/include/iceoryx/v2.0.5/iceoryx_hoofs/internal/concurrent/trigger_queue.inl
[2.239s] -- Installing: /home/nick/Robotics_Projects/furuta1/install/iceoryx_hoofs/include/iceoryx/v2.0.5/iceoryx_hoofs/internal/concurrent/taco.hpp
[2.239s] -- Installing: /home/nick/Robotics_Projects/furuta1/install/iceoryx_hoofs/include/iceoryx/v2.0.5/iceoryx_hoofs/internal/concurrent/fifo.hpp
[2.240s] -- Installing: /home/nick/Robotics_Projects/furuta1/install/iceoryx_hoofs/include/iceoryx/v2.0.5/iceoryx_hoofs/internal/concurrent/smart_lock.hpp
[2.240s] -- Installing: /home/nick/Robotics_Projects/furuta1/install/iceoryx_hoofs/include/iceoryx/v2.0.5/iceoryx_hoofs/internal/concurrent/fifo.inl
[2.240s] -- Installing: /home/nick/Robotics_Projects/furuta1/install/iceoryx_hoofs/include/iceoryx/v2.0.5/iceoryx_hoofs/internal/concurrent/sofi.hpp
[2.240s] -- Installing: /home/nick/Robotics_Projects/furuta1/install/iceoryx_hoofs/include/iceoryx/v2.0.5/iceoryx_hoofs/internal/file_reader
[2.240s] -- Installing: /home/nick/Robotics_Projects/furuta1/install/iceoryx_hoofs/include/iceoryx/v2.0.5/iceoryx_hoofs/internal/file_reader/file_reader.hpp
[2.240s] -- Installing: /home/nick/Robotics_Projects/furuta1/install/iceoryx_hoofs/include/iceoryx/v2.0.5/iceoryx_hoofs/internal/posix_wrapper
[2.241s] -- Installing: /home/nick/Robotics_Projects/furuta1/install/iceoryx_hoofs/include/iceoryx/v2.0.5/iceoryx_hoofs/internal/posix_wrapper/access_control.hpp
[2.241s] -- Installing: /home/nick/Robotics_Projects/furuta1/install/iceoryx_hoofs/include/iceoryx/v2.0.5/iceoryx_hoofs/internal/posix_wrapper/system_configuration.hpp
[2.241s] -- Installing: /home/nick/Robotics_Projects/furuta1/install/iceoryx_hoofs/include/iceoryx/v2.0.5/iceoryx_hoofs/internal/posix_wrapper/unix_domain_socket.hpp
[2.241s] -- Installing: /home/nick/Robotics_Projects/furuta1/install/iceoryx_hoofs/include/iceoryx/v2.0.5/iceoryx_hoofs/internal/posix_wrapper/posix_call.inl
[2.241s] -- Installing: /home/nick/Robotics_Projects/furuta1/install/iceoryx_hoofs/include/iceoryx/v2.0.5/iceoryx_hoofs/internal/posix_wrapper/message_queue.hpp
[2.241s] -- Installing: /home/nick/Robotics_Projects/furuta1/install/iceoryx_hoofs/include/iceoryx/v2.0.5/iceoryx_hoofs/internal/posix_wrapper/ipc_channel.hpp
[2.242s] -- Installing: /home/nick/Robotics_Projects/furuta1/install/iceoryx_hoofs/include/iceoryx/v2.0.5/iceoryx_hoofs/internal/posix_wrapper/shared_memory_object.hpp
[2.242s] -- Installing: /home/nick/Robotics_Projects/furuta1/install/iceoryx_hoofs/include/iceoryx/v2.0.5/iceoryx_hoofs/internal/posix_wrapper/mutex.hpp
[2.242s] -- Installing: /home/nick/Robotics_Projects/furuta1/install/iceoryx_hoofs/include/iceoryx/v2.0.5/iceoryx_hoofs/internal/posix_wrapper/shared_memory_object
[2.242s] -- Installing: /home/nick/Robotics_Projects/furuta1/install/iceoryx_hoofs/include/iceoryx/v2.0.5/iceoryx_hoofs/internal/posix_wrapper/shared_memory_object/memory_map.hpp
[2.242s] -- Installing: /home/nick/Robotics_Projects/furuta1/install/iceoryx_hoofs/include/iceoryx/v2.0.5/iceoryx_hoofs/internal/posix_wrapper/shared_memory_object/shared_memory.hpp
[2.242s] -- Installing: /home/nick/Robotics_Projects/furuta1/install/iceoryx_hoofs/include/iceoryx/v2.0.5/iceoryx_hoofs/internal/posix_wrapper/shared_memory_object/allocator.hpp
[2.243s] -- Installing: /home/nick/Robotics_Projects/furuta1/install/iceoryx_hoofs/include/iceoryx/v2.0.5/iceoryx_hoofs/internal/graphs
[2.243s] -- Installing: /home/nick/Robotics_Projects/furuta1/install/iceoryx_hoofs/include/iceoryx/v2.0.5/iceoryx_hoofs/internal/graphs/directed_graph.hpp
[2.243s] -- Installing: /home/nick/Robotics_Projects/furuta1/install/iceoryx_hoofs/include/iceoryx/v2.0.5/iceoryx_hoofs/internal/graphs/directed_acyclic_graph.hpp
[2.243s] -- Installing: /home/nick/Robotics_Projects/furuta1/install/iceoryx_hoofs/include/iceoryx/v2.0.5/iceoryx_hoofs/internal/design_pattern
[2.243s] -- Installing: /home/nick/Robotics_Projects/furuta1/install/iceoryx_hoofs/include/iceoryx/v2.0.5/iceoryx_hoofs/internal/design_pattern/creation.inl
[2.243s] -- Installing: /home/nick/Robotics_Projects/furuta1/install/iceoryx_hoofs/include/iceoryx/v2.0.5/iceoryx_hoofs/internal/relocatable_pointer
[2.243s] -- Installing: /home/nick/Robotics_Projects/furuta1/install/iceoryx_hoofs/include/iceoryx/v2.0.5/iceoryx_hoofs/internal/relocatable_pointer/relative_pointer.inl
[2.243s] -- Installing: /home/nick/Robotics_Projects/furuta1/install/iceoryx_hoofs/include/iceoryx/v2.0.5/iceoryx_hoofs/internal/relocatable_pointer/atomic_relocatable_pointer.hpp
[2.243s] -- Installing: /home/nick/Robotics_Projects/furuta1/install/iceoryx_hoofs/include/iceoryx/v2.0.5/iceoryx_hoofs/internal/relocatable_pointer/pointer_repository.hpp
[2.244s] -- Installing: /home/nick/Robotics_Projects/furuta1/install/iceoryx_hoofs/include/iceoryx/v2.0.5/iceoryx_hoofs/internal/relocatable_pointer/relative_pointer_data.hpp
[2.244s] -- Installing: /home/nick/Robotics_Projects/furuta1/install/iceoryx_hoofs/include/iceoryx/v2.0.5/iceoryx_hoofs/internal/relocatable_pointer/relative_pointer_data.inl
[2.244s] -- Installing: /home/nick/Robotics_Projects/furuta1/install/iceoryx_hoofs/include/iceoryx/v2.0.5/iceoryx_hoofs/internal/relocatable_pointer/atomic_relocatable_pointer.inl
[2.244s] -- Installing: /home/nick/Robotics_Projects/furuta1/install/iceoryx_hoofs/include/iceoryx/v2.0.5/iceoryx_hoofs/internal/relocatable_pointer/relative_pointer.hpp
[2.244s] -- Installing: /home/nick/Robotics_Projects/furuta1/install/iceoryx_hoofs/include/iceoryx/v2.0.5/iceoryx_hoofs/internal/relocatable_pointer/relocatable_ptr.hpp
[2.244s] -- Installing: /home/nick/Robotics_Projects/furuta1/install/iceoryx_hoofs/include/iceoryx/v2.0.5/iceoryx_hoofs/internal/relocatable_pointer/relocatable_ptr.inl
[2.244s] -- Installing: /home/nick/Robotics_Projects/furuta1/install/iceoryx_hoofs/include/iceoryx/v2.0.5/iceoryx_hoofs/internal/relocatable_pointer/pointer_repository.inl
[2.244s] -- Installing: /home/nick/Robotics_Projects/furuta1/install/iceoryx_hoofs/include/iceoryx/v2.0.5/iceoryx_hoofs/internal/relocatable_pointer/base_relative_pointer.hpp
[2.245s] -- Installing: /home/nick/Robotics_Projects/furuta1/install/iceoryx_hoofs/include/iceoryx/v2.0.5/iceoryx_hoofs/internal/units
[2.245s] -- Installing: /home/nick/Robotics_Projects/furuta1/install/iceoryx_hoofs/include/iceoryx/v2.0.5/iceoryx_hoofs/internal/units/duration.inl
[2.245s] -- Installing: /home/nick/Robotics_Projects/furuta1/install/iceoryx_hoofs/include/iceoryx/v2.0.5/iceoryx_hoofs/internal/units/duration.hpp
[2.245s] -- Installing: /home/nick/Robotics_Projects/furuta1/install/iceoryx_hoofs/lib/cmake/iceoryx_hoofs/iceoryx_hoofsConfigVersion.cmake
[2.245s] -- Installing: /home/nick/Robotics_Projects/furuta1/install/iceoryx_hoofs/lib/cmake/iceoryx_hoofs/iceoryx_hoofsConfig.cmake
[2.245s] -- Installing: /home/nick/Robotics_Projects/furuta1/install/iceoryx_hoofs/lib/cmake/iceoryx_hoofs/iceoryx_hoofsTargets.cmake
[2.246s] -- Installing: /home/nick/Robotics_Projects/furuta1/install/iceoryx_hoofs/lib/cmake/iceoryx_hoofs/iceoryx_hoofsTargets-noconfig.cmake
[2.246s] -- Installing: /home/nick/Robotics_Projects/furuta1/install/iceoryx_hoofs/lib/cmake/iceoryx_hoofs/IceoryxPackageHelper.cmake
[2.246s] -- Installing: /home/nick/Robotics_Projects/furuta1/install/iceoryx_hoofs/lib/cmake/iceoryx_hoofs/IceoryxPlatform.cmake
[2.246s] -- Installing: /home/nick/Robotics_Projects/furuta1/install/iceoryx_hoofs/lib/cmake/iceoryx_hoofs/IceoryxVersion.cmake
[2.247s] -- Installing: /home/nick/Robotics_Projects/furuta1/install/iceoryx_hoofs/share/doc/iceoryx_hoofs/LICENSE
[2.251s] Invoked command in '/home/nick/Robotics_Projects/furuta1/build/iceoryx_hoofs' returned '0': CMAKE_PREFIX_PATH=/opt/ros/humble /usr/bin/cmake --install /home/nick/Robotics_Projects/furuta1/build/iceoryx_hoofs
