[0.020s] Invoking command in '/home/nick/Robotics_Projects/furuta1/build/ament_cmake_vendor_package': AMENT_PREFIX_PATH=/home/nick/Robotics_Projects/furuta1/install/ament_cmake_test:/home/nick/Robotics_Projects/furuta1/install/ament_cmake_export_dependencies:/home/nick/Robotics_Projects/furuta1/install/ament_cmake_libraries:/home/nick/Robotics_Projects/furuta1/install/ament_cmake_core:/home/nick/Robotics_Projects/furuta1/install/ament_package:${AMENT_PREFIX_PATH} CMAKE_PREFIX_PATH=/home/nick/Robotics_Projects/furuta1/install/ament_cmake_test:/home/nick/Robotics_Projects/furuta1/install/ament_cmake_export_dependencies:/home/nick/Robotics_Projects/furuta1/install/ament_cmake_libraries:/home/nick/Robotics_Projects/furuta1/install/ament_cmake_core:/opt/ros/humble PYTHONPATH=/home/nick/Robotics_Projects/furuta1/install/ament_cmake_test/local/lib/python3.10/dist-packages:/home/nick/Robotics_Projects/furuta1/build/ament_package:/home/nick/Robotics_Projects/furuta1/install/ament_package/lib/python3.10/site-packages:${PYTHONPATH} /usr/bin/cmake /home/nick/Robotics_Projects/furuta1/src/ament/ament_cmake/ament_cmake_vendor_package -DAMENT_CMAKE_SYMLINK_INSTALL=1 -DCMAKE_INSTALL_PREFIX=/home/nick/Robotics_Projects/furuta1/install/ament_cmake_vendor_package
[0.039s] -- Found ament_cmake_core: 1.3.8 (/home/nick/Robotics_Projects/furuta1/install/ament_cmake_core/share/ament_cmake_core/cmake)
[0.651s] -- Found Python3: /usr/bin/python3 (found version "3.10.12") found components: Interpreter 
[0.714s] -- Override CMake install command with custom implementation using symlinks instead of copying resources
[0.715s] -- Found ament_cmake_export_dependencies: 1.3.8 (/home/nick/Robotics_Projects/furuta1/install/ament_cmake_export_dependencies/share/ament_cmake_export_dependencies/cmake)
[0.976s] -- The C compiler identification is GNU 11.4.0
[1.196s] -- The CXX compiler identification is GNU 11.4.0
[1.226s] -- Detecting C compiler ABI info
[1.561s] -- Detecting C compiler ABI info - done
[1.568s] -- Check for working C compiler: /usr/bin/cc - skipped
[1.568s] -- Detecting C compile features
[1.569s] -- Detecting C compile features - done
[1.575s] -- Detecting CXX compiler ABI info
[1.815s] -- Detecting CXX compiler ABI info - done
[1.822s] -- Check for working CXX compiler: /usr/bin/c++ - skipped
[1.823s] -- Detecting CXX compile features
[1.823s] -- Detecting CXX compile features - done
[1.824s] -- Found ament_cmake_test: 1.3.8 (/home/nick/Robotics_Projects/furuta1/install/ament_cmake_test/share/ament_cmake_test/cmake)
[1.899s] -- Configuring done
[1.928s] -- Generating done
[1.948s] -- Build files have been written to: /home/nick/Robotics_Projects/furuta1/build/ament_cmake_vendor_package
[3.142s] Invoked command in '/home/nick/Robotics_Projects/furuta1/build/ament_cmake_vendor_package' returned '0': AMENT_PREFIX_PATH=/home/nick/Robotics_Projects/furuta1/install/ament_cmake_test:/home/nick/Robotics_Projects/furuta1/install/ament_cmake_export_dependencies:/home/nick/Robotics_Projects/furuta1/install/ament_cmake_libraries:/home/nick/Robotics_Projects/furuta1/install/ament_cmake_core:/home/nick/Robotics_Projects/furuta1/install/ament_package:${AMENT_PREFIX_PATH} CMAKE_PREFIX_PATH=/home/nick/Robotics_Projects/furuta1/install/ament_cmake_test:/home/nick/Robotics_Projects/furuta1/install/ament_cmake_export_dependencies:/home/nick/Robotics_Projects/furuta1/install/ament_cmake_libraries:/home/nick/Robotics_Projects/furuta1/install/ament_cmake_core:/opt/ros/humble PYTHONPATH=/home/nick/Robotics_Projects/furuta1/install/ament_cmake_test/local/lib/python3.10/dist-packages:/home/nick/Robotics_Projects/furuta1/build/ament_package:/home/nick/Robotics_Projects/furuta1/install/ament_package/lib/python3.10/site-packages:${PYTHONPATH} /usr/bin/cmake /home/nick/Robotics_Projects/furuta1/src/ament/ament_cmake/ament_cmake_vendor_package -DAMENT_CMAKE_SYMLINK_INSTALL=1 -DCMAKE_INSTALL_PREFIX=/home/nick/Robotics_Projects/furuta1/install/ament_cmake_vendor_package
[3.142s] Invoking command in '/home/nick/Robotics_Projects/furuta1/build/ament_cmake_vendor_package': AMENT_PREFIX_PATH=/home/nick/Robotics_Projects/furuta1/install/ament_cmake_test:/home/nick/Robotics_Projects/furuta1/install/ament_cmake_export_dependencies:/home/nick/Robotics_Projects/furuta1/install/ament_cmake_libraries:/home/nick/Robotics_Projects/furuta1/install/ament_cmake_core:/home/nick/Robotics_Projects/furuta1/install/ament_package:${AMENT_PREFIX_PATH} CMAKE_PREFIX_PATH=/home/nick/Robotics_Projects/furuta1/install/ament_cmake_test:/home/nick/Robotics_Projects/furuta1/install/ament_cmake_export_dependencies:/home/nick/Robotics_Projects/furuta1/install/ament_cmake_libraries:/home/nick/Robotics_Projects/furuta1/install/ament_cmake_core:/opt/ros/humble PYTHONPATH=/home/nick/Robotics_Projects/furuta1/install/ament_cmake_test/local/lib/python3.10/dist-packages:/home/nick/Robotics_Projects/furuta1/build/ament_package:/home/nick/Robotics_Projects/furuta1/install/ament_package/lib/python3.10/site-packages:${PYTHONPATH} /usr/bin/cmake --build /home/nick/Robotics_Projects/furuta1/build/ament_cmake_vendor_package -- -j16 -l16
[3.261s] [  4%] [34m[1mCreating directories for 'exlib_bad'[0m
[3.332s] [  9%] [34m[1mCreating directories for 'exlib_good'[0m
[3.503s] [ 14%] [34m[1mNo download step for 'exlib_bad'[0m
[3.585s] [ 19%] [34m[1mNo patch step for 'exlib_bad'[0m
[3.638s] [ 23%] [34m[1mPerforming configure step for 'exlib_bad'[0m
[3.640s] [ 28%] [34m[1mNo download step for 'exlib_good'[0m
[3.662s] loading initial cache file /home/nick/Robotics_Projects/furuta1/build/ament_cmake_vendor_package/test/exlib_bad-config.cmake
[3.686s] [ 33%] [34m[1mNo patch step for 'exlib_good'[0m
[3.741s] [ 38%] [34m[1mPerforming configure step for 'exlib_good'[0m
[3.749s] loading initial cache file /home/nick/Robotics_Projects/furuta1/build/ament_cmake_vendor_package/test/exlib_good-config.cmake
[3.756s] -- The C compiler identification is GNU 11.4.0
[3.810s] -- The C compiler identification is GNU 11.4.0
[3.810s] -- The CXX compiler identification is GNU 11.4.0
[3.816s] -- Detecting C compiler ABI info
[3.861s] -- The CXX compiler identification is GNU 11.4.0
[3.868s] -- Detecting C compiler ABI info
[3.889s] -- Detecting C compiler ABI info - done
[3.898s] -- Check for working C compiler: /usr/bin/cc - skipped
[3.898s] -- Detecting C compile features
[3.898s] -- Detecting C compile features - done
[3.901s] -- Detecting CXX compiler ABI info
[3.933s] -- Detecting C compiler ABI info - done
[3.938s] -- Check for working C compiler: /usr/bin/cc - skipped
[3.938s] -- Detecting C compile features
[3.939s] -- Detecting C compile features - done
[3.941s] -- Detecting CXX compiler ABI info
[3.988s] -- Detecting CXX compiler ABI info - done
[3.997s] -- Check for working CXX compiler: /usr/bin/c++ - skipped
[3.997s] -- Detecting CXX compile features
[3.998s] -- Detecting CXX compile features - done
[3.999s] -- Configuring done
[4.002s] -- Generating done
[4.002s] -- Build files have been written to: /home/nick/Robotics_Projects/furuta1/build/ament_cmake_vendor_package/test/exlib_bad-prefix/src/exlib_bad-build
[4.021s] [ 42%] [34m[1mPerforming build step for 'exlib_bad'[0m
[4.031s] -- Detecting CXX compiler ABI info - done
[4.039s] -- Check for working CXX compiler: /usr/bin/c++ - skipped
[4.039s] -- Detecting CXX compile features
[4.039s] -- Detecting CXX compile features - done
[4.041s] -- Configuring done
[4.043s] -- Generating done
[4.043s] -- Build files have been written to: /home/nick/Robotics_Projects/furuta1/build/ament_cmake_vendor_package/test/exlib_good-prefix/src/exlib_good-build
[4.052s] [ 50%] [32mBuilding C object CMakeFiles/exlib.dir/src/exlib.c.o[0m
[4.060s] [ 47%] [34m[1mPerforming build step for 'exlib_good'[0m
[4.068s] [100%] [32m[1mLinking C shared library libexlib.so[0m
[4.085s] [ 50%] [32mBuilding C object CMakeFiles/exlib.dir/src/exlib.c.o[0m
[4.088s] [100%] Built target exlib
[4.100s] [100%] [32m[1mLinking C shared library libexlib.so[0m
[4.109s] [ 52%] [34m[1mPerforming install step for 'exlib_bad'[0m
[4.123s] [100%] Built target exlib
[4.131s] [35m[1mConsolidate compiler generated dependencies of target exlib[0m
[4.141s] [100%] Built target exlib
[4.142s] [ 57%] [34m[1mPerforming install step for 'exlib_good'[0m
[4.155s] [36mInstall the project...[0m
[4.161s] -- Install configuration: ""
[4.161s] -- Installing: /home/nick/Robotics_Projects/furuta1/build/ament_cmake_vendor_package/test/exlib_bad-prefix/install/lib/libexlib.so
[4.161s] -- Installing: /home/nick/Robotics_Projects/furuta1/build/ament_cmake_vendor_package/test/exlib_bad-prefix/install/include
[4.161s] -- Installing: /home/nick/Robotics_Projects/furuta1/build/ament_cmake_vendor_package/test/exlib_bad-prefix/install/include/exlib
[4.162s] -- Installing: /home/nick/Robotics_Projects/furuta1/build/ament_cmake_vendor_package/test/exlib_bad-prefix/install/include/exlib/visibility_control.h
[4.162s] -- Installing: /home/nick/Robotics_Projects/furuta1/build/ament_cmake_vendor_package/test/exlib_bad-prefix/install/include/exlib/exlib.h
[4.162s] -- Installing: /home/nick/Robotics_Projects/furuta1/build/ament_cmake_vendor_package/test/exlib_bad-prefix/install/lib/cmake/exlib/exlibTargets.cmake
[4.162s] -- Installing: /home/nick/Robotics_Projects/furuta1/build/ament_cmake_vendor_package/test/exlib_bad-prefix/install/lib/cmake/exlib/exlibTargets-noconfig.cmake
[4.163s] -- Installing: /home/nick/Robotics_Projects/furuta1/build/ament_cmake_vendor_package/test/exlib_bad-prefix/install/lib/cmake/exlib/exlibConfig.cmake
[4.166s] [35m[1mConsolidate compiler generated dependencies of target exlib[0m
[4.182s] [100%] Built target exlib
[4.182s] [ 61%] [34m[1mCompleted 'exlib_bad'[0m
[4.199s] [36mInstall the project...[0m
[4.209s] -- Install configuration: ""
[4.209s] -- Installing: /home/nick/Robotics_Projects/furuta1/build/ament_cmake_vendor_package/test/exlib_good-prefix/install/lib/libexlib.so
[4.209s] -- Installing: /home/nick/Robotics_Projects/furuta1/build/ament_cmake_vendor_package/test/exlib_good-prefix/install/include
[4.210s] -- Installing: /home/nick/Robotics_Projects/furuta1/build/ament_cmake_vendor_package/test/exlib_good-prefix/install/include/exlib
[4.210s] -- Installing: /home/nick/Robotics_Projects/furuta1/build/ament_cmake_vendor_package/test/exlib_good-prefix/install/include/exlib/visibility_control.h
[4.210s] -- Installing: /home/nick/Robotics_Projects/furuta1/build/ament_cmake_vendor_package/test/exlib_good-prefix/install/include/exlib/exlib.h
[4.210s] -- Installing: /home/nick/Robotics_Projects/furuta1/build/ament_cmake_vendor_package/test/exlib_good-prefix/install/lib/cmake/exlib/exlibTargets.cmake
[4.210s] -- Installing: /home/nick/Robotics_Projects/furuta1/build/ament_cmake_vendor_package/test/exlib_good-prefix/install/lib/cmake/exlib/exlibTargets-noconfig.cmake
[4.210s] -- Installing: /home/nick/Robotics_Projects/furuta1/build/ament_cmake_vendor_package/test/exlib_good-prefix/install/lib/cmake/exlib/exlibConfig.cmake
[4.234s] [ 61%] Built target exlib_bad
[4.305s] [ 66%] [34m[1mCompleted 'exlib_good'[0m
[4.459s] [ 66%] Built target exlib_good
[4.498s] [ 71%] [34m[1mCreating directories for 'depender'[0m
[4.784s] [ 76%] [34m[1mNo download step for 'depender'[0m
[4.880s] [ 80%] [34m[1mNo patch step for 'depender'[0m
[4.952s] [ 85%] [34m[1mPerforming configure step for 'depender'[0m
[5.001s] loading initial cache file /home/nick/Robotics_Projects/furuta1/build/ament_cmake_vendor_package/test/depender-config.cmake
[5.086s] -- The C compiler identification is GNU 11.4.0
[5.139s] -- The CXX compiler identification is GNU 11.4.0
[5.146s] -- Detecting C compiler ABI info
[5.216s] -- Detecting C compiler ABI info - done
[5.224s] -- Check for working C compiler: /usr/bin/cc - skipped
[5.224s] -- Detecting C compile features
[5.225s] -- Detecting C compile features - done
[5.229s] -- Detecting CXX compiler ABI info
[5.351s] -- Detecting CXX compiler ABI info - done
[5.358s] -- Check for working CXX compiler: /usr/bin/c++ - skipped
[5.359s] -- Detecting CXX compile features
[5.359s] -- Detecting CXX compile features - done
[5.361s] -- Configuring done
[5.363s] -- Generating done
[5.364s] -- Build files have been written to: /home/nick/Robotics_Projects/furuta1/build/ament_cmake_vendor_package/test/depender-prefix/src/depender-build
[5.398s] [ 90%] [34m[1mPerforming build step for 'depender'[0m
[5.434s] [ 50%] [32mBuilding C object CMakeFiles/depender.dir/src/depender.c.o[0m
[5.474s] [100%] [32m[1mLinking C executable depender[0m
[5.512s] [100%] Built target depender
[5.523s] [ 95%] [34m[1mPerforming install step for 'depender'[0m
[5.542s] [35m[1mConsolidate compiler generated dependencies of target depender[0m
[5.549s] [100%] Built target depender
[5.561s] [36mInstall the project...[0m
[5.566s] -- Install configuration: ""
[5.566s] -- Installing: /home/nick/Robotics_Projects/furuta1/build/ament_cmake_vendor_package/test/depender-prefix/install/bin/depender
[5.566s] -- Set runtime path of "/home/nick/Robotics_Projects/furuta1/build/ament_cmake_vendor_package/test/depender-prefix/install/bin/depender" to ""
[5.579s] [100%] [34m[1mCompleted 'depender'[0m
[5.605s] [100%] Built target depender
[5.626s] Invoked command in '/home/nick/Robotics_Projects/furuta1/build/ament_cmake_vendor_package' returned '0': AMENT_PREFIX_PATH=/home/nick/Robotics_Projects/furuta1/install/ament_cmake_test:/home/nick/Robotics_Projects/furuta1/install/ament_cmake_export_dependencies:/home/nick/Robotics_Projects/furuta1/install/ament_cmake_libraries:/home/nick/Robotics_Projects/furuta1/install/ament_cmake_core:/home/nick/Robotics_Projects/furuta1/install/ament_package:${AMENT_PREFIX_PATH} CMAKE_PREFIX_PATH=/home/nick/Robotics_Projects/furuta1/install/ament_cmake_test:/home/nick/Robotics_Projects/furuta1/install/ament_cmake_export_dependencies:/home/nick/Robotics_Projects/furuta1/install/ament_cmake_libraries:/home/nick/Robotics_Projects/furuta1/install/ament_cmake_core:/opt/ros/humble PYTHONPATH=/home/nick/Robotics_Projects/furuta1/install/ament_cmake_test/local/lib/python3.10/dist-packages:/home/nick/Robotics_Projects/furuta1/build/ament_package:/home/nick/Robotics_Projects/furuta1/install/ament_package/lib/python3.10/site-packages:${PYTHONPATH} /usr/bin/cmake --build /home/nick/Robotics_Projects/furuta1/build/ament_cmake_vendor_package -- -j16 -l16
[5.907s] Invoking command in '/home/nick/Robotics_Projects/furuta1/build/ament_cmake_vendor_package': AMENT_PREFIX_PATH=/home/nick/Robotics_Projects/furuta1/install/ament_cmake_test:/home/nick/Robotics_Projects/furuta1/install/ament_cmake_export_dependencies:/home/nick/Robotics_Projects/furuta1/install/ament_cmake_libraries:/home/nick/Robotics_Projects/furuta1/install/ament_cmake_core:/home/nick/Robotics_Projects/furuta1/install/ament_package:${AMENT_PREFIX_PATH} CMAKE_PREFIX_PATH=/home/nick/Robotics_Projects/furuta1/install/ament_cmake_test:/home/nick/Robotics_Projects/furuta1/install/ament_cmake_export_dependencies:/home/nick/Robotics_Projects/furuta1/install/ament_cmake_libraries:/home/nick/Robotics_Projects/furuta1/install/ament_cmake_core:/opt/ros/humble PYTHONPATH=/home/nick/Robotics_Projects/furuta1/install/ament_cmake_test/local/lib/python3.10/dist-packages:/home/nick/Robotics_Projects/furuta1/build/ament_package:/home/nick/Robotics_Projects/furuta1/install/ament_package/lib/python3.10/site-packages:${PYTHONPATH} /usr/bin/cmake --install /home/nick/Robotics_Projects/furuta1/build/ament_cmake_vendor_package
[5.914s] -- Install configuration: ""
[5.914s] -- Execute custom install script
[5.914s] -- Symlinking: /home/nick/Robotics_Projects/furuta1/install/ament_cmake_vendor_package/share/ament_index/resource_index/package_run_dependencies/ament_cmake_vendor_package
[5.922s] -- Symlinking: /home/nick/Robotics_Projects/furuta1/install/ament_cmake_vendor_package/share/ament_index/resource_index/parent_prefix_path/ament_cmake_vendor_package
[5.933s] -- Symlinking: /home/nick/Robotics_Projects/furuta1/install/ament_cmake_vendor_package/share/ament_cmake_vendor_package/environment/ament_prefix_path.sh
[5.940s] -- Symlinking: /home/nick/Robotics_Projects/furuta1/install/ament_cmake_vendor_package/share/ament_cmake_vendor_package/environment/ament_prefix_path.dsv
[5.949s] -- Symlinking: /home/nick/Robotics_Projects/furuta1/install/ament_cmake_vendor_package/share/ament_cmake_vendor_package/environment/path.sh
[5.958s] -- Symlinking: /home/nick/Robotics_Projects/furuta1/install/ament_cmake_vendor_package/share/ament_cmake_vendor_package/environment/path.dsv
[5.966s] -- Symlinking: /home/nick/Robotics_Projects/furuta1/install/ament_cmake_vendor_package/share/ament_cmake_vendor_package/local_setup.bash
[5.975s] -- Symlinking: /home/nick/Robotics_Projects/furuta1/install/ament_cmake_vendor_package/share/ament_cmake_vendor_package/local_setup.sh
[5.993s] -- Symlinking: /home/nick/Robotics_Projects/furuta1/install/ament_cmake_vendor_package/share/ament_cmake_vendor_package/local_setup.zsh
[6.006s] -- Symlinking: /home/nick/Robotics_Projects/furuta1/install/ament_cmake_vendor_package/share/ament_cmake_vendor_package/local_setup.dsv
[6.016s] -- Symlinking: /home/nick/Robotics_Projects/furuta1/install/ament_cmake_vendor_package/share/ament_cmake_vendor_package/package.dsv
[6.027s] -- Symlinking: /home/nick/Robotics_Projects/furuta1/install/ament_cmake_vendor_package/share/ament_index/resource_index/packages/ament_cmake_vendor_package
[6.037s] -- Symlinking: /home/nick/Robotics_Projects/furuta1/install/ament_cmake_vendor_package/share/ament_cmake_vendor_package/cmake/ament_cmake_vendor_package-extras.cmake
[6.047s] -- Symlinking: /home/nick/Robotics_Projects/furuta1/install/ament_cmake_vendor_package/share/ament_cmake_vendor_package/cmake/ament_cmake_export_dependencies-extras.cmake
[6.062s] -- Symlinking: /home/nick/Robotics_Projects/furuta1/install/ament_cmake_vendor_package/share/ament_cmake_vendor_package/cmake/ament_cmake_vendor_packageConfig.cmake
[6.064s] -- Symlinking: /home/nick/Robotics_Projects/furuta1/install/ament_cmake_vendor_package/share/ament_cmake_vendor_package/cmake/ament_cmake_vendor_packageConfig-version.cmake
[6.073s] -- Symlinking: /home/nick/Robotics_Projects/furuta1/install/ament_cmake_vendor_package/share/ament_cmake_vendor_package/package.xml
[6.079s] -- Symlinking: /home/nick/Robotics_Projects/furuta1/install/ament_cmake_vendor_package/share/ament_cmake_vendor_package/cmake/ament_vendor.cmake
[6.088s] -- Symlinking: /home/nick/Robotics_Projects/furuta1/install/ament_cmake_vendor_package/share/ament_cmake_vendor_package/cmake/templates/target.repos.in
[6.097s] -- Symlinking: /home/nick/Robotics_Projects/furuta1/install/ament_cmake_vendor_package/share/ament_cmake_vendor_package/cmake/templates/vendor_package.bat.in
[6.106s] -- Symlinking: /home/nick/Robotics_Projects/furuta1/install/ament_cmake_vendor_package/share/ament_cmake_vendor_package/cmake/templates/vendor_package.dsv.in
[6.115s] -- Symlinking: /home/nick/Robotics_Projects/furuta1/install/ament_cmake_vendor_package/share/ament_cmake_vendor_package/cmake/templates/vendor_package.sh.in
[6.124s] -- Symlinking: /home/nick/Robotics_Projects/furuta1/install/ament_cmake_vendor_package/share/ament_cmake_vendor_package/cmake/templates/vendor_package_cmake_prefix.bat.in
[6.132s] -- Symlinking: /home/nick/Robotics_Projects/furuta1/install/ament_cmake_vendor_package/share/ament_cmake_vendor_package/cmake/templates/vendor_package_cmake_prefix.cmake.in
[6.141s] -- Symlinking: /home/nick/Robotics_Projects/furuta1/install/ament_cmake_vendor_package/share/ament_cmake_vendor_package/cmake/templates/vendor_package_cmake_prefix.dsv.in
[6.147s] -- Symlinking: /home/nick/Robotics_Projects/furuta1/install/ament_cmake_vendor_package/share/ament_cmake_vendor_package/cmake/templates/vendor_package_cmake_prefix.sh.in
[6.157s] Invoked command in '/home/nick/Robotics_Projects/furuta1/build/ament_cmake_vendor_package' returned '0': AMENT_PREFIX_PATH=/home/nick/Robotics_Projects/furuta1/install/ament_cmake_test:/home/nick/Robotics_Projects/furuta1/install/ament_cmake_export_dependencies:/home/nick/Robotics_Projects/furuta1/install/ament_cmake_libraries:/home/nick/Robotics_Projects/furuta1/install/ament_cmake_core:/home/nick/Robotics_Projects/furuta1/install/ament_package:${AMENT_PREFIX_PATH} CMAKE_PREFIX_PATH=/home/nick/Robotics_Projects/furuta1/install/ament_cmake_test:/home/nick/Robotics_Projects/furuta1/install/ament_cmake_export_dependencies:/home/nick/Robotics_Projects/furuta1/install/ament_cmake_libraries:/home/nick/Robotics_Projects/furuta1/install/ament_cmake_core:/opt/ros/humble PYTHONPATH=/home/nick/Robotics_Projects/furuta1/install/ament_cmake_test/local/lib/python3.10/dist-packages:/home/nick/Robotics_Projects/furuta1/build/ament_package:/home/nick/Robotics_Projects/furuta1/install/ament_package/lib/python3.10/site-packages:${PYTHONPATH} /usr/bin/cmake --install /home/nick/Robotics_Projects/furuta1/build/ament_cmake_vendor_package
