[3.552s] Invoking command in '/home/nick/Robotics_Projects/furuta1/build/ament_clang_format': AMENT_PREFIX_PATH=/home/nick/Robotics_Projects/furuta1/install/ament_copyright:/home/nick/Robotics_Projects/furuta1/install/ament_pep257:/home/nick/Robotics_Projects/furuta1/install/ament_flake8:/home/nick/Robotics_Projects/furuta1/install/ament_lint:${AMENT_PREFIX_PATH} PATH=/home/nick/Robotics_Projects/furuta1/install/ament_copyright/bin:/home/nick/Robotics_Projects/furuta1/install/ament_pep257/bin:/home/nick/Robotics_Projects/furuta1/install/ament_flake8/bin:${PATH} PYTHONPATH=/home/nick/Robotics_Projects/furuta1/build/ament_clang_format/prefix_override:/home/nick/Robotics_Projects/furuta1/install/ament_clang_format/lib/python3.10/site-packages:/home/nick/Robotics_Projects/furuta1/build/ament_copyright:/home/nick/Robotics_Projects/furuta1/install/ament_copyright/lib/python3.10/site-packages:/home/nick/Robotics_Projects/furuta1/build/ament_pep257:/home/nick/Robotics_Projects/furuta1/install/ament_pep257/lib/python3.10/site-packages:/home/nick/Robotics_Projects/furuta1/build/ament_flake8:/home/nick/Robotics_Projects/furuta1/install/ament_flake8/lib/python3.10/site-packages:/home/nick/Robotics_Projects/furuta1/build/ament_lint:/home/nick/Robotics_Projects/furuta1/install/ament_lint/lib/python3.10/site-packages:${PYTHONPATH} /usr/bin/python3 -W ignore:setup.py install is deprecated setup.py develop --editable --build-directory /home/nick/Robotics_Projects/furuta1/build/ament_clang_format/build --no-deps symlink_data
[3.811s] running develop
[3.811s] /home/nick/.local/lib/python3.10/site-packages/setuptools/command/develop.py:39: EasyInstallDeprecationWarning: easy_install command is deprecated.
[3.811s] !!
[3.811s] 
[3.811s]         ********************************************************************************
[3.811s]         Please avoid running ``setup.py`` and ``easy_install``.
[3.811s]         Instead, use pypa/build, pypa/installer or other
[3.812s]         standards-based tools.
[3.812s] 
[3.812s]         See https://github.com/pypa/setuptools/issues/917 for details.
[3.812s]         ********************************************************************************
[3.812s] 
[3.812s] !!
[3.812s]   easy_install.initialize_options(self)
[3.950s] running egg_info
[3.950s] creating ament_clang_format.egg-info
[3.957s] writing ament_clang_format.egg-info/PKG-INFO
[3.958s] writing dependency_links to ament_clang_format.egg-info/dependency_links.txt
[3.958s] writing entry points to ament_clang_format.egg-info/entry_points.txt
[3.958s] writing requirements to ament_clang_format.egg-info/requires.txt
[3.958s] writing top-level names to ament_clang_format.egg-info/top_level.txt
[3.958s] writing manifest file 'ament_clang_format.egg-info/SOURCES.txt'
[3.977s] reading manifest file 'ament_clang_format.egg-info/SOURCES.txt'
[3.977s] writing manifest file 'ament_clang_format.egg-info/SOURCES.txt'
[3.986s] running build_ext
[3.987s] Creating /home/nick/Robotics_Projects/furuta1/install/ament_clang_format/lib/python3.10/site-packages/ament_clang_format.egg-link (link to .)
[3.987s] Installing ament_clang_format script to /home/nick/Robotics_Projects/furuta1/install/ament_clang_format/bin
[3.987s] 
[3.987s] Installed /home/nick/Robotics_Projects/furuta1/build/ament_clang_format
[3.988s] running symlink_data
[3.988s] symbolically linking /home/nick/Robotics_Projects/furuta1/build/ament_clang_format/package.xml -> /home/nick/Robotics_Projects/furuta1/install/ament_clang_format/share/ament_clang_format
[3.988s] creating /home/nick/Robotics_Projects/furuta1/install/ament_clang_format/share/ament_index
[3.988s] creating /home/nick/Robotics_Projects/furuta1/install/ament_clang_format/share/ament_index/resource_index
[3.988s] creating /home/nick/Robotics_Projects/furuta1/install/ament_clang_format/share/ament_index/resource_index/packages
[3.989s] symbolically linking /home/nick/Robotics_Projects/furuta1/build/ament_clang_format/resource/ament_clang_format -> /home/nick/Robotics_Projects/furuta1/install/ament_clang_format/share/ament_index/resource_index/packages
[4.060s] Invoked command in '/home/nick/Robotics_Projects/furuta1/build/ament_clang_format' returned '0': AMENT_PREFIX_PATH=/home/nick/Robotics_Projects/furuta1/install/ament_copyright:/home/nick/Robotics_Projects/furuta1/install/ament_pep257:/home/nick/Robotics_Projects/furuta1/install/ament_flake8:/home/nick/Robotics_Projects/furuta1/install/ament_lint:${AMENT_PREFIX_PATH} PATH=/home/nick/Robotics_Projects/furuta1/install/ament_copyright/bin:/home/nick/Robotics_Projects/furuta1/install/ament_pep257/bin:/home/nick/Robotics_Projects/furuta1/install/ament_flake8/bin:${PATH} PYTHONPATH=/home/nick/Robotics_Projects/furuta1/build/ament_clang_format/prefix_override:/home/nick/Robotics_Projects/furuta1/install/ament_clang_format/lib/python3.10/site-packages:/home/nick/Robotics_Projects/furuta1/build/ament_copyright:/home/nick/Robotics_Projects/furuta1/install/ament_copyright/lib/python3.10/site-packages:/home/nick/Robotics_Projects/furuta1/build/ament_pep257:/home/nick/Robotics_Projects/furuta1/install/ament_pep257/lib/python3.10/site-packages:/home/nick/Robotics_Projects/furuta1/build/ament_flake8:/home/nick/Robotics_Projects/furuta1/install/ament_flake8/lib/python3.10/site-packages:/home/nick/Robotics_Projects/furuta1/build/ament_lint:/home/nick/Robotics_Projects/furuta1/install/ament_lint/lib/python3.10/site-packages:${PYTHONPATH} /usr/bin/python3 -W ignore:setup.py install is deprecated setup.py develop --editable --build-directory /home/nick/Robotics_Projects/furuta1/build/ament_clang_format/build --no-deps symlink_data
