[0.024s] Invoking command in '/home/nick/Robotics_Projects/furuta1/build/ament_cmake_export_interfaces': AMENT_PREFIX_PATH=/home/nick/Robotics_Projects/furuta1/install/ament_cmake_export_libraries:/home/nick/Robotics_Projects/furuta1/install/ament_cmake_core:/home/nick/Robotics_Projects/furuta1/install/ament_package:${AMENT_PREFIX_PATH} CMAKE_PREFIX_PATH=/home/nick/Robotics_Projects/furuta1/install/ament_cmake_export_libraries:/home/nick/Robotics_Projects/furuta1/install/ament_cmake_core:/opt/ros/humble PYTHONPATH=/home/nick/Robotics_Projects/furuta1/build/ament_package:/home/nick/Robotics_Projects/furuta1/install/ament_package/lib/python3.10/site-packages:${PYTHONPATH} /usr/bin/cmake /home/nick/Robotics_Projects/furuta1/src/ament/ament_cmake/ament_cmake_export_interfaces -DAMENT_CMAKE_SYMLINK_INSTALL=1 -DCMAKE_INSTALL_PREFIX=/home/nick/Robotics_Projects/furuta1/install/ament_cmake_export_interfaces
[0.037s] -- Found ament_cmake_core: 1.3.8 (/home/nick/Robotics_Projects/furuta1/install/ament_cmake_core/share/ament_cmake_core/cmake)
[0.284s] -- Found Python3: /usr/bin/python3 (found version "3.10.12") found components: Interpreter 
[0.333s] -- Override CMake install command with custom implementation using symlinks instead of copying resources
[0.373s] -- Configuring done
[0.374s] -- Generating done
[0.375s] -- Build files have been written to: /home/nick/Robotics_Projects/furuta1/build/ament_cmake_export_interfaces
[0.378s] Invoked command in '/home/nick/Robotics_Projects/furuta1/build/ament_cmake_export_interfaces' returned '0': AMENT_PREFIX_PATH=/home/nick/Robotics_Projects/furuta1/install/ament_cmake_export_libraries:/home/nick/Robotics_Projects/furuta1/install/ament_cmake_core:/home/nick/Robotics_Projects/furuta1/install/ament_package:${AMENT_PREFIX_PATH} CMAKE_PREFIX_PATH=/home/nick/Robotics_Projects/furuta1/install/ament_cmake_export_libraries:/home/nick/Robotics_Projects/furuta1/install/ament_cmake_core:/opt/ros/humble PYTHONPATH=/home/nick/Robotics_Projects/furuta1/build/ament_package:/home/nick/Robotics_Projects/furuta1/install/ament_package/lib/python3.10/site-packages:${PYTHONPATH} /usr/bin/cmake /home/nick/Robotics_Projects/furuta1/src/ament/ament_cmake/ament_cmake_export_interfaces -DAMENT_CMAKE_SYMLINK_INSTALL=1 -DCMAKE_INSTALL_PREFIX=/home/nick/Robotics_Projects/furuta1/install/ament_cmake_export_interfaces
[0.379s] Invoking command in '/home/nick/Robotics_Projects/furuta1/build/ament_cmake_export_interfaces': AMENT_PREFIX_PATH=/home/nick/Robotics_Projects/furuta1/install/ament_cmake_export_libraries:/home/nick/Robotics_Projects/furuta1/install/ament_cmake_core:/home/nick/Robotics_Projects/furuta1/install/ament_package:${AMENT_PREFIX_PATH} CMAKE_PREFIX_PATH=/home/nick/Robotics_Projects/furuta1/install/ament_cmake_export_libraries:/home/nick/Robotics_Projects/furuta1/install/ament_cmake_core:/opt/ros/humble PYTHONPATH=/home/nick/Robotics_Projects/furuta1/build/ament_package:/home/nick/Robotics_Projects/furuta1/install/ament_package/lib/python3.10/site-packages:${PYTHONPATH} /usr/bin/cmake --build /home/nick/Robotics_Projects/furuta1/build/ament_cmake_export_interfaces -- -j16 -l16
[0.402s] Invoked command in '/home/nick/Robotics_Projects/furuta1/build/ament_cmake_export_interfaces' returned '0': AMENT_PREFIX_PATH=/home/nick/Robotics_Projects/furuta1/install/ament_cmake_export_libraries:/home/nick/Robotics_Projects/furuta1/install/ament_cmake_core:/home/nick/Robotics_Projects/furuta1/install/ament_package:${AMENT_PREFIX_PATH} CMAKE_PREFIX_PATH=/home/nick/Robotics_Projects/furuta1/install/ament_cmake_export_libraries:/home/nick/Robotics_Projects/furuta1/install/ament_cmake_core:/opt/ros/humble PYTHONPATH=/home/nick/Robotics_Projects/furuta1/build/ament_package:/home/nick/Robotics_Projects/furuta1/install/ament_package/lib/python3.10/site-packages:${PYTHONPATH} /usr/bin/cmake --build /home/nick/Robotics_Projects/furuta1/build/ament_cmake_export_interfaces -- -j16 -l16
[0.415s] Invoking command in '/home/nick/Robotics_Projects/furuta1/build/ament_cmake_export_interfaces': AMENT_PREFIX_PATH=/home/nick/Robotics_Projects/furuta1/install/ament_cmake_export_libraries:/home/nick/Robotics_Projects/furuta1/install/ament_cmake_core:/home/nick/Robotics_Projects/furuta1/install/ament_package:${AMENT_PREFIX_PATH} CMAKE_PREFIX_PATH=/home/nick/Robotics_Projects/furuta1/install/ament_cmake_export_libraries:/home/nick/Robotics_Projects/furuta1/install/ament_cmake_core:/opt/ros/humble PYTHONPATH=/home/nick/Robotics_Projects/furuta1/build/ament_package:/home/nick/Robotics_Projects/furuta1/install/ament_package/lib/python3.10/site-packages:${PYTHONPATH} /usr/bin/cmake --install /home/nick/Robotics_Projects/furuta1/build/ament_cmake_export_interfaces
[0.420s] -- Install configuration: ""
[0.420s] -- Execute custom install script
[0.420s] -- Symlinking: /home/nick/Robotics_Projects/furuta1/install/ament_cmake_export_interfaces/share/ament_index/resource_index/package_run_dependencies/ament_cmake_export_interfaces
[0.426s] -- Symlinking: /home/nick/Robotics_Projects/furuta1/install/ament_cmake_export_interfaces/share/ament_index/resource_index/parent_prefix_path/ament_cmake_export_interfaces
[0.432s] -- Symlinking: /home/nick/Robotics_Projects/furuta1/install/ament_cmake_export_interfaces/share/ament_cmake_export_interfaces/environment/ament_prefix_path.sh
[0.438s] -- Symlinking: /home/nick/Robotics_Projects/furuta1/install/ament_cmake_export_interfaces/share/ament_cmake_export_interfaces/environment/ament_prefix_path.dsv
[0.443s] -- Symlinking: /home/nick/Robotics_Projects/furuta1/install/ament_cmake_export_interfaces/share/ament_cmake_export_interfaces/environment/path.sh
[0.449s] -- Symlinking: /home/nick/Robotics_Projects/furuta1/install/ament_cmake_export_interfaces/share/ament_cmake_export_interfaces/environment/path.dsv
[0.454s] -- Symlinking: /home/nick/Robotics_Projects/furuta1/install/ament_cmake_export_interfaces/share/ament_cmake_export_interfaces/local_setup.bash
[0.460s] -- Symlinking: /home/nick/Robotics_Projects/furuta1/install/ament_cmake_export_interfaces/share/ament_cmake_export_interfaces/local_setup.sh
[0.466s] -- Symlinking: /home/nick/Robotics_Projects/furuta1/install/ament_cmake_export_interfaces/share/ament_cmake_export_interfaces/local_setup.zsh
[0.472s] -- Symlinking: /home/nick/Robotics_Projects/furuta1/install/ament_cmake_export_interfaces/share/ament_cmake_export_interfaces/local_setup.dsv
[0.477s] -- Symlinking: /home/nick/Robotics_Projects/furuta1/install/ament_cmake_export_interfaces/share/ament_cmake_export_interfaces/package.dsv
[0.482s] -- Symlinking: /home/nick/Robotics_Projects/furuta1/install/ament_cmake_export_interfaces/share/ament_index/resource_index/packages/ament_cmake_export_interfaces
[0.488s] -- Symlinking: /home/nick/Robotics_Projects/furuta1/install/ament_cmake_export_interfaces/share/ament_cmake_export_interfaces/cmake/ament_cmake_export_interfaces-extras.cmake
[0.494s] -- Symlinking: /home/nick/Robotics_Projects/furuta1/install/ament_cmake_export_interfaces/share/ament_cmake_export_interfaces/cmake/ament_cmake_export_interfacesConfig.cmake
[0.499s] -- Symlinking: /home/nick/Robotics_Projects/furuta1/install/ament_cmake_export_interfaces/share/ament_cmake_export_interfaces/cmake/ament_cmake_export_interfacesConfig-version.cmake
[0.511s] -- Symlinking: /home/nick/Robotics_Projects/furuta1/install/ament_cmake_export_interfaces/share/ament_cmake_export_interfaces/package.xml
[0.511s] -- Symlinking: /home/nick/Robotics_Projects/furuta1/install/ament_cmake_export_interfaces/share/ament_cmake_export_interfaces/cmake/ament_cmake_export_interfaces-extras.cmake.in
[0.521s] -- Symlinking: /home/nick/Robotics_Projects/furuta1/install/ament_cmake_export_interfaces/share/ament_cmake_export_interfaces/cmake/ament_cmake_export_interfaces_package_hook.cmake
[0.523s] -- Symlinking: /home/nick/Robotics_Projects/furuta1/install/ament_cmake_export_interfaces/share/ament_cmake_export_interfaces/cmake/ament_export_interfaces.cmake
[0.530s] Invoked command in '/home/nick/Robotics_Projects/furuta1/build/ament_cmake_export_interfaces' returned '0': AMENT_PREFIX_PATH=/home/nick/Robotics_Projects/furuta1/install/ament_cmake_export_libraries:/home/nick/Robotics_Projects/furuta1/install/ament_cmake_core:/home/nick/Robotics_Projects/furuta1/install/ament_package:${AMENT_PREFIX_PATH} CMAKE_PREFIX_PATH=/home/nick/Robotics_Projects/furuta1/install/ament_cmake_export_libraries:/home/nick/Robotics_Projects/furuta1/install/ament_cmake_core:/opt/ros/humble PYTHONPATH=/home/nick/Robotics_Projects/furuta1/build/ament_package:/home/nick/Robotics_Projects/furuta1/install/ament_package/lib/python3.10/site-packages:${PYTHONPATH} /usr/bin/cmake --install /home/nick/Robotics_Projects/furuta1/build/ament_cmake_export_interfaces
