[0.058s] Invoking command in '/home/nick/Robotics_Projects/furuta1/build/ament_cmake_export_targets': AMENT_PREFIX_PATH=/home/nick/Robotics_Projects/furuta1/install/ament_cmake_export_libraries:/home/nick/Robotics_Projects/furuta1/install/ament_cmake_core:/home/nick/Robotics_Projects/furuta1/install/ament_package CMAKE_PREFIX_PATH=/home/nick/Robotics_Projects/furuta1/install/ament_cmake_export_libraries:/home/nick/Robotics_Projects/furuta1/install/ament_cmake_core PYTHONPATH=/home/nick/Robotics_Projects/furuta1/build/ament_package:/home/nick/Robotics_Projects/furuta1/install/ament_package/lib/python3.10/site-packages /usr/bin/cmake --build /home/nick/Robotics_Projects/furuta1/build/ament_cmake_export_targets -- -j16 -l16
[0.081s] Invoked command in '/home/nick/Robotics_Projects/furuta1/build/ament_cmake_export_targets' returned '0': AMENT_PREFIX_PATH=/home/nick/Robotics_Projects/furuta1/install/ament_cmake_export_libraries:/home/nick/Robotics_Projects/furuta1/install/ament_cmake_core:/home/nick/Robotics_Projects/furuta1/install/ament_package CMAKE_PREFIX_PATH=/home/nick/Robotics_Projects/furuta1/install/ament_cmake_export_libraries:/home/nick/Robotics_Projects/furuta1/install/ament_cmake_core PYTHONPATH=/home/nick/Robotics_Projects/furuta1/build/ament_package:/home/nick/Robotics_Projects/furuta1/install/ament_package/lib/python3.10/site-packages /usr/bin/cmake --build /home/nick/Robotics_Projects/furuta1/build/ament_cmake_export_targets -- -j16 -l16
[0.097s] Invoking command in '/home/nick/Robotics_Projects/furuta1/build/ament_cmake_export_targets': AMENT_PREFIX_PATH=/home/nick/Robotics_Projects/furuta1/install/ament_cmake_export_libraries:/home/nick/Robotics_Projects/furuta1/install/ament_cmake_core:/home/nick/Robotics_Projects/furuta1/install/ament_package CMAKE_PREFIX_PATH=/home/nick/Robotics_Projects/furuta1/install/ament_cmake_export_libraries:/home/nick/Robotics_Projects/furuta1/install/ament_cmake_core PYTHONPATH=/home/nick/Robotics_Projects/furuta1/build/ament_package:/home/nick/Robotics_Projects/furuta1/install/ament_package/lib/python3.10/site-packages /usr/bin/cmake --install /home/nick/Robotics_Projects/furuta1/build/ament_cmake_export_targets
[0.102s] -- Install configuration: ""
[0.107s] -- Execute custom install script
[0.107s] -- Up-to-date symlink: /home/nick/Robotics_Projects/furuta1/install/ament_cmake_export_targets/share/ament_index/resource_index/package_run_dependencies/ament_cmake_export_targets
[0.107s] -- Up-to-date symlink: /home/nick/Robotics_Projects/furuta1/install/ament_cmake_export_targets/share/ament_index/resource_index/parent_prefix_path/ament_cmake_export_targets
[0.107s] -- Up-to-date symlink: /home/nick/Robotics_Projects/furuta1/install/ament_cmake_export_targets/share/ament_cmake_export_targets/environment/ament_prefix_path.sh
[0.107s] -- Up-to-date symlink: /home/nick/Robotics_Projects/furuta1/install/ament_cmake_export_targets/share/ament_cmake_export_targets/environment/ament_prefix_path.dsv
[0.107s] -- Up-to-date symlink: /home/nick/Robotics_Projects/furuta1/install/ament_cmake_export_targets/share/ament_cmake_export_targets/environment/path.sh
[0.107s] -- Up-to-date symlink: /home/nick/Robotics_Projects/furuta1/install/ament_cmake_export_targets/share/ament_cmake_export_targets/environment/path.dsv
[0.107s] -- Up-to-date symlink: /home/nick/Robotics_Projects/furuta1/install/ament_cmake_export_targets/share/ament_cmake_export_targets/local_setup.bash
[0.108s] -- Up-to-date symlink: /home/nick/Robotics_Projects/furuta1/install/ament_cmake_export_targets/share/ament_cmake_export_targets/local_setup.sh
[0.108s] -- Up-to-date symlink: /home/nick/Robotics_Projects/furuta1/install/ament_cmake_export_targets/share/ament_cmake_export_targets/local_setup.zsh
[0.108s] -- Up-to-date symlink: /home/nick/Robotics_Projects/furuta1/install/ament_cmake_export_targets/share/ament_cmake_export_targets/local_setup.dsv
[0.108s] -- Symlinking: /home/nick/Robotics_Projects/furuta1/install/ament_cmake_export_targets/share/ament_cmake_export_targets/package.dsv
[0.113s] -- Up-to-date symlink: /home/nick/Robotics_Projects/furuta1/install/ament_cmake_export_targets/share/ament_index/resource_index/packages/ament_cmake_export_targets
[0.121s] -- Up-to-date symlink: /home/nick/Robotics_Projects/furuta1/install/ament_cmake_export_targets/share/ament_cmake_export_targets/cmake/ament_cmake_export_targets-extras.cmake
[0.121s] -- Up-to-date symlink: /home/nick/Robotics_Projects/furuta1/install/ament_cmake_export_targets/share/ament_cmake_export_targets/cmake/ament_cmake_export_targetsConfig.cmake
[0.121s] -- Up-to-date symlink: /home/nick/Robotics_Projects/furuta1/install/ament_cmake_export_targets/share/ament_cmake_export_targets/cmake/ament_cmake_export_targetsConfig-version.cmake
[0.121s] -- Up-to-date symlink: /home/nick/Robotics_Projects/furuta1/install/ament_cmake_export_targets/share/ament_cmake_export_targets/package.xml
[0.121s] -- Up-to-date symlink: /home/nick/Robotics_Projects/furuta1/install/ament_cmake_export_targets/share/ament_cmake_export_targets/cmake/ament_cmake_export_targets-extras.cmake.in
[0.121s] -- Up-to-date symlink: /home/nick/Robotics_Projects/furuta1/install/ament_cmake_export_targets/share/ament_cmake_export_targets/cmake/ament_cmake_export_targets_package_hook.cmake
[0.121s] -- Up-to-date symlink: /home/nick/Robotics_Projects/furuta1/install/ament_cmake_export_targets/share/ament_cmake_export_targets/cmake/ament_export_targets.cmake
[0.176s] Invoked command in '/home/nick/Robotics_Projects/furuta1/build/ament_cmake_export_targets' returned '0': AMENT_PREFIX_PATH=/home/nick/Robotics_Projects/furuta1/install/ament_cmake_export_libraries:/home/nick/Robotics_Projects/furuta1/install/ament_cmake_core:/home/nick/Robotics_Projects/furuta1/install/ament_package CMAKE_PREFIX_PATH=/home/nick/Robotics_Projects/furuta1/install/ament_cmake_export_libraries:/home/nick/Robotics_Projects/furuta1/install/ament_cmake_core PYTHONPATH=/home/nick/Robotics_Projects/furuta1/build/ament_package:/home/nick/Robotics_Projects/furuta1/install/ament_package/lib/python3.10/site-packages /usr/bin/cmake --install /home/nick/Robotics_Projects/furuta1/build/ament_cmake_export_targets
