-- Found ament_cmake_core: 1.3.8 (/home/nick/Robotics_Projects/furuta1/install/ament_cmake_core/share/ament_cmake_core/cmake)
-- Found Python3: /usr/bin/python3 (found version "3.10.12") found components: Interpreter 
-- Override CMake install command with custom implementation using symlinks instead of copying resources
-- Found ament_cmake_test: 1.3.8 (/home/nick/Robotics_Projects/furuta1/install/ament_cmake_test/share/ament_cmake_test/cmake)
-- Found ament_cmake_copyright: 0.12.10 (/home/nick/Robotics_Projects/furuta1/install/ament_cmake_copyright/share/ament_cmake_copyright/cmake)
-- Found ament_cmake_lint_cmake: 0.12.10 (/home/nick/Robotics_Projects/furuta1/install/ament_cmake_lint_cmake/share/ament_cmake_lint_cmake/cmake)
-- Configuring done
-- Generating done
-- Build files have been written to: /home/nick/Robotics_Projects/furuta1/build/ament_cmake_clang_tidy
-- Install configuration: ""
-- Execute custom install script
-- Symlinking: /home/nick/Robotics_Projects/furuta1/install/ament_cmake_clang_tidy/share/ament_index/resource_index/package_run_dependencies/ament_cmake_clang_tidy
-- Symlinking: /home/nick/Robotics_Projects/furuta1/install/ament_cmake_clang_tidy/share/ament_index/resource_index/parent_prefix_path/ament_cmake_clang_tidy
-- Symlinking: /home/nick/Robotics_Projects/furuta1/install/ament_cmake_clang_tidy/share/ament_cmake_clang_tidy/environment/ament_prefix_path.sh
-- Symlinking: /home/nick/Robotics_Projects/furuta1/install/ament_cmake_clang_tidy/share/ament_cmake_clang_tidy/environment/ament_prefix_path.dsv
-- Symlinking: /home/nick/Robotics_Projects/furuta1/install/ament_cmake_clang_tidy/share/ament_cmake_clang_tidy/environment/path.sh
-- Symlinking: /home/nick/Robotics_Projects/furuta1/install/ament_cmake_clang_tidy/share/ament_cmake_clang_tidy/environment/path.dsv
-- Symlinking: /home/nick/Robotics_Projects/furuta1/install/ament_cmake_clang_tidy/share/ament_cmake_clang_tidy/local_setup.bash
-- Symlinking: /home/nick/Robotics_Projects/furuta1/install/ament_cmake_clang_tidy/share/ament_cmake_clang_tidy/local_setup.sh
-- Symlinking: /home/nick/Robotics_Projects/furuta1/install/ament_cmake_clang_tidy/share/ament_cmake_clang_tidy/local_setup.zsh
-- Symlinking: /home/nick/Robotics_Projects/furuta1/install/ament_cmake_clang_tidy/share/ament_cmake_clang_tidy/local_setup.dsv
-- Symlinking: /home/nick/Robotics_Projects/furuta1/install/ament_cmake_clang_tidy/share/ament_cmake_clang_tidy/package.dsv
-- Symlinking: /home/nick/Robotics_Projects/furuta1/install/ament_cmake_clang_tidy/share/ament_index/resource_index/packages/ament_cmake_clang_tidy
-- Symlinking: /home/nick/Robotics_Projects/furuta1/install/ament_cmake_clang_tidy/share/ament_cmake_clang_tidy/cmake/ament_cmake_clang_tidy-extras.cmake
-- Symlinking: /home/nick/Robotics_Projects/furuta1/install/ament_cmake_clang_tidy/share/ament_cmake_clang_tidy/cmake/ament_cmake_clang_tidyConfig.cmake
-- Symlinking: /home/nick/Robotics_Projects/furuta1/install/ament_cmake_clang_tidy/share/ament_cmake_clang_tidy/cmake/ament_cmake_clang_tidyConfig-version.cmake
-- Symlinking: /home/nick/Robotics_Projects/furuta1/install/ament_cmake_clang_tidy/share/ament_cmake_clang_tidy/package.xml
-- Symlinking: /home/nick/Robotics_Projects/furuta1/install/ament_cmake_clang_tidy/share/ament_cmake_clang_tidy/cmake/ament_clang_tidy.cmake
-- Symlinking: /home/nick/Robotics_Projects/furuta1/install/ament_cmake_clang_tidy/share/ament_cmake_clang_tidy/cmake/ament_cmake_clang_tidy_lint_hook.cmake
