[0.000000] (-) TimerEvent: {}
[0.000190] (ros_gz_example_application) JobQueued: {'identifier': 'ros_gz_example_application', 'dependencies': OrderedDict()}
[0.000403] (ros_gz_example_description) JobQueued: {'identifier': 'ros_gz_example_description', 'dependencies': OrderedDict()}
[0.000418] (ros_gz_example_gazebo) JobQueued: {'identifier': 'ros_gz_example_gazebo', 'dependencies': OrderedDict([('ros_gz_example_description', '/home/nick/Robotics_Projects/furuta1/install/ros_gz_example_description')])}
[0.000477] (ros_gz_example_bringup) JobQueued: {'identifier': 'ros_gz_example_bringup', 'dependencies': OrderedDict([('ros_gz_example_description', '/home/nick/Robotics_Projects/furuta1/install/ros_gz_example_description'), ('ros_gz_example_gazebo', '/home/nick/Robotics_Projects/furuta1/install/ros_gz_example_gazebo')])}
[0.000527] (ros_gz_example_description) JobStarted: {'identifier': 'ros_gz_example_description'}
[0.002170] (ros_gz_example_application) JobStarted: {'identifier': 'ros_gz_example_application'}
[0.003741] (ros_gz_example_description) JobProgress: {'identifier': 'ros_gz_example_description', 'progress': 'cmake'}
[0.004085] (ros_gz_example_description) Command: {'cmd': ['/usr/bin/cmake', '/home/nick/Robotics_Projects/furuta1/ros_gz_example_description', '-DAMENT_CMAKE_SYMLINK_INSTALL=1', '-DCMAKE_INSTALL_PREFIX=/home/nick/Robotics_Projects/furuta1/install/ros_gz_example_description'], 'cwd': '/home/nick/Robotics_Projects/furuta1/build/ros_gz_example_description', 'env': OrderedDict([('SUDO_GID', '1000'), ('MAIL', '/var/mail/root'), ('USER', 'root'), ('HOME', '/root'), ('COLORTERM', 'truecolor'), ('SUDO_UID', '1000'), ('LOGNAME', 'root'), ('TERM', 'alacritty'), ('PATH', '/usr/local/sbin:/usr/local/bin:/usr/sbin:/usr/bin:/sbin:/bin:/snap/bin'), ('DISPLAY', ':0'), ('LANG', 'en_US.UTF-8'), ('XDG_CURRENT_DESKTOP', 'i3'), ('XAUTHORITY', '/home/nick/.Xauthority'), ('LS_COLORS', ''), ('SUDO_COMMAND', '/usr/bin/colcon build --symlink-install'), ('SHELL', '/bin/bash'), ('SUDO_USER', 'nick'), ('LC_ALL', 'en_US.UTF-8'), ('PWD', '/home/nick/Robotics_Projects/furuta1/build/ros_gz_example_description'), ('COLCON', '1')]), 'shell': False}
[0.005490] (ros_gz_example_application) JobProgress: {'identifier': 'ros_gz_example_application', 'progress': 'cmake'}
[0.005765] (ros_gz_example_application) JobProgress: {'identifier': 'ros_gz_example_application', 'progress': 'build'}
[0.006220] (ros_gz_example_application) Command: {'cmd': ['/usr/bin/cmake', '--build', '/home/nick/Robotics_Projects/furuta1/build/ros_gz_example_application', '--', '-j16', '-l16'], 'cwd': '/home/nick/Robotics_Projects/furuta1/build/ros_gz_example_application', 'env': OrderedDict([('SUDO_GID', '1000'), ('MAIL', '/var/mail/root'), ('USER', 'root'), ('HOME', '/root'), ('COLORTERM', 'truecolor'), ('SUDO_UID', '1000'), ('LOGNAME', 'root'), ('TERM', 'alacritty'), ('PATH', '/usr/local/sbin:/usr/local/bin:/usr/sbin:/usr/bin:/sbin:/bin:/snap/bin'), ('DISPLAY', ':0'), ('LANG', 'en_US.UTF-8'), ('XDG_CURRENT_DESKTOP', 'i3'), ('XAUTHORITY', '/home/nick/.Xauthority'), ('LS_COLORS', ''), ('SUDO_COMMAND', '/usr/bin/colcon build --symlink-install'), ('SHELL', '/bin/bash'), ('SUDO_USER', 'nick'), ('LC_ALL', 'en_US.UTF-8'), ('PWD', '/home/nick/Robotics_Projects/furuta1/build/ros_gz_example_application'), ('COLCON', '1')]), 'shell': False}
[0.012774] (ros_gz_example_description) StdoutLine: {'line': b'-- Found ament_cmake: 1.3.8 (/opt/ros/humble/share/ament_cmake/cmake)\n'}
[0.029393] (ros_gz_example_application) CommandEnded: {'returncode': 0}
[0.042029] (ros_gz_example_application) JobProgress: {'identifier': 'ros_gz_example_application', 'progress': 'install'}
[0.047433] (ros_gz_example_application) Command: {'cmd': ['/usr/bin/cmake', '--install', '/home/nick/Robotics_Projects/furuta1/build/ros_gz_example_application'], 'cwd': '/home/nick/Robotics_Projects/furuta1/build/ros_gz_example_application', 'env': OrderedDict([('SUDO_GID', '1000'), ('MAIL', '/var/mail/root'), ('USER', 'root'), ('HOME', '/root'), ('COLORTERM', 'truecolor'), ('SUDO_UID', '1000'), ('LOGNAME', 'root'), ('TERM', 'alacritty'), ('PATH', '/usr/local/sbin:/usr/local/bin:/usr/sbin:/usr/bin:/sbin:/bin:/snap/bin'), ('DISPLAY', ':0'), ('LANG', 'en_US.UTF-8'), ('XDG_CURRENT_DESKTOP', 'i3'), ('XAUTHORITY', '/home/nick/.Xauthority'), ('LS_COLORS', ''), ('SUDO_COMMAND', '/usr/bin/colcon build --symlink-install'), ('SHELL', '/bin/bash'), ('SUDO_USER', 'nick'), ('LC_ALL', 'en_US.UTF-8'), ('PWD', '/home/nick/Robotics_Projects/furuta1/build/ros_gz_example_application'), ('COLCON', '1')]), 'shell': False}
[0.051641] (ros_gz_example_application) StdoutLine: {'line': b'-- Install configuration: ""\n'}
[0.051932] (ros_gz_example_application) StdoutLine: {'line': b'-- Execute custom install script\n'}
[0.052149] (ros_gz_example_application) StdoutLine: {'line': b'-- Symlinking: /home/nick/Robotics_Projects/furuta1/install/ros_gz_example_application/share/ament_index/resource_index/package_run_dependencies/ros_gz_example_application\n'}
[0.057526] (ros_gz_example_application) StdoutLine: {'line': b'-- Symlinking: /home/nick/Robotics_Projects/furuta1/install/ros_gz_example_application/share/ament_index/resource_index/parent_prefix_path/ros_gz_example_application\n'}
[0.063292] (ros_gz_example_application) StdoutLine: {'line': b'-- Symlinking: /home/nick/Robotics_Projects/furuta1/install/ros_gz_example_application/share/ros_gz_example_application/environment/ament_prefix_path.sh\n'}
[0.068890] (ros_gz_example_application) StdoutLine: {'line': b'-- Symlinking: /home/nick/Robotics_Projects/furuta1/install/ros_gz_example_application/share/ros_gz_example_application/environment/ament_prefix_path.dsv\n'}
[0.074239] (ros_gz_example_application) StdoutLine: {'line': b'-- Symlinking: /home/nick/Robotics_Projects/furuta1/install/ros_gz_example_application/share/ros_gz_example_application/environment/path.sh\n'}
[0.079892] (ros_gz_example_application) StdoutLine: {'line': b'-- Symlinking: /home/nick/Robotics_Projects/furuta1/install/ros_gz_example_application/share/ros_gz_example_application/environment/path.dsv\n'}
[0.085347] (ros_gz_example_application) StdoutLine: {'line': b'-- Symlinking: /home/nick/Robotics_Projects/furuta1/install/ros_gz_example_application/share/ros_gz_example_application/local_setup.bash\n'}
[0.090686] (ros_gz_example_application) StdoutLine: {'line': b'-- Symlinking: /home/nick/Robotics_Projects/furuta1/install/ros_gz_example_application/share/ros_gz_example_application/local_setup.sh\n'}
[0.091647] (ros_gz_example_description) StderrLine: {'line': b'Traceback (most recent call last):\n'}
[0.091732] (ros_gz_example_description) StderrLine: {'line': b'  File "/opt/ros/humble/share/ament_cmake_core/cmake/package_templates/templates_2_cmake.py", line 21, in <module>\n'}
[0.091772] (ros_gz_example_description) StderrLine: {'line': b'    from ament_package.templates import get_environment_hook_template_path\n'}
[0.091804] (ros_gz_example_description) StderrLine: {'line': b"ModuleNotFoundError: No module named 'ament_package'\n"}
[0.096222] (ros_gz_example_application) StdoutLine: {'line': b'-- Symlinking: /home/nick/Robotics_Projects/furuta1/install/ros_gz_example_application/share/ros_gz_example_application/local_setup.zsh\n'}
[0.097351] (ros_gz_example_description) StderrLine: {'line': b'\x1b[31mCMake Error at /opt/ros/humble/share/ament_cmake_core/cmake/ament_cmake_package_templates-extras.cmake:41 (message):\n'}
[0.097420] (ros_gz_example_description) StderrLine: {'line': b'  execute_process(/usr/bin/python3\n'}
[0.097458] (ros_gz_example_description) StderrLine: {'line': b'  /opt/ros/humble/share/ament_cmake_core/cmake/package_templates/templates_2_cmake.py\n'}
[0.097494] (ros_gz_example_description) StderrLine: {'line': b'  /home/nick/Robotics_Projects/furuta1/build/ros_gz_example_description/ament_cmake_package_templates/templates.cmake)\n'}
[0.097527] (ros_gz_example_description) StderrLine: {'line': b'  returned error code 1\n'}
[0.097560] (ros_gz_example_description) StderrLine: {'line': b'Call Stack (most recent call first):\n'}
[0.097591] (ros_gz_example_description) StderrLine: {'line': b'  /opt/ros/humble/share/ament_cmake_core/cmake/ament_cmake_coreConfig.cmake:41 (include)\n'}
[0.097646] (ros_gz_example_description) StderrLine: {'line': b'  /opt/ros/humble/share/ament_cmake/cmake/ament_cmake_export_dependencies-extras.cmake:15 (find_package)\n'}
[0.097677] (ros_gz_example_description) StderrLine: {'line': b'  /opt/ros/humble/share/ament_cmake/cmake/ament_cmakeConfig.cmake:41 (include)\n'}
[0.097707] (ros_gz_example_description) StderrLine: {'line': b'  CMakeLists.txt:5 (find_package)\n'}
[0.097736] (ros_gz_example_description) StderrLine: {'line': b'\n'}
[0.097764] (ros_gz_example_description) StderrLine: {'line': b'\x1b[0m\n'}
[0.097794] (ros_gz_example_description) StdoutLine: {'line': b'-- Configuring incomplete, errors occurred!\n'}
[0.097826] (ros_gz_example_description) StdoutLine: {'line': b'See also "/home/nick/Robotics_Projects/furuta1/build/ros_gz_example_description/CMakeFiles/CMakeOutput.log".\n'}
[0.099034] (ros_gz_example_description) CommandEnded: {'returncode': 1}
[0.099904] (-) TimerEvent: {}
[0.102500] (ros_gz_example_application) StdoutLine: {'line': b'-- Symlinking: /home/nick/Robotics_Projects/furuta1/install/ros_gz_example_application/share/ros_gz_example_application/local_setup.dsv\n'}
[0.108032] (ros_gz_example_application) StdoutLine: {'line': b'-- Symlinking: /home/nick/Robotics_Projects/furuta1/install/ros_gz_example_application/share/ros_gz_example_application/package.dsv\n'}
[0.112353] (ros_gz_example_description) JobEnded: {'identifier': 'ros_gz_example_description', 'rc': 1}
[0.113333] (ros_gz_example_application) StdoutLine: {'line': b'-- Symlinking: /home/nick/Robotics_Projects/furuta1/install/ros_gz_example_application/share/ament_index/resource_index/packages/ros_gz_example_application\n'}
[0.118743] (ros_gz_example_application) StdoutLine: {'line': b'-- Symlinking: /home/nick/Robotics_Projects/furuta1/install/ros_gz_example_application/share/ros_gz_example_application/cmake/ros_gz_example_applicationConfig.cmake\n'}
[0.124073] (ros_gz_example_application) StdoutLine: {'line': b'-- Symlinking: /home/nick/Robotics_Projects/furuta1/install/ros_gz_example_application/share/ros_gz_example_application/cmake/ros_gz_example_applicationConfig-version.cmake\n'}
[0.129419] (ros_gz_example_application) StdoutLine: {'line': b'-- Symlinking: /home/nick/Robotics_Projects/furuta1/install/ros_gz_example_application/share/ros_gz_example_application/package.xml\n'}
[0.135897] (ros_gz_example_application) JobEnded: {'identifier': 'ros_gz_example_application', 'rc': 'SIGINT'}
[0.146259] (ros_gz_example_gazebo) JobSkipped: {'identifier': 'ros_gz_example_gazebo'}
[0.146311] (ros_gz_example_bringup) JobSkipped: {'identifier': 'ros_gz_example_bringup'}
[0.146330] (-) EventReactorShutdown: {}
