-- The C compiler identification is GNU 11.4.0
-- The CXX compiler identification is GNU 11.4.0
-- Detecting C compiler ABI info
-- Detecting C compiler ABI info - done
-- Check for working C compiler: /usr/bin/cc - skipped
-- Detecting C compile features
-- Detecting C compile features - done
-- Detecting CXX compiler ABI info
-- Detecting CXX compiler ABI info - done
-- Check for working CXX compiler: /usr/bin/c++ - skipped
-- Detecting CXX compile features
-- Detecting CXX compile features - done
-- Found ament_cmake_test: 1.3.8 (/home/nick/Robotics_Projects/furuta1/install/ament_cmake_test/share/ament_cmake_test/cmake)
-- Found Python3: /usr/bin/python3 (found version "3.10.12") found components: Interpreter 
-- Found ament_cmake_lint_cmake: 0.12.10 (/home/nick/Robotics_Projects/furuta1/install/ament_cmake_lint_cmake/share/ament_cmake_lint_cmake/cmake)
-- Found ament_cmake_copyright: 0.12.10 (/home/nick/Robotics_Projects/furuta1/install/ament_cmake_copyright/share/ament_cmake_copyright/cmake)
-- Found ament_cmake_xmllint: 0.12.10 (/home/nick/Robotics_Projects/furuta1/install/ament_cmake_xmllint/share/ament_cmake_xmllint/cmake)
-- Configuring done
-- Generating done
-- Build files have been written to: /home/nick/Robotics_Projects/furuta1/build/ignition_math6_vendor
-- Install configuration: ""
-- Installing: /home/nick/Robotics_Projects/furuta1/install/ignition_math6_vendor/share/ignition_math6_vendor/package.xml
