[0.011s] Invoking command in '/home/nick/Robotics_Projects/furuta1/build/ament_cmake_nose': AMENT_PREFIX_PATH=/home/nick/Robotics_Projects/furuta1/install/ament_cmake_test:/home/nick/Robotics_Projects/furuta1/install/ament_cmake_core:/home/nick/Robotics_Projects/furuta1/install/ament_package CMAKE_PREFIX_PATH=/home/nick/Robotics_Projects/furuta1/install/ament_cmake_test:/home/nick/Robotics_Projects/furuta1/install/ament_cmake_core PYTHONPATH=/home/nick/Robotics_Projects/furuta1/install/ament_cmake_test/local/lib/python3.10/dist-packages:/home/nick/Robotics_Projects/furuta1/build/ament_package:/home/nick/Robotics_Projects/furuta1/install/ament_package/lib/python3.10/site-packages /usr/bin/cmake --build /home/nick/Robotics_Projects/furuta1/build/ament_cmake_nose -- -j16 -l16
[0.038s] Invoked command in '/home/nick/Robotics_Projects/furuta1/build/ament_cmake_nose' returned '0': AMENT_PREFIX_PATH=/home/nick/Robotics_Projects/furuta1/install/ament_cmake_test:/home/nick/Robotics_Projects/furuta1/install/ament_cmake_core:/home/nick/Robotics_Projects/furuta1/install/ament_package CMAKE_PREFIX_PATH=/home/nick/Robotics_Projects/furuta1/install/ament_cmake_test:/home/nick/Robotics_Projects/furuta1/install/ament_cmake_core PYTHONPATH=/home/nick/Robotics_Projects/furuta1/install/ament_cmake_test/local/lib/python3.10/dist-packages:/home/nick/Robotics_Projects/furuta1/build/ament_package:/home/nick/Robotics_Projects/furuta1/install/ament_package/lib/python3.10/site-packages /usr/bin/cmake --build /home/nick/Robotics_Projects/furuta1/build/ament_cmake_nose -- -j16 -l16
[0.054s] Invoking command in '/home/nick/Robotics_Projects/furuta1/build/ament_cmake_nose': AMENT_PREFIX_PATH=/home/nick/Robotics_Projects/furuta1/install/ament_cmake_test:/home/nick/Robotics_Projects/furuta1/install/ament_cmake_core:/home/nick/Robotics_Projects/furuta1/install/ament_package CMAKE_PREFIX_PATH=/home/nick/Robotics_Projects/furuta1/install/ament_cmake_test:/home/nick/Robotics_Projects/furuta1/install/ament_cmake_core PYTHONPATH=/home/nick/Robotics_Projects/furuta1/install/ament_cmake_test/local/lib/python3.10/dist-packages:/home/nick/Robotics_Projects/furuta1/build/ament_package:/home/nick/Robotics_Projects/furuta1/install/ament_package/lib/python3.10/site-packages /usr/bin/cmake --install /home/nick/Robotics_Projects/furuta1/build/ament_cmake_nose
[0.060s] -- Install configuration: ""
[0.061s] -- Execute custom install script
[0.061s] -- Up-to-date symlink: /home/nick/Robotics_Projects/furuta1/install/ament_cmake_nose/share/ament_index/resource_index/package_run_dependencies/ament_cmake_nose
[0.061s] -- Up-to-date symlink: /home/nick/Robotics_Projects/furuta1/install/ament_cmake_nose/share/ament_index/resource_index/parent_prefix_path/ament_cmake_nose
[0.061s] -- Up-to-date symlink: /home/nick/Robotics_Projects/furuta1/install/ament_cmake_nose/share/ament_cmake_nose/environment/ament_prefix_path.sh
[0.062s] -- Up-to-date symlink: /home/nick/Robotics_Projects/furuta1/install/ament_cmake_nose/share/ament_cmake_nose/environment/ament_prefix_path.dsv
[0.062s] -- Up-to-date symlink: /home/nick/Robotics_Projects/furuta1/install/ament_cmake_nose/share/ament_cmake_nose/environment/path.sh
[0.062s] -- Up-to-date symlink: /home/nick/Robotics_Projects/furuta1/install/ament_cmake_nose/share/ament_cmake_nose/environment/path.dsv
[0.062s] -- Up-to-date symlink: /home/nick/Robotics_Projects/furuta1/install/ament_cmake_nose/share/ament_cmake_nose/local_setup.bash
[0.063s] -- Up-to-date symlink: /home/nick/Robotics_Projects/furuta1/install/ament_cmake_nose/share/ament_cmake_nose/local_setup.sh
[0.063s] -- Up-to-date symlink: /home/nick/Robotics_Projects/furuta1/install/ament_cmake_nose/share/ament_cmake_nose/local_setup.zsh
[0.064s] -- Up-to-date symlink: /home/nick/Robotics_Projects/furuta1/install/ament_cmake_nose/share/ament_cmake_nose/local_setup.dsv
[0.064s] -- Symlinking: /home/nick/Robotics_Projects/furuta1/install/ament_cmake_nose/share/ament_cmake_nose/package.dsv
[0.071s] -- Up-to-date symlink: /home/nick/Robotics_Projects/furuta1/install/ament_cmake_nose/share/ament_index/resource_index/packages/ament_cmake_nose
[0.071s] -- Up-to-date symlink: /home/nick/Robotics_Projects/furuta1/install/ament_cmake_nose/share/ament_cmake_nose/cmake/ament_cmake_nose-extras.cmake
[0.072s] -- Up-to-date symlink: /home/nick/Robotics_Projects/furuta1/install/ament_cmake_nose/share/ament_cmake_nose/cmake/ament_cmake_noseConfig.cmake
[0.072s] -- Up-to-date symlink: /home/nick/Robotics_Projects/furuta1/install/ament_cmake_nose/share/ament_cmake_nose/cmake/ament_cmake_noseConfig-version.cmake
[0.072s] -- Up-to-date symlink: /home/nick/Robotics_Projects/furuta1/install/ament_cmake_nose/share/ament_cmake_nose/package.xml
[0.072s] -- Up-to-date symlink: /home/nick/Robotics_Projects/furuta1/install/ament_cmake_nose/share/ament_cmake_nose/cmake/ament_add_nose_test.cmake
[0.072s] -- Up-to-date symlink: /home/nick/Robotics_Projects/furuta1/install/ament_cmake_nose/share/ament_cmake_nose/cmake/ament_find_nosetests.cmake
[0.080s] Invoked command in '/home/nick/Robotics_Projects/furuta1/build/ament_cmake_nose' returned '0': AMENT_PREFIX_PATH=/home/nick/Robotics_Projects/furuta1/install/ament_cmake_test:/home/nick/Robotics_Projects/furuta1/install/ament_cmake_core:/home/nick/Robotics_Projects/furuta1/install/ament_package CMAKE_PREFIX_PATH=/home/nick/Robotics_Projects/furuta1/install/ament_cmake_test:/home/nick/Robotics_Projects/furuta1/install/ament_cmake_core PYTHONPATH=/home/nick/Robotics_Projects/furuta1/install/ament_cmake_test/local/lib/python3.10/dist-packages:/home/nick/Robotics_Projects/furuta1/build/ament_package:/home/nick/Robotics_Projects/furuta1/install/ament_package/lib/python3.10/site-packages /usr/bin/cmake --install /home/nick/Robotics_Projects/furuta1/build/ament_cmake_nose
