running develop
/home/nick/.local/lib/python3.10/site-packages/setuptools/command/develop.py:39: EasyInstallDeprecationWarning: easy_install command is deprecated.
!!

        ********************************************************************************
        Please avoid running ``setup.py`` and ``easy_install``.
        Instead, use pypa/build, pypa/installer or other
        standards-based tools.

        See https://github.com/pypa/setuptools/issues/917 for details.
        ********************************************************************************

!!
  easy_install.initialize_options(self)
running egg_info
creating tracetools_read.egg-info
writing tracetools_read.egg-info/PKG-INFO
writing dependency_links to tracetools_read.egg-info/dependency_links.txt
writing requirements to tracetools_read.egg-info/requires.txt
writing top-level names to tracetools_read.egg-info/top_level.txt
writing manifest file 'tracetools_read.egg-info/SOURCES.txt'
reading manifest file 'tracetools_read.egg-info/SOURCES.txt'
writing manifest file 'tracetools_read.egg-info/SOURCES.txt'
running build_ext
Creating /home/nick/Robotics_Projects/furuta1/install/tracetools_read/lib/python3.10/site-packages/tracetools_read.egg-link (link to .)

Installed /home/nick/Robotics_Projects/furuta1/build/tracetools_read
running symlink_data
symbolically linking /home/nick/Robotics_Projects/furuta1/build/tracetools_read/package.xml -> /home/nick/Robotics_Projects/furuta1/install/tracetools_read/share/tracetools_read
creating /home/nick/Robotics_Projects/furuta1/install/tracetools_read/share/ament_index
creating /home/nick/Robotics_Projects/furuta1/install/tracetools_read/share/ament_index/resource_index
creating /home/nick/Robotics_Projects/furuta1/install/tracetools_read/share/ament_index/resource_index/packages
symbolically linking /home/nick/Robotics_Projects/furuta1/build/tracetools_read/resource/tracetools_read -> /home/nick/Robotics_Projects/furuta1/install/tracetools_read/share/ament_index/resource_index/packages
