[1.428s] Invoking command in '/home/nick/Robotics_Projects/furuta1/build/tracetools_read': AMENT_PREFIX_PATH=/home/nick/Robotics_Projects/furuta1/install/ament_xmllint:/home/nick/Robotics_Projects/furuta1/install/ament_copyright:/home/nick/Robotics_Projects/furuta1/install/ament_pep257:/home/nick/Robotics_Projects/furuta1/install/ament_mypy:/home/nick/Robotics_Projects/furuta1/install/ament_flake8:/home/nick/Robotics_Projects/furuta1/install/ament_lint:${AMENT_PREFIX_PATH} PATH=/home/nick/Robotics_Projects/furuta1/install/ament_xmllint/bin:/home/nick/Robotics_Projects/furuta1/install/ament_copyright/bin:/home/nick/Robotics_Projects/furuta1/install/ament_pep257/bin:/home/nick/Robotics_Projects/furuta1/install/ament_mypy/bin:/home/nick/Robotics_Projects/furuta1/install/ament_flake8/bin:${PATH} PYTHONPATH=/home/nick/Robotics_Projects/furuta1/build/tracetools_read/prefix_override:/home/nick/Robotics_Projects/furuta1/install/tracetools_read/lib/python3.10/site-packages:/home/nick/Robotics_Projects/furuta1/build/ament_xmllint:/home/nick/Robotics_Projects/furuta1/install/ament_xmllint/lib/python3.10/site-packages:/home/nick/Robotics_Projects/furuta1/build/ament_copyright:/home/nick/Robotics_Projects/furuta1/install/ament_copyright/lib/python3.10/site-packages:/home/nick/Robotics_Projects/furuta1/build/ament_pep257:/home/nick/Robotics_Projects/furuta1/install/ament_pep257/lib/python3.10/site-packages:/home/nick/Robotics_Projects/furuta1/build/ament_mypy:/home/nick/Robotics_Projects/furuta1/install/ament_mypy/lib/python3.10/site-packages:/home/nick/Robotics_Projects/furuta1/build/ament_flake8:/home/nick/Robotics_Projects/furuta1/install/ament_flake8/lib/python3.10/site-packages:/home/nick/Robotics_Projects/furuta1/build/ament_lint:/home/nick/Robotics_Projects/furuta1/install/ament_lint/lib/python3.10/site-packages:${PYTHONPATH} /usr/bin/python3 -W ignore:setup.py install is deprecated setup.py develop --editable --build-directory /home/nick/Robotics_Projects/furuta1/build/tracetools_read/build --no-deps symlink_data
[1.695s] running develop
[1.695s] /home/nick/.local/lib/python3.10/site-packages/setuptools/command/develop.py:39: EasyInstallDeprecationWarning: easy_install command is deprecated.
[1.695s] !!
[1.695s] 
[1.696s]         ********************************************************************************
[1.696s]         Please avoid running ``setup.py`` and ``easy_install``.
[1.696s]         Instead, use pypa/build, pypa/installer or other
[1.696s]         standards-based tools.
[1.696s] 
[1.696s]         See https://github.com/pypa/setuptools/issues/917 for details.
[1.696s]         ********************************************************************************
[1.696s] 
[1.696s] !!
[1.696s]   easy_install.initialize_options(self)
[1.864s] running egg_info
[1.865s] creating tracetools_read.egg-info
[1.877s] writing tracetools_read.egg-info/PKG-INFO
[1.877s] writing dependency_links to tracetools_read.egg-info/dependency_links.txt
[1.877s] writing requirements to tracetools_read.egg-info/requires.txt
[1.877s] writing top-level names to tracetools_read.egg-info/top_level.txt
[1.877s] writing manifest file 'tracetools_read.egg-info/SOURCES.txt'
[1.900s] reading manifest file 'tracetools_read.egg-info/SOURCES.txt'
[1.901s] writing manifest file 'tracetools_read.egg-info/SOURCES.txt'
[1.913s] running build_ext
[1.913s] Creating /home/nick/Robotics_Projects/furuta1/install/tracetools_read/lib/python3.10/site-packages/tracetools_read.egg-link (link to .)
[1.913s] 
[1.913s] Installed /home/nick/Robotics_Projects/furuta1/build/tracetools_read
[1.913s] running symlink_data
[1.913s] symbolically linking /home/nick/Robotics_Projects/furuta1/build/tracetools_read/package.xml -> /home/nick/Robotics_Projects/furuta1/install/tracetools_read/share/tracetools_read
[1.914s] creating /home/nick/Robotics_Projects/furuta1/install/tracetools_read/share/ament_index
[1.914s] creating /home/nick/Robotics_Projects/furuta1/install/tracetools_read/share/ament_index/resource_index
[1.914s] creating /home/nick/Robotics_Projects/furuta1/install/tracetools_read/share/ament_index/resource_index/packages
[1.914s] symbolically linking /home/nick/Robotics_Projects/furuta1/build/tracetools_read/resource/tracetools_read -> /home/nick/Robotics_Projects/furuta1/install/tracetools_read/share/ament_index/resource_index/packages
[1.944s] Invoked command in '/home/nick/Robotics_Projects/furuta1/build/tracetools_read' returned '0': AMENT_PREFIX_PATH=/home/nick/Robotics_Projects/furuta1/install/ament_xmllint:/home/nick/Robotics_Projects/furuta1/install/ament_copyright:/home/nick/Robotics_Projects/furuta1/install/ament_pep257:/home/nick/Robotics_Projects/furuta1/install/ament_mypy:/home/nick/Robotics_Projects/furuta1/install/ament_flake8:/home/nick/Robotics_Projects/furuta1/install/ament_lint:${AMENT_PREFIX_PATH} PATH=/home/nick/Robotics_Projects/furuta1/install/ament_xmllint/bin:/home/nick/Robotics_Projects/furuta1/install/ament_copyright/bin:/home/nick/Robotics_Projects/furuta1/install/ament_pep257/bin:/home/nick/Robotics_Projects/furuta1/install/ament_mypy/bin:/home/nick/Robotics_Projects/furuta1/install/ament_flake8/bin:${PATH} PYTHONPATH=/home/nick/Robotics_Projects/furuta1/build/tracetools_read/prefix_override:/home/nick/Robotics_Projects/furuta1/install/tracetools_read/lib/python3.10/site-packages:/home/nick/Robotics_Projects/furuta1/build/ament_xmllint:/home/nick/Robotics_Projects/furuta1/install/ament_xmllint/lib/python3.10/site-packages:/home/nick/Robotics_Projects/furuta1/build/ament_copyright:/home/nick/Robotics_Projects/furuta1/install/ament_copyright/lib/python3.10/site-packages:/home/nick/Robotics_Projects/furuta1/build/ament_pep257:/home/nick/Robotics_Projects/furuta1/install/ament_pep257/lib/python3.10/site-packages:/home/nick/Robotics_Projects/furuta1/build/ament_mypy:/home/nick/Robotics_Projects/furuta1/install/ament_mypy/lib/python3.10/site-packages:/home/nick/Robotics_Projects/furuta1/build/ament_flake8:/home/nick/Robotics_Projects/furuta1/install/ament_flake8/lib/python3.10/site-packages:/home/nick/Robotics_Projects/furuta1/build/ament_lint:/home/nick/Robotics_Projects/furuta1/install/ament_lint/lib/python3.10/site-packages:${PYTHONPATH} /usr/bin/python3 -W ignore:setup.py install is deprecated setup.py develop --editable --build-directory /home/nick/Robotics_Projects/furuta1/build/tracetools_read/build --no-deps symlink_data
