running develop
running egg_info
creating ament_copyright.egg-info
writing ament_copyright.egg-info/PKG-INFO
writing dependency_links to ament_copyright.egg-info/dependency_links.txt
writing entry points to ament_copyright.egg-info/entry_points.txt
writing requirements to ament_copyright.egg-info/requires.txt
writing top-level names to ament_copyright.egg-info/top_level.txt
writing manifest file 'ament_copyright.egg-info/SOURCES.txt'
reading manifest file 'ament_copyright.egg-info/SOURCES.txt'
writing manifest file 'ament_copyright.egg-info/SOURCES.txt'
running build_ext
Creating /home/nick/Robotics_Projects/furuta1/install/ament_copyright/lib/python3.10/site-packages/ament_copyright.egg-link (link to .)
Installing ament_copyright script to /home/nick/Robotics_Projects/furuta1/install/ament_copyright/bin

Installed /home/nick/Robotics_Projects/furuta1/build/ament_copyright
running symlink_data
symbolically linking /home/nick/Robotics_Projects/furuta1/build/ament_copyright/package.xml -> /home/nick/Robotics_Projects/furuta1/install/ament_copyright/share/ament_copyright
creating /home/nick/Robotics_Projects/furuta1/install/ament_copyright/share/ament_index
creating /home/nick/Robotics_Projects/furuta1/install/ament_copyright/share/ament_index/resource_index
creating /home/nick/Robotics_Projects/furuta1/install/ament_copyright/share/ament_index/resource_index/packages
symbolically linking /home/nick/Robotics_Projects/furuta1/build/ament_copyright/resource/ament_copyright -> /home/nick/Robotics_Projects/furuta1/install/ament_copyright/share/ament_index/resource_index/packages
