[0.022s] Invoking command in '/home/nick/Robotics_Projects/furuta1/build/ros_environment': AMENT_PREFIX_PATH=/home/nick/Robotics_Projects/furuta1/install/ament_cmake_core:/home/nick/Robotics_Projects/furuta1/install/ament_package CMAKE_PREFIX_PATH=/home/nick/Robotics_Projects/furuta1/install/ament_cmake_core PYTHONPATH=/home/nick/Robotics_Projects/furuta1/build/ament_package:/home/nick/Robotics_Projects/furuta1/install/ament_package/lib/python3.10/site-packages /usr/bin/cmake --build /home/nick/Robotics_Projects/furuta1/build/ros_environment -- -j16 -l16
[0.049s] Invoked command in '/home/nick/Robotics_Projects/furuta1/build/ros_environment' returned '0': AMENT_PREFIX_PATH=/home/nick/Robotics_Projects/furuta1/install/ament_cmake_core:/home/nick/Robotics_Projects/furuta1/install/ament_package CMAKE_PREFIX_PATH=/home/nick/Robotics_Projects/furuta1/install/ament_cmake_core PYTHONPATH=/home/nick/Robotics_Projects/furuta1/build/ament_package:/home/nick/Robotics_Projects/furuta1/install/ament_package/lib/python3.10/site-packages /usr/bin/cmake --build /home/nick/Robotics_Projects/furuta1/build/ros_environment -- -j16 -l16
[0.079s] Invoking command in '/home/nick/Robotics_Projects/furuta1/build/ros_environment': AMENT_PREFIX_PATH=/home/nick/Robotics_Projects/furuta1/install/ament_cmake_core:/home/nick/Robotics_Projects/furuta1/install/ament_package CMAKE_PREFIX_PATH=/home/nick/Robotics_Projects/furuta1/install/ament_cmake_core PYTHONPATH=/home/nick/Robotics_Projects/furuta1/build/ament_package:/home/nick/Robotics_Projects/furuta1/install/ament_package/lib/python3.10/site-packages /usr/bin/cmake --install /home/nick/Robotics_Projects/furuta1/build/ros_environment
[0.080s] -- Install configuration: ""
[0.080s] -- Execute custom install script
[0.080s] -- Up-to-date symlink: /home/nick/Robotics_Projects/furuta1/install/ros_environment/share/ros_environment/environment/1.ros_distro.dsv
[0.080s] -- Up-to-date symlink: /home/nick/Robotics_Projects/furuta1/install/ros_environment/share/ros_environment/environment/1.ros_distro.sh
[0.080s] -- Up-to-date symlink: /home/nick/Robotics_Projects/furuta1/install/ros_environment/share/ros_environment/environment/1.ros_localhost_only.dsv
[0.081s] -- Up-to-date symlink: /home/nick/Robotics_Projects/furuta1/install/ros_environment/share/ros_environment/environment/1.ros_localhost_only.sh
[0.081s] -- Up-to-date symlink: /home/nick/Robotics_Projects/furuta1/install/ros_environment/share/ros_environment/environment/1.ros_python_version.dsv
[0.081s] -- Up-to-date symlink: /home/nick/Robotics_Projects/furuta1/install/ros_environment/share/ros_environment/environment/1.ros_python_version.sh
[0.081s] -- Up-to-date symlink: /home/nick/Robotics_Projects/furuta1/install/ros_environment/share/ros_environment/environment/1.ros_version.dsv
[0.081s] -- Up-to-date symlink: /home/nick/Robotics_Projects/furuta1/install/ros_environment/share/ros_environment/environment/1.ros_version.sh
[0.081s] -- Up-to-date symlink: /home/nick/Robotics_Projects/furuta1/install/ros_environment/share/ros_environment/environment/0.ros_distro_check.sh
[0.081s] -- Up-to-date symlink: /home/nick/Robotics_Projects/furuta1/install/ros_environment/share/ament_index/resource_index/package_run_dependencies/ros_environment
[0.081s] -- Up-to-date symlink: /home/nick/Robotics_Projects/furuta1/install/ros_environment/share/ament_index/resource_index/parent_prefix_path/ros_environment
[0.082s] -- Up-to-date symlink: /home/nick/Robotics_Projects/furuta1/install/ros_environment/share/ros_environment/environment/ament_prefix_path.sh
[0.082s] -- Up-to-date symlink: /home/nick/Robotics_Projects/furuta1/install/ros_environment/share/ros_environment/environment/ament_prefix_path.dsv
[0.082s] -- Up-to-date symlink: /home/nick/Robotics_Projects/furuta1/install/ros_environment/share/ros_environment/environment/path.sh
[0.082s] -- Up-to-date symlink: /home/nick/Robotics_Projects/furuta1/install/ros_environment/share/ros_environment/environment/path.dsv
[0.083s] -- Up-to-date symlink: /home/nick/Robotics_Projects/furuta1/install/ros_environment/share/ros_environment/local_setup.bash
[0.083s] -- Up-to-date symlink: /home/nick/Robotics_Projects/furuta1/install/ros_environment/share/ros_environment/local_setup.sh
[0.083s] -- Up-to-date symlink: /home/nick/Robotics_Projects/furuta1/install/ros_environment/share/ros_environment/local_setup.zsh
[0.083s] -- Up-to-date symlink: /home/nick/Robotics_Projects/furuta1/install/ros_environment/share/ros_environment/local_setup.dsv
[0.083s] -- Symlinking: /home/nick/Robotics_Projects/furuta1/install/ros_environment/share/ros_environment/package.dsv
[0.087s] -- Up-to-date symlink: /home/nick/Robotics_Projects/furuta1/install/ros_environment/share/ament_index/resource_index/packages/ros_environment
[0.087s] -- Up-to-date symlink: /home/nick/Robotics_Projects/furuta1/install/ros_environment/share/ros_environment/cmake/ros_environmentConfig.cmake
[0.088s] -- Up-to-date symlink: /home/nick/Robotics_Projects/furuta1/install/ros_environment/share/ros_environment/cmake/ros_environmentConfig-version.cmake
[0.088s] -- Up-to-date symlink: /home/nick/Robotics_Projects/furuta1/install/ros_environment/share/ros_environment/package.xml
[0.112s] Invoked command in '/home/nick/Robotics_Projects/furuta1/build/ros_environment' returned '0': AMENT_PREFIX_PATH=/home/nick/Robotics_Projects/furuta1/install/ament_cmake_core:/home/nick/Robotics_Projects/furuta1/install/ament_package CMAKE_PREFIX_PATH=/home/nick/Robotics_Projects/furuta1/install/ament_cmake_core PYTHONPATH=/home/nick/Robotics_Projects/furuta1/build/ament_package:/home/nick/Robotics_Projects/furuta1/install/ament_package/lib/python3.10/site-packages /usr/bin/cmake --install /home/nick/Robotics_Projects/furuta1/build/ros_environment
