-- The C compiler identification is GNU 11.4.0
-- The CXX compiler identification is GNU 11.4.0
-- Detecting C compiler ABI info
-- Detecting C compiler ABI info - done
-- Check for working C compiler: /usr/bin/cc - skipped
-- Detecting C compile features
-- Detecting C compile features - done
-- Detecting CXX compiler ABI info
-- Detecting CXX compiler ABI info - done
-- Check for working CXX compiler: /usr/bin/c++ - skipped
-- Detecting CXX compile features
-- Detecting CXX compile features - done
-- Looking for pthread.h
-- Looking for pthread.h - found
-- Performing Test CMAKE_HAVE_LIBC_PTHREAD
-- Performing Test CMAKE_HAVE_LIBC_PTHREAD - Success
-- Found Threads: TRUE  
-- Configuring done
-- Generating done
-- Build files have been written to: /home/nick/Robotics_Projects/furuta1/build/iceoryx_posh/dependencies/cpptoml/download
[ 11%] Creating directories for 'ext_cpptoml'
[ 22%] Performing download step (git clone) for 'ext_cpptoml'
Cloning into 'src'...
HEAD is now at fededad one-char typo
Submodule 'deps/meta-cmake' (https://github.com/meta-toolkit/meta-cmake.git) registered for path 'deps/meta-cmake'
Cloning into '/home/nick/Robotics_Projects/furuta1/build/iceoryx_posh/dependencies/cpptoml/src/deps/meta-cmake'...
Submodule path 'deps/meta-cmake': checked out 'db7ff976c430a6cb6cbd03ae691be04cfaac0a07'
[ 33%] Performing update step for 'ext_cpptoml'
[ 44%] No patch step for 'ext_cpptoml'
[ 55%] No configure step for 'ext_cpptoml'
[ 66%] No build step for 'ext_cpptoml'
[ 77%] No install step for 'ext_cpptoml'
[ 88%] No test step for 'ext_cpptoml'
[100%] Completed 'ext_cpptoml'
[100%] Built target ext_cpptoml
-- The C compiler identification is GNU 11.4.0
-- The CXX compiler identification is GNU 11.4.0
-- Detecting C compiler ABI info
-- Detecting C compiler ABI info - done
-- Check for working C compiler: /usr/bin/cc - skipped
-- Detecting C compile features
-- Detecting C compile features - done
-- Detecting CXX compiler ABI info
-- Detecting CXX compiler ABI info - done
-- Check for working CXX compiler: /usr/bin/c++ - skipped
-- Detecting CXX compile features
-- Detecting CXX compile features - done
-- Found Doxygen: /usr/bin/doxygen (found version "1.9.1") found components: doxygen dot 
-- Configuring done
-- Generating done
-- Build files have been written to: /home/nick/Robotics_Projects/furuta1/build/iceoryx_posh/dependencies/cpptoml/build
Install the project...
-- Install configuration: ""
-- Installing: /home/nick/Robotics_Projects/furuta1/build/iceoryx_posh/dependencies/install/include/cpptoml.h
-- Installing: /home/nick/Robotics_Projects/furuta1/build/iceoryx_posh/dependencies/install/lib/cmake/cpptoml/cpptomlTargets.cmake
-- Installing: /home/nick/Robotics_Projects/furuta1/build/iceoryx_posh/dependencies/install/lib/cmake/cpptoml/cpptomlConfigVersion.cmake
-- Installing: /home/nick/Robotics_Projects/furuta1/build/iceoryx_posh/dependencies/install/lib/cmake/cpptoml/cpptomlConfig.cmake
-- [i] <<<<<<<<<<<<< Start iceoryx_posh configuration: >>>>>>>>>>>>>
-- [i] Using m:n communication!
-- [i] IOX_MAX_PUBLISHERS:512
-- [i] IOX_MAX_SUBSCRIBERS:1024
-- [i] IOX_MAX_INTERFACE_NUMBER:4
-- [i] IOX_MAX_SUBSCRIBERS_PER_PUBLISHER:256
-- [i] IOX_MAX_CHUNKS_ALLOCATED_PER_PUBLISHER_SIMULTANEOUSLY:8
-- [i] IOX_MAX_PUBLISHER_HISTORY:16
-- [i] IOX_MAX_CHUNKS_HELD_PER_SUBSCRIBER_SIMULTANEOUSLY:256
-- [i] <<<<<<<<<<<<<< End iceoryx_posh configuration: >>>>>>>>>>>>>>
-- Configuring done
-- Generating done
-- Build files have been written to: /home/nick/Robotics_Projects/furuta1/build/iceoryx_posh
[  1%] [32mBuilding CXX object CMakeFiles/iceoryx_posh.dir/source/log/posh_logging.cpp.o[0m
[  2%] [32mBuilding CXX object CMakeFiles/iceoryx_posh.dir/source/capro/capro_message.cpp.o[0m
[  3%] [32mBuilding CXX object CMakeFiles/iceoryx_posh.dir/source/capro/service_description.cpp.o[0m
[  4%] [32mBuilding CXX object CMakeFiles/iceoryx_posh.dir/source/mepoo/chunk_header.cpp.o[0m
[  5%] [32mBuilding CXX object CMakeFiles/iceoryx_posh.dir/source/mepoo/chunk_settings.cpp.o[0m
[  6%] [32mBuilding CXX object CMakeFiles/iceoryx_posh.dir/source/mepoo/segment_config.cpp.o[0m
[  7%] [32mBuilding CXX object CMakeFiles/iceoryx_posh.dir/source/mepoo/mem_pool.cpp.o[0m
[  8%] [32mBuilding CXX object CMakeFiles/iceoryx_posh.dir/source/mepoo/memory_manager.cpp.o[0m
[  9%] [32mBuilding CXX object CMakeFiles/iceoryx_posh.dir/source/mepoo/mepoo_config.cpp.o[0m
[ 10%] [32mBuilding CXX object CMakeFiles/iceoryx_posh.dir/source/mepoo/chunk_management.cpp.o[0m
[ 11%] [32mBuilding CXX object CMakeFiles/iceoryx_posh.dir/source/mepoo/shared_chunk.cpp.o[0m
[ 12%] [32mBuilding CXX object CMakeFiles/iceoryx_posh.dir/source/mepoo/shm_safe_unmanaged_chunk.cpp.o[0m
[ 13%] [32mBuilding CXX object CMakeFiles/iceoryx_posh.dir/source/mepoo/segment_manager.cpp.o[0m
[ 14%] [32mBuilding CXX object CMakeFiles/iceoryx_posh.dir/source/popo/ports/interface_port.cpp.o[0m
[ 15%] [32mBuilding CXX object CMakeFiles/iceoryx_posh.dir/source/mepoo/mepoo_segment.cpp.o[0m
[ 16%] [32mBuilding CXX object CMakeFiles/iceoryx_posh.dir/source/mepoo/memory_info.cpp.o[0m
[ 17%] [32mBuilding CXX object CMakeFiles/iceoryx_posh.dir/source/popo/ports/interface_port_data.cpp.o[0m
[ 18%] [32mBuilding CXX object CMakeFiles/iceoryx_posh.dir/source/popo/ports/base_port_data.cpp.o[0m
[ 20%] [32mBuilding CXX object CMakeFiles/iceoryx_posh.dir/source/popo/ports/publisher_port_data.cpp.o[0m
[ 21%] [32mBuilding CXX object CMakeFiles/iceoryx_posh.dir/source/popo/ports/base_port.cpp.o[0m
[ 22%] [32mBuilding CXX object CMakeFiles/iceoryx_posh.dir/source/popo/ports/publisher_port_user.cpp.o[0m
[ 23%] [32mBuilding CXX object CMakeFiles/iceoryx_posh.dir/source/popo/ports/publisher_port_roudi.cpp.o[0m
[ 24%] [32mBuilding CXX object CMakeFiles/iceoryx_posh.dir/source/popo/ports/subscriber_port_user.cpp.o[0m
[ 25%] [32mBuilding CXX object CMakeFiles/iceoryx_posh.dir/source/popo/ports/subscriber_port_roudi.cpp.o[0m
[ 26%] [32mBuilding CXX object CMakeFiles/iceoryx_posh.dir/source/popo/ports/subscriber_port_single_producer.cpp.o[0m
[ 27%] [32mBuilding CXX object CMakeFiles/iceoryx_posh.dir/source/popo/ports/subscriber_port_multi_producer.cpp.o[0m
[ 28%] [32mBuilding CXX object CMakeFiles/iceoryx_posh.dir/source/popo/ports/subscriber_port_data.cpp.o[0m
[ 29%] [32mBuilding CXX object CMakeFiles/iceoryx_posh.dir/source/popo/ports/client_port_roudi.cpp.o[0m
[ 30%] [32mBuilding CXX object CMakeFiles/iceoryx_posh.dir/source/popo/ports/client_port_data.cpp.o[0m
[ 31%] [32mBuilding CXX object CMakeFiles/iceoryx_posh.dir/source/popo/ports/client_port_user.cpp.o[0m
[ 32%] [32mBuilding CXX object CMakeFiles/iceoryx_posh.dir/source/popo/ports/server_port_data.cpp.o[0m
[ 33%] [32mBuilding CXX object CMakeFiles/iceoryx_posh.dir/source/popo/ports/server_port_roudi.cpp.o[0m
[ 34%] [32mBuilding CXX object CMakeFiles/iceoryx_posh.dir/source/popo/ports/server_port_user.cpp.o[0m
[ 35%] [32mBuilding CXX object CMakeFiles/iceoryx_posh.dir/source/popo/building_blocks/condition_listener.cpp.o[0m
[ 36%] [32mBuilding CXX object CMakeFiles/iceoryx_posh.dir/source/popo/building_blocks/condition_notifier.cpp.o[0m
[ 37%] [32mBuilding CXX object CMakeFiles/iceoryx_posh.dir/source/popo/building_blocks/condition_variable_data.cpp.o[0m
[ 38%] [32mBuilding CXX object CMakeFiles/iceoryx_posh.dir/source/popo/building_blocks/locking_policy.cpp.o[0m
[ 40%] [32mBuilding CXX object CMakeFiles/iceoryx_posh.dir/source/popo/building_blocks/unique_port_id.cpp.o[0m
[ 41%] [32mBuilding CXX object CMakeFiles/iceoryx_posh.dir/source/popo/client_options.cpp.o[0m
[ 42%] [32mBuilding CXX object CMakeFiles/iceoryx_posh.dir/source/popo/listener.cpp.o[0m
[ 43%] [32mBuilding CXX object CMakeFiles/iceoryx_posh.dir/source/popo/notification_info.cpp.o[0m
[ 44%] [32mBuilding CXX object CMakeFiles/iceoryx_posh.dir/source/popo/rpc_header.cpp.o[0m
[ 45%] [32mBuilding CXX object CMakeFiles/iceoryx_posh.dir/source/popo/publisher_options.cpp.o[0m
[ 46%] [32mBuilding CXX object CMakeFiles/iceoryx_posh.dir/source/popo/server_options.cpp.o[0m
[ 47%] [32mBuilding CXX object CMakeFiles/iceoryx_posh.dir/source/popo/trigger_handle.cpp.o[0m
[ 48%] [32mBuilding CXX object CMakeFiles/iceoryx_posh.dir/source/popo/trigger.cpp.o[0m
[ 49%] [32mBuilding CXX object CMakeFiles/iceoryx_posh.dir/source/popo/subscriber_options.cpp.o[0m
[ 50%] [32mBuilding CXX object CMakeFiles/iceoryx_posh.dir/source/popo/user_trigger.cpp.o[0m
[ 51%] [32mBuilding CXX object CMakeFiles/iceoryx_posh.dir/source/version/version_info.cpp.o[0m
[ 52%] [32mBuilding CXX object CMakeFiles/iceoryx_posh.dir/source/runtime/ipc_interface_base.cpp.o[0m
[ 53%] [32mBuilding CXX object CMakeFiles/iceoryx_posh.dir/source/runtime/ipc_interface_user.cpp.o[0m
[ 54%] [32mBuilding CXX object CMakeFiles/iceoryx_posh.dir/source/runtime/ipc_interface_creator.cpp.o[0m
[ 55%] [32mBuilding CXX object CMakeFiles/iceoryx_posh.dir/source/runtime/ipc_runtime_interface.cpp.o[0m
[ 56%] [32mBuilding CXX object CMakeFiles/iceoryx_posh.dir/source/runtime/ipc_message.cpp.o[0m
[ 57%] [32mBuilding CXX object CMakeFiles/iceoryx_posh.dir/source/runtime/port_config_info.cpp.o[0m
[ 58%] [32mBuilding CXX object CMakeFiles/iceoryx_posh.dir/source/runtime/posh_runtime.cpp.o[0m
[ 60%] [32mBuilding CXX object CMakeFiles/iceoryx_posh.dir/source/runtime/posh_runtime_impl.cpp.o[0m
[ 61%] [32mBuilding CXX object CMakeFiles/iceoryx_posh.dir/source/runtime/posh_runtime_single_process.cpp.o[0m
[ 62%] [32mBuilding CXX object CMakeFiles/iceoryx_posh.dir/source/runtime/service_discovery.cpp.o[0m
[ 63%] [32mBuilding CXX object CMakeFiles/iceoryx_posh.dir/source/runtime/node.cpp.o[0m
[ 64%] [32mBuilding CXX object CMakeFiles/iceoryx_posh.dir/source/runtime/node_data.cpp.o[0m
[ 65%] [32mBuilding CXX object CMakeFiles/iceoryx_posh.dir/source/roudi/service_registry.cpp.o[0m
[ 66%] [32mBuilding CXX object CMakeFiles/iceoryx_posh.dir/source/runtime/node_property.cpp.o[0m
[ 67%] [32mBuilding CXX object CMakeFiles/iceoryx_posh.dir/source/runtime/shared_memory_user.cpp.o[0m
[ 68%] [32m[1mLinking CXX shared library libiceoryx_posh.so[0m
[ 68%] Built target iceoryx_posh
[ 69%] [32mBuilding CXX object CMakeFiles/iceoryx_posh_gateway.dir/source/gateway/gateway_base.cpp.o[0m
[ 70%] [32mBuilding CXX object CMakeFiles/iceoryx_posh_roudi.dir/source/roudi/application/iceoryx_roudi_app.cpp.o[0m
[ 71%] [32mBuilding CXX object CMakeFiles/iceoryx_posh_roudi.dir/source/roudi/application/roudi_app.cpp.o[0m
[ 72%] [32mBuilding CXX object CMakeFiles/iceoryx_posh_roudi.dir/source/roudi/memory/memory_provider.cpp.o[0m
[ 73%] [32mBuilding CXX object CMakeFiles/iceoryx_posh_roudi.dir/source/roudi/memory/memory_block.cpp.o[0m
[ 74%] [32mBuilding CXX object CMakeFiles/iceoryx_posh_roudi.dir/source/roudi/memory/mempool_collection_memory_block.cpp.o[0m
[ 75%] [32mBuilding CXX object CMakeFiles/iceoryx_posh_roudi.dir/source/roudi/memory/mempool_segment_manager_memory_block.cpp.o[0m
[ 76%] [32mBuilding CXX object CMakeFiles/iceoryx_posh_roudi.dir/source/roudi/memory/posix_shm_memory_provider.cpp.o[0m
[ 77%] [32mBuilding CXX object CMakeFiles/iceoryx_posh_roudi.dir/source/roudi/memory/default_roudi_memory.cpp.o[0m
[ 78%] [32mBuilding CXX object CMakeFiles/iceoryx_posh_roudi.dir/source/roudi/memory/roudi_memory_manager.cpp.o[0m
[ 80%] [32mBuilding CXX object CMakeFiles/iceoryx_posh_roudi.dir/source/roudi/memory/port_pool_memory_block.cpp.o[0m
[ 81%] [32mBuilding CXX object CMakeFiles/iceoryx_posh_roudi.dir/source/roudi/memory/iceoryx_roudi_memory_manager.cpp.o[0m
[ 82%] [32mBuilding CXX object CMakeFiles/iceoryx_posh_roudi.dir/source/roudi/port_manager.cpp.o[0m
[ 83%] [32mBuilding CXX object CMakeFiles/iceoryx_posh_roudi.dir/source/roudi/port_pool.cpp.o[0m
[ 84%] [32mBuilding CXX object CMakeFiles/iceoryx_posh_roudi.dir/source/roudi/roudi.cpp.o[0m
[ 85%] [32mBuilding CXX object CMakeFiles/iceoryx_posh_roudi.dir/source/roudi/process.cpp.o[0m
[ 86%] [32mBuilding CXX object CMakeFiles/iceoryx_posh_roudi.dir/source/roudi/process_manager.cpp.o[0m
[ 87%] [32mBuilding CXX object CMakeFiles/iceoryx_posh_roudi.dir/source/roudi/iceoryx_roudi_components.cpp.o[0m
[ 88%] [32mBuilding CXX object CMakeFiles/iceoryx_posh_roudi.dir/source/roudi/roudi_cmd_line_parser.cpp.o[0m
[ 89%] [32mBuilding CXX object CMakeFiles/iceoryx_posh_roudi.dir/source/roudi/roudi_cmd_line_parser_config_file_option.cpp.o[0m
[ 90%] [32m[1mLinking CXX shared library libiceoryx_posh_gateway.so[0m
[ 91%] [32mBuilding CXX object CMakeFiles/iceoryx_posh_roudi.dir/source/roudi/roudi_config.cpp.o[0m
[ 91%] Built target iceoryx_posh_gateway
[ 92%] [32m[1mLinking CXX shared library libiceoryx_posh_roudi.so[0m
[ 92%] Built target iceoryx_posh_roudi
[ 93%] [32mBuilding CXX object CMakeFiles/iceoryx_posh_config.dir/source/log/posh_config_logging.cpp.o[0m
[ 94%] [32mBuilding CXX object CMakeFiles/iceoryx_posh_config.dir/source/roudi/roudi_config_toml_file_provider.cpp.o[0m
[ 95%] [32mBuilding CXX object CMakeFiles/iceoryx_posh_config.dir/source/gateway/gateway_config.cpp.o[0m
[ 96%] [32mBuilding CXX object CMakeFiles/iceoryx_posh_config.dir/source/gateway/toml_gateway_config_parser.cpp.o[0m
[ 97%] [32m[1mLinking CXX shared library libiceoryx_posh_config.so[0m
[ 97%] Built target iceoryx_posh_config
[ 98%] [32mBuilding CXX object CMakeFiles/iox-roudi.dir/source/roudi/application/roudi_main.cpp.o[0m
[100%] [32m[1mLinking CXX executable iox-roudi[0m
[100%] Built target iox-roudi
-- Install configuration: ""
-- Installing: /home/nick/Robotics_Projects/furuta1/install/iceoryx_posh/include/iceoryx/v2.0.5/iceoryx_versions.hpp
-- Installing: /home/nick/Robotics_Projects/furuta1/install/iceoryx_posh/share/doc/iceoryx_posh/LICENSE
-- Installing: /home/nick/Robotics_Projects/furuta1/install/iceoryx_posh/share/doc/iceoryx_posh/3rd_party_licenses
-- Installing: /home/nick/Robotics_Projects/furuta1/install/iceoryx_posh/share/doc/iceoryx_posh/3rd_party_licenses/cpptoml
-- Installing: /home/nick/Robotics_Projects/furuta1/install/iceoryx_posh/share/doc/iceoryx_posh/3rd_party_licenses/cpptoml/LICENSE
-- Installing: /home/nick/Robotics_Projects/furuta1/install/iceoryx_posh/etc/roudi_config_example.toml
-- Installing: /home/nick/Robotics_Projects/furuta1/install/iceoryx_posh/lib/libiceoryx_posh.so
-- Set runtime path of "/home/nick/Robotics_Projects/furuta1/install/iceoryx_posh/lib/libiceoryx_posh.so" to ""
-- Installing: /home/nick/Robotics_Projects/furuta1/install/iceoryx_posh/lib/libiceoryx_posh_roudi.so
-- Set runtime path of "/home/nick/Robotics_Projects/furuta1/install/iceoryx_posh/lib/libiceoryx_posh_roudi.so" to ""
-- Installing: /home/nick/Robotics_Projects/furuta1/install/iceoryx_posh/lib/libiceoryx_posh_gateway.so
-- Set runtime path of "/home/nick/Robotics_Projects/furuta1/install/iceoryx_posh/lib/libiceoryx_posh_gateway.so" to ""
-- Installing: /home/nick/Robotics_Projects/furuta1/install/iceoryx_posh/lib/libiceoryx_posh_config.so
-- Set runtime path of "/home/nick/Robotics_Projects/furuta1/install/iceoryx_posh/lib/libiceoryx_posh_config.so" to ""
-- Installing: /home/nick/Robotics_Projects/furuta1/install/iceoryx_posh/bin/iox-roudi
-- Set runtime path of "/home/nick/Robotics_Projects/furuta1/install/iceoryx_posh/bin/iox-roudi" to ""
-- Up-to-date: /home/nick/Robotics_Projects/furuta1/install/iceoryx_posh/include/iceoryx/v2.0.5
-- Installing: /home/nick/Robotics_Projects/furuta1/install/iceoryx_posh/include/iceoryx/v2.0.5/iceoryx_posh
-- Installing: /home/nick/Robotics_Projects/furuta1/install/iceoryx_posh/include/iceoryx/v2.0.5/iceoryx_posh/iceoryx_posh_config.hpp
-- Installing: /home/nick/Robotics_Projects/furuta1/install/iceoryx_posh/include/iceoryx/v2.0.5/iceoryx_posh/iceoryx_posh_types.inl
-- Installing: /home/nick/Robotics_Projects/furuta1/install/iceoryx_posh/include/iceoryx/v2.0.5/iceoryx_posh/iceoryx_posh_types.hpp
-- Installing: /home/nick/Robotics_Projects/furuta1/install/iceoryx_posh/include/iceoryx/v2.0.5/iceoryx_posh/capro
-- Installing: /home/nick/Robotics_Projects/furuta1/install/iceoryx_posh/include/iceoryx/v2.0.5/iceoryx_posh/capro/service_description.hpp
-- Installing: /home/nick/Robotics_Projects/furuta1/install/iceoryx_posh/include/iceoryx/v2.0.5/iceoryx_posh/runtime
-- Installing: /home/nick/Robotics_Projects/furuta1/install/iceoryx_posh/include/iceoryx/v2.0.5/iceoryx_posh/runtime/port_config_info.hpp
-- Installing: /home/nick/Robotics_Projects/furuta1/install/iceoryx_posh/include/iceoryx/v2.0.5/iceoryx_posh/runtime/node.hpp
-- Installing: /home/nick/Robotics_Projects/furuta1/install/iceoryx_posh/include/iceoryx/v2.0.5/iceoryx_posh/runtime/posh_runtime_single_process.hpp
-- Installing: /home/nick/Robotics_Projects/furuta1/install/iceoryx_posh/include/iceoryx/v2.0.5/iceoryx_posh/runtime/service_discovery.hpp
-- Installing: /home/nick/Robotics_Projects/furuta1/install/iceoryx_posh/include/iceoryx/v2.0.5/iceoryx_posh/runtime/posh_runtime.hpp
-- Installing: /home/nick/Robotics_Projects/furuta1/install/iceoryx_posh/include/iceoryx/v2.0.5/iceoryx_posh/roudi
-- Installing: /home/nick/Robotics_Projects/furuta1/install/iceoryx_posh/include/iceoryx/v2.0.5/iceoryx_posh/roudi/iceoryx_roudi_app.hpp
-- Installing: /home/nick/Robotics_Projects/furuta1/install/iceoryx_posh/include/iceoryx/v2.0.5/iceoryx_posh/roudi/roudi_config_toml_file_provider.hpp
-- Installing: /home/nick/Robotics_Projects/furuta1/install/iceoryx_posh/include/iceoryx/v2.0.5/iceoryx_posh/roudi/roudi_config_file_provider.hpp
-- Installing: /home/nick/Robotics_Projects/furuta1/install/iceoryx_posh/include/iceoryx/v2.0.5/iceoryx_posh/roudi/memory
-- Installing: /home/nick/Robotics_Projects/furuta1/install/iceoryx_posh/include/iceoryx/v2.0.5/iceoryx_posh/roudi/memory/default_roudi_memory.hpp
-- Installing: /home/nick/Robotics_Projects/furuta1/install/iceoryx_posh/include/iceoryx/v2.0.5/iceoryx_posh/roudi/memory/memory_block.hpp
-- Installing: /home/nick/Robotics_Projects/furuta1/install/iceoryx_posh/include/iceoryx/v2.0.5/iceoryx_posh/roudi/memory/iceoryx_roudi_memory_manager.hpp
-- Installing: /home/nick/Robotics_Projects/furuta1/install/iceoryx_posh/include/iceoryx/v2.0.5/iceoryx_posh/roudi/memory/posix_shm_memory_provider.hpp
-- Installing: /home/nick/Robotics_Projects/furuta1/install/iceoryx_posh/include/iceoryx/v2.0.5/iceoryx_posh/roudi/memory/roudi_memory_manager.hpp
-- Installing: /home/nick/Robotics_Projects/furuta1/install/iceoryx_posh/include/iceoryx/v2.0.5/iceoryx_posh/roudi/memory/roudi_memory_interface.hpp
-- Installing: /home/nick/Robotics_Projects/furuta1/install/iceoryx_posh/include/iceoryx/v2.0.5/iceoryx_posh/roudi/memory/memory_provider.hpp
-- Installing: /home/nick/Robotics_Projects/furuta1/install/iceoryx_posh/include/iceoryx/v2.0.5/iceoryx_posh/roudi/memory/generic_memory_block.hpp
-- Installing: /home/nick/Robotics_Projects/furuta1/install/iceoryx_posh/include/iceoryx/v2.0.5/iceoryx_posh/roudi/cmd_line_args.hpp
-- Installing: /home/nick/Robotics_Projects/furuta1/install/iceoryx_posh/include/iceoryx/v2.0.5/iceoryx_posh/roudi/port_pool.inl
-- Installing: /home/nick/Robotics_Projects/furuta1/install/iceoryx_posh/include/iceoryx/v2.0.5/iceoryx_posh/roudi/roudi_cmd_line_parser_config_file_option.hpp
-- Installing: /home/nick/Robotics_Projects/furuta1/install/iceoryx_posh/include/iceoryx/v2.0.5/iceoryx_posh/roudi/introspection_types.hpp
-- Installing: /home/nick/Robotics_Projects/furuta1/install/iceoryx_posh/include/iceoryx/v2.0.5/iceoryx_posh/roudi/roudi_config.hpp
-- Installing: /home/nick/Robotics_Projects/furuta1/install/iceoryx_posh/include/iceoryx/v2.0.5/iceoryx_posh/roudi/iceoryx_roudi_components.hpp
-- Installing: /home/nick/Robotics_Projects/furuta1/install/iceoryx_posh/include/iceoryx/v2.0.5/iceoryx_posh/roudi/port_pool.hpp
-- Installing: /home/nick/Robotics_Projects/furuta1/install/iceoryx_posh/include/iceoryx/v2.0.5/iceoryx_posh/roudi/roudi_app.hpp
-- Installing: /home/nick/Robotics_Projects/furuta1/install/iceoryx_posh/include/iceoryx/v2.0.5/iceoryx_posh/roudi/roudi_cmd_line_parser.hpp
-- Installing: /home/nick/Robotics_Projects/furuta1/install/iceoryx_posh/include/iceoryx/v2.0.5/iceoryx_posh/gateway
-- Installing: /home/nick/Robotics_Projects/furuta1/install/iceoryx_posh/include/iceoryx/v2.0.5/iceoryx_posh/gateway/gateway_base.hpp
-- Installing: /home/nick/Robotics_Projects/furuta1/install/iceoryx_posh/include/iceoryx/v2.0.5/iceoryx_posh/gateway/toml_gateway_config_parser.hpp
-- Installing: /home/nick/Robotics_Projects/furuta1/install/iceoryx_posh/include/iceoryx/v2.0.5/iceoryx_posh/gateway/gateway_config.hpp
-- Installing: /home/nick/Robotics_Projects/furuta1/install/iceoryx_posh/include/iceoryx/v2.0.5/iceoryx_posh/gateway/gateway_generic.hpp
-- Installing: /home/nick/Robotics_Projects/furuta1/install/iceoryx_posh/include/iceoryx/v2.0.5/iceoryx_posh/gateway/gateway_discovery.hpp
-- Installing: /home/nick/Robotics_Projects/furuta1/install/iceoryx_posh/include/iceoryx/v2.0.5/iceoryx_posh/gateway/channel.hpp
-- Installing: /home/nick/Robotics_Projects/furuta1/install/iceoryx_posh/include/iceoryx/v2.0.5/iceoryx_posh/internal
-- Installing: /home/nick/Robotics_Projects/furuta1/install/iceoryx_posh/include/iceoryx/v2.0.5/iceoryx_posh/internal/capro
-- Installing: /home/nick/Robotics_Projects/furuta1/install/iceoryx_posh/include/iceoryx/v2.0.5/iceoryx_posh/internal/capro/capro_message.hpp
-- Installing: /home/nick/Robotics_Projects/furuta1/install/iceoryx_posh/include/iceoryx/v2.0.5/iceoryx_posh/internal/capro/capro_message.inl
-- Installing: /home/nick/Robotics_Projects/furuta1/install/iceoryx_posh/include/iceoryx/v2.0.5/iceoryx_posh/internal/runtime
-- Installing: /home/nick/Robotics_Projects/furuta1/install/iceoryx_posh/include/iceoryx/v2.0.5/iceoryx_posh/internal/runtime/ipc_interface_user.hpp
-- Installing: /home/nick/Robotics_Projects/furuta1/install/iceoryx_posh/include/iceoryx/v2.0.5/iceoryx_posh/internal/runtime/ipc_runtime_interface.hpp
-- Installing: /home/nick/Robotics_Projects/furuta1/install/iceoryx_posh/include/iceoryx/v2.0.5/iceoryx_posh/internal/runtime/ipc_message.hpp
-- Installing: /home/nick/Robotics_Projects/furuta1/install/iceoryx_posh/include/iceoryx/v2.0.5/iceoryx_posh/internal/runtime/node_property.hpp
-- Installing: /home/nick/Robotics_Projects/furuta1/install/iceoryx_posh/include/iceoryx/v2.0.5/iceoryx_posh/internal/runtime/ipc_message.inl
-- Installing: /home/nick/Robotics_Projects/furuta1/install/iceoryx_posh/include/iceoryx/v2.0.5/iceoryx_posh/internal/runtime/posh_runtime_impl.hpp
-- Installing: /home/nick/Robotics_Projects/furuta1/install/iceoryx_posh/include/iceoryx/v2.0.5/iceoryx_posh/internal/runtime/node_data.hpp
-- Installing: /home/nick/Robotics_Projects/furuta1/install/iceoryx_posh/include/iceoryx/v2.0.5/iceoryx_posh/internal/runtime/ipc_interface_base.hpp
-- Installing: /home/nick/Robotics_Projects/furuta1/install/iceoryx_posh/include/iceoryx/v2.0.5/iceoryx_posh/internal/runtime/shared_memory_user.hpp
-- Installing: /home/nick/Robotics_Projects/furuta1/install/iceoryx_posh/include/iceoryx/v2.0.5/iceoryx_posh/internal/runtime/ipc_interface_creator.hpp
-- Installing: /home/nick/Robotics_Projects/furuta1/install/iceoryx_posh/include/iceoryx/v2.0.5/iceoryx_posh/internal/roudi
-- Installing: /home/nick/Robotics_Projects/furuta1/install/iceoryx_posh/include/iceoryx/v2.0.5/iceoryx_posh/internal/roudi/process_manager.hpp
-- Installing: /home/nick/Robotics_Projects/furuta1/install/iceoryx_posh/include/iceoryx/v2.0.5/iceoryx_posh/internal/roudi/port_pool_data.hpp
-- Installing: /home/nick/Robotics_Projects/furuta1/install/iceoryx_posh/include/iceoryx/v2.0.5/iceoryx_posh/internal/roudi/port_manager.inl
-- Installing: /home/nick/Robotics_Projects/furuta1/install/iceoryx_posh/include/iceoryx/v2.0.5/iceoryx_posh/internal/roudi/roudi.hpp
-- Installing: /home/nick/Robotics_Projects/furuta1/install/iceoryx_posh/include/iceoryx/v2.0.5/iceoryx_posh/internal/roudi/port_manager.hpp
-- Installing: /home/nick/Robotics_Projects/furuta1/install/iceoryx_posh/include/iceoryx/v2.0.5/iceoryx_posh/internal/roudi/memory
-- Installing: /home/nick/Robotics_Projects/furuta1/install/iceoryx_posh/include/iceoryx/v2.0.5/iceoryx_posh/internal/roudi/memory/port_pool_memory_block.hpp
-- Installing: /home/nick/Robotics_Projects/furuta1/install/iceoryx_posh/include/iceoryx/v2.0.5/iceoryx_posh/internal/roudi/memory/generic_memory_block.inl
-- Installing: /home/nick/Robotics_Projects/furuta1/install/iceoryx_posh/include/iceoryx/v2.0.5/iceoryx_posh/internal/roudi/memory/mempool_segment_manager_memory_block.hpp
-- Installing: /home/nick/Robotics_Projects/furuta1/install/iceoryx_posh/include/iceoryx/v2.0.5/iceoryx_posh/internal/roudi/memory/mempool_collection_memory_block.hpp
-- Installing: /home/nick/Robotics_Projects/furuta1/install/iceoryx_posh/include/iceoryx/v2.0.5/iceoryx_posh/internal/roudi/service_registry.hpp
-- Installing: /home/nick/Robotics_Projects/furuta1/install/iceoryx_posh/include/iceoryx/v2.0.5/iceoryx_posh/internal/roudi/port_pool_data.inl
-- Installing: /home/nick/Robotics_Projects/furuta1/install/iceoryx_posh/include/iceoryx/v2.0.5/iceoryx_posh/internal/roudi/process.hpp
-- Installing: /home/nick/Robotics_Projects/furuta1/install/iceoryx_posh/include/iceoryx/v2.0.5/iceoryx_posh/internal/roudi/introspection
-- Installing: /home/nick/Robotics_Projects/furuta1/install/iceoryx_posh/include/iceoryx/v2.0.5/iceoryx_posh/internal/roudi/introspection/process_introspection.inl
-- Installing: /home/nick/Robotics_Projects/furuta1/install/iceoryx_posh/include/iceoryx/v2.0.5/iceoryx_posh/internal/roudi/introspection/process_introspection.hpp
-- Installing: /home/nick/Robotics_Projects/furuta1/install/iceoryx_posh/include/iceoryx/v2.0.5/iceoryx_posh/internal/roudi/introspection/port_introspection.inl
-- Installing: /home/nick/Robotics_Projects/furuta1/install/iceoryx_posh/include/iceoryx/v2.0.5/iceoryx_posh/internal/roudi/introspection/mempool_introspection.hpp
-- Installing: /home/nick/Robotics_Projects/furuta1/install/iceoryx_posh/include/iceoryx/v2.0.5/iceoryx_posh/internal/roudi/introspection/fixed_size_container.hpp
-- Installing: /home/nick/Robotics_Projects/furuta1/install/iceoryx_posh/include/iceoryx/v2.0.5/iceoryx_posh/internal/roudi/introspection/port_introspection.hpp
-- Installing: /home/nick/Robotics_Projects/furuta1/install/iceoryx_posh/include/iceoryx/v2.0.5/iceoryx_posh/internal/roudi/introspection/mempool_introspection.inl
-- Installing: /home/nick/Robotics_Projects/furuta1/install/iceoryx_posh/include/iceoryx/v2.0.5/iceoryx_posh/internal/log
-- Installing: /home/nick/Robotics_Projects/furuta1/install/iceoryx_posh/include/iceoryx/v2.0.5/iceoryx_posh/internal/log/posh_logging.hpp
-- Installing: /home/nick/Robotics_Projects/furuta1/install/iceoryx_posh/include/iceoryx/v2.0.5/iceoryx_posh/internal/log/posh_config_logging.hpp
-- Installing: /home/nick/Robotics_Projects/furuta1/install/iceoryx_posh/include/iceoryx/v2.0.5/iceoryx_posh/internal/gateway
-- Installing: /home/nick/Robotics_Projects/furuta1/install/iceoryx_posh/include/iceoryx/v2.0.5/iceoryx_posh/internal/gateway/channel.inl
-- Installing: /home/nick/Robotics_Projects/furuta1/install/iceoryx_posh/include/iceoryx/v2.0.5/iceoryx_posh/internal/gateway/gateway_generic.inl
-- Installing: /home/nick/Robotics_Projects/furuta1/install/iceoryx_posh/include/iceoryx/v2.0.5/iceoryx_posh/internal/popo
-- Installing: /home/nick/Robotics_Projects/furuta1/install/iceoryx_posh/include/iceoryx/v2.0.5/iceoryx_posh/internal/popo/client_impl.hpp
-- Installing: /home/nick/Robotics_Projects/furuta1/install/iceoryx_posh/include/iceoryx/v2.0.5/iceoryx_posh/internal/popo/base_publisher.hpp
-- Installing: /home/nick/Robotics_Projects/furuta1/install/iceoryx_posh/include/iceoryx/v2.0.5/iceoryx_posh/internal/popo/base_client.hpp
-- Installing: /home/nick/Robotics_Projects/furuta1/install/iceoryx_posh/include/iceoryx/v2.0.5/iceoryx_posh/internal/popo/publisher_impl.inl
-- Installing: /home/nick/Robotics_Projects/furuta1/install/iceoryx_posh/include/iceoryx/v2.0.5/iceoryx_posh/internal/popo/publisher_impl.hpp
-- Installing: /home/nick/Robotics_Projects/furuta1/install/iceoryx_posh/include/iceoryx/v2.0.5/iceoryx_posh/internal/popo/untyped_client_impl.hpp
-- Installing: /home/nick/Robotics_Projects/furuta1/install/iceoryx_posh/include/iceoryx/v2.0.5/iceoryx_posh/internal/popo/server_impl.inl
-- Installing: /home/nick/Robotics_Projects/furuta1/install/iceoryx_posh/include/iceoryx/v2.0.5/iceoryx_posh/internal/popo/untyped_server_impl.hpp
-- Installing: /home/nick/Robotics_Projects/furuta1/install/iceoryx_posh/include/iceoryx/v2.0.5/iceoryx_posh/internal/popo/subscriber_impl.hpp
-- Installing: /home/nick/Robotics_Projects/furuta1/install/iceoryx_posh/include/iceoryx/v2.0.5/iceoryx_posh/internal/popo/sample_deleter.hpp
-- Installing: /home/nick/Robotics_Projects/furuta1/install/iceoryx_posh/include/iceoryx/v2.0.5/iceoryx_posh/internal/popo/request_deleter.hpp
-- Installing: /home/nick/Robotics_Projects/furuta1/install/iceoryx_posh/include/iceoryx/v2.0.5/iceoryx_posh/internal/popo/untyped_subscriber_impl.inl
-- Installing: /home/nick/Robotics_Projects/furuta1/install/iceoryx_posh/include/iceoryx/v2.0.5/iceoryx_posh/internal/popo/untyped_subscriber_impl.hpp
-- Installing: /home/nick/Robotics_Projects/furuta1/install/iceoryx_posh/include/iceoryx/v2.0.5/iceoryx_posh/internal/popo/untyped_publisher_impl.hpp
-- Installing: /home/nick/Robotics_Projects/furuta1/install/iceoryx_posh/include/iceoryx/v2.0.5/iceoryx_posh/internal/popo/response_deleter.inl
-- Installing: /home/nick/Robotics_Projects/furuta1/install/iceoryx_posh/include/iceoryx/v2.0.5/iceoryx_posh/internal/popo/notification_callback.inl
-- Installing: /home/nick/Robotics_Projects/furuta1/install/iceoryx_posh/include/iceoryx/v2.0.5/iceoryx_posh/internal/popo/notification_attorney.inl
-- Installing: /home/nick/Robotics_Projects/furuta1/install/iceoryx_posh/include/iceoryx/v2.0.5/iceoryx_posh/internal/popo/notification_info.inl
-- Installing: /home/nick/Robotics_Projects/furuta1/install/iceoryx_posh/include/iceoryx/v2.0.5/iceoryx_posh/internal/popo/building_blocks
-- Installing: /home/nick/Robotics_Projects/furuta1/install/iceoryx_posh/include/iceoryx/v2.0.5/iceoryx_posh/internal/popo/building_blocks/condition_notifier.hpp
-- Installing: /home/nick/Robotics_Projects/furuta1/install/iceoryx_posh/include/iceoryx/v2.0.5/iceoryx_posh/internal/popo/building_blocks/chunk_receiver.inl
-- Installing: /home/nick/Robotics_Projects/furuta1/install/iceoryx_posh/include/iceoryx/v2.0.5/iceoryx_posh/internal/popo/building_blocks/chunk_receiver_data.inl
-- Installing: /home/nick/Robotics_Projects/furuta1/install/iceoryx_posh/include/iceoryx/v2.0.5/iceoryx_posh/internal/popo/building_blocks/chunk_receiver_data.hpp
-- Installing: /home/nick/Robotics_Projects/furuta1/install/iceoryx_posh/include/iceoryx/v2.0.5/iceoryx_posh/internal/popo/building_blocks/chunk_distributor.inl
-- Installing: /home/nick/Robotics_Projects/furuta1/install/iceoryx_posh/include/iceoryx/v2.0.5/iceoryx_posh/internal/popo/building_blocks/chunk_queue_pusher.hpp
-- Installing: /home/nick/Robotics_Projects/furuta1/install/iceoryx_posh/include/iceoryx/v2.0.5/iceoryx_posh/internal/popo/building_blocks/chunk_queue_data.hpp
-- Installing: /home/nick/Robotics_Projects/furuta1/install/iceoryx_posh/include/iceoryx/v2.0.5/iceoryx_posh/internal/popo/building_blocks/chunk_distributor.hpp
-- Installing: /home/nick/Robotics_Projects/furuta1/install/iceoryx_posh/include/iceoryx/v2.0.5/iceoryx_posh/internal/popo/building_blocks/locking_policy.hpp
-- Installing: /home/nick/Robotics_Projects/furuta1/install/iceoryx_posh/include/iceoryx/v2.0.5/iceoryx_posh/internal/popo/building_blocks/unique_port_id.hpp
-- Installing: /home/nick/Robotics_Projects/furuta1/install/iceoryx_posh/include/iceoryx/v2.0.5/iceoryx_posh/internal/popo/building_blocks/chunk_queue_popper.inl
-- Installing: /home/nick/Robotics_Projects/furuta1/install/iceoryx_posh/include/iceoryx/v2.0.5/iceoryx_posh/internal/popo/building_blocks/chunk_queue_data.inl
-- Installing: /home/nick/Robotics_Projects/furuta1/install/iceoryx_posh/include/iceoryx/v2.0.5/iceoryx_posh/internal/popo/building_blocks/typed_unique_id.hpp
-- Installing: /home/nick/Robotics_Projects/furuta1/install/iceoryx_posh/include/iceoryx/v2.0.5/iceoryx_posh/internal/popo/building_blocks/condition_listener.hpp
-- Installing: /home/nick/Robotics_Projects/furuta1/install/iceoryx_posh/include/iceoryx/v2.0.5/iceoryx_posh/internal/popo/building_blocks/condition_variable_data.hpp
-- Installing: /home/nick/Robotics_Projects/furuta1/install/iceoryx_posh/include/iceoryx/v2.0.5/iceoryx_posh/internal/popo/building_blocks/chunk_queue_pusher.inl
-- Installing: /home/nick/Robotics_Projects/furuta1/install/iceoryx_posh/include/iceoryx/v2.0.5/iceoryx_posh/internal/popo/building_blocks/chunk_sender.inl
-- Installing: /home/nick/Robotics_Projects/furuta1/install/iceoryx_posh/include/iceoryx/v2.0.5/iceoryx_posh/internal/popo/building_blocks/chunk_receiver.hpp
-- Installing: /home/nick/Robotics_Projects/furuta1/install/iceoryx_posh/include/iceoryx/v2.0.5/iceoryx_posh/internal/popo/building_blocks/chunk_sender_data.inl
-- Installing: /home/nick/Robotics_Projects/furuta1/install/iceoryx_posh/include/iceoryx/v2.0.5/iceoryx_posh/internal/popo/building_blocks/chunk_distributor_data.hpp
-- Installing: /home/nick/Robotics_Projects/furuta1/install/iceoryx_posh/include/iceoryx/v2.0.5/iceoryx_posh/internal/popo/building_blocks/chunk_sender.hpp
-- Installing: /home/nick/Robotics_Projects/furuta1/install/iceoryx_posh/include/iceoryx/v2.0.5/iceoryx_posh/internal/popo/building_blocks/chunk_sender_data.hpp
-- Installing: /home/nick/Robotics_Projects/furuta1/install/iceoryx_posh/include/iceoryx/v2.0.5/iceoryx_posh/internal/popo/building_blocks/chunk_distributor_data.inl
-- Installing: /home/nick/Robotics_Projects/furuta1/install/iceoryx_posh/include/iceoryx/v2.0.5/iceoryx_posh/internal/popo/building_blocks/chunk_queue_popper.hpp
-- Installing: /home/nick/Robotics_Projects/furuta1/install/iceoryx_posh/include/iceoryx/v2.0.5/iceoryx_posh/internal/popo/base_server.hpp
-- Installing: /home/nick/Robotics_Projects/furuta1/install/iceoryx_posh/include/iceoryx/v2.0.5/iceoryx_posh/internal/popo/publisher_interface.hpp
-- Installing: /home/nick/Robotics_Projects/furuta1/install/iceoryx_posh/include/iceoryx/v2.0.5/iceoryx_posh/internal/popo/response.inl
-- Installing: /home/nick/Robotics_Projects/furuta1/install/iceoryx_posh/include/iceoryx/v2.0.5/iceoryx_posh/internal/popo/base_client.inl
-- Installing: /home/nick/Robotics_Projects/furuta1/install/iceoryx_posh/include/iceoryx/v2.0.5/iceoryx_posh/internal/popo/subscriber_impl.inl
-- Installing: /home/nick/Robotics_Projects/furuta1/install/iceoryx_posh/include/iceoryx/v2.0.5/iceoryx_posh/internal/popo/request.inl
-- Installing: /home/nick/Robotics_Projects/furuta1/install/iceoryx_posh/include/iceoryx/v2.0.5/iceoryx_posh/internal/popo/untyped_client_impl.inl
-- Installing: /home/nick/Robotics_Projects/furuta1/install/iceoryx_posh/include/iceoryx/v2.0.5/iceoryx_posh/internal/popo/sample.inl
-- Installing: /home/nick/Robotics_Projects/furuta1/install/iceoryx_posh/include/iceoryx/v2.0.5/iceoryx_posh/internal/popo/trigger.inl
-- Installing: /home/nick/Robotics_Projects/furuta1/install/iceoryx_posh/include/iceoryx/v2.0.5/iceoryx_posh/internal/popo/untyped_publisher_impl.inl
-- Installing: /home/nick/Robotics_Projects/furuta1/install/iceoryx_posh/include/iceoryx/v2.0.5/iceoryx_posh/internal/popo/rpc_interface.hpp
-- Installing: /home/nick/Robotics_Projects/furuta1/install/iceoryx_posh/include/iceoryx/v2.0.5/iceoryx_posh/internal/popo/base_publisher.inl
-- Installing: /home/nick/Robotics_Projects/furuta1/install/iceoryx_posh/include/iceoryx/v2.0.5/iceoryx_posh/internal/popo/ports
-- Installing: /home/nick/Robotics_Projects/furuta1/install/iceoryx_posh/include/iceoryx/v2.0.5/iceoryx_posh/internal/popo/ports/pub_sub_port_types.hpp
-- Installing: /home/nick/Robotics_Projects/furuta1/install/iceoryx_posh/include/iceoryx/v2.0.5/iceoryx_posh/internal/popo/ports/base_port_data.hpp
-- Installing: /home/nick/Robotics_Projects/furuta1/install/iceoryx_posh/include/iceoryx/v2.0.5/iceoryx_posh/internal/popo/ports/base_port.hpp
-- Installing: /home/nick/Robotics_Projects/furuta1/install/iceoryx_posh/include/iceoryx/v2.0.5/iceoryx_posh/internal/popo/ports/server_port_user.hpp
-- Installing: /home/nick/Robotics_Projects/furuta1/install/iceoryx_posh/include/iceoryx/v2.0.5/iceoryx_posh/internal/popo/ports/subscriber_port_roudi.hpp
-- Installing: /home/nick/Robotics_Projects/furuta1/install/iceoryx_posh/include/iceoryx/v2.0.5/iceoryx_posh/internal/popo/ports/client_port_user.inl
-- Installing: /home/nick/Robotics_Projects/furuta1/install/iceoryx_posh/include/iceoryx/v2.0.5/iceoryx_posh/internal/popo/ports/client_port_user.hpp
-- Installing: /home/nick/Robotics_Projects/furuta1/install/iceoryx_posh/include/iceoryx/v2.0.5/iceoryx_posh/internal/popo/ports/interface_port_data.hpp
-- Installing: /home/nick/Robotics_Projects/furuta1/install/iceoryx_posh/include/iceoryx/v2.0.5/iceoryx_posh/internal/popo/ports/subscriber_port_user.hpp
-- Installing: /home/nick/Robotics_Projects/furuta1/install/iceoryx_posh/include/iceoryx/v2.0.5/iceoryx_posh/internal/popo/ports/publisher_port_data.hpp
-- Installing: /home/nick/Robotics_Projects/furuta1/install/iceoryx_posh/include/iceoryx/v2.0.5/iceoryx_posh/internal/popo/ports/subscriber_port_multi_producer.hpp
-- Installing: /home/nick/Robotics_Projects/furuta1/install/iceoryx_posh/include/iceoryx/v2.0.5/iceoryx_posh/internal/popo/ports/server_port_data.hpp
-- Installing: /home/nick/Robotics_Projects/furuta1/install/iceoryx_posh/include/iceoryx/v2.0.5/iceoryx_posh/internal/popo/ports/interface_port.hpp
-- Installing: /home/nick/Robotics_Projects/furuta1/install/iceoryx_posh/include/iceoryx/v2.0.5/iceoryx_posh/internal/popo/ports/publisher_port_user.hpp
-- Installing: /home/nick/Robotics_Projects/furuta1/install/iceoryx_posh/include/iceoryx/v2.0.5/iceoryx_posh/internal/popo/ports/publisher_port_roudi.hpp
-- Installing: /home/nick/Robotics_Projects/furuta1/install/iceoryx_posh/include/iceoryx/v2.0.5/iceoryx_posh/internal/popo/ports/server_port_user.inl
-- Installing: /home/nick/Robotics_Projects/furuta1/install/iceoryx_posh/include/iceoryx/v2.0.5/iceoryx_posh/internal/popo/ports/subscriber_port_single_producer.hpp
-- Installing: /home/nick/Robotics_Projects/furuta1/install/iceoryx_posh/include/iceoryx/v2.0.5/iceoryx_posh/internal/popo/ports/subscriber_port_data.hpp
-- Installing: /home/nick/Robotics_Projects/furuta1/install/iceoryx_posh/include/iceoryx/v2.0.5/iceoryx_posh/internal/popo/ports/client_port_roudi.hpp
-- Installing: /home/nick/Robotics_Projects/furuta1/install/iceoryx_posh/include/iceoryx/v2.0.5/iceoryx_posh/internal/popo/ports/client_port_data.hpp
-- Installing: /home/nick/Robotics_Projects/furuta1/install/iceoryx_posh/include/iceoryx/v2.0.5/iceoryx_posh/internal/popo/ports/server_port_roudi.hpp
-- Installing: /home/nick/Robotics_Projects/furuta1/install/iceoryx_posh/include/iceoryx/v2.0.5/iceoryx_posh/internal/popo/ports/base_port.inl
-- Installing: /home/nick/Robotics_Projects/furuta1/install/iceoryx_posh/include/iceoryx/v2.0.5/iceoryx_posh/internal/popo/ports/client_server_port_types.hpp
-- Installing: /home/nick/Robotics_Projects/furuta1/install/iceoryx_posh/include/iceoryx/v2.0.5/iceoryx_posh/internal/popo/smart_chunk.inl
-- Installing: /home/nick/Robotics_Projects/furuta1/install/iceoryx_posh/include/iceoryx/v2.0.5/iceoryx_posh/internal/popo/server_impl.hpp
-- Installing: /home/nick/Robotics_Projects/furuta1/install/iceoryx_posh/include/iceoryx/v2.0.5/iceoryx_posh/internal/popo/used_chunk_list.hpp
-- Installing: /home/nick/Robotics_Projects/furuta1/install/iceoryx_posh/include/iceoryx/v2.0.5/iceoryx_posh/internal/popo/response_deleter.hpp
-- Installing: /home/nick/Robotics_Projects/furuta1/install/iceoryx_posh/include/iceoryx/v2.0.5/iceoryx_posh/internal/popo/smart_chunk.hpp
-- Installing: /home/nick/Robotics_Projects/furuta1/install/iceoryx_posh/include/iceoryx/v2.0.5/iceoryx_posh/internal/popo/typed_port_api_trait.hpp
-- Installing: /home/nick/Robotics_Projects/furuta1/install/iceoryx_posh/include/iceoryx/v2.0.5/iceoryx_posh/internal/popo/used_chunk_list.inl
-- Installing: /home/nick/Robotics_Projects/furuta1/install/iceoryx_posh/include/iceoryx/v2.0.5/iceoryx_posh/internal/popo/client_impl.inl
-- Installing: /home/nick/Robotics_Projects/furuta1/install/iceoryx_posh/include/iceoryx/v2.0.5/iceoryx_posh/internal/popo/listener.inl
-- Installing: /home/nick/Robotics_Projects/furuta1/install/iceoryx_posh/include/iceoryx/v2.0.5/iceoryx_posh/internal/popo/sample_deleter.inl
-- Installing: /home/nick/Robotics_Projects/furuta1/install/iceoryx_posh/include/iceoryx/v2.0.5/iceoryx_posh/internal/popo/request_deleter.inl
-- Installing: /home/nick/Robotics_Projects/furuta1/install/iceoryx_posh/include/iceoryx/v2.0.5/iceoryx_posh/internal/popo/base_server.inl
-- Installing: /home/nick/Robotics_Projects/furuta1/install/iceoryx_posh/include/iceoryx/v2.0.5/iceoryx_posh/internal/popo/base_subscriber.inl
-- Installing: /home/nick/Robotics_Projects/furuta1/install/iceoryx_posh/include/iceoryx/v2.0.5/iceoryx_posh/internal/popo/untyped_server_impl.inl
-- Installing: /home/nick/Robotics_Projects/furuta1/install/iceoryx_posh/include/iceoryx/v2.0.5/iceoryx_posh/internal/popo/wait_set.inl
-- Installing: /home/nick/Robotics_Projects/furuta1/install/iceoryx_posh/include/iceoryx/v2.0.5/iceoryx_posh/internal/popo/base_subscriber.hpp
-- Installing: /home/nick/Robotics_Projects/furuta1/install/iceoryx_posh/include/iceoryx/v2.0.5/iceoryx_posh/internal/mepoo
-- Installing: /home/nick/Robotics_Projects/furuta1/install/iceoryx_posh/include/iceoryx/v2.0.5/iceoryx_posh/internal/mepoo/typed_mem_pool.hpp
-- Installing: /home/nick/Robotics_Projects/furuta1/install/iceoryx_posh/include/iceoryx/v2.0.5/iceoryx_posh/internal/mepoo/memory_manager.inl
-- Installing: /home/nick/Robotics_Projects/furuta1/install/iceoryx_posh/include/iceoryx/v2.0.5/iceoryx_posh/internal/mepoo/mem_pool.hpp
-- Installing: /home/nick/Robotics_Projects/furuta1/install/iceoryx_posh/include/iceoryx/v2.0.5/iceoryx_posh/internal/mepoo/shared_pointer.inl
-- Installing: /home/nick/Robotics_Projects/furuta1/install/iceoryx_posh/include/iceoryx/v2.0.5/iceoryx_posh/internal/mepoo/shared_pointer.hpp
-- Installing: /home/nick/Robotics_Projects/furuta1/install/iceoryx_posh/include/iceoryx/v2.0.5/iceoryx_posh/internal/mepoo/mepoo.hpp
-- Installing: /home/nick/Robotics_Projects/furuta1/install/iceoryx_posh/include/iceoryx/v2.0.5/iceoryx_posh/internal/mepoo/memory_manager.hpp
-- Installing: /home/nick/Robotics_Projects/furuta1/install/iceoryx_posh/include/iceoryx/v2.0.5/iceoryx_posh/internal/mepoo/mepoo_segment.hpp
-- Installing: /home/nick/Robotics_Projects/furuta1/install/iceoryx_posh/include/iceoryx/v2.0.5/iceoryx_posh/internal/mepoo/shared_chunk.hpp
-- Installing: /home/nick/Robotics_Projects/furuta1/install/iceoryx_posh/include/iceoryx/v2.0.5/iceoryx_posh/internal/mepoo/segment_manager.hpp
-- Installing: /home/nick/Robotics_Projects/furuta1/install/iceoryx_posh/include/iceoryx/v2.0.5/iceoryx_posh/internal/mepoo/chunk_management.hpp
-- Installing: /home/nick/Robotics_Projects/furuta1/install/iceoryx_posh/include/iceoryx/v2.0.5/iceoryx_posh/internal/mepoo/mepoo_segment.inl
-- Installing: /home/nick/Robotics_Projects/furuta1/install/iceoryx_posh/include/iceoryx/v2.0.5/iceoryx_posh/internal/mepoo/shm_safe_unmanaged_chunk.hpp
-- Installing: /home/nick/Robotics_Projects/furuta1/install/iceoryx_posh/include/iceoryx/v2.0.5/iceoryx_posh/internal/mepoo/typed_mem_pool.inl
-- Installing: /home/nick/Robotics_Projects/furuta1/install/iceoryx_posh/include/iceoryx/v2.0.5/iceoryx_posh/internal/mepoo/segment_manager.inl
-- Installing: /home/nick/Robotics_Projects/furuta1/install/iceoryx_posh/include/iceoryx/v2.0.5/iceoryx_posh/popo
-- Installing: /home/nick/Robotics_Projects/furuta1/install/iceoryx_posh/include/iceoryx/v2.0.5/iceoryx_posh/popo/enum_trigger_type.hpp
-- Installing: /home/nick/Robotics_Projects/furuta1/install/iceoryx_posh/include/iceoryx/v2.0.5/iceoryx_posh/popo/port_queue_policies.hpp
-- Installing: /home/nick/Robotics_Projects/furuta1/install/iceoryx_posh/include/iceoryx/v2.0.5/iceoryx_posh/popo/untyped_publisher.hpp
-- Installing: /home/nick/Robotics_Projects/furuta1/install/iceoryx_posh/include/iceoryx/v2.0.5/iceoryx_posh/popo/notification_attorney.hpp
-- Installing: /home/nick/Robotics_Projects/furuta1/install/iceoryx_posh/include/iceoryx/v2.0.5/iceoryx_posh/popo/server.hpp
-- Installing: /home/nick/Robotics_Projects/furuta1/install/iceoryx_posh/include/iceoryx/v2.0.5/iceoryx_posh/popo/client_options.hpp
-- Installing: /home/nick/Robotics_Projects/furuta1/install/iceoryx_posh/include/iceoryx/v2.0.5/iceoryx_posh/popo/untyped_subscriber.hpp
-- Installing: /home/nick/Robotics_Projects/furuta1/install/iceoryx_posh/include/iceoryx/v2.0.5/iceoryx_posh/popo/user_trigger.hpp
-- Installing: /home/nick/Robotics_Projects/furuta1/install/iceoryx_posh/include/iceoryx/v2.0.5/iceoryx_posh/popo/subscriber_options.hpp
-- Installing: /home/nick/Robotics_Projects/furuta1/install/iceoryx_posh/include/iceoryx/v2.0.5/iceoryx_posh/popo/subscriber.hpp
-- Installing: /home/nick/Robotics_Projects/furuta1/install/iceoryx_posh/include/iceoryx/v2.0.5/iceoryx_posh/popo/server_options.hpp
-- Installing: /home/nick/Robotics_Projects/furuta1/install/iceoryx_posh/include/iceoryx/v2.0.5/iceoryx_posh/popo/listener.hpp
-- Installing: /home/nick/Robotics_Projects/furuta1/install/iceoryx_posh/include/iceoryx/v2.0.5/iceoryx_posh/popo/client.hpp
-- Installing: /home/nick/Robotics_Projects/furuta1/install/iceoryx_posh/include/iceoryx/v2.0.5/iceoryx_posh/popo/response.hpp
-- Installing: /home/nick/Robotics_Projects/furuta1/install/iceoryx_posh/include/iceoryx/v2.0.5/iceoryx_posh/popo/untyped_client.hpp
-- Installing: /home/nick/Robotics_Projects/furuta1/install/iceoryx_posh/include/iceoryx/v2.0.5/iceoryx_posh/popo/request.hpp
-- Installing: /home/nick/Robotics_Projects/furuta1/install/iceoryx_posh/include/iceoryx/v2.0.5/iceoryx_posh/popo/publisher.hpp
-- Installing: /home/nick/Robotics_Projects/furuta1/install/iceoryx_posh/include/iceoryx/v2.0.5/iceoryx_posh/popo/wait_set.hpp
-- Installing: /home/nick/Robotics_Projects/furuta1/install/iceoryx_posh/include/iceoryx/v2.0.5/iceoryx_posh/popo/publisher_options.hpp
-- Installing: /home/nick/Robotics_Projects/furuta1/install/iceoryx_posh/include/iceoryx/v2.0.5/iceoryx_posh/popo/notification_info.hpp
-- Installing: /home/nick/Robotics_Projects/furuta1/install/iceoryx_posh/include/iceoryx/v2.0.5/iceoryx_posh/popo/rpc_header.hpp
-- Installing: /home/nick/Robotics_Projects/furuta1/install/iceoryx_posh/include/iceoryx/v2.0.5/iceoryx_posh/popo/sample.hpp
-- Installing: /home/nick/Robotics_Projects/furuta1/install/iceoryx_posh/include/iceoryx/v2.0.5/iceoryx_posh/popo/trigger.hpp
-- Installing: /home/nick/Robotics_Projects/furuta1/install/iceoryx_posh/include/iceoryx/v2.0.5/iceoryx_posh/popo/trigger_handle.hpp
-- Installing: /home/nick/Robotics_Projects/furuta1/install/iceoryx_posh/include/iceoryx/v2.0.5/iceoryx_posh/popo/notification_callback.hpp
-- Installing: /home/nick/Robotics_Projects/furuta1/install/iceoryx_posh/include/iceoryx/v2.0.5/iceoryx_posh/popo/untyped_server.hpp
-- Installing: /home/nick/Robotics_Projects/furuta1/install/iceoryx_posh/include/iceoryx/v2.0.5/iceoryx_posh/mepoo
-- Installing: /home/nick/Robotics_Projects/furuta1/install/iceoryx_posh/include/iceoryx/v2.0.5/iceoryx_posh/mepoo/chunk_header.hpp
-- Installing: /home/nick/Robotics_Projects/furuta1/install/iceoryx_posh/include/iceoryx/v2.0.5/iceoryx_posh/mepoo/chunk_settings.hpp
-- Installing: /home/nick/Robotics_Projects/furuta1/install/iceoryx_posh/include/iceoryx/v2.0.5/iceoryx_posh/mepoo/mepoo_config.hpp
-- Installing: /home/nick/Robotics_Projects/furuta1/install/iceoryx_posh/include/iceoryx/v2.0.5/iceoryx_posh/mepoo/memory_info.hpp
-- Installing: /home/nick/Robotics_Projects/furuta1/install/iceoryx_posh/include/iceoryx/v2.0.5/iceoryx_posh/mepoo/segment_config.hpp
-- Installing: /home/nick/Robotics_Projects/furuta1/install/iceoryx_posh/include/iceoryx/v2.0.5/iceoryx_posh/version
-- Installing: /home/nick/Robotics_Projects/furuta1/install/iceoryx_posh/include/iceoryx/v2.0.5/iceoryx_posh/version/version_info.hpp
-- Installing: /home/nick/Robotics_Projects/furuta1/install/iceoryx_posh/include/iceoryx/v2.0.5/iceoryx_posh/version/compatibility_check_level.hpp
-- Installing: /home/nick/Robotics_Projects/furuta1/install/iceoryx_posh/lib/cmake/iceoryx_posh/iceoryx_poshConfigVersion.cmake
-- Installing: /home/nick/Robotics_Projects/furuta1/install/iceoryx_posh/lib/cmake/iceoryx_posh/iceoryx_poshConfig.cmake
-- Installing: /home/nick/Robotics_Projects/furuta1/install/iceoryx_posh/lib/cmake/iceoryx_posh/iceoryx_poshTargets.cmake
-- Installing: /home/nick/Robotics_Projects/furuta1/install/iceoryx_posh/lib/cmake/iceoryx_posh/iceoryx_poshTargets-noconfig.cmake
-- Installing: /home/nick/Robotics_Projects/furuta1/install/iceoryx_posh/include/iceoryx/v2.0.5/iceoryx_posh/iceoryx_posh_deployment.hpp
-- Installing: /home/nick/Robotics_Projects/furuta1/install/iceoryx_posh/lib/cmake/iceoryx_posh/IceoryxPoshDeployment.cmake
