[0.006s] Invoking command in '/home/nick/Robotics_Projects/furuta1/build/iceoryx_posh': CMAKE_PREFIX_PATH=/home/nick/Robotics_Projects/furuta1/install/iceoryx_hoofs:/opt/ros/humble LD_LIBRARY_PATH=/home/nick/Robotics_Projects/furuta1/install/iceoryx_hoofs/lib:${LD_LIBRARY_PATH} PKG_CONFIG_PATH=/home/nick/Robotics_Projects/furuta1/install/iceoryx_hoofs/lib/x86_64-linux-gnu/pkgconfig:/home/nick/Robotics_Projects/furuta1/install/iceoryx_hoofs/lib/pkgconfig /usr/bin/cmake /home/nick/Robotics_Projects/furuta1/src/eclipse-iceoryx/iceoryx/iceoryx_posh -DCMAKE_INSTALL_PREFIX=/home/nick/Robotics_Projects/furuta1/install/iceoryx_posh
[0.062s] -- The C compiler identification is GNU 11.4.0
[0.114s] -- The CXX compiler identification is GNU 11.4.0
[0.121s] -- Detecting C compiler ABI info
[0.184s] -- Detecting C compiler ABI info - done
[0.191s] -- Check for working C compiler: /usr/bin/cc - skipped
[0.191s] -- Detecting C compile features
[0.192s] -- Detecting C compile features - done
[0.195s] -- Detecting CXX compiler ABI info
[0.250s] -- Detecting CXX compiler ABI info - done
[0.256s] -- Check for working CXX compiler: /usr/bin/c++ - skipped
[0.256s] -- Detecting CXX compile features
[0.257s] -- Detecting CXX compile features - done
[0.258s] -- Looking for pthread.h
[0.303s] -- Looking for pthread.h - found
[0.303s] -- Performing Test CMAKE_HAVE_LIBC_PTHREAD
[0.353s] -- Performing Test CMAKE_HAVE_LIBC_PTHREAD - Success
[0.353s] -- Found Threads: TRUE  
[0.379s] -- Configuring done
[0.380s] -- Generating done
[0.381s] -- Build files have been written to: /home/nick/Robotics_Projects/furuta1/build/iceoryx_posh/dependencies/cpptoml/download
[0.412s] [ 11%] Creating directories for 'ext_cpptoml'
[0.458s] [ 22%] Performing download step (git clone) for 'ext_cpptoml'
[0.471s] Cloning into 'src'...
[0.898s] HEAD is now at fededad one-char typo
[0.933s] Submodule 'deps/meta-cmake' (https://github.com/meta-toolkit/meta-cmake.git) registered for path 'deps/meta-cmake'
[0.940s] Cloning into '/home/nick/Robotics_Projects/furuta1/build/iceoryx_posh/dependencies/cpptoml/src/deps/meta-cmake'...
[1.260s] Submodule path 'deps/meta-cmake': checked out 'db7ff976c430a6cb6cbd03ae691be04cfaac0a07'
[1.287s] [ 33%] Performing update step for 'ext_cpptoml'
[1.308s] [ 44%] No patch step for 'ext_cpptoml'
[1.318s] [ 55%] No configure step for 'ext_cpptoml'
[1.335s] [ 66%] No build step for 'ext_cpptoml'
[1.361s] [ 77%] No install step for 'ext_cpptoml'
[1.384s] [ 88%] No test step for 'ext_cpptoml'
[1.399s] [100%] Completed 'ext_cpptoml'
[1.417s] [100%] Built target ext_cpptoml
[1.468s] -- The C compiler identification is GNU 11.4.0
[1.507s] -- The CXX compiler identification is GNU 11.4.0
[1.513s] -- Detecting C compiler ABI info
[1.574s] -- Detecting C compiler ABI info - done
[1.581s] -- Check for working C compiler: /usr/bin/cc - skipped
[1.581s] -- Detecting C compile features
[1.581s] -- Detecting C compile features - done
[1.584s] -- Detecting CXX compiler ABI info
[1.643s] -- Detecting CXX compiler ABI info - done
[1.649s] -- Check for working CXX compiler: /usr/bin/c++ - skipped
[1.649s] -- Detecting CXX compile features
[1.650s] -- Detecting CXX compile features - done
[1.863s] -- Found Doxygen: /usr/bin/doxygen (found version "1.9.1") found components: doxygen dot 
[1.884s] -- Configuring done
[1.886s] -- Generating done
[1.886s] -- Build files have been written to: /home/nick/Robotics_Projects/furuta1/build/iceoryx_posh/dependencies/cpptoml/build
[1.917s] Install the project...
[1.922s] -- Install configuration: ""
[1.922s] -- Installing: /home/nick/Robotics_Projects/furuta1/build/iceoryx_posh/dependencies/install/include/cpptoml.h
[1.923s] -- Installing: /home/nick/Robotics_Projects/furuta1/build/iceoryx_posh/dependencies/install/lib/cmake/cpptoml/cpptomlTargets.cmake
[1.923s] -- Installing: /home/nick/Robotics_Projects/furuta1/build/iceoryx_posh/dependencies/install/lib/cmake/cpptoml/cpptomlConfigVersion.cmake
[1.923s] -- Installing: /home/nick/Robotics_Projects/furuta1/build/iceoryx_posh/dependencies/install/lib/cmake/cpptoml/cpptomlConfig.cmake
[1.927s] -- [i] <<<<<<<<<<<<< Start iceoryx_posh configuration: >>>>>>>>>>>>>
[1.927s] -- [i] Using m:n communication!
[1.927s] -- [i] IOX_MAX_PUBLISHERS:512
[1.927s] -- [i] IOX_MAX_SUBSCRIBERS:1024
[1.927s] -- [i] IOX_MAX_INTERFACE_NUMBER:4
[1.927s] -- [i] IOX_MAX_SUBSCRIBERS_PER_PUBLISHER:256
[1.927s] -- [i] IOX_MAX_CHUNKS_ALLOCATED_PER_PUBLISHER_SIMULTANEOUSLY:8
[1.927s] -- [i] IOX_MAX_PUBLISHER_HISTORY:16
[1.927s] -- [i] IOX_MAX_CHUNKS_HELD_PER_SUBSCRIBER_SIMULTANEOUSLY:256
[1.927s] -- [i] <<<<<<<<<<<<<< End iceoryx_posh configuration: >>>>>>>>>>>>>>
[2.017s] -- Configuring done
[2.029s] -- Generating done
[2.030s] -- Build files have been written to: /home/nick/Robotics_Projects/furuta1/build/iceoryx_posh
[2.033s] Invoked command in '/home/nick/Robotics_Projects/furuta1/build/iceoryx_posh' returned '0': CMAKE_PREFIX_PATH=/home/nick/Robotics_Projects/furuta1/install/iceoryx_hoofs:/opt/ros/humble LD_LIBRARY_PATH=/home/nick/Robotics_Projects/furuta1/install/iceoryx_hoofs/lib:${LD_LIBRARY_PATH} PKG_CONFIG_PATH=/home/nick/Robotics_Projects/furuta1/install/iceoryx_hoofs/lib/x86_64-linux-gnu/pkgconfig:/home/nick/Robotics_Projects/furuta1/install/iceoryx_hoofs/lib/pkgconfig /usr/bin/cmake /home/nick/Robotics_Projects/furuta1/src/eclipse-iceoryx/iceoryx/iceoryx_posh -DCMAKE_INSTALL_PREFIX=/home/nick/Robotics_Projects/furuta1/install/iceoryx_posh
[2.034s] Invoking command in '/home/nick/Robotics_Projects/furuta1/build/iceoryx_posh': CMAKE_PREFIX_PATH=/home/nick/Robotics_Projects/furuta1/install/iceoryx_hoofs:/opt/ros/humble LD_LIBRARY_PATH=/home/nick/Robotics_Projects/furuta1/install/iceoryx_hoofs/lib:${LD_LIBRARY_PATH} PKG_CONFIG_PATH=/home/nick/Robotics_Projects/furuta1/install/iceoryx_hoofs/lib/x86_64-linux-gnu/pkgconfig:/home/nick/Robotics_Projects/furuta1/install/iceoryx_hoofs/lib/pkgconfig /usr/bin/cmake --build /home/nick/Robotics_Projects/furuta1/build/iceoryx_posh -- -j16 -l16
[2.070s] [  1%] [32mBuilding CXX object CMakeFiles/iceoryx_posh.dir/source/log/posh_logging.cpp.o[0m
[2.070s] [  2%] [32mBuilding CXX object CMakeFiles/iceoryx_posh.dir/source/capro/capro_message.cpp.o[0m
[2.070s] [  3%] [32mBuilding CXX object CMakeFiles/iceoryx_posh.dir/source/capro/service_description.cpp.o[0m
[2.070s] [  4%] [32mBuilding CXX object CMakeFiles/iceoryx_posh.dir/source/mepoo/chunk_header.cpp.o[0m
[2.070s] [  5%] [32mBuilding CXX object CMakeFiles/iceoryx_posh.dir/source/mepoo/chunk_settings.cpp.o[0m
[2.070s] [  6%] [32mBuilding CXX object CMakeFiles/iceoryx_posh.dir/source/mepoo/segment_config.cpp.o[0m
[2.070s] [  7%] [32mBuilding CXX object CMakeFiles/iceoryx_posh.dir/source/mepoo/mem_pool.cpp.o[0m
[2.071s] [  8%] [32mBuilding CXX object CMakeFiles/iceoryx_posh.dir/source/mepoo/memory_manager.cpp.o[0m
[2.073s] [  9%] [32mBuilding CXX object CMakeFiles/iceoryx_posh.dir/source/mepoo/mepoo_config.cpp.o[0m
[2.073s] [ 10%] [32mBuilding CXX object CMakeFiles/iceoryx_posh.dir/source/mepoo/chunk_management.cpp.o[0m
[2.078s] [ 11%] [32mBuilding CXX object CMakeFiles/iceoryx_posh.dir/source/mepoo/shared_chunk.cpp.o[0m
[2.078s] [ 12%] [32mBuilding CXX object CMakeFiles/iceoryx_posh.dir/source/mepoo/shm_safe_unmanaged_chunk.cpp.o[0m
[2.097s] [ 13%] [32mBuilding CXX object CMakeFiles/iceoryx_posh.dir/source/mepoo/segment_manager.cpp.o[0m
[2.097s] [ 14%] [32mBuilding CXX object CMakeFiles/iceoryx_posh.dir/source/popo/ports/interface_port.cpp.o[0m
[2.133s] [ 15%] [32mBuilding CXX object CMakeFiles/iceoryx_posh.dir/source/mepoo/mepoo_segment.cpp.o[0m
[2.138s] [ 16%] [32mBuilding CXX object CMakeFiles/iceoryx_posh.dir/source/mepoo/memory_info.cpp.o[0m
[2.211s] [ 17%] [32mBuilding CXX object CMakeFiles/iceoryx_posh.dir/source/popo/ports/interface_port_data.cpp.o[0m
[2.642s] [ 18%] [32mBuilding CXX object CMakeFiles/iceoryx_posh.dir/source/popo/ports/base_port_data.cpp.o[0m
[2.652s] [ 20%] [32mBuilding CXX object CMakeFiles/iceoryx_posh.dir/source/popo/ports/publisher_port_data.cpp.o[0m
[2.668s] [ 21%] [32mBuilding CXX object CMakeFiles/iceoryx_posh.dir/source/popo/ports/base_port.cpp.o[0m
[2.687s] [ 22%] [32mBuilding CXX object CMakeFiles/iceoryx_posh.dir/source/popo/ports/publisher_port_user.cpp.o[0m
[2.687s] [ 23%] [32mBuilding CXX object CMakeFiles/iceoryx_posh.dir/source/popo/ports/publisher_port_roudi.cpp.o[0m
[2.722s] [ 24%] [32mBuilding CXX object CMakeFiles/iceoryx_posh.dir/source/popo/ports/subscriber_port_user.cpp.o[0m
[2.731s] [ 25%] [32mBuilding CXX object CMakeFiles/iceoryx_posh.dir/source/popo/ports/subscriber_port_roudi.cpp.o[0m
[2.763s] [ 26%] [32mBuilding CXX object CMakeFiles/iceoryx_posh.dir/source/popo/ports/subscriber_port_single_producer.cpp.o[0m
[2.826s] [ 27%] [32mBuilding CXX object CMakeFiles/iceoryx_posh.dir/source/popo/ports/subscriber_port_multi_producer.cpp.o[0m
[2.842s] [ 28%] [32mBuilding CXX object CMakeFiles/iceoryx_posh.dir/source/popo/ports/subscriber_port_data.cpp.o[0m
[2.842s] [ 29%] [32mBuilding CXX object CMakeFiles/iceoryx_posh.dir/source/popo/ports/client_port_roudi.cpp.o[0m
[2.857s] [ 30%] [32mBuilding CXX object CMakeFiles/iceoryx_posh.dir/source/popo/ports/client_port_data.cpp.o[0m
[2.942s] [ 31%] [32mBuilding CXX object CMakeFiles/iceoryx_posh.dir/source/popo/ports/client_port_user.cpp.o[0m
[2.962s] [ 32%] [32mBuilding CXX object CMakeFiles/iceoryx_posh.dir/source/popo/ports/server_port_data.cpp.o[0m
[3.075s] [ 33%] [32mBuilding CXX object CMakeFiles/iceoryx_posh.dir/source/popo/ports/server_port_roudi.cpp.o[0m
[3.306s] [ 34%] [32mBuilding CXX object CMakeFiles/iceoryx_posh.dir/source/popo/ports/server_port_user.cpp.o[0m
[3.498s] [ 35%] [32mBuilding CXX object CMakeFiles/iceoryx_posh.dir/source/popo/building_blocks/condition_listener.cpp.o[0m
[3.610s] [ 36%] [32mBuilding CXX object CMakeFiles/iceoryx_posh.dir/source/popo/building_blocks/condition_notifier.cpp.o[0m
[3.686s] [ 37%] [32mBuilding CXX object CMakeFiles/iceoryx_posh.dir/source/popo/building_blocks/condition_variable_data.cpp.o[0m
[3.773s] [ 38%] [32mBuilding CXX object CMakeFiles/iceoryx_posh.dir/source/popo/building_blocks/locking_policy.cpp.o[0m
[3.842s] [ 40%] [32mBuilding CXX object CMakeFiles/iceoryx_posh.dir/source/popo/building_blocks/unique_port_id.cpp.o[0m
[3.920s] [ 41%] [32mBuilding CXX object CMakeFiles/iceoryx_posh.dir/source/popo/client_options.cpp.o[0m
[3.958s] [ 42%] [32mBuilding CXX object CMakeFiles/iceoryx_posh.dir/source/popo/listener.cpp.o[0m
[3.958s] [ 43%] [32mBuilding CXX object CMakeFiles/iceoryx_posh.dir/source/popo/notification_info.cpp.o[0m
[4.142s] [ 44%] [32mBuilding CXX object CMakeFiles/iceoryx_posh.dir/source/popo/rpc_header.cpp.o[0m
[4.174s] [ 45%] [32mBuilding CXX object CMakeFiles/iceoryx_posh.dir/source/popo/publisher_options.cpp.o[0m
[4.201s] [ 46%] [32mBuilding CXX object CMakeFiles/iceoryx_posh.dir/source/popo/server_options.cpp.o[0m
[4.270s] [ 47%] [32mBuilding CXX object CMakeFiles/iceoryx_posh.dir/source/popo/trigger_handle.cpp.o[0m
[4.276s] [ 48%] [32mBuilding CXX object CMakeFiles/iceoryx_posh.dir/source/popo/trigger.cpp.o[0m
[4.277s] [ 49%] [32mBuilding CXX object CMakeFiles/iceoryx_posh.dir/source/popo/subscriber_options.cpp.o[0m
[4.344s] [ 50%] [32mBuilding CXX object CMakeFiles/iceoryx_posh.dir/source/popo/user_trigger.cpp.o[0m
[4.382s] [ 51%] [32mBuilding CXX object CMakeFiles/iceoryx_posh.dir/source/version/version_info.cpp.o[0m
[4.466s] [ 52%] [32mBuilding CXX object CMakeFiles/iceoryx_posh.dir/source/runtime/ipc_interface_base.cpp.o[0m
[4.491s] [ 53%] [32mBuilding CXX object CMakeFiles/iceoryx_posh.dir/source/runtime/ipc_interface_user.cpp.o[0m
[4.563s] [ 54%] [32mBuilding CXX object CMakeFiles/iceoryx_posh.dir/source/runtime/ipc_interface_creator.cpp.o[0m
[4.605s] [ 55%] [32mBuilding CXX object CMakeFiles/iceoryx_posh.dir/source/runtime/ipc_runtime_interface.cpp.o[0m
[4.652s] [ 56%] [32mBuilding CXX object CMakeFiles/iceoryx_posh.dir/source/runtime/ipc_message.cpp.o[0m
[4.795s] [ 57%] [32mBuilding CXX object CMakeFiles/iceoryx_posh.dir/source/runtime/port_config_info.cpp.o[0m
[4.797s] [ 58%] [32mBuilding CXX object CMakeFiles/iceoryx_posh.dir/source/runtime/posh_runtime.cpp.o[0m
[4.810s] [ 60%] [32mBuilding CXX object CMakeFiles/iceoryx_posh.dir/source/runtime/posh_runtime_impl.cpp.o[0m
[4.885s] [ 61%] [32mBuilding CXX object CMakeFiles/iceoryx_posh.dir/source/runtime/posh_runtime_single_process.cpp.o[0m
[4.965s] [ 62%] [32mBuilding CXX object CMakeFiles/iceoryx_posh.dir/source/runtime/service_discovery.cpp.o[0m
[4.974s] [ 63%] [32mBuilding CXX object CMakeFiles/iceoryx_posh.dir/source/runtime/node.cpp.o[0m
[4.994s] [ 64%] [32mBuilding CXX object CMakeFiles/iceoryx_posh.dir/source/runtime/node_data.cpp.o[0m
[5.044s] [ 65%] [32mBuilding CXX object CMakeFiles/iceoryx_posh.dir/source/roudi/service_registry.cpp.o[0m
[5.074s] [ 66%] [32mBuilding CXX object CMakeFiles/iceoryx_posh.dir/source/runtime/node_property.cpp.o[0m
[5.074s] [ 67%] [32mBuilding CXX object CMakeFiles/iceoryx_posh.dir/source/runtime/shared_memory_user.cpp.o[0m
[6.042s] [ 68%] [32m[1mLinking CXX shared library libiceoryx_posh.so[0m
[6.215s] [ 68%] Built target iceoryx_posh
[6.232s] [ 69%] [32mBuilding CXX object CMakeFiles/iceoryx_posh_gateway.dir/source/gateway/gateway_base.cpp.o[0m
[6.240s] [ 70%] [32mBuilding CXX object CMakeFiles/iceoryx_posh_roudi.dir/source/roudi/application/iceoryx_roudi_app.cpp.o[0m
[6.240s] [ 71%] [32mBuilding CXX object CMakeFiles/iceoryx_posh_roudi.dir/source/roudi/application/roudi_app.cpp.o[0m
[6.240s] [ 72%] [32mBuilding CXX object CMakeFiles/iceoryx_posh_roudi.dir/source/roudi/memory/memory_provider.cpp.o[0m
[6.241s] [ 73%] [32mBuilding CXX object CMakeFiles/iceoryx_posh_roudi.dir/source/roudi/memory/memory_block.cpp.o[0m
[6.241s] [ 74%] [32mBuilding CXX object CMakeFiles/iceoryx_posh_roudi.dir/source/roudi/memory/mempool_collection_memory_block.cpp.o[0m
[6.247s] [ 75%] [32mBuilding CXX object CMakeFiles/iceoryx_posh_roudi.dir/source/roudi/memory/mempool_segment_manager_memory_block.cpp.o[0m
[6.249s] [ 76%] [32mBuilding CXX object CMakeFiles/iceoryx_posh_roudi.dir/source/roudi/memory/posix_shm_memory_provider.cpp.o[0m
[6.250s] [ 77%] [32mBuilding CXX object CMakeFiles/iceoryx_posh_roudi.dir/source/roudi/memory/default_roudi_memory.cpp.o[0m
[6.250s] [ 78%] [32mBuilding CXX object CMakeFiles/iceoryx_posh_roudi.dir/source/roudi/memory/roudi_memory_manager.cpp.o[0m
[6.254s] [ 80%] [32mBuilding CXX object CMakeFiles/iceoryx_posh_roudi.dir/source/roudi/memory/port_pool_memory_block.cpp.o[0m
[6.255s] [ 81%] [32mBuilding CXX object CMakeFiles/iceoryx_posh_roudi.dir/source/roudi/memory/iceoryx_roudi_memory_manager.cpp.o[0m
[6.256s] [ 82%] [32mBuilding CXX object CMakeFiles/iceoryx_posh_roudi.dir/source/roudi/port_manager.cpp.o[0m
[6.260s] [ 83%] [32mBuilding CXX object CMakeFiles/iceoryx_posh_roudi.dir/source/roudi/port_pool.cpp.o[0m
[6.265s] [ 84%] [32mBuilding CXX object CMakeFiles/iceoryx_posh_roudi.dir/source/roudi/roudi.cpp.o[0m
[6.362s] [ 85%] [32mBuilding CXX object CMakeFiles/iceoryx_posh_roudi.dir/source/roudi/process.cpp.o[0m
[6.549s] [ 86%] [32mBuilding CXX object CMakeFiles/iceoryx_posh_roudi.dir/source/roudi/process_manager.cpp.o[0m
[6.844s] [ 87%] [32mBuilding CXX object CMakeFiles/iceoryx_posh_roudi.dir/source/roudi/iceoryx_roudi_components.cpp.o[0m
[6.861s] [ 88%] [32mBuilding CXX object CMakeFiles/iceoryx_posh_roudi.dir/source/roudi/roudi_cmd_line_parser.cpp.o[0m
[6.909s] [ 89%] [32mBuilding CXX object CMakeFiles/iceoryx_posh_roudi.dir/source/roudi/roudi_cmd_line_parser_config_file_option.cpp.o[0m
[6.959s] [ 90%] [32m[1mLinking CXX shared library libiceoryx_posh_gateway.so[0m
[6.983s] [ 91%] [32mBuilding CXX object CMakeFiles/iceoryx_posh_roudi.dir/source/roudi/roudi_config.cpp.o[0m
[7.094s] [ 91%] Built target iceoryx_posh_gateway
[7.700s] [ 92%] [32m[1mLinking CXX shared library libiceoryx_posh_roudi.so[0m
[7.809s] [ 92%] Built target iceoryx_posh_roudi
[7.823s] [ 93%] [32mBuilding CXX object CMakeFiles/iceoryx_posh_config.dir/source/log/posh_config_logging.cpp.o[0m
[7.823s] [ 94%] [32mBuilding CXX object CMakeFiles/iceoryx_posh_config.dir/source/roudi/roudi_config_toml_file_provider.cpp.o[0m
[7.824s] [ 95%] [32mBuilding CXX object CMakeFiles/iceoryx_posh_config.dir/source/gateway/gateway_config.cpp.o[0m
[7.824s] [ 96%] [32mBuilding CXX object CMakeFiles/iceoryx_posh_config.dir/source/gateway/toml_gateway_config_parser.cpp.o[0m
[10.374s] [ 97%] [32m[1mLinking CXX shared library libiceoryx_posh_config.so[0m
[10.493s] [ 97%] Built target iceoryx_posh_config
[10.506s] [ 98%] [32mBuilding CXX object CMakeFiles/iox-roudi.dir/source/roudi/application/roudi_main.cpp.o[0m
[10.840s] [100%] [32m[1mLinking CXX executable iox-roudi[0m
[10.903s] [100%] Built target iox-roudi
[10.930s] Invoked command in '/home/nick/Robotics_Projects/furuta1/build/iceoryx_posh' returned '0': CMAKE_PREFIX_PATH=/home/nick/Robotics_Projects/furuta1/install/iceoryx_hoofs:/opt/ros/humble LD_LIBRARY_PATH=/home/nick/Robotics_Projects/furuta1/install/iceoryx_hoofs/lib:${LD_LIBRARY_PATH} PKG_CONFIG_PATH=/home/nick/Robotics_Projects/furuta1/install/iceoryx_hoofs/lib/x86_64-linux-gnu/pkgconfig:/home/nick/Robotics_Projects/furuta1/install/iceoryx_hoofs/lib/pkgconfig /usr/bin/cmake --build /home/nick/Robotics_Projects/furuta1/build/iceoryx_posh -- -j16 -l16
[11.169s] Invoking command in '/home/nick/Robotics_Projects/furuta1/build/iceoryx_posh': CMAKE_PREFIX_PATH=/home/nick/Robotics_Projects/furuta1/install/iceoryx_hoofs:/opt/ros/humble LD_LIBRARY_PATH=/home/nick/Robotics_Projects/furuta1/install/iceoryx_hoofs/lib:${LD_LIBRARY_PATH} PKG_CONFIG_PATH=/home/nick/Robotics_Projects/furuta1/install/iceoryx_hoofs/lib/x86_64-linux-gnu/pkgconfig:/home/nick/Robotics_Projects/furuta1/install/iceoryx_hoofs/lib/pkgconfig /usr/bin/cmake --install /home/nick/Robotics_Projects/furuta1/build/iceoryx_posh
[11.612s] -- Install configuration: ""
[11.612s] -- Installing: /home/nick/Robotics_Projects/furuta1/install/iceoryx_posh/include/iceoryx/v2.0.5/iceoryx_versions.hpp
[11.612s] -- Installing: /home/nick/Robotics_Projects/furuta1/install/iceoryx_posh/share/doc/iceoryx_posh/LICENSE
[11.612s] -- Installing: /home/nick/Robotics_Projects/furuta1/install/iceoryx_posh/share/doc/iceoryx_posh/3rd_party_licenses
[11.613s] -- Installing: /home/nick/Robotics_Projects/furuta1/install/iceoryx_posh/share/doc/iceoryx_posh/3rd_party_licenses/cpptoml
[11.613s] -- Installing: /home/nick/Robotics_Projects/furuta1/install/iceoryx_posh/share/doc/iceoryx_posh/3rd_party_licenses/cpptoml/LICENSE
[11.614s] -- Installing: /home/nick/Robotics_Projects/furuta1/install/iceoryx_posh/etc/roudi_config_example.toml
[11.614s] -- Installing: /home/nick/Robotics_Projects/furuta1/install/iceoryx_posh/lib/libiceoryx_posh.so
[11.614s] -- Set runtime path of "/home/nick/Robotics_Projects/furuta1/install/iceoryx_posh/lib/libiceoryx_posh.so" to ""
[11.614s] -- Installing: /home/nick/Robotics_Projects/furuta1/install/iceoryx_posh/lib/libiceoryx_posh_roudi.so
[11.614s] -- Set runtime path of "/home/nick/Robotics_Projects/furuta1/install/iceoryx_posh/lib/libiceoryx_posh_roudi.so" to ""
[11.614s] -- Installing: /home/nick/Robotics_Projects/furuta1/install/iceoryx_posh/lib/libiceoryx_posh_gateway.so
[11.614s] -- Set runtime path of "/home/nick/Robotics_Projects/furuta1/install/iceoryx_posh/lib/libiceoryx_posh_gateway.so" to ""
[11.615s] -- Installing: /home/nick/Robotics_Projects/furuta1/install/iceoryx_posh/lib/libiceoryx_posh_config.so
[11.615s] -- Set runtime path of "/home/nick/Robotics_Projects/furuta1/install/iceoryx_posh/lib/libiceoryx_posh_config.so" to ""
[11.615s] -- Installing: /home/nick/Robotics_Projects/furuta1/install/iceoryx_posh/bin/iox-roudi
[11.615s] -- Set runtime path of "/home/nick/Robotics_Projects/furuta1/install/iceoryx_posh/bin/iox-roudi" to ""
[11.615s] -- Up-to-date: /home/nick/Robotics_Projects/furuta1/install/iceoryx_posh/include/iceoryx/v2.0.5
[11.615s] -- Installing: /home/nick/Robotics_Projects/furuta1/install/iceoryx_posh/include/iceoryx/v2.0.5/iceoryx_posh
[11.615s] -- Installing: /home/nick/Robotics_Projects/furuta1/install/iceoryx_posh/include/iceoryx/v2.0.5/iceoryx_posh/iceoryx_posh_config.hpp
[11.615s] -- Installing: /home/nick/Robotics_Projects/furuta1/install/iceoryx_posh/include/iceoryx/v2.0.5/iceoryx_posh/iceoryx_posh_types.inl
[11.615s] -- Installing: /home/nick/Robotics_Projects/furuta1/install/iceoryx_posh/include/iceoryx/v2.0.5/iceoryx_posh/iceoryx_posh_types.hpp
[11.616s] -- Installing: /home/nick/Robotics_Projects/furuta1/install/iceoryx_posh/include/iceoryx/v2.0.5/iceoryx_posh/capro
[11.616s] -- Installing: /home/nick/Robotics_Projects/furuta1/install/iceoryx_posh/include/iceoryx/v2.0.5/iceoryx_posh/capro/service_description.hpp
[11.616s] -- Installing: /home/nick/Robotics_Projects/furuta1/install/iceoryx_posh/include/iceoryx/v2.0.5/iceoryx_posh/runtime
[11.617s] -- Installing: /home/nick/Robotics_Projects/furuta1/install/iceoryx_posh/include/iceoryx/v2.0.5/iceoryx_posh/runtime/port_config_info.hpp
[11.617s] -- Installing: /home/nick/Robotics_Projects/furuta1/install/iceoryx_posh/include/iceoryx/v2.0.5/iceoryx_posh/runtime/node.hpp
[11.617s] -- Installing: /home/nick/Robotics_Projects/furuta1/install/iceoryx_posh/include/iceoryx/v2.0.5/iceoryx_posh/runtime/posh_runtime_single_process.hpp
[11.617s] -- Installing: /home/nick/Robotics_Projects/furuta1/install/iceoryx_posh/include/iceoryx/v2.0.5/iceoryx_posh/runtime/service_discovery.hpp
[11.617s] -- Installing: /home/nick/Robotics_Projects/furuta1/install/iceoryx_posh/include/iceoryx/v2.0.5/iceoryx_posh/runtime/posh_runtime.hpp
[11.617s] -- Installing: /home/nick/Robotics_Projects/furuta1/install/iceoryx_posh/include/iceoryx/v2.0.5/iceoryx_posh/roudi
[11.617s] -- Installing: /home/nick/Robotics_Projects/furuta1/install/iceoryx_posh/include/iceoryx/v2.0.5/iceoryx_posh/roudi/iceoryx_roudi_app.hpp
[11.617s] -- Installing: /home/nick/Robotics_Projects/furuta1/install/iceoryx_posh/include/iceoryx/v2.0.5/iceoryx_posh/roudi/roudi_config_toml_file_provider.hpp
[11.617s] -- Installing: /home/nick/Robotics_Projects/furuta1/install/iceoryx_posh/include/iceoryx/v2.0.5/iceoryx_posh/roudi/roudi_config_file_provider.hpp
[11.617s] -- Installing: /home/nick/Robotics_Projects/furuta1/install/iceoryx_posh/include/iceoryx/v2.0.5/iceoryx_posh/roudi/memory
[11.617s] -- Installing: /home/nick/Robotics_Projects/furuta1/install/iceoryx_posh/include/iceoryx/v2.0.5/iceoryx_posh/roudi/memory/default_roudi_memory.hpp
[11.617s] -- Installing: /home/nick/Robotics_Projects/furuta1/install/iceoryx_posh/include/iceoryx/v2.0.5/iceoryx_posh/roudi/memory/memory_block.hpp
[11.617s] -- Installing: /home/nick/Robotics_Projects/furuta1/install/iceoryx_posh/include/iceoryx/v2.0.5/iceoryx_posh/roudi/memory/iceoryx_roudi_memory_manager.hpp
[11.617s] -- Installing: /home/nick/Robotics_Projects/furuta1/install/iceoryx_posh/include/iceoryx/v2.0.5/iceoryx_posh/roudi/memory/posix_shm_memory_provider.hpp
[11.618s] -- Installing: /home/nick/Robotics_Projects/furuta1/install/iceoryx_posh/include/iceoryx/v2.0.5/iceoryx_posh/roudi/memory/roudi_memory_manager.hpp
[11.618s] -- Installing: /home/nick/Robotics_Projects/furuta1/install/iceoryx_posh/include/iceoryx/v2.0.5/iceoryx_posh/roudi/memory/roudi_memory_interface.hpp
[11.618s] -- Installing: /home/nick/Robotics_Projects/furuta1/install/iceoryx_posh/include/iceoryx/v2.0.5/iceoryx_posh/roudi/memory/memory_provider.hpp
[11.618s] -- Installing: /home/nick/Robotics_Projects/furuta1/install/iceoryx_posh/include/iceoryx/v2.0.5/iceoryx_posh/roudi/memory/generic_memory_block.hpp
[11.619s] -- Installing: /home/nick/Robotics_Projects/furuta1/install/iceoryx_posh/include/iceoryx/v2.0.5/iceoryx_posh/roudi/cmd_line_args.hpp
[11.619s] -- Installing: /home/nick/Robotics_Projects/furuta1/install/iceoryx_posh/include/iceoryx/v2.0.5/iceoryx_posh/roudi/port_pool.inl
[11.619s] -- Installing: /home/nick/Robotics_Projects/furuta1/install/iceoryx_posh/include/iceoryx/v2.0.5/iceoryx_posh/roudi/roudi_cmd_line_parser_config_file_option.hpp
[11.620s] -- Installing: /home/nick/Robotics_Projects/furuta1/install/iceoryx_posh/include/iceoryx/v2.0.5/iceoryx_posh/roudi/introspection_types.hpp
[11.620s] -- Installing: /home/nick/Robotics_Projects/furuta1/install/iceoryx_posh/include/iceoryx/v2.0.5/iceoryx_posh/roudi/roudi_config.hpp
[11.620s] -- Installing: /home/nick/Robotics_Projects/furuta1/install/iceoryx_posh/include/iceoryx/v2.0.5/iceoryx_posh/roudi/iceoryx_roudi_components.hpp
[11.620s] -- Installing: /home/nick/Robotics_Projects/furuta1/install/iceoryx_posh/include/iceoryx/v2.0.5/iceoryx_posh/roudi/port_pool.hpp
[11.621s] -- Installing: /home/nick/Robotics_Projects/furuta1/install/iceoryx_posh/include/iceoryx/v2.0.5/iceoryx_posh/roudi/roudi_app.hpp
[11.621s] -- Installing: /home/nick/Robotics_Projects/furuta1/install/iceoryx_posh/include/iceoryx/v2.0.5/iceoryx_posh/roudi/roudi_cmd_line_parser.hpp
[11.621s] -- Installing: /home/nick/Robotics_Projects/furuta1/install/iceoryx_posh/include/iceoryx/v2.0.5/iceoryx_posh/gateway
[11.622s] -- Installing: /home/nick/Robotics_Projects/furuta1/install/iceoryx_posh/include/iceoryx/v2.0.5/iceoryx_posh/gateway/gateway_base.hpp
[11.622s] -- Installing: /home/nick/Robotics_Projects/furuta1/install/iceoryx_posh/include/iceoryx/v2.0.5/iceoryx_posh/gateway/toml_gateway_config_parser.hpp
[11.623s] -- Installing: /home/nick/Robotics_Projects/furuta1/install/iceoryx_posh/include/iceoryx/v2.0.5/iceoryx_posh/gateway/gateway_config.hpp
[11.623s] -- Installing: /home/nick/Robotics_Projects/furuta1/install/iceoryx_posh/include/iceoryx/v2.0.5/iceoryx_posh/gateway/gateway_generic.hpp
[11.623s] -- Installing: /home/nick/Robotics_Projects/furuta1/install/iceoryx_posh/include/iceoryx/v2.0.5/iceoryx_posh/gateway/gateway_discovery.hpp
[11.623s] -- Installing: /home/nick/Robotics_Projects/furuta1/install/iceoryx_posh/include/iceoryx/v2.0.5/iceoryx_posh/gateway/channel.hpp
[11.623s] -- Installing: /home/nick/Robotics_Projects/furuta1/install/iceoryx_posh/include/iceoryx/v2.0.5/iceoryx_posh/internal
[11.623s] -- Installing: /home/nick/Robotics_Projects/furuta1/install/iceoryx_posh/include/iceoryx/v2.0.5/iceoryx_posh/internal/capro
[11.623s] -- Installing: /home/nick/Robotics_Projects/furuta1/install/iceoryx_posh/include/iceoryx/v2.0.5/iceoryx_posh/internal/capro/capro_message.hpp
[11.623s] -- Installing: /home/nick/Robotics_Projects/furuta1/install/iceoryx_posh/include/iceoryx/v2.0.5/iceoryx_posh/internal/capro/capro_message.inl
[11.623s] -- Installing: /home/nick/Robotics_Projects/furuta1/install/iceoryx_posh/include/iceoryx/v2.0.5/iceoryx_posh/internal/runtime
[11.624s] -- Installing: /home/nick/Robotics_Projects/furuta1/install/iceoryx_posh/include/iceoryx/v2.0.5/iceoryx_posh/internal/runtime/ipc_interface_user.hpp
[11.624s] -- Installing: /home/nick/Robotics_Projects/furuta1/install/iceoryx_posh/include/iceoryx/v2.0.5/iceoryx_posh/internal/runtime/ipc_runtime_interface.hpp
[11.624s] -- Installing: /home/nick/Robotics_Projects/furuta1/install/iceoryx_posh/include/iceoryx/v2.0.5/iceoryx_posh/internal/runtime/ipc_message.hpp
[11.624s] -- Installing: /home/nick/Robotics_Projects/furuta1/install/iceoryx_posh/include/iceoryx/v2.0.5/iceoryx_posh/internal/runtime/node_property.hpp
[11.624s] -- Installing: /home/nick/Robotics_Projects/furuta1/install/iceoryx_posh/include/iceoryx/v2.0.5/iceoryx_posh/internal/runtime/ipc_message.inl
[11.624s] -- Installing: /home/nick/Robotics_Projects/furuta1/install/iceoryx_posh/include/iceoryx/v2.0.5/iceoryx_posh/internal/runtime/posh_runtime_impl.hpp
[11.624s] -- Installing: /home/nick/Robotics_Projects/furuta1/install/iceoryx_posh/include/iceoryx/v2.0.5/iceoryx_posh/internal/runtime/node_data.hpp
[11.624s] -- Installing: /home/nick/Robotics_Projects/furuta1/install/iceoryx_posh/include/iceoryx/v2.0.5/iceoryx_posh/internal/runtime/ipc_interface_base.hpp
[11.624s] -- Installing: /home/nick/Robotics_Projects/furuta1/install/iceoryx_posh/include/iceoryx/v2.0.5/iceoryx_posh/internal/runtime/shared_memory_user.hpp
[11.624s] -- Installing: /home/nick/Robotics_Projects/furuta1/install/iceoryx_posh/include/iceoryx/v2.0.5/iceoryx_posh/internal/runtime/ipc_interface_creator.hpp
[11.624s] -- Installing: /home/nick/Robotics_Projects/furuta1/install/iceoryx_posh/include/iceoryx/v2.0.5/iceoryx_posh/internal/roudi
[11.624s] -- Installing: /home/nick/Robotics_Projects/furuta1/install/iceoryx_posh/include/iceoryx/v2.0.5/iceoryx_posh/internal/roudi/process_manager.hpp
[11.624s] -- Installing: /home/nick/Robotics_Projects/furuta1/install/iceoryx_posh/include/iceoryx/v2.0.5/iceoryx_posh/internal/roudi/port_pool_data.hpp
[11.624s] -- Installing: /home/nick/Robotics_Projects/furuta1/install/iceoryx_posh/include/iceoryx/v2.0.5/iceoryx_posh/internal/roudi/port_manager.inl
[11.624s] -- Installing: /home/nick/Robotics_Projects/furuta1/install/iceoryx_posh/include/iceoryx/v2.0.5/iceoryx_posh/internal/roudi/roudi.hpp
[11.624s] -- Installing: /home/nick/Robotics_Projects/furuta1/install/iceoryx_posh/include/iceoryx/v2.0.5/iceoryx_posh/internal/roudi/port_manager.hpp
[11.624s] -- Installing: /home/nick/Robotics_Projects/furuta1/install/iceoryx_posh/include/iceoryx/v2.0.5/iceoryx_posh/internal/roudi/memory
[11.624s] -- Installing: /home/nick/Robotics_Projects/furuta1/install/iceoryx_posh/include/iceoryx/v2.0.5/iceoryx_posh/internal/roudi/memory/port_pool_memory_block.hpp
[11.625s] -- Installing: /home/nick/Robotics_Projects/furuta1/install/iceoryx_posh/include/iceoryx/v2.0.5/iceoryx_posh/internal/roudi/memory/generic_memory_block.inl
[11.625s] -- Installing: /home/nick/Robotics_Projects/furuta1/install/iceoryx_posh/include/iceoryx/v2.0.5/iceoryx_posh/internal/roudi/memory/mempool_segment_manager_memory_block.hpp
[11.625s] -- Installing: /home/nick/Robotics_Projects/furuta1/install/iceoryx_posh/include/iceoryx/v2.0.5/iceoryx_posh/internal/roudi/memory/mempool_collection_memory_block.hpp
[11.625s] -- Installing: /home/nick/Robotics_Projects/furuta1/install/iceoryx_posh/include/iceoryx/v2.0.5/iceoryx_posh/internal/roudi/service_registry.hpp
[11.625s] -- Installing: /home/nick/Robotics_Projects/furuta1/install/iceoryx_posh/include/iceoryx/v2.0.5/iceoryx_posh/internal/roudi/port_pool_data.inl
[11.625s] -- Installing: /home/nick/Robotics_Projects/furuta1/install/iceoryx_posh/include/iceoryx/v2.0.5/iceoryx_posh/internal/roudi/process.hpp
[11.625s] -- Installing: /home/nick/Robotics_Projects/furuta1/install/iceoryx_posh/include/iceoryx/v2.0.5/iceoryx_posh/internal/roudi/introspection
[11.625s] -- Installing: /home/nick/Robotics_Projects/furuta1/install/iceoryx_posh/include/iceoryx/v2.0.5/iceoryx_posh/internal/roudi/introspection/process_introspection.inl
[11.625s] -- Installing: /home/nick/Robotics_Projects/furuta1/install/iceoryx_posh/include/iceoryx/v2.0.5/iceoryx_posh/internal/roudi/introspection/process_introspection.hpp
[11.625s] -- Installing: /home/nick/Robotics_Projects/furuta1/install/iceoryx_posh/include/iceoryx/v2.0.5/iceoryx_posh/internal/roudi/introspection/port_introspection.inl
[11.625s] -- Installing: /home/nick/Robotics_Projects/furuta1/install/iceoryx_posh/include/iceoryx/v2.0.5/iceoryx_posh/internal/roudi/introspection/mempool_introspection.hpp
[11.625s] -- Installing: /home/nick/Robotics_Projects/furuta1/install/iceoryx_posh/include/iceoryx/v2.0.5/iceoryx_posh/internal/roudi/introspection/fixed_size_container.hpp
[11.625s] -- Installing: /home/nick/Robotics_Projects/furuta1/install/iceoryx_posh/include/iceoryx/v2.0.5/iceoryx_posh/internal/roudi/introspection/port_introspection.hpp
[11.625s] -- Installing: /home/nick/Robotics_Projects/furuta1/install/iceoryx_posh/include/iceoryx/v2.0.5/iceoryx_posh/internal/roudi/introspection/mempool_introspection.inl
[11.625s] -- Installing: /home/nick/Robotics_Projects/furuta1/install/iceoryx_posh/include/iceoryx/v2.0.5/iceoryx_posh/internal/log
[11.625s] -- Installing: /home/nick/Robotics_Projects/furuta1/install/iceoryx_posh/include/iceoryx/v2.0.5/iceoryx_posh/internal/log/posh_logging.hpp
[11.625s] -- Installing: /home/nick/Robotics_Projects/furuta1/install/iceoryx_posh/include/iceoryx/v2.0.5/iceoryx_posh/internal/log/posh_config_logging.hpp
[11.625s] -- Installing: /home/nick/Robotics_Projects/furuta1/install/iceoryx_posh/include/iceoryx/v2.0.5/iceoryx_posh/internal/gateway
[11.625s] -- Installing: /home/nick/Robotics_Projects/furuta1/install/iceoryx_posh/include/iceoryx/v2.0.5/iceoryx_posh/internal/gateway/channel.inl
[11.625s] -- Installing: /home/nick/Robotics_Projects/furuta1/install/iceoryx_posh/include/iceoryx/v2.0.5/iceoryx_posh/internal/gateway/gateway_generic.inl
[11.625s] -- Installing: /home/nick/Robotics_Projects/furuta1/install/iceoryx_posh/include/iceoryx/v2.0.5/iceoryx_posh/internal/popo
[11.626s] -- Installing: /home/nick/Robotics_Projects/furuta1/install/iceoryx_posh/include/iceoryx/v2.0.5/iceoryx_posh/internal/popo/client_impl.hpp
[11.626s] -- Installing: /home/nick/Robotics_Projects/furuta1/install/iceoryx_posh/include/iceoryx/v2.0.5/iceoryx_posh/internal/popo/base_publisher.hpp
[11.626s] -- Installing: /home/nick/Robotics_Projects/furuta1/install/iceoryx_posh/include/iceoryx/v2.0.5/iceoryx_posh/internal/popo/base_client.hpp
[11.626s] -- Installing: /home/nick/Robotics_Projects/furuta1/install/iceoryx_posh/include/iceoryx/v2.0.5/iceoryx_posh/internal/popo/publisher_impl.inl
[11.627s] -- Installing: /home/nick/Robotics_Projects/furuta1/install/iceoryx_posh/include/iceoryx/v2.0.5/iceoryx_posh/internal/popo/publisher_impl.hpp
[11.627s] -- Installing: /home/nick/Robotics_Projects/furuta1/install/iceoryx_posh/include/iceoryx/v2.0.5/iceoryx_posh/internal/popo/untyped_client_impl.hpp
[11.627s] -- Installing: /home/nick/Robotics_Projects/furuta1/install/iceoryx_posh/include/iceoryx/v2.0.5/iceoryx_posh/internal/popo/server_impl.inl
[11.627s] -- Installing: /home/nick/Robotics_Projects/furuta1/install/iceoryx_posh/include/iceoryx/v2.0.5/iceoryx_posh/internal/popo/untyped_server_impl.hpp
[11.628s] -- Installing: /home/nick/Robotics_Projects/furuta1/install/iceoryx_posh/include/iceoryx/v2.0.5/iceoryx_posh/internal/popo/subscriber_impl.hpp
[11.628s] -- Installing: /home/nick/Robotics_Projects/furuta1/install/iceoryx_posh/include/iceoryx/v2.0.5/iceoryx_posh/internal/popo/sample_deleter.hpp
[11.628s] -- Installing: /home/nick/Robotics_Projects/furuta1/install/iceoryx_posh/include/iceoryx/v2.0.5/iceoryx_posh/internal/popo/request_deleter.hpp
[11.628s] -- Installing: /home/nick/Robotics_Projects/furuta1/install/iceoryx_posh/include/iceoryx/v2.0.5/iceoryx_posh/internal/popo/untyped_subscriber_impl.inl
[11.628s] -- Installing: /home/nick/Robotics_Projects/furuta1/install/iceoryx_posh/include/iceoryx/v2.0.5/iceoryx_posh/internal/popo/untyped_subscriber_impl.hpp
[11.628s] -- Installing: /home/nick/Robotics_Projects/furuta1/install/iceoryx_posh/include/iceoryx/v2.0.5/iceoryx_posh/internal/popo/untyped_publisher_impl.hpp
[11.628s] -- Installing: /home/nick/Robotics_Projects/furuta1/install/iceoryx_posh/include/iceoryx/v2.0.5/iceoryx_posh/internal/popo/response_deleter.inl
[11.628s] -- Installing: /home/nick/Robotics_Projects/furuta1/install/iceoryx_posh/include/iceoryx/v2.0.5/iceoryx_posh/internal/popo/notification_callback.inl
[11.628s] -- Installing: /home/nick/Robotics_Projects/furuta1/install/iceoryx_posh/include/iceoryx/v2.0.5/iceoryx_posh/internal/popo/notification_attorney.inl
[11.629s] -- Installing: /home/nick/Robotics_Projects/furuta1/install/iceoryx_posh/include/iceoryx/v2.0.5/iceoryx_posh/internal/popo/notification_info.inl
[11.629s] -- Installing: /home/nick/Robotics_Projects/furuta1/install/iceoryx_posh/include/iceoryx/v2.0.5/iceoryx_posh/internal/popo/building_blocks
[11.629s] -- Installing: /home/nick/Robotics_Projects/furuta1/install/iceoryx_posh/include/iceoryx/v2.0.5/iceoryx_posh/internal/popo/building_blocks/condition_notifier.hpp
[11.629s] -- Installing: /home/nick/Robotics_Projects/furuta1/install/iceoryx_posh/include/iceoryx/v2.0.5/iceoryx_posh/internal/popo/building_blocks/chunk_receiver.inl
[11.629s] -- Installing: /home/nick/Robotics_Projects/furuta1/install/iceoryx_posh/include/iceoryx/v2.0.5/iceoryx_posh/internal/popo/building_blocks/chunk_receiver_data.inl
[11.629s] -- Installing: /home/nick/Robotics_Projects/furuta1/install/iceoryx_posh/include/iceoryx/v2.0.5/iceoryx_posh/internal/popo/building_blocks/chunk_receiver_data.hpp
[11.629s] -- Installing: /home/nick/Robotics_Projects/furuta1/install/iceoryx_posh/include/iceoryx/v2.0.5/iceoryx_posh/internal/popo/building_blocks/chunk_distributor.inl
[11.629s] -- Installing: /home/nick/Robotics_Projects/furuta1/install/iceoryx_posh/include/iceoryx/v2.0.5/iceoryx_posh/internal/popo/building_blocks/chunk_queue_pusher.hpp
[11.629s] -- Installing: /home/nick/Robotics_Projects/furuta1/install/iceoryx_posh/include/iceoryx/v2.0.5/iceoryx_posh/internal/popo/building_blocks/chunk_queue_data.hpp
[11.629s] -- Installing: /home/nick/Robotics_Projects/furuta1/install/iceoryx_posh/include/iceoryx/v2.0.5/iceoryx_posh/internal/popo/building_blocks/chunk_distributor.hpp
[11.629s] -- Installing: /home/nick/Robotics_Projects/furuta1/install/iceoryx_posh/include/iceoryx/v2.0.5/iceoryx_posh/internal/popo/building_blocks/locking_policy.hpp
[11.629s] -- Installing: /home/nick/Robotics_Projects/furuta1/install/iceoryx_posh/include/iceoryx/v2.0.5/iceoryx_posh/internal/popo/building_blocks/unique_port_id.hpp
[11.629s] -- Installing: /home/nick/Robotics_Projects/furuta1/install/iceoryx_posh/include/iceoryx/v2.0.5/iceoryx_posh/internal/popo/building_blocks/chunk_queue_popper.inl
[11.629s] -- Installing: /home/nick/Robotics_Projects/furuta1/install/iceoryx_posh/include/iceoryx/v2.0.5/iceoryx_posh/internal/popo/building_blocks/chunk_queue_data.inl
[11.629s] -- Installing: /home/nick/Robotics_Projects/furuta1/install/iceoryx_posh/include/iceoryx/v2.0.5/iceoryx_posh/internal/popo/building_blocks/typed_unique_id.hpp
[11.629s] -- Installing: /home/nick/Robotics_Projects/furuta1/install/iceoryx_posh/include/iceoryx/v2.0.5/iceoryx_posh/internal/popo/building_blocks/condition_listener.hpp
[11.630s] -- Installing: /home/nick/Robotics_Projects/furuta1/install/iceoryx_posh/include/iceoryx/v2.0.5/iceoryx_posh/internal/popo/building_blocks/condition_variable_data.hpp
[11.630s] -- Installing: /home/nick/Robotics_Projects/furuta1/install/iceoryx_posh/include/iceoryx/v2.0.5/iceoryx_posh/internal/popo/building_blocks/chunk_queue_pusher.inl
[11.630s] -- Installing: /home/nick/Robotics_Projects/furuta1/install/iceoryx_posh/include/iceoryx/v2.0.5/iceoryx_posh/internal/popo/building_blocks/chunk_sender.inl
[11.630s] -- Installing: /home/nick/Robotics_Projects/furuta1/install/iceoryx_posh/include/iceoryx/v2.0.5/iceoryx_posh/internal/popo/building_blocks/chunk_receiver.hpp
[11.630s] -- Installing: /home/nick/Robotics_Projects/furuta1/install/iceoryx_posh/include/iceoryx/v2.0.5/iceoryx_posh/internal/popo/building_blocks/chunk_sender_data.inl
[11.630s] -- Installing: /home/nick/Robotics_Projects/furuta1/install/iceoryx_posh/include/iceoryx/v2.0.5/iceoryx_posh/internal/popo/building_blocks/chunk_distributor_data.hpp
[11.630s] -- Installing: /home/nick/Robotics_Projects/furuta1/install/iceoryx_posh/include/iceoryx/v2.0.5/iceoryx_posh/internal/popo/building_blocks/chunk_sender.hpp
[11.631s] -- Installing: /home/nick/Robotics_Projects/furuta1/install/iceoryx_posh/include/iceoryx/v2.0.5/iceoryx_posh/internal/popo/building_blocks/chunk_sender_data.hpp
[11.631s] -- Installing: /home/nick/Robotics_Projects/furuta1/install/iceoryx_posh/include/iceoryx/v2.0.5/iceoryx_posh/internal/popo/building_blocks/chunk_distributor_data.inl
[11.631s] -- Installing: /home/nick/Robotics_Projects/furuta1/install/iceoryx_posh/include/iceoryx/v2.0.5/iceoryx_posh/internal/popo/building_blocks/chunk_queue_popper.hpp
[11.631s] -- Installing: /home/nick/Robotics_Projects/furuta1/install/iceoryx_posh/include/iceoryx/v2.0.5/iceoryx_posh/internal/popo/base_server.hpp
[11.631s] -- Installing: /home/nick/Robotics_Projects/furuta1/install/iceoryx_posh/include/iceoryx/v2.0.5/iceoryx_posh/internal/popo/publisher_interface.hpp
[11.631s] -- Installing: /home/nick/Robotics_Projects/furuta1/install/iceoryx_posh/include/iceoryx/v2.0.5/iceoryx_posh/internal/popo/response.inl
[11.631s] -- Installing: /home/nick/Robotics_Projects/furuta1/install/iceoryx_posh/include/iceoryx/v2.0.5/iceoryx_posh/internal/popo/base_client.inl
[11.631s] -- Installing: /home/nick/Robotics_Projects/furuta1/install/iceoryx_posh/include/iceoryx/v2.0.5/iceoryx_posh/internal/popo/subscriber_impl.inl
[11.631s] -- Installing: /home/nick/Robotics_Projects/furuta1/install/iceoryx_posh/include/iceoryx/v2.0.5/iceoryx_posh/internal/popo/request.inl
[11.631s] -- Installing: /home/nick/Robotics_Projects/furuta1/install/iceoryx_posh/include/iceoryx/v2.0.5/iceoryx_posh/internal/popo/untyped_client_impl.inl
[11.631s] -- Installing: /home/nick/Robotics_Projects/furuta1/install/iceoryx_posh/include/iceoryx/v2.0.5/iceoryx_posh/internal/popo/sample.inl
[11.631s] -- Installing: /home/nick/Robotics_Projects/furuta1/install/iceoryx_posh/include/iceoryx/v2.0.5/iceoryx_posh/internal/popo/trigger.inl
[11.631s] -- Installing: /home/nick/Robotics_Projects/furuta1/install/iceoryx_posh/include/iceoryx/v2.0.5/iceoryx_posh/internal/popo/untyped_publisher_impl.inl
[11.631s] -- Installing: /home/nick/Robotics_Projects/furuta1/install/iceoryx_posh/include/iceoryx/v2.0.5/iceoryx_posh/internal/popo/rpc_interface.hpp
[11.632s] -- Installing: /home/nick/Robotics_Projects/furuta1/install/iceoryx_posh/include/iceoryx/v2.0.5/iceoryx_posh/internal/popo/base_publisher.inl
[11.632s] -- Installing: /home/nick/Robotics_Projects/furuta1/install/iceoryx_posh/include/iceoryx/v2.0.5/iceoryx_posh/internal/popo/ports
[11.633s] -- Installing: /home/nick/Robotics_Projects/furuta1/install/iceoryx_posh/include/iceoryx/v2.0.5/iceoryx_posh/internal/popo/ports/pub_sub_port_types.hpp
[11.633s] -- Installing: /home/nick/Robotics_Projects/furuta1/install/iceoryx_posh/include/iceoryx/v2.0.5/iceoryx_posh/internal/popo/ports/base_port_data.hpp
[11.633s] -- Installing: /home/nick/Robotics_Projects/furuta1/install/iceoryx_posh/include/iceoryx/v2.0.5/iceoryx_posh/internal/popo/ports/base_port.hpp
[11.633s] -- Installing: /home/nick/Robotics_Projects/furuta1/install/iceoryx_posh/include/iceoryx/v2.0.5/iceoryx_posh/internal/popo/ports/server_port_user.hpp
[11.633s] -- Installing: /home/nick/Robotics_Projects/furuta1/install/iceoryx_posh/include/iceoryx/v2.0.5/iceoryx_posh/internal/popo/ports/subscriber_port_roudi.hpp
[11.633s] -- Installing: /home/nick/Robotics_Projects/furuta1/install/iceoryx_posh/include/iceoryx/v2.0.5/iceoryx_posh/internal/popo/ports/client_port_user.inl
[11.633s] -- Installing: /home/nick/Robotics_Projects/furuta1/install/iceoryx_posh/include/iceoryx/v2.0.5/iceoryx_posh/internal/popo/ports/client_port_user.hpp
[11.633s] -- Installing: /home/nick/Robotics_Projects/furuta1/install/iceoryx_posh/include/iceoryx/v2.0.5/iceoryx_posh/internal/popo/ports/interface_port_data.hpp
[11.634s] -- Installing: /home/nick/Robotics_Projects/furuta1/install/iceoryx_posh/include/iceoryx/v2.0.5/iceoryx_posh/internal/popo/ports/subscriber_port_user.hpp
[11.634s] -- Installing: /home/nick/Robotics_Projects/furuta1/install/iceoryx_posh/include/iceoryx/v2.0.5/iceoryx_posh/internal/popo/ports/publisher_port_data.hpp
[11.634s] -- Installing: /home/nick/Robotics_Projects/furuta1/install/iceoryx_posh/include/iceoryx/v2.0.5/iceoryx_posh/internal/popo/ports/subscriber_port_multi_producer.hpp
[11.634s] -- Installing: /home/nick/Robotics_Projects/furuta1/install/iceoryx_posh/include/iceoryx/v2.0.5/iceoryx_posh/internal/popo/ports/server_port_data.hpp
[11.634s] -- Installing: /home/nick/Robotics_Projects/furuta1/install/iceoryx_posh/include/iceoryx/v2.0.5/iceoryx_posh/internal/popo/ports/interface_port.hpp
[11.634s] -- Installing: /home/nick/Robotics_Projects/furuta1/install/iceoryx_posh/include/iceoryx/v2.0.5/iceoryx_posh/internal/popo/ports/publisher_port_user.hpp
[11.634s] -- Installing: /home/nick/Robotics_Projects/furuta1/install/iceoryx_posh/include/iceoryx/v2.0.5/iceoryx_posh/internal/popo/ports/publisher_port_roudi.hpp
[11.634s] -- Installing: /home/nick/Robotics_Projects/furuta1/install/iceoryx_posh/include/iceoryx/v2.0.5/iceoryx_posh/internal/popo/ports/server_port_user.inl
[11.634s] -- Installing: /home/nick/Robotics_Projects/furuta1/install/iceoryx_posh/include/iceoryx/v2.0.5/iceoryx_posh/internal/popo/ports/subscriber_port_single_producer.hpp
[11.634s] -- Installing: /home/nick/Robotics_Projects/furuta1/install/iceoryx_posh/include/iceoryx/v2.0.5/iceoryx_posh/internal/popo/ports/subscriber_port_data.hpp
[11.634s] -- Installing: /home/nick/Robotics_Projects/furuta1/install/iceoryx_posh/include/iceoryx/v2.0.5/iceoryx_posh/internal/popo/ports/client_port_roudi.hpp
[11.634s] -- Installing: /home/nick/Robotics_Projects/furuta1/install/iceoryx_posh/include/iceoryx/v2.0.5/iceoryx_posh/internal/popo/ports/client_port_data.hpp
[11.634s] -- Installing: /home/nick/Robotics_Projects/furuta1/install/iceoryx_posh/include/iceoryx/v2.0.5/iceoryx_posh/internal/popo/ports/server_port_roudi.hpp
[11.634s] -- Installing: /home/nick/Robotics_Projects/furuta1/install/iceoryx_posh/include/iceoryx/v2.0.5/iceoryx_posh/internal/popo/ports/base_port.inl
[11.634s] -- Installing: /home/nick/Robotics_Projects/furuta1/install/iceoryx_posh/include/iceoryx/v2.0.5/iceoryx_posh/internal/popo/ports/client_server_port_types.hpp
[11.635s] -- Installing: /home/nick/Robotics_Projects/furuta1/install/iceoryx_posh/include/iceoryx/v2.0.5/iceoryx_posh/internal/popo/smart_chunk.inl
[11.635s] -- Installing: /home/nick/Robotics_Projects/furuta1/install/iceoryx_posh/include/iceoryx/v2.0.5/iceoryx_posh/internal/popo/server_impl.hpp
[11.635s] -- Installing: /home/nick/Robotics_Projects/furuta1/install/iceoryx_posh/include/iceoryx/v2.0.5/iceoryx_posh/internal/popo/used_chunk_list.hpp
[11.635s] -- Installing: /home/nick/Robotics_Projects/furuta1/install/iceoryx_posh/include/iceoryx/v2.0.5/iceoryx_posh/internal/popo/response_deleter.hpp
[11.635s] -- Installing: /home/nick/Robotics_Projects/furuta1/install/iceoryx_posh/include/iceoryx/v2.0.5/iceoryx_posh/internal/popo/smart_chunk.hpp
[11.635s] -- Installing: /home/nick/Robotics_Projects/furuta1/install/iceoryx_posh/include/iceoryx/v2.0.5/iceoryx_posh/internal/popo/typed_port_api_trait.hpp
[11.635s] -- Installing: /home/nick/Robotics_Projects/furuta1/install/iceoryx_posh/include/iceoryx/v2.0.5/iceoryx_posh/internal/popo/used_chunk_list.inl
[11.635s] -- Installing: /home/nick/Robotics_Projects/furuta1/install/iceoryx_posh/include/iceoryx/v2.0.5/iceoryx_posh/internal/popo/client_impl.inl
[11.635s] -- Installing: /home/nick/Robotics_Projects/furuta1/install/iceoryx_posh/include/iceoryx/v2.0.5/iceoryx_posh/internal/popo/listener.inl
[11.635s] -- Installing: /home/nick/Robotics_Projects/furuta1/install/iceoryx_posh/include/iceoryx/v2.0.5/iceoryx_posh/internal/popo/sample_deleter.inl
[11.635s] -- Installing: /home/nick/Robotics_Projects/furuta1/install/iceoryx_posh/include/iceoryx/v2.0.5/iceoryx_posh/internal/popo/request_deleter.inl
[11.635s] -- Installing: /home/nick/Robotics_Projects/furuta1/install/iceoryx_posh/include/iceoryx/v2.0.5/iceoryx_posh/internal/popo/base_server.inl
[11.635s] -- Installing: /home/nick/Robotics_Projects/furuta1/install/iceoryx_posh/include/iceoryx/v2.0.5/iceoryx_posh/internal/popo/base_subscriber.inl
[11.635s] -- Installing: /home/nick/Robotics_Projects/furuta1/install/iceoryx_posh/include/iceoryx/v2.0.5/iceoryx_posh/internal/popo/untyped_server_impl.inl
[11.635s] -- Installing: /home/nick/Robotics_Projects/furuta1/install/iceoryx_posh/include/iceoryx/v2.0.5/iceoryx_posh/internal/popo/wait_set.inl
[11.636s] -- Installing: /home/nick/Robotics_Projects/furuta1/install/iceoryx_posh/include/iceoryx/v2.0.5/iceoryx_posh/internal/popo/base_subscriber.hpp
[11.636s] -- Installing: /home/nick/Robotics_Projects/furuta1/install/iceoryx_posh/include/iceoryx/v2.0.5/iceoryx_posh/internal/mepoo
[11.636s] -- Installing: /home/nick/Robotics_Projects/furuta1/install/iceoryx_posh/include/iceoryx/v2.0.5/iceoryx_posh/internal/mepoo/typed_mem_pool.hpp
[11.636s] -- Installing: /home/nick/Robotics_Projects/furuta1/install/iceoryx_posh/include/iceoryx/v2.0.5/iceoryx_posh/internal/mepoo/memory_manager.inl
[11.636s] -- Installing: /home/nick/Robotics_Projects/furuta1/install/iceoryx_posh/include/iceoryx/v2.0.5/iceoryx_posh/internal/mepoo/mem_pool.hpp
[11.636s] -- Installing: /home/nick/Robotics_Projects/furuta1/install/iceoryx_posh/include/iceoryx/v2.0.5/iceoryx_posh/internal/mepoo/shared_pointer.inl
[11.636s] -- Installing: /home/nick/Robotics_Projects/furuta1/install/iceoryx_posh/include/iceoryx/v2.0.5/iceoryx_posh/internal/mepoo/shared_pointer.hpp
[11.636s] -- Installing: /home/nick/Robotics_Projects/furuta1/install/iceoryx_posh/include/iceoryx/v2.0.5/iceoryx_posh/internal/mepoo/mepoo.hpp
[11.636s] -- Installing: /home/nick/Robotics_Projects/furuta1/install/iceoryx_posh/include/iceoryx/v2.0.5/iceoryx_posh/internal/mepoo/memory_manager.hpp
[11.636s] -- Installing: /home/nick/Robotics_Projects/furuta1/install/iceoryx_posh/include/iceoryx/v2.0.5/iceoryx_posh/internal/mepoo/mepoo_segment.hpp
[11.636s] -- Installing: /home/nick/Robotics_Projects/furuta1/install/iceoryx_posh/include/iceoryx/v2.0.5/iceoryx_posh/internal/mepoo/shared_chunk.hpp
[11.636s] -- Installing: /home/nick/Robotics_Projects/furuta1/install/iceoryx_posh/include/iceoryx/v2.0.5/iceoryx_posh/internal/mepoo/segment_manager.hpp
[11.636s] -- Installing: /home/nick/Robotics_Projects/furuta1/install/iceoryx_posh/include/iceoryx/v2.0.5/iceoryx_posh/internal/mepoo/chunk_management.hpp
[11.636s] -- Installing: /home/nick/Robotics_Projects/furuta1/install/iceoryx_posh/include/iceoryx/v2.0.5/iceoryx_posh/internal/mepoo/mepoo_segment.inl
[11.637s] -- Installing: /home/nick/Robotics_Projects/furuta1/install/iceoryx_posh/include/iceoryx/v2.0.5/iceoryx_posh/internal/mepoo/shm_safe_unmanaged_chunk.hpp
[11.637s] -- Installing: /home/nick/Robotics_Projects/furuta1/install/iceoryx_posh/include/iceoryx/v2.0.5/iceoryx_posh/internal/mepoo/typed_mem_pool.inl
[11.637s] -- Installing: /home/nick/Robotics_Projects/furuta1/install/iceoryx_posh/include/iceoryx/v2.0.5/iceoryx_posh/internal/mepoo/segment_manager.inl
[11.637s] -- Installing: /home/nick/Robotics_Projects/furuta1/install/iceoryx_posh/include/iceoryx/v2.0.5/iceoryx_posh/popo
[11.637s] -- Installing: /home/nick/Robotics_Projects/furuta1/install/iceoryx_posh/include/iceoryx/v2.0.5/iceoryx_posh/popo/enum_trigger_type.hpp
[11.637s] -- Installing: /home/nick/Robotics_Projects/furuta1/install/iceoryx_posh/include/iceoryx/v2.0.5/iceoryx_posh/popo/port_queue_policies.hpp
[11.637s] -- Installing: /home/nick/Robotics_Projects/furuta1/install/iceoryx_posh/include/iceoryx/v2.0.5/iceoryx_posh/popo/untyped_publisher.hpp
[11.637s] -- Installing: /home/nick/Robotics_Projects/furuta1/install/iceoryx_posh/include/iceoryx/v2.0.5/iceoryx_posh/popo/notification_attorney.hpp
[11.637s] -- Installing: /home/nick/Robotics_Projects/furuta1/install/iceoryx_posh/include/iceoryx/v2.0.5/iceoryx_posh/popo/server.hpp
[11.637s] -- Installing: /home/nick/Robotics_Projects/furuta1/install/iceoryx_posh/include/iceoryx/v2.0.5/iceoryx_posh/popo/client_options.hpp
[11.637s] -- Installing: /home/nick/Robotics_Projects/furuta1/install/iceoryx_posh/include/iceoryx/v2.0.5/iceoryx_posh/popo/untyped_subscriber.hpp
[11.637s] -- Installing: /home/nick/Robotics_Projects/furuta1/install/iceoryx_posh/include/iceoryx/v2.0.5/iceoryx_posh/popo/user_trigger.hpp
[11.637s] -- Installing: /home/nick/Robotics_Projects/furuta1/install/iceoryx_posh/include/iceoryx/v2.0.5/iceoryx_posh/popo/subscriber_options.hpp
[11.637s] -- Installing: /home/nick/Robotics_Projects/furuta1/install/iceoryx_posh/include/iceoryx/v2.0.5/iceoryx_posh/popo/subscriber.hpp
[11.637s] -- Installing: /home/nick/Robotics_Projects/furuta1/install/iceoryx_posh/include/iceoryx/v2.0.5/iceoryx_posh/popo/server_options.hpp
[11.637s] -- Installing: /home/nick/Robotics_Projects/furuta1/install/iceoryx_posh/include/iceoryx/v2.0.5/iceoryx_posh/popo/listener.hpp
[11.638s] -- Installing: /home/nick/Robotics_Projects/furuta1/install/iceoryx_posh/include/iceoryx/v2.0.5/iceoryx_posh/popo/client.hpp
[11.639s] -- Installing: /home/nick/Robotics_Projects/furuta1/install/iceoryx_posh/include/iceoryx/v2.0.5/iceoryx_posh/popo/response.hpp
[11.639s] -- Installing: /home/nick/Robotics_Projects/furuta1/install/iceoryx_posh/include/iceoryx/v2.0.5/iceoryx_posh/popo/untyped_client.hpp
[11.640s] -- Installing: /home/nick/Robotics_Projects/furuta1/install/iceoryx_posh/include/iceoryx/v2.0.5/iceoryx_posh/popo/request.hpp
[11.640s] -- Installing: /home/nick/Robotics_Projects/furuta1/install/iceoryx_posh/include/iceoryx/v2.0.5/iceoryx_posh/popo/publisher.hpp
[11.641s] -- Installing: /home/nick/Robotics_Projects/furuta1/install/iceoryx_posh/include/iceoryx/v2.0.5/iceoryx_posh/popo/wait_set.hpp
[11.641s] -- Installing: /home/nick/Robotics_Projects/furuta1/install/iceoryx_posh/include/iceoryx/v2.0.5/iceoryx_posh/popo/publisher_options.hpp
[11.641s] -- Installing: /home/nick/Robotics_Projects/furuta1/install/iceoryx_posh/include/iceoryx/v2.0.5/iceoryx_posh/popo/notification_info.hpp
[11.641s] -- Installing: /home/nick/Robotics_Projects/furuta1/install/iceoryx_posh/include/iceoryx/v2.0.5/iceoryx_posh/popo/rpc_header.hpp
[11.641s] -- Installing: /home/nick/Robotics_Projects/furuta1/install/iceoryx_posh/include/iceoryx/v2.0.5/iceoryx_posh/popo/sample.hpp
[11.642s] -- Installing: /home/nick/Robotics_Projects/furuta1/install/iceoryx_posh/include/iceoryx/v2.0.5/iceoryx_posh/popo/trigger.hpp
[11.642s] -- Installing: /home/nick/Robotics_Projects/furuta1/install/iceoryx_posh/include/iceoryx/v2.0.5/iceoryx_posh/popo/trigger_handle.hpp
[11.642s] -- Installing: /home/nick/Robotics_Projects/furuta1/install/iceoryx_posh/include/iceoryx/v2.0.5/iceoryx_posh/popo/notification_callback.hpp
[11.642s] -- Installing: /home/nick/Robotics_Projects/furuta1/install/iceoryx_posh/include/iceoryx/v2.0.5/iceoryx_posh/popo/untyped_server.hpp
[11.642s] -- Installing: /home/nick/Robotics_Projects/furuta1/install/iceoryx_posh/include/iceoryx/v2.0.5/iceoryx_posh/mepoo
[11.642s] -- Installing: /home/nick/Robotics_Projects/furuta1/install/iceoryx_posh/include/iceoryx/v2.0.5/iceoryx_posh/mepoo/chunk_header.hpp
[11.642s] -- Installing: /home/nick/Robotics_Projects/furuta1/install/iceoryx_posh/include/iceoryx/v2.0.5/iceoryx_posh/mepoo/chunk_settings.hpp
[11.643s] -- Installing: /home/nick/Robotics_Projects/furuta1/install/iceoryx_posh/include/iceoryx/v2.0.5/iceoryx_posh/mepoo/mepoo_config.hpp
[11.643s] -- Installing: /home/nick/Robotics_Projects/furuta1/install/iceoryx_posh/include/iceoryx/v2.0.5/iceoryx_posh/mepoo/memory_info.hpp
[11.643s] -- Installing: /home/nick/Robotics_Projects/furuta1/install/iceoryx_posh/include/iceoryx/v2.0.5/iceoryx_posh/mepoo/segment_config.hpp
[11.643s] -- Installing: /home/nick/Robotics_Projects/furuta1/install/iceoryx_posh/include/iceoryx/v2.0.5/iceoryx_posh/version
[11.643s] -- Installing: /home/nick/Robotics_Projects/furuta1/install/iceoryx_posh/include/iceoryx/v2.0.5/iceoryx_posh/version/version_info.hpp
[11.643s] -- Installing: /home/nick/Robotics_Projects/furuta1/install/iceoryx_posh/include/iceoryx/v2.0.5/iceoryx_posh/version/compatibility_check_level.hpp
[11.643s] -- Installing: /home/nick/Robotics_Projects/furuta1/install/iceoryx_posh/lib/cmake/iceoryx_posh/iceoryx_poshConfigVersion.cmake
[11.643s] -- Installing: /home/nick/Robotics_Projects/furuta1/install/iceoryx_posh/lib/cmake/iceoryx_posh/iceoryx_poshConfig.cmake
[11.644s] -- Installing: /home/nick/Robotics_Projects/furuta1/install/iceoryx_posh/lib/cmake/iceoryx_posh/iceoryx_poshTargets.cmake
[11.644s] -- Installing: /home/nick/Robotics_Projects/furuta1/install/iceoryx_posh/lib/cmake/iceoryx_posh/iceoryx_poshTargets-noconfig.cmake
[11.644s] -- Installing: /home/nick/Robotics_Projects/furuta1/install/iceoryx_posh/include/iceoryx/v2.0.5/iceoryx_posh/iceoryx_posh_deployment.hpp
[11.644s] -- Installing: /home/nick/Robotics_Projects/furuta1/install/iceoryx_posh/lib/cmake/iceoryx_posh/IceoryxPoshDeployment.cmake
[11.645s] Invoked command in '/home/nick/Robotics_Projects/furuta1/build/iceoryx_posh' returned '0': CMAKE_PREFIX_PATH=/home/nick/Robotics_Projects/furuta1/install/iceoryx_hoofs:/opt/ros/humble LD_LIBRARY_PATH=/home/nick/Robotics_Projects/furuta1/install/iceoryx_hoofs/lib:${LD_LIBRARY_PATH} PKG_CONFIG_PATH=/home/nick/Robotics_Projects/furuta1/install/iceoryx_hoofs/lib/x86_64-linux-gnu/pkgconfig:/home/nick/Robotics_Projects/furuta1/install/iceoryx_hoofs/lib/pkgconfig /usr/bin/cmake --install /home/nick/Robotics_Projects/furuta1/build/iceoryx_posh
