[0.004s] Invoking command in '/home/nick/Robotics_Projects/furuta1/build/ros_gz_example_description': /usr/bin/cmake /home/nick/Robotics_Projects/furuta1/ros_gz_example_description -DAMENT_CMAKE_SYMLINK_INSTALL=1 -DCMAKE_INSTALL_PREFIX=/home/nick/Robotics_Projects/furuta1/install/ros_gz_example_description
[0.012s] -- Found ament_cmake: 1.3.8 (/opt/ros/humble/share/ament_cmake/cmake)
[0.091s] Traceback (most recent call last):
[0.091s]   File "/opt/ros/humble/share/ament_cmake_core/cmake/package_templates/templates_2_cmake.py", line 21, in <module>
[0.091s]     from ament_package.templates import get_environment_hook_template_path
[0.091s] ModuleNotFoundError: No module named 'ament_package'
[0.097s] [31mCMake Error at /opt/ros/humble/share/ament_cmake_core/cmake/ament_cmake_package_templates-extras.cmake:41 (message):
[0.097s]   execute_process(/usr/bin/python3
[0.097s]   /opt/ros/humble/share/ament_cmake_core/cmake/package_templates/templates_2_cmake.py
[0.097s]   /home/nick/Robotics_Projects/furuta1/build/ros_gz_example_description/ament_cmake_package_templates/templates.cmake)
[0.097s]   returned error code 1
[0.097s] Call Stack (most recent call first):
[0.097s]   /opt/ros/humble/share/ament_cmake_core/cmake/ament_cmake_coreConfig.cmake:41 (include)
[0.097s]   /opt/ros/humble/share/ament_cmake/cmake/ament_cmake_export_dependencies-extras.cmake:15 (find_package)
[0.097s]   /opt/ros/humble/share/ament_cmake/cmake/ament_cmakeConfig.cmake:41 (include)
[0.097s]   CMakeLists.txt:5 (find_package)
[0.097s] 
[0.097s] [0m
[0.097s] -- Configuring incomplete, errors occurred!
[0.097s] See also "/home/nick/Robotics_Projects/furuta1/build/ros_gz_example_description/CMakeFiles/CMakeOutput.log".
[0.099s] Invoked command in '/home/nick/Robotics_Projects/furuta1/build/ros_gz_example_description' returned '1': /usr/bin/cmake /home/nick/Robotics_Projects/furuta1/ros_gz_example_description -DAMENT_CMAKE_SYMLINK_INSTALL=1 -DCMAKE_INSTALL_PREFIX=/home/nick/Robotics_Projects/furuta1/install/ros_gz_example_description
