-- Found ament_cmake_core: 1.3.8 (/home/nick/Robotics_Projects/furuta1/install/ament_cmake_core/share/ament_cmake_core/cmake)
-- Found Python3: /usr/bin/python3 (found version "3.10.12") found components: Interpreter 
-- Override CMake install command with custom implementation using symlinks instead of copying resources
-- Configuring done
-- Generating done
-- Build files have been written to: /home/nick/Robotics_Projects/furuta1/build/ament_cmake_export_definitions
-- Install configuration: ""
-- Execute custom install script
-- Symlinking: /home/nick/Robotics_Projects/furuta1/install/ament_cmake_export_definitions/share/ament_index/resource_index/package_run_dependencies/ament_cmake_export_definitions
-- Symlinking: /home/nick/Robotics_Projects/furuta1/install/ament_cmake_export_definitions/share/ament_index/resource_index/parent_prefix_path/ament_cmake_export_definitions
-- Symlinking: /home/nick/Robotics_Projects/furuta1/install/ament_cmake_export_definitions/share/ament_cmake_export_definitions/environment/ament_prefix_path.sh
-- Symlinking: /home/nick/Robotics_Projects/furuta1/install/ament_cmake_export_definitions/share/ament_cmake_export_definitions/environment/ament_prefix_path.dsv
-- Symlinking: /home/nick/Robotics_Projects/furuta1/install/ament_cmake_export_definitions/share/ament_cmake_export_definitions/environment/path.sh
-- Symlinking: /home/nick/Robotics_Projects/furuta1/install/ament_cmake_export_definitions/share/ament_cmake_export_definitions/environment/path.dsv
-- Symlinking: /home/nick/Robotics_Projects/furuta1/install/ament_cmake_export_definitions/share/ament_cmake_export_definitions/local_setup.bash
-- Symlinking: /home/nick/Robotics_Projects/furuta1/install/ament_cmake_export_definitions/share/ament_cmake_export_definitions/local_setup.sh
-- Symlinking: /home/nick/Robotics_Projects/furuta1/install/ament_cmake_export_definitions/share/ament_cmake_export_definitions/local_setup.zsh
-- Symlinking: /home/nick/Robotics_Projects/furuta1/install/ament_cmake_export_definitions/share/ament_cmake_export_definitions/local_setup.dsv
-- Symlinking: /home/nick/Robotics_Projects/furuta1/install/ament_cmake_export_definitions/share/ament_cmake_export_definitions/package.dsv
-- Symlinking: /home/nick/Robotics_Projects/furuta1/install/ament_cmake_export_definitions/share/ament_index/resource_index/packages/ament_cmake_export_definitions
-- Symlinking: /home/nick/Robotics_Projects/furuta1/install/ament_cmake_export_definitions/share/ament_cmake_export_definitions/cmake/ament_cmake_export_definitions-extras.cmake
-- Symlinking: /home/nick/Robotics_Projects/furuta1/install/ament_cmake_export_definitions/share/ament_cmake_export_definitions/cmake/ament_cmake_export_definitionsConfig.cmake
-- Symlinking: /home/nick/Robotics_Projects/furuta1/install/ament_cmake_export_definitions/share/ament_cmake_export_definitions/cmake/ament_cmake_export_definitionsConfig-version.cmake
-- Symlinking: /home/nick/Robotics_Projects/furuta1/install/ament_cmake_export_definitions/share/ament_cmake_export_definitions/package.xml
-- Symlinking: /home/nick/Robotics_Projects/furuta1/install/ament_cmake_export_definitions/share/ament_cmake_export_definitions/cmake/ament_cmake_export_definitions-extras.cmake.in
-- Symlinking: /home/nick/Robotics_Projects/furuta1/install/ament_cmake_export_definitions/share/ament_cmake_export_definitions/cmake/ament_cmake_export_definitions_package_hook.cmake
-- Symlinking: /home/nick/Robotics_Projects/furuta1/install/ament_cmake_export_definitions/share/ament_cmake_export_definitions/cmake/ament_export_definitions.cmake
