[0.018s] Invoking command in '/home/nick/Robotics_Projects/furuta1/build/ament_cmake_export_definitions': AMENT_PREFIX_PATH=/home/nick/Robotics_Projects/furuta1/install/ament_cmake_core:/home/nick/Robotics_Projects/furuta1/install/ament_package:${AMENT_PREFIX_PATH} CMAKE_PREFIX_PATH=/home/nick/Robotics_Projects/furuta1/install/ament_cmake_core:/opt/ros/humble PYTHONPATH=/home/nick/Robotics_Projects/furuta1/build/ament_package:/home/nick/Robotics_Projects/furuta1/install/ament_package/lib/python3.10/site-packages:${PYTHONPATH} /usr/bin/cmake /home/nick/Robotics_Projects/furuta1/src/ament/ament_cmake/ament_cmake_export_definitions -DAMENT_CMAKE_SYMLINK_INSTALL=1 -DCMAKE_INSTALL_PREFIX=/home/nick/Robotics_Projects/furuta1/install/ament_cmake_export_definitions
[0.037s] -- Found ament_cmake_core: 1.3.8 (/home/nick/Robotics_Projects/furuta1/install/ament_cmake_core/share/ament_cmake_core/cmake)
[0.329s] -- Found Python3: /usr/bin/python3 (found version "3.10.12") found components: Interpreter 
[0.378s] -- Override CMake install command with custom implementation using symlinks instead of copying resources
[0.437s] -- Configuring done
[0.437s] -- Generating done
[0.438s] -- Build files have been written to: /home/nick/Robotics_Projects/furuta1/build/ament_cmake_export_definitions
[0.439s] Invoked command in '/home/nick/Robotics_Projects/furuta1/build/ament_cmake_export_definitions' returned '0': AMENT_PREFIX_PATH=/home/nick/Robotics_Projects/furuta1/install/ament_cmake_core:/home/nick/Robotics_Projects/furuta1/install/ament_package:${AMENT_PREFIX_PATH} CMAKE_PREFIX_PATH=/home/nick/Robotics_Projects/furuta1/install/ament_cmake_core:/opt/ros/humble PYTHONPATH=/home/nick/Robotics_Projects/furuta1/build/ament_package:/home/nick/Robotics_Projects/furuta1/install/ament_package/lib/python3.10/site-packages:${PYTHONPATH} /usr/bin/cmake /home/nick/Robotics_Projects/furuta1/src/ament/ament_cmake/ament_cmake_export_definitions -DAMENT_CMAKE_SYMLINK_INSTALL=1 -DCMAKE_INSTALL_PREFIX=/home/nick/Robotics_Projects/furuta1/install/ament_cmake_export_definitions
[0.440s] Invoking command in '/home/nick/Robotics_Projects/furuta1/build/ament_cmake_export_definitions': AMENT_PREFIX_PATH=/home/nick/Robotics_Projects/furuta1/install/ament_cmake_core:/home/nick/Robotics_Projects/furuta1/install/ament_package:${AMENT_PREFIX_PATH} CMAKE_PREFIX_PATH=/home/nick/Robotics_Projects/furuta1/install/ament_cmake_core:/opt/ros/humble PYTHONPATH=/home/nick/Robotics_Projects/furuta1/build/ament_package:/home/nick/Robotics_Projects/furuta1/install/ament_package/lib/python3.10/site-packages:${PYTHONPATH} /usr/bin/cmake --build /home/nick/Robotics_Projects/furuta1/build/ament_cmake_export_definitions -- -j16 -l16
[0.470s] Invoked command in '/home/nick/Robotics_Projects/furuta1/build/ament_cmake_export_definitions' returned '0': AMENT_PREFIX_PATH=/home/nick/Robotics_Projects/furuta1/install/ament_cmake_core:/home/nick/Robotics_Projects/furuta1/install/ament_package:${AMENT_PREFIX_PATH} CMAKE_PREFIX_PATH=/home/nick/Robotics_Projects/furuta1/install/ament_cmake_core:/opt/ros/humble PYTHONPATH=/home/nick/Robotics_Projects/furuta1/build/ament_package:/home/nick/Robotics_Projects/furuta1/install/ament_package/lib/python3.10/site-packages:${PYTHONPATH} /usr/bin/cmake --build /home/nick/Robotics_Projects/furuta1/build/ament_cmake_export_definitions -- -j16 -l16
[0.489s] Invoking command in '/home/nick/Robotics_Projects/furuta1/build/ament_cmake_export_definitions': AMENT_PREFIX_PATH=/home/nick/Robotics_Projects/furuta1/install/ament_cmake_core:/home/nick/Robotics_Projects/furuta1/install/ament_package:${AMENT_PREFIX_PATH} CMAKE_PREFIX_PATH=/home/nick/Robotics_Projects/furuta1/install/ament_cmake_core:/opt/ros/humble PYTHONPATH=/home/nick/Robotics_Projects/furuta1/build/ament_package:/home/nick/Robotics_Projects/furuta1/install/ament_package/lib/python3.10/site-packages:${PYTHONPATH} /usr/bin/cmake --install /home/nick/Robotics_Projects/furuta1/build/ament_cmake_export_definitions
[0.607s] -- Install configuration: ""
[0.607s] -- Execute custom install script
[0.607s] -- Symlinking: /home/nick/Robotics_Projects/furuta1/install/ament_cmake_export_definitions/share/ament_index/resource_index/package_run_dependencies/ament_cmake_export_definitions
[0.607s] -- Symlinking: /home/nick/Robotics_Projects/furuta1/install/ament_cmake_export_definitions/share/ament_index/resource_index/parent_prefix_path/ament_cmake_export_definitions
[0.607s] -- Symlinking: /home/nick/Robotics_Projects/furuta1/install/ament_cmake_export_definitions/share/ament_cmake_export_definitions/environment/ament_prefix_path.sh
[0.607s] -- Symlinking: /home/nick/Robotics_Projects/furuta1/install/ament_cmake_export_definitions/share/ament_cmake_export_definitions/environment/ament_prefix_path.dsv
[0.607s] -- Symlinking: /home/nick/Robotics_Projects/furuta1/install/ament_cmake_export_definitions/share/ament_cmake_export_definitions/environment/path.sh
[0.607s] -- Symlinking: /home/nick/Robotics_Projects/furuta1/install/ament_cmake_export_definitions/share/ament_cmake_export_definitions/environment/path.dsv
[0.607s] -- Symlinking: /home/nick/Robotics_Projects/furuta1/install/ament_cmake_export_definitions/share/ament_cmake_export_definitions/local_setup.bash
[0.607s] -- Symlinking: /home/nick/Robotics_Projects/furuta1/install/ament_cmake_export_definitions/share/ament_cmake_export_definitions/local_setup.sh
[0.607s] -- Symlinking: /home/nick/Robotics_Projects/furuta1/install/ament_cmake_export_definitions/share/ament_cmake_export_definitions/local_setup.zsh
[0.607s] -- Symlinking: /home/nick/Robotics_Projects/furuta1/install/ament_cmake_export_definitions/share/ament_cmake_export_definitions/local_setup.dsv
[0.607s] -- Symlinking: /home/nick/Robotics_Projects/furuta1/install/ament_cmake_export_definitions/share/ament_cmake_export_definitions/package.dsv
[0.607s] -- Symlinking: /home/nick/Robotics_Projects/furuta1/install/ament_cmake_export_definitions/share/ament_index/resource_index/packages/ament_cmake_export_definitions
[0.607s] -- Symlinking: /home/nick/Robotics_Projects/furuta1/install/ament_cmake_export_definitions/share/ament_cmake_export_definitions/cmake/ament_cmake_export_definitions-extras.cmake
[0.608s] -- Symlinking: /home/nick/Robotics_Projects/furuta1/install/ament_cmake_export_definitions/share/ament_cmake_export_definitions/cmake/ament_cmake_export_definitionsConfig.cmake
[0.608s] -- Symlinking: /home/nick/Robotics_Projects/furuta1/install/ament_cmake_export_definitions/share/ament_cmake_export_definitions/cmake/ament_cmake_export_definitionsConfig-version.cmake
[0.608s] -- Symlinking: /home/nick/Robotics_Projects/furuta1/install/ament_cmake_export_definitions/share/ament_cmake_export_definitions/package.xml
[0.614s] -- Symlinking: /home/nick/Robotics_Projects/furuta1/install/ament_cmake_export_definitions/share/ament_cmake_export_definitions/cmake/ament_cmake_export_definitions-extras.cmake.in
[0.625s] -- Symlinking: /home/nick/Robotics_Projects/furuta1/install/ament_cmake_export_definitions/share/ament_cmake_export_definitions/cmake/ament_cmake_export_definitions_package_hook.cmake
[0.631s] -- Symlinking: /home/nick/Robotics_Projects/furuta1/install/ament_cmake_export_definitions/share/ament_cmake_export_definitions/cmake/ament_export_definitions.cmake
[0.676s] Invoked command in '/home/nick/Robotics_Projects/furuta1/build/ament_cmake_export_definitions' returned '0': AMENT_PREFIX_PATH=/home/nick/Robotics_Projects/furuta1/install/ament_cmake_core:/home/nick/Robotics_Projects/furuta1/install/ament_package:${AMENT_PREFIX_PATH} CMAKE_PREFIX_PATH=/home/nick/Robotics_Projects/furuta1/install/ament_cmake_core:/opt/ros/humble PYTHONPATH=/home/nick/Robotics_Projects/furuta1/build/ament_package:/home/nick/Robotics_Projects/furuta1/install/ament_package/lib/python3.10/site-packages:${PYTHONPATH} /usr/bin/cmake --install /home/nick/Robotics_Projects/furuta1/build/ament_cmake_export_definitions
