[0.006s] Invoking command in '/home/nick/Robotics_Projects/furuta1/build/gmock_vendor': CMAKE_PREFIX_PATH=/home/nick/Robotics_Projects/furuta1/install/gtest_vendor:/opt/ros/humble PKG_CONFIG_PATH=/home/nick/Robotics_Projects/furuta1/install/gtest_vendor/lib/x86_64-linux-gnu/pkgconfig:/home/nick/Robotics_Projects/furuta1/install/gtest_vendor/lib/pkgconfig /usr/bin/cmake /home/nick/Robotics_Projects/furuta1/src/ament/googletest/googlemock -DCMAKE_INSTALL_PREFIX=/home/nick/Robotics_Projects/furuta1/install/gmock_vendor
[0.017s] -- Configuring done
[0.018s] -- Generating done
[0.018s] -- Build files have been written to: /home/nick/Robotics_Projects/furuta1/build/gmock_vendor
[0.022s] Invoked command in '/home/nick/Robotics_Projects/furuta1/build/gmock_vendor' returned '0': CMAKE_PREFIX_PATH=/home/nick/Robotics_Projects/furuta1/install/gtest_vendor:/opt/ros/humble PKG_CONFIG_PATH=/home/nick/Robotics_Projects/furuta1/install/gtest_vendor/lib/x86_64-linux-gnu/pkgconfig:/home/nick/Robotics_Projects/furuta1/install/gtest_vendor/lib/pkgconfig /usr/bin/cmake /home/nick/Robotics_Projects/furuta1/src/ament/googletest/googlemock -DCMAKE_INSTALL_PREFIX=/home/nick/Robotics_Projects/furuta1/install/gmock_vendor
[0.022s] Invoking command in '/home/nick/Robotics_Projects/furuta1/build/gmock_vendor': CMAKE_PREFIX_PATH=/home/nick/Robotics_Projects/furuta1/install/gtest_vendor:/opt/ros/humble PKG_CONFIG_PATH=/home/nick/Robotics_Projects/furuta1/install/gtest_vendor/lib/x86_64-linux-gnu/pkgconfig:/home/nick/Robotics_Projects/furuta1/install/gtest_vendor/lib/pkgconfig /usr/bin/cmake --build /home/nick/Robotics_Projects/furuta1/build/gmock_vendor -- -j16 -l16
[0.091s] Invoked command in '/home/nick/Robotics_Projects/furuta1/build/gmock_vendor' returned '0': CMAKE_PREFIX_PATH=/home/nick/Robotics_Projects/furuta1/install/gtest_vendor:/opt/ros/humble PKG_CONFIG_PATH=/home/nick/Robotics_Projects/furuta1/install/gtest_vendor/lib/x86_64-linux-gnu/pkgconfig:/home/nick/Robotics_Projects/furuta1/install/gtest_vendor/lib/pkgconfig /usr/bin/cmake --build /home/nick/Robotics_Projects/furuta1/build/gmock_vendor -- -j16 -l16
[0.125s] Invoking command in '/home/nick/Robotics_Projects/furuta1/build/gmock_vendor': CMAKE_PREFIX_PATH=/home/nick/Robotics_Projects/furuta1/install/gtest_vendor:/opt/ros/humble PKG_CONFIG_PATH=/home/nick/Robotics_Projects/furuta1/install/gtest_vendor/lib/x86_64-linux-gnu/pkgconfig:/home/nick/Robotics_Projects/furuta1/install/gtest_vendor/lib/pkgconfig /usr/bin/cmake --install /home/nick/Robotics_Projects/furuta1/build/gmock_vendor
[0.133s] -- Install configuration: ""
[0.133s] -- Installing: /home/nick/Robotics_Projects/furuta1/install/gmock_vendor/share/gmock_vendor/cmake/gmock_vendorConfig.cmake
[0.133s] -- Installing: /home/nick/Robotics_Projects/furuta1/install/gmock_vendor/share/gmock_vendor/package.xml
[0.134s] -- Installing: /home/nick/Robotics_Projects/furuta1/install/gmock_vendor/src/gmock_vendor/CMakeLists.txt
[0.134s] -- Installing: /home/nick/Robotics_Projects/furuta1/install/gmock_vendor/src/gmock_vendor/include/gmock
[0.134s] -- Installing: /home/nick/Robotics_Projects/furuta1/install/gmock_vendor/src/gmock_vendor/include/gmock/gmock-actions.h
[0.135s] -- Installing: /home/nick/Robotics_Projects/furuta1/install/gmock_vendor/src/gmock_vendor/include/gmock/gmock-generated-function-mockers.h
[0.135s] -- Installing: /home/nick/Robotics_Projects/furuta1/install/gmock_vendor/src/gmock_vendor/include/gmock/gmock.h
[0.135s] -- Installing: /home/nick/Robotics_Projects/furuta1/install/gmock_vendor/src/gmock_vendor/include/gmock/gmock-more-actions.h
[0.135s] -- Installing: /home/nick/Robotics_Projects/furuta1/install/gmock_vendor/src/gmock_vendor/include/gmock/gmock-more-matchers.h
[0.136s] -- Installing: /home/nick/Robotics_Projects/furuta1/install/gmock_vendor/src/gmock_vendor/include/gmock/gmock-generated-function-mockers.h.pump
[0.136s] -- Installing: /home/nick/Robotics_Projects/furuta1/install/gmock_vendor/src/gmock_vendor/include/gmock/gmock-function-mocker.h
[0.136s] -- Installing: /home/nick/Robotics_Projects/furuta1/install/gmock_vendor/src/gmock_vendor/include/gmock/gmock-generated-matchers.h
[0.137s] -- Installing: /home/nick/Robotics_Projects/furuta1/install/gmock_vendor/src/gmock_vendor/include/gmock/gmock-spec-builders.h
[0.137s] -- Installing: /home/nick/Robotics_Projects/furuta1/install/gmock_vendor/src/gmock_vendor/include/gmock/gmock-cardinalities.h
[0.137s] -- Installing: /home/nick/Robotics_Projects/furuta1/install/gmock_vendor/src/gmock_vendor/include/gmock/gmock-generated-actions.h
[0.137s] -- Installing: /home/nick/Robotics_Projects/furuta1/install/gmock_vendor/src/gmock_vendor/include/gmock/internal
[0.138s] -- Installing: /home/nick/Robotics_Projects/furuta1/install/gmock_vendor/src/gmock_vendor/include/gmock/internal/gmock-port.h
[0.138s] -- Installing: /home/nick/Robotics_Projects/furuta1/install/gmock_vendor/src/gmock_vendor/include/gmock/internal/gmock-internal-utils.h
[0.138s] -- Installing: /home/nick/Robotics_Projects/furuta1/install/gmock_vendor/src/gmock_vendor/include/gmock/internal/gmock-pp.h
[0.138s] -- Installing: /home/nick/Robotics_Projects/furuta1/install/gmock_vendor/src/gmock_vendor/include/gmock/internal/custom
[0.139s] -- Installing: /home/nick/Robotics_Projects/furuta1/install/gmock_vendor/src/gmock_vendor/include/gmock/internal/custom/gmock-port.h
[0.139s] -- Installing: /home/nick/Robotics_Projects/furuta1/install/gmock_vendor/src/gmock_vendor/include/gmock/internal/custom/gmock-generated-actions.h
[0.139s] -- Installing: /home/nick/Robotics_Projects/furuta1/install/gmock_vendor/src/gmock_vendor/include/gmock/internal/custom/gmock-generated-actions.h.pump
[0.139s] -- Installing: /home/nick/Robotics_Projects/furuta1/install/gmock_vendor/src/gmock_vendor/include/gmock/internal/custom/README.md
[0.140s] -- Installing: /home/nick/Robotics_Projects/furuta1/install/gmock_vendor/src/gmock_vendor/include/gmock/internal/custom/gmock-matchers.h
[0.140s] -- Installing: /home/nick/Robotics_Projects/furuta1/install/gmock_vendor/src/gmock_vendor/include/gmock/gmock-nice-strict.h
[0.140s] -- Installing: /home/nick/Robotics_Projects/furuta1/install/gmock_vendor/src/gmock_vendor/include/gmock/gmock-generated-matchers.h.pump
[0.140s] -- Installing: /home/nick/Robotics_Projects/furuta1/install/gmock_vendor/src/gmock_vendor/include/gmock/gmock-generated-actions.h.pump
[0.141s] -- Installing: /home/nick/Robotics_Projects/furuta1/install/gmock_vendor/src/gmock_vendor/include/gmock/gmock-matchers.h
[0.141s] -- Installing: /home/nick/Robotics_Projects/furuta1/install/gmock_vendor/src/gmock_vendor/src
[0.141s] -- Installing: /home/nick/Robotics_Projects/furuta1/install/gmock_vendor/src/gmock_vendor/src/gmock-all.cc
[0.142s] -- Installing: /home/nick/Robotics_Projects/furuta1/install/gmock_vendor/src/gmock_vendor/src/gmock_main.cc
[0.142s] -- Installing: /home/nick/Robotics_Projects/furuta1/install/gmock_vendor/src/gmock_vendor/src/gmock.cc
[0.142s] -- Installing: /home/nick/Robotics_Projects/furuta1/install/gmock_vendor/src/gmock_vendor/src/gmock-cardinalities.cc
[0.142s] -- Installing: /home/nick/Robotics_Projects/furuta1/install/gmock_vendor/src/gmock_vendor/src/gmock-spec-builders.cc
[0.143s] -- Installing: /home/nick/Robotics_Projects/furuta1/install/gmock_vendor/src/gmock_vendor/src/gmock-matchers.cc
[0.143s] -- Installing: /home/nick/Robotics_Projects/furuta1/install/gmock_vendor/src/gmock_vendor/src/gmock-internal-utils.cc
[0.145s] Invoked command in '/home/nick/Robotics_Projects/furuta1/build/gmock_vendor' returned '0': CMAKE_PREFIX_PATH=/home/nick/Robotics_Projects/furuta1/install/gtest_vendor:/opt/ros/humble PKG_CONFIG_PATH=/home/nick/Robotics_Projects/furuta1/install/gtest_vendor/lib/x86_64-linux-gnu/pkgconfig:/home/nick/Robotics_Projects/furuta1/install/gtest_vendor/lib/pkgconfig /usr/bin/cmake --install /home/nick/Robotics_Projects/furuta1/build/gmock_vendor
