[0.000000] (-) TimerEvent: {}
[0.000126] (ros_gz_example_application) JobQueued: {'identifier': 'ros_gz_example_application', 'dependencies': OrderedDict()}
[0.000143] (ros_gz_example_description) JobQueued: {'identifier': 'ros_gz_example_description', 'dependencies': OrderedDict()}
[0.000272] (ros_gz_example_gazebo) JobQueued: {'identifier': 'ros_gz_example_gazebo', 'dependencies': OrderedDict([('ros_gz_example_description', '/home/nick/Robotics_Projects/furuta1/install/ros_gz_example_description')])}
[0.000390] (ros_gz_example_bringup) JobQueued: {'identifier': 'ros_gz_example_bringup', 'dependencies': OrderedDict([('ros_gz_example_description', '/home/nick/Robotics_Projects/furuta1/install/ros_gz_example_description'), ('ros_gz_example_gazebo', '/home/nick/Robotics_Projects/furuta1/install/ros_gz_example_gazebo')])}
[0.000462] (ros_gz_example_description) JobStarted: {'identifier': 'ros_gz_example_description'}
[0.005168] (ros_gz_example_application) JobStarted: {'identifier': 'ros_gz_example_application'}
[0.007039] (ros_gz_example_description) JobProgress: {'identifier': 'ros_gz_example_description', 'progress': 'cmake'}
[0.007186] (ros_gz_example_description) Command: {'cmd': ['/usr/bin/cmake', '/home/nick/Robotics_Projects/furuta1/ros_gz_example_description', '-DAMENT_CMAKE_SYMLINK_INSTALL=1', '-DCMAKE_INSTALL_PREFIX=/home/nick/Robotics_Projects/furuta1/install/ros_gz_example_description'], 'cwd': '/home/nick/Robotics_Projects/furuta1/build/ros_gz_example_description', 'env': OrderedDict([('LESSOPEN', '| /usr/bin/lesspipe %s'), ('USER', 'nick'), ('PAM_KWALLET5_LOGIN', '/run/user/1000/kwallet5.socket'), ('XDG_SEAT', 'seat0'), ('SSH_AGENT_PID', '1628'), ('XDG_SESSION_TYPE', 'x11'), ('SHLVL', '1'), ('LD_LIBRARY_PATH', '/opt/ros/humble/opt/rviz_ogre_vendor/lib:/opt/ros/humble/lib/x86_64-linux-gnu:/opt/ros/humble/lib'), ('HOME', '/home/nick'), ('OLDPWD', '/home/nick/Robotics_Projects/furuta1/ros_gz_example_bringup'), ('DESKTOP_SESSION', 'i3'), ('XDG_SEAT_PATH', '/org/freedesktop/DisplayManager/Seat0'), ('DBUS_SESSION_BUS_ADDRESS', 'unix:path=/run/user/1000/bus'), ('COLORTERM', 'truecolor'), ('LOGNAME', 'nick'), ('ALACRITTY_SOCKET', '/run/user/1000/Alacritty-:0-64723.sock'), ('WINDOWID', '85983235'), ('_', '/usr/bin/colcon'), ('XDG_SESSION_CLASS', 'user'), ('TERM', 'alacritty'), ('XDG_SESSION_ID', '3'), ('ALACRITTY_LOG', '/tmp/Alacritty-64723.log'), ('PATH', '/opt/ros/humble/bin:/home/nick/.juliaup/bin:/home/nick/.cargo/bin:/home/nick/.local/bin:/usr/local/sbin:/usr/local/bin:/usr/sbin:/usr/bin:/sbin:/bin:/usr/games:/usr/local/games:/snap/bin'), ('XDG_SESSION_PATH', '/org/freedesktop/DisplayManager/Session1'), ('XDG_RUNTIME_DIR', '/run/user/1000'), ('WINIT_X11_SCALE_FACTOR', '2'), ('DISPLAY', ':0'), ('LANG', 'en_US.UTF-8'), ('XDG_CURRENT_DESKTOP', 'i3'), ('XDG_SESSION_DESKTOP', 'i3'), ('XAUTHORITY', '/home/nick/.Xauthority'), ('LS_COLORS', ''), ('SSH_AUTH_SOCK', '/tmp/ssh-XXXXXXAFXg2v/agent.1500'), ('AMENT_PREFIX_PATH', '/opt/ros/humble'), ('SHELL', '/bin/bash'), ('QT_ACCESSIBILITY', '1'), ('LESSCLOSE', '/usr/bin/lesspipe %s %s'), ('GPG_AGENT_INFO', '/run/user/1000/gnupg/S.gpg-agent:0:1'), ('XDG_VTNR', '1'), ('ALACRITTY_WINDOW_ID', '85983235'), ('PWD', '/home/nick/Robotics_Projects/furuta1/build/ros_gz_example_description'), ('LC_ALL', 'en_US.UTF-8'), ('XDG_CONFIG_DIRS', '/etc/xdg/xdg-i3:/etc/xdg:/usr/share/kubuntu-default-settings/kf5-settings'), ('XDG_DATA_DIRS', '/usr/share/i3:/home/nick/.local/share/flatpak/exports/share:/var/lib/flatpak/exports/share:/usr/local/share:/usr/share:/var/lib/snapd/desktop'), ('PYTHONPATH', '/opt/ros/humble/lib/python3.10/site-packages:/opt/ros/humble/local/lib/python3.10/dist-packages'), ('I3SOCK', '/run/user/1000/i3/ipc-socket.1500'), ('COLCON', '1'), ('CMAKE_PREFIX_PATH', '/opt/ros/humble')]), 'shell': False}
[0.009523] (ros_gz_example_application) JobProgress: {'identifier': 'ros_gz_example_application', 'progress': 'cmake'}
[0.009693] (ros_gz_example_application) Command: {'cmd': ['/usr/bin/cmake', '/home/nick/Robotics_Projects/furuta1/ros_gz_example_application', '-DAMENT_CMAKE_SYMLINK_INSTALL=1', '-DCMAKE_INSTALL_PREFIX=/home/nick/Robotics_Projects/furuta1/install/ros_gz_example_application'], 'cwd': '/home/nick/Robotics_Projects/furuta1/build/ros_gz_example_application', 'env': OrderedDict([('LESSOPEN', '| /usr/bin/lesspipe %s'), ('USER', 'nick'), ('PAM_KWALLET5_LOGIN', '/run/user/1000/kwallet5.socket'), ('XDG_SEAT', 'seat0'), ('SSH_AGENT_PID', '1628'), ('XDG_SESSION_TYPE', 'x11'), ('SHLVL', '1'), ('LD_LIBRARY_PATH', '/opt/ros/humble/opt/rviz_ogre_vendor/lib:/opt/ros/humble/lib/x86_64-linux-gnu:/opt/ros/humble/lib'), ('HOME', '/home/nick'), ('OLDPWD', '/home/nick/Robotics_Projects/furuta1/ros_gz_example_bringup'), ('DESKTOP_SESSION', 'i3'), ('XDG_SEAT_PATH', '/org/freedesktop/DisplayManager/Seat0'), ('DBUS_SESSION_BUS_ADDRESS', 'unix:path=/run/user/1000/bus'), ('COLORTERM', 'truecolor'), ('LOGNAME', 'nick'), ('ALACRITTY_SOCKET', '/run/user/1000/Alacritty-:0-64723.sock'), ('WINDOWID', '85983235'), ('_', '/usr/bin/colcon'), ('XDG_SESSION_CLASS', 'user'), ('TERM', 'alacritty'), ('XDG_SESSION_ID', '3'), ('ALACRITTY_LOG', '/tmp/Alacritty-64723.log'), ('PATH', '/opt/ros/humble/bin:/home/nick/.juliaup/bin:/home/nick/.cargo/bin:/home/nick/.local/bin:/usr/local/sbin:/usr/local/bin:/usr/sbin:/usr/bin:/sbin:/bin:/usr/games:/usr/local/games:/snap/bin'), ('XDG_SESSION_PATH', '/org/freedesktop/DisplayManager/Session1'), ('XDG_RUNTIME_DIR', '/run/user/1000'), ('WINIT_X11_SCALE_FACTOR', '2'), ('DISPLAY', ':0'), ('LANG', 'en_US.UTF-8'), ('XDG_CURRENT_DESKTOP', 'i3'), ('XDG_SESSION_DESKTOP', 'i3'), ('XAUTHORITY', '/home/nick/.Xauthority'), ('LS_COLORS', ''), ('SSH_AUTH_SOCK', '/tmp/ssh-XXXXXXAFXg2v/agent.1500'), ('AMENT_PREFIX_PATH', '/opt/ros/humble'), ('SHELL', '/bin/bash'), ('QT_ACCESSIBILITY', '1'), ('LESSCLOSE', '/usr/bin/lesspipe %s %s'), ('GPG_AGENT_INFO', '/run/user/1000/gnupg/S.gpg-agent:0:1'), ('XDG_VTNR', '1'), ('ALACRITTY_WINDOW_ID', '85983235'), ('PWD', '/home/nick/Robotics_Projects/furuta1/build/ros_gz_example_application'), ('LC_ALL', 'en_US.UTF-8'), ('XDG_CONFIG_DIRS', '/etc/xdg/xdg-i3:/etc/xdg:/usr/share/kubuntu-default-settings/kf5-settings'), ('XDG_DATA_DIRS', '/usr/share/i3:/home/nick/.local/share/flatpak/exports/share:/var/lib/flatpak/exports/share:/usr/local/share:/usr/share:/var/lib/snapd/desktop'), ('PYTHONPATH', '/opt/ros/humble/lib/python3.10/site-packages:/opt/ros/humble/local/lib/python3.10/dist-packages'), ('I3SOCK', '/run/user/1000/i3/ipc-socket.1500'), ('COLCON', '1'), ('CMAKE_PREFIX_PATH', '/opt/ros/humble')]), 'shell': False}
[0.099938] (-) TimerEvent: {}
[0.125115] (ros_gz_example_description) StdoutLine: {'line': b'-- The C compiler identification is GNU 11.4.0\n'}
[0.125230] (ros_gz_example_application) StdoutLine: {'line': b'-- The C compiler identification is GNU 11.4.0\n'}
[0.200004] (-) TimerEvent: {}
[0.220032] (ros_gz_example_description) StdoutLine: {'line': b'-- The CXX compiler identification is GNU 11.4.0\n'}
[0.221424] (ros_gz_example_application) StdoutLine: {'line': b'-- The CXX compiler identification is GNU 11.4.0\n'}
[0.228995] (ros_gz_example_description) StdoutLine: {'line': b'-- Detecting C compiler ABI info\n'}
[0.229078] (ros_gz_example_application) StdoutLine: {'line': b'-- Detecting C compiler ABI info\n'}
[0.278590] (ros_gz_example_description) StdoutLine: {'line': b'-- Detecting C compiler ABI info - done\n'}
[0.279056] (ros_gz_example_application) StdoutLine: {'line': b'-- Detecting C compiler ABI info - done\n'}
[0.282858] (ros_gz_example_description) StdoutLine: {'line': b'-- Check for working C compiler: /usr/bin/cc - skipped\n'}
[0.283184] (ros_gz_example_description) StdoutLine: {'line': b'-- Detecting C compile features\n'}
[0.283494] (ros_gz_example_application) StdoutLine: {'line': b'-- Check for working C compiler: /usr/bin/cc - skipped\n'}
[0.283645] (ros_gz_example_application) StdoutLine: {'line': b'-- Detecting C compile features\n'}
[0.283769] (ros_gz_example_description) StdoutLine: {'line': b'-- Detecting C compile features - done\n'}
[0.283871] (ros_gz_example_application) StdoutLine: {'line': b'-- Detecting C compile features - done\n'}
[0.286337] (ros_gz_example_description) StdoutLine: {'line': b'-- Detecting CXX compiler ABI info\n'}
[0.286398] (ros_gz_example_application) StdoutLine: {'line': b'-- Detecting CXX compiler ABI info\n'}
[0.300076] (-) TimerEvent: {}
[0.338998] (ros_gz_example_description) StdoutLine: {'line': b'-- Detecting CXX compiler ABI info - done\n'}
[0.339190] (ros_gz_example_application) StdoutLine: {'line': b'-- Detecting CXX compiler ABI info - done\n'}
[0.343321] (ros_gz_example_description) StdoutLine: {'line': b'-- Check for working CXX compiler: /usr/bin/c++ - skipped\n'}
[0.343501] (ros_gz_example_description) StdoutLine: {'line': b'-- Detecting CXX compile features\n'}
[0.343570] (ros_gz_example_application) StdoutLine: {'line': b'-- Check for working CXX compiler: /usr/bin/c++ - skipped\n'}
[0.343755] (ros_gz_example_description) StdoutLine: {'line': b'-- Detecting CXX compile features - done\n'}
[0.343822] (ros_gz_example_application) StdoutLine: {'line': b'-- Detecting CXX compile features\n'}
[0.344004] (ros_gz_example_application) StdoutLine: {'line': b'-- Detecting CXX compile features - done\n'}
[0.347490] (ros_gz_example_application) StdoutLine: {'line': b'-- Found ament_cmake: 1.3.8 (/opt/ros/humble/share/ament_cmake/cmake)\n'}
[0.347565] (ros_gz_example_description) StdoutLine: {'line': b'-- Found ament_cmake: 1.3.8 (/opt/ros/humble/share/ament_cmake/cmake)\n'}
[0.400154] (-) TimerEvent: {}
[0.500300] (-) TimerEvent: {}
[0.540001] (ros_gz_example_description) StdoutLine: {'line': b'-- Found Python3: /usr/bin/python3 (found version "3.10.12") found components: Interpreter \n'}
[0.541710] (ros_gz_example_application) StdoutLine: {'line': b'-- Found Python3: /usr/bin/python3 (found version "3.10.12") found components: Interpreter \n'}
[0.581043] (ros_gz_example_application) StdoutLine: {'line': b'-- Override CMake install command with custom implementation using symlinks instead of copying resources\n'}
[0.581128] (ros_gz_example_description) StdoutLine: {'line': b'-- Override CMake install command with custom implementation using symlinks instead of copying resources\n'}
[0.600371] (-) TimerEvent: {}
[0.612044] (ros_gz_example_description) StderrLine: {'line': b'\x1b[31mCMake Error at CMakeLists.txt:8 (find_package):\n'}
[0.612145] (ros_gz_example_description) StderrLine: {'line': b'  By not providing "Findament_lint_auto.cmake" in CMAKE_MODULE_PATH this\n'}
[0.612187] (ros_gz_example_description) StderrLine: {'line': b'  project has asked CMake to find a package configuration file provided by\n'}
[0.612221] (ros_gz_example_description) StderrLine: {'line': b'  "ament_lint_auto", but CMake did not find one.\n'}
[0.612252] (ros_gz_example_description) StderrLine: {'line': b'\n'}
[0.612281] (ros_gz_example_description) StderrLine: {'line': b'  Could not find a package configuration file provided by "ament_lint_auto"\n'}
[0.612311] (ros_gz_example_description) StderrLine: {'line': b'  with any of the following names:\n'}
[0.612346] (ros_gz_example_description) StderrLine: {'line': b'\n'}
[0.612376] (ros_gz_example_description) StderrLine: {'line': b'    ament_lint_autoConfig.cmake\n'}
[0.612404] (ros_gz_example_description) StderrLine: {'line': b'    ament_lint_auto-config.cmake\n'}
[0.612432] (ros_gz_example_description) StderrLine: {'line': b'\n'}
[0.612459] (ros_gz_example_description) StderrLine: {'line': b'  Add the installation prefix of "ament_lint_auto" to CMAKE_PREFIX_PATH or\n'}
[0.612488] (ros_gz_example_description) StderrLine: {'line': b'  set "ament_lint_auto_DIR" to a directory containing one of the above files.\n'}
[0.612515] (ros_gz_example_description) StderrLine: {'line': b'  If "ament_lint_auto" provides a separate development package or SDK, be\n'}
[0.612543] (ros_gz_example_description) StderrLine: {'line': b'  sure it has been installed.\n'}
[0.612571] (ros_gz_example_description) StderrLine: {'line': b'\n'}
[0.612599] (ros_gz_example_description) StderrLine: {'line': b'\x1b[0m\n'}
[0.612627] (ros_gz_example_description) StdoutLine: {'line': b'-- Configuring incomplete, errors occurred!\n'}
[0.612662] (ros_gz_example_description) StdoutLine: {'line': b'See also "/home/nick/Robotics_Projects/furuta1/build/ros_gz_example_description/CMakeFiles/CMakeOutput.log".\n'}
[0.614972] (ros_gz_example_description) CommandEnded: {'returncode': 1}
[0.631103] (ros_gz_example_description) JobEnded: {'identifier': 'ros_gz_example_description', 'rc': 1}
[0.641455] (ros_gz_example_application) StdoutLine: {'line': b'-- Configuring done\n'}
[0.643345] (ros_gz_example_application) StdoutLine: {'line': b'-- Generating done\n'}
[0.643908] (ros_gz_example_application) StdoutLine: {'line': b'-- Build files have been written to: /home/nick/Robotics_Projects/furuta1/build/ros_gz_example_application\n'}
[0.646822] (ros_gz_example_application) JobEnded: {'identifier': 'ros_gz_example_application', 'rc': 'SIGINT'}
[0.657075] (ros_gz_example_gazebo) JobSkipped: {'identifier': 'ros_gz_example_gazebo'}
[0.657123] (ros_gz_example_bringup) JobSkipped: {'identifier': 'ros_gz_example_bringup'}
[0.657140] (-) EventReactorShutdown: {}
