[ 50%] Built target ext-singleproducerconsumer
[100%] Built target ext-concurrentqueue
-- Install configuration: ""
-- Execute custom install script
-- Symlinking: /home/nick/Robotics_Projects/furuta1/install/shared_queues_vendor/include/moodycamel/atomicops.h
-- Symlinking: /home/nick/Robotics_Projects/furuta1/install/shared_queues_vendor/include/moodycamel/readerwriterqueue.h
-- Symlinking: /home/nick/Robotics_Projects/furuta1/install/shared_queues_vendor/include/moodycamel/concurrentqueue.h
-- Symlinking: /home/nick/Robotics_Projects/furuta1/install/shared_queues_vendor/include/moodycamel/blockingconcurrentqueue.h
-- Symlinking: /home/nick/Robotics_Projects/furuta1/install/shared_queues_vendor/share/ament_index/resource_index/package_run_dependencies/shared_queues_vendor
-- Symlinking: /home/nick/Robotics_Projects/furuta1/install/shared_queues_vendor/share/ament_index/resource_index/parent_prefix_path/shared_queues_vendor
-- Symlinking: /home/nick/Robotics_Projects/furuta1/install/shared_queues_vendor/share/shared_queues_vendor/environment/ament_prefix_path.sh
-- Symlinking: /home/nick/Robotics_Projects/furuta1/install/shared_queues_vendor/share/shared_queues_vendor/environment/ament_prefix_path.dsv
-- Symlinking: /home/nick/Robotics_Projects/furuta1/install/shared_queues_vendor/share/shared_queues_vendor/environment/path.sh
-- Symlinking: /home/nick/Robotics_Projects/furuta1/install/shared_queues_vendor/share/shared_queues_vendor/environment/path.dsv
-- Symlinking: /home/nick/Robotics_Projects/furuta1/install/shared_queues_vendor/share/shared_queues_vendor/local_setup.bash
-- Symlinking: /home/nick/Robotics_Projects/furuta1/install/shared_queues_vendor/share/shared_queues_vendor/local_setup.sh
-- Symlinking: /home/nick/Robotics_Projects/furuta1/install/shared_queues_vendor/share/shared_queues_vendor/local_setup.zsh
-- Symlinking: /home/nick/Robotics_Projects/furuta1/install/shared_queues_vendor/share/shared_queues_vendor/local_setup.dsv
-- Symlinking: /home/nick/Robotics_Projects/furuta1/install/shared_queues_vendor/share/shared_queues_vendor/package.dsv
-- Symlinking: /home/nick/Robotics_Projects/furuta1/install/shared_queues_vendor/share/ament_index/resource_index/packages/shared_queues_vendor
-- Symlinking: /home/nick/Robotics_Projects/furuta1/install/shared_queues_vendor/share/shared_queues_vendor/cmake/ament_cmake_export_include_directories-extras.cmake
-- Symlinking: /home/nick/Robotics_Projects/furuta1/install/shared_queues_vendor/share/shared_queues_vendor/cmake/ament_cmake_export_targets-extras.cmake
-- Symlinking: /home/nick/Robotics_Projects/furuta1/install/shared_queues_vendor/share/shared_queues_vendor/cmake/shared_queues_vendorConfig.cmake
-- Symlinking: /home/nick/Robotics_Projects/furuta1/install/shared_queues_vendor/share/shared_queues_vendor/cmake/shared_queues_vendorConfig-version.cmake
-- Symlinking: /home/nick/Robotics_Projects/furuta1/install/shared_queues_vendor/share/shared_queues_vendor/package.xml
-- Installing: /home/nick/Robotics_Projects/furuta1/install/shared_queues_vendor/share/shared_queues_vendor/cmake/export_shared_queues_vendorExport.cmake
