[0.564s] Invoking command in '/home/nick/Robotics_Projects/furuta1/build/ament_pep257': AMENT_PREFIX_PATH=/home/nick/Robotics_Projects/furuta1/install/ament_flake8:/home/nick/Robotics_Projects/furuta1/install/ament_lint:${AMENT_PREFIX_PATH} PATH=/home/nick/Robotics_Projects/furuta1/install/ament_flake8/bin:${PATH} PYTHONPATH=/home/nick/Robotics_Projects/furuta1/build/ament_pep257/prefix_override:/home/nick/Robotics_Projects/furuta1/install/ament_pep257/lib/python3.10/site-packages:/home/nick/Robotics_Projects/furuta1/build/ament_flake8:/home/nick/Robotics_Projects/furuta1/install/ament_flake8/lib/python3.10/site-packages:/home/nick/Robotics_Projects/furuta1/build/ament_lint:/home/nick/Robotics_Projects/furuta1/install/ament_lint/lib/python3.10/site-packages:${PYTHONPATH} /usr/bin/python3 -W ignore:setup.py install is deprecated setup.py develop --editable --build-directory /home/nick/Robotics_Projects/furuta1/build/ament_pep257/build --no-deps symlink_data
[0.803s] running develop
[0.803s] /home/nick/.local/lib/python3.10/site-packages/setuptools/command/develop.py:39: EasyInstallDeprecationWarning: easy_install command is deprecated.
[0.803s] !!
[0.804s] 
[0.804s]         ********************************************************************************
[0.804s]         Please avoid running ``setup.py`` and ``easy_install``.
[0.804s]         Instead, use pypa/build, pypa/installer or other
[0.804s]         standards-based tools.
[0.804s] 
[0.804s]         See https://github.com/pypa/setuptools/issues/917 for details.
[0.804s]         ********************************************************************************
[0.804s] 
[0.804s] !!
[0.804s]   easy_install.initialize_options(self)
[0.955s] running egg_info
[0.955s] creating ament_pep257.egg-info
[0.960s] writing ament_pep257.egg-info/PKG-INFO
[0.960s] writing dependency_links to ament_pep257.egg-info/dependency_links.txt
[0.961s] writing entry points to ament_pep257.egg-info/entry_points.txt
[0.961s] writing requirements to ament_pep257.egg-info/requires.txt
[0.961s] writing top-level names to ament_pep257.egg-info/top_level.txt
[0.961s] writing manifest file 'ament_pep257.egg-info/SOURCES.txt'
[0.981s] reading manifest file 'ament_pep257.egg-info/SOURCES.txt'
[0.982s] writing manifest file 'ament_pep257.egg-info/SOURCES.txt'
[0.998s] running build_ext
[0.998s] Creating /home/nick/Robotics_Projects/furuta1/install/ament_pep257/lib/python3.10/site-packages/ament_pep257.egg-link (link to .)
[0.998s] Installing ament_pep257 script to /home/nick/Robotics_Projects/furuta1/install/ament_pep257/bin
[0.998s] 
[0.998s] Installed /home/nick/Robotics_Projects/furuta1/build/ament_pep257
[0.998s] running symlink_data
[0.998s] symbolically linking /home/nick/Robotics_Projects/furuta1/build/ament_pep257/package.xml -> /home/nick/Robotics_Projects/furuta1/install/ament_pep257/share/ament_pep257
[0.998s] creating /home/nick/Robotics_Projects/furuta1/install/ament_pep257/share/ament_index
[0.998s] creating /home/nick/Robotics_Projects/furuta1/install/ament_pep257/share/ament_index/resource_index
[0.998s] creating /home/nick/Robotics_Projects/furuta1/install/ament_pep257/share/ament_index/resource_index/packages
[0.998s] symbolically linking /home/nick/Robotics_Projects/furuta1/build/ament_pep257/resource/ament_pep257 -> /home/nick/Robotics_Projects/furuta1/install/ament_pep257/share/ament_index/resource_index/packages
[1.016s] Invoked command in '/home/nick/Robotics_Projects/furuta1/build/ament_pep257' returned '0': AMENT_PREFIX_PATH=/home/nick/Robotics_Projects/furuta1/install/ament_flake8:/home/nick/Robotics_Projects/furuta1/install/ament_lint:${AMENT_PREFIX_PATH} PATH=/home/nick/Robotics_Projects/furuta1/install/ament_flake8/bin:${PATH} PYTHONPATH=/home/nick/Robotics_Projects/furuta1/build/ament_pep257/prefix_override:/home/nick/Robotics_Projects/furuta1/install/ament_pep257/lib/python3.10/site-packages:/home/nick/Robotics_Projects/furuta1/build/ament_flake8:/home/nick/Robotics_Projects/furuta1/install/ament_flake8/lib/python3.10/site-packages:/home/nick/Robotics_Projects/furuta1/build/ament_lint:/home/nick/Robotics_Projects/furuta1/install/ament_lint/lib/python3.10/site-packages:${PYTHONPATH} /usr/bin/python3 -W ignore:setup.py install is deprecated setup.py develop --editable --build-directory /home/nick/Robotics_Projects/furuta1/build/ament_pep257/build --no-deps symlink_data
