[35m[1mConsolidate compiler generated dependencies of target iceoryx_posh[0m
[ 68%] Built target iceoryx_posh
[35m[1mConsolidate compiler generated dependencies of target iceoryx_posh_gateway[0m
[35m[1mConsolidate compiler generated dependencies of target iceoryx_posh_roudi[0m
[ 70%] Built target iceoryx_posh_gateway
[ 92%] Built target iceoryx_posh_roudi
[35m[1mConsolidate compiler generated dependencies of target iceoryx_posh_config[0m
[ 97%] Built target iceoryx_posh_config
[35m[1mConsolidate compiler generated dependencies of target iox-roudi[0m
[100%] Built target iox-roudi
-- Install configuration: ""
-- Up-to-date: /home/nick/Robotics_Projects/furuta1/install/iceoryx_posh/include/iceoryx/v2.0.5/iceoryx_versions.hpp
-- Up-to-date: /home/nick/Robotics_Projects/furuta1/install/iceoryx_posh/share/doc/iceoryx_posh/LICENSE
-- Up-to-date: /home/nick/Robotics_Projects/furuta1/install/iceoryx_posh/share/doc/iceoryx_posh/3rd_party_licenses
-- Up-to-date: /home/nick/Robotics_Projects/furuta1/install/iceoryx_posh/share/doc/iceoryx_posh/3rd_party_licenses/cpptoml
-- Up-to-date: /home/nick/Robotics_Projects/furuta1/install/iceoryx_posh/share/doc/iceoryx_posh/3rd_party_licenses/cpptoml/LICENSE
-- Up-to-date: /home/nick/Robotics_Projects/furuta1/install/iceoryx_posh/etc/roudi_config_example.toml
-- Up-to-date: /home/nick/Robotics_Projects/furuta1/install/iceoryx_posh/lib/libiceoryx_posh.so
-- Up-to-date: /home/nick/Robotics_Projects/furuta1/install/iceoryx_posh/lib/libiceoryx_posh_roudi.so
-- Up-to-date: /home/nick/Robotics_Projects/furuta1/install/iceoryx_posh/lib/libiceoryx_posh_gateway.so
-- Up-to-date: /home/nick/Robotics_Projects/furuta1/install/iceoryx_posh/lib/libiceoryx_posh_config.so
-- Up-to-date: /home/nick/Robotics_Projects/furuta1/install/iceoryx_posh/bin/iox-roudi
-- Up-to-date: /home/nick/Robotics_Projects/furuta1/install/iceoryx_posh/include/iceoryx/v2.0.5
-- Up-to-date: /home/nick/Robotics_Projects/furuta1/install/iceoryx_posh/include/iceoryx/v2.0.5/iceoryx_posh
-- Up-to-date: /home/nick/Robotics_Projects/furuta1/install/iceoryx_posh/include/iceoryx/v2.0.5/iceoryx_posh/iceoryx_posh_config.hpp
-- Up-to-date: /home/nick/Robotics_Projects/furuta1/install/iceoryx_posh/include/iceoryx/v2.0.5/iceoryx_posh/iceoryx_posh_types.inl
-- Up-to-date: /home/nick/Robotics_Projects/furuta1/install/iceoryx_posh/include/iceoryx/v2.0.5/iceoryx_posh/iceoryx_posh_types.hpp
-- Up-to-date: /home/nick/Robotics_Projects/furuta1/install/iceoryx_posh/include/iceoryx/v2.0.5/iceoryx_posh/capro
-- Up-to-date: /home/nick/Robotics_Projects/furuta1/install/iceoryx_posh/include/iceoryx/v2.0.5/iceoryx_posh/capro/service_description.hpp
-- Up-to-date: /home/nick/Robotics_Projects/furuta1/install/iceoryx_posh/include/iceoryx/v2.0.5/iceoryx_posh/runtime
-- Up-to-date: /home/nick/Robotics_Projects/furuta1/install/iceoryx_posh/include/iceoryx/v2.0.5/iceoryx_posh/runtime/port_config_info.hpp
-- Up-to-date: /home/nick/Robotics_Projects/furuta1/install/iceoryx_posh/include/iceoryx/v2.0.5/iceoryx_posh/runtime/node.hpp
-- Up-to-date: /home/nick/Robotics_Projects/furuta1/install/iceoryx_posh/include/iceoryx/v2.0.5/iceoryx_posh/runtime/posh_runtime_single_process.hpp
-- Up-to-date: /home/nick/Robotics_Projects/furuta1/install/iceoryx_posh/include/iceoryx/v2.0.5/iceoryx_posh/runtime/service_discovery.hpp
-- Up-to-date: /home/nick/Robotics_Projects/furuta1/install/iceoryx_posh/include/iceoryx/v2.0.5/iceoryx_posh/runtime/posh_runtime.hpp
-- Up-to-date: /home/nick/Robotics_Projects/furuta1/install/iceoryx_posh/include/iceoryx/v2.0.5/iceoryx_posh/roudi
-- Up-to-date: /home/nick/Robotics_Projects/furuta1/install/iceoryx_posh/include/iceoryx/v2.0.5/iceoryx_posh/roudi/iceoryx_roudi_app.hpp
-- Up-to-date: /home/nick/Robotics_Projects/furuta1/install/iceoryx_posh/include/iceoryx/v2.0.5/iceoryx_posh/roudi/roudi_config_toml_file_provider.hpp
-- Up-to-date: /home/nick/Robotics_Projects/furuta1/install/iceoryx_posh/include/iceoryx/v2.0.5/iceoryx_posh/roudi/roudi_config_file_provider.hpp
-- Up-to-date: /home/nick/Robotics_Projects/furuta1/install/iceoryx_posh/include/iceoryx/v2.0.5/iceoryx_posh/roudi/memory
-- Up-to-date: /home/nick/Robotics_Projects/furuta1/install/iceoryx_posh/include/iceoryx/v2.0.5/iceoryx_posh/roudi/memory/default_roudi_memory.hpp
-- Up-to-date: /home/nick/Robotics_Projects/furuta1/install/iceoryx_posh/include/iceoryx/v2.0.5/iceoryx_posh/roudi/memory/memory_block.hpp
-- Up-to-date: /home/nick/Robotics_Projects/furuta1/install/iceoryx_posh/include/iceoryx/v2.0.5/iceoryx_posh/roudi/memory/iceoryx_roudi_memory_manager.hpp
-- Up-to-date: /home/nick/Robotics_Projects/furuta1/install/iceoryx_posh/include/iceoryx/v2.0.5/iceoryx_posh/roudi/memory/posix_shm_memory_provider.hpp
-- Up-to-date: /home/nick/Robotics_Projects/furuta1/install/iceoryx_posh/include/iceoryx/v2.0.5/iceoryx_posh/roudi/memory/roudi_memory_manager.hpp
-- Up-to-date: /home/nick/Robotics_Projects/furuta1/install/iceoryx_posh/include/iceoryx/v2.0.5/iceoryx_posh/roudi/memory/roudi_memory_interface.hpp
-- Up-to-date: /home/nick/Robotics_Projects/furuta1/install/iceoryx_posh/include/iceoryx/v2.0.5/iceoryx_posh/roudi/memory/memory_provider.hpp
-- Up-to-date: /home/nick/Robotics_Projects/furuta1/install/iceoryx_posh/include/iceoryx/v2.0.5/iceoryx_posh/roudi/memory/generic_memory_block.hpp
-- Up-to-date: /home/nick/Robotics_Projects/furuta1/install/iceoryx_posh/include/iceoryx/v2.0.5/iceoryx_posh/roudi/cmd_line_args.hpp
-- Up-to-date: /home/nick/Robotics_Projects/furuta1/install/iceoryx_posh/include/iceoryx/v2.0.5/iceoryx_posh/roudi/port_pool.inl
-- Up-to-date: /home/nick/Robotics_Projects/furuta1/install/iceoryx_posh/include/iceoryx/v2.0.5/iceoryx_posh/roudi/roudi_cmd_line_parser_config_file_option.hpp
-- Up-to-date: /home/nick/Robotics_Projects/furuta1/install/iceoryx_posh/include/iceoryx/v2.0.5/iceoryx_posh/roudi/introspection_types.hpp
-- Up-to-date: /home/nick/Robotics_Projects/furuta1/install/iceoryx_posh/include/iceoryx/v2.0.5/iceoryx_posh/roudi/roudi_config.hpp
-- Up-to-date: /home/nick/Robotics_Projects/furuta1/install/iceoryx_posh/include/iceoryx/v2.0.5/iceoryx_posh/roudi/iceoryx_roudi_components.hpp
-- Up-to-date: /home/nick/Robotics_Projects/furuta1/install/iceoryx_posh/include/iceoryx/v2.0.5/iceoryx_posh/roudi/port_pool.hpp
-- Up-to-date: /home/nick/Robotics_Projects/furuta1/install/iceoryx_posh/include/iceoryx/v2.0.5/iceoryx_posh/roudi/roudi_app.hpp
-- Up-to-date: /home/nick/Robotics_Projects/furuta1/install/iceoryx_posh/include/iceoryx/v2.0.5/iceoryx_posh/roudi/roudi_cmd_line_parser.hpp
-- Up-to-date: /home/nick/Robotics_Projects/furuta1/install/iceoryx_posh/include/iceoryx/v2.0.5/iceoryx_posh/gateway
-- Up-to-date: /home/nick/Robotics_Projects/furuta1/install/iceoryx_posh/include/iceoryx/v2.0.5/iceoryx_posh/gateway/gateway_base.hpp
-- Up-to-date: /home/nick/Robotics_Projects/furuta1/install/iceoryx_posh/include/iceoryx/v2.0.5/iceoryx_posh/gateway/toml_gateway_config_parser.hpp
-- Up-to-date: /home/nick/Robotics_Projects/furuta1/install/iceoryx_posh/include/iceoryx/v2.0.5/iceoryx_posh/gateway/gateway_config.hpp
-- Up-to-date: /home/nick/Robotics_Projects/furuta1/install/iceoryx_posh/include/iceoryx/v2.0.5/iceoryx_posh/gateway/gateway_generic.hpp
-- Up-to-date: /home/nick/Robotics_Projects/furuta1/install/iceoryx_posh/include/iceoryx/v2.0.5/iceoryx_posh/gateway/gateway_discovery.hpp
-- Up-to-date: /home/nick/Robotics_Projects/furuta1/install/iceoryx_posh/include/iceoryx/v2.0.5/iceoryx_posh/gateway/channel.hpp
-- Up-to-date: /home/nick/Robotics_Projects/furuta1/install/iceoryx_posh/include/iceoryx/v2.0.5/iceoryx_posh/internal
-- Up-to-date: /home/nick/Robotics_Projects/furuta1/install/iceoryx_posh/include/iceoryx/v2.0.5/iceoryx_posh/internal/capro
-- Up-to-date: /home/nick/Robotics_Projects/furuta1/install/iceoryx_posh/include/iceoryx/v2.0.5/iceoryx_posh/internal/capro/capro_message.hpp
-- Up-to-date: /home/nick/Robotics_Projects/furuta1/install/iceoryx_posh/include/iceoryx/v2.0.5/iceoryx_posh/internal/capro/capro_message.inl
-- Up-to-date: /home/nick/Robotics_Projects/furuta1/install/iceoryx_posh/include/iceoryx/v2.0.5/iceoryx_posh/internal/runtime
-- Up-to-date: /home/nick/Robotics_Projects/furuta1/install/iceoryx_posh/include/iceoryx/v2.0.5/iceoryx_posh/internal/runtime/ipc_interface_user.hpp
-- Up-to-date: /home/nick/Robotics_Projects/furuta1/install/iceoryx_posh/include/iceoryx/v2.0.5/iceoryx_posh/internal/runtime/ipc_runtime_interface.hpp
-- Up-to-date: /home/nick/Robotics_Projects/furuta1/install/iceoryx_posh/include/iceoryx/v2.0.5/iceoryx_posh/internal/runtime/ipc_message.hpp
-- Up-to-date: /home/nick/Robotics_Projects/furuta1/install/iceoryx_posh/include/iceoryx/v2.0.5/iceoryx_posh/internal/runtime/node_property.hpp
-- Up-to-date: /home/nick/Robotics_Projects/furuta1/install/iceoryx_posh/include/iceoryx/v2.0.5/iceoryx_posh/internal/runtime/ipc_message.inl
-- Up-to-date: /home/nick/Robotics_Projects/furuta1/install/iceoryx_posh/include/iceoryx/v2.0.5/iceoryx_posh/internal/runtime/posh_runtime_impl.hpp
-- Up-to-date: /home/nick/Robotics_Projects/furuta1/install/iceoryx_posh/include/iceoryx/v2.0.5/iceoryx_posh/internal/runtime/node_data.hpp
-- Up-to-date: /home/nick/Robotics_Projects/furuta1/install/iceoryx_posh/include/iceoryx/v2.0.5/iceoryx_posh/internal/runtime/ipc_interface_base.hpp
-- Up-to-date: /home/nick/Robotics_Projects/furuta1/install/iceoryx_posh/include/iceoryx/v2.0.5/iceoryx_posh/internal/runtime/shared_memory_user.hpp
-- Up-to-date: /home/nick/Robotics_Projects/furuta1/install/iceoryx_posh/include/iceoryx/v2.0.5/iceoryx_posh/internal/runtime/ipc_interface_creator.hpp
-- Up-to-date: /home/nick/Robotics_Projects/furuta1/install/iceoryx_posh/include/iceoryx/v2.0.5/iceoryx_posh/internal/roudi
-- Up-to-date: /home/nick/Robotics_Projects/furuta1/install/iceoryx_posh/include/iceoryx/v2.0.5/iceoryx_posh/internal/roudi/process_manager.hpp
-- Up-to-date: /home/nick/Robotics_Projects/furuta1/install/iceoryx_posh/include/iceoryx/v2.0.5/iceoryx_posh/internal/roudi/port_pool_data.hpp
-- Up-to-date: /home/nick/Robotics_Projects/furuta1/install/iceoryx_posh/include/iceoryx/v2.0.5/iceoryx_posh/internal/roudi/port_manager.inl
-- Up-to-date: /home/nick/Robotics_Projects/furuta1/install/iceoryx_posh/include/iceoryx/v2.0.5/iceoryx_posh/internal/roudi/roudi.hpp
-- Up-to-date: /home/nick/Robotics_Projects/furuta1/install/iceoryx_posh/include/iceoryx/v2.0.5/iceoryx_posh/internal/roudi/port_manager.hpp
-- Up-to-date: /home/nick/Robotics_Projects/furuta1/install/iceoryx_posh/include/iceoryx/v2.0.5/iceoryx_posh/internal/roudi/memory
-- Up-to-date: /home/nick/Robotics_Projects/furuta1/install/iceoryx_posh/include/iceoryx/v2.0.5/iceoryx_posh/internal/roudi/memory/port_pool_memory_block.hpp
-- Up-to-date: /home/nick/Robotics_Projects/furuta1/install/iceoryx_posh/include/iceoryx/v2.0.5/iceoryx_posh/internal/roudi/memory/generic_memory_block.inl
-- Up-to-date: /home/nick/Robotics_Projects/furuta1/install/iceoryx_posh/include/iceoryx/v2.0.5/iceoryx_posh/internal/roudi/memory/mempool_segment_manager_memory_block.hpp
-- Up-to-date: /home/nick/Robotics_Projects/furuta1/install/iceoryx_posh/include/iceoryx/v2.0.5/iceoryx_posh/internal/roudi/memory/mempool_collection_memory_block.hpp
-- Up-to-date: /home/nick/Robotics_Projects/furuta1/install/iceoryx_posh/include/iceoryx/v2.0.5/iceoryx_posh/internal/roudi/service_registry.hpp
-- Up-to-date: /home/nick/Robotics_Projects/furuta1/install/iceoryx_posh/include/iceoryx/v2.0.5/iceoryx_posh/internal/roudi/port_pool_data.inl
-- Up-to-date: /home/nick/Robotics_Projects/furuta1/install/iceoryx_posh/include/iceoryx/v2.0.5/iceoryx_posh/internal/roudi/process.hpp
-- Up-to-date: /home/nick/Robotics_Projects/furuta1/install/iceoryx_posh/include/iceoryx/v2.0.5/iceoryx_posh/internal/roudi/introspection
-- Up-to-date: /home/nick/Robotics_Projects/furuta1/install/iceoryx_posh/include/iceoryx/v2.0.5/iceoryx_posh/internal/roudi/introspection/process_introspection.inl
-- Up-to-date: /home/nick/Robotics_Projects/furuta1/install/iceoryx_posh/include/iceoryx/v2.0.5/iceoryx_posh/internal/roudi/introspection/process_introspection.hpp
-- Up-to-date: /home/nick/Robotics_Projects/furuta1/install/iceoryx_posh/include/iceoryx/v2.0.5/iceoryx_posh/internal/roudi/introspection/port_introspection.inl
-- Up-to-date: /home/nick/Robotics_Projects/furuta1/install/iceoryx_posh/include/iceoryx/v2.0.5/iceoryx_posh/internal/roudi/introspection/mempool_introspection.hpp
-- Up-to-date: /home/nick/Robotics_Projects/furuta1/install/iceoryx_posh/include/iceoryx/v2.0.5/iceoryx_posh/internal/roudi/introspection/fixed_size_container.hpp
-- Up-to-date: /home/nick/Robotics_Projects/furuta1/install/iceoryx_posh/include/iceoryx/v2.0.5/iceoryx_posh/internal/roudi/introspection/port_introspection.hpp
-- Up-to-date: /home/nick/Robotics_Projects/furuta1/install/iceoryx_posh/include/iceoryx/v2.0.5/iceoryx_posh/internal/roudi/introspection/mempool_introspection.inl
-- Up-to-date: /home/nick/Robotics_Projects/furuta1/install/iceoryx_posh/include/iceoryx/v2.0.5/iceoryx_posh/internal/log
-- Up-to-date: /home/nick/Robotics_Projects/furuta1/install/iceoryx_posh/include/iceoryx/v2.0.5/iceoryx_posh/internal/log/posh_logging.hpp
-- Up-to-date: /home/nick/Robotics_Projects/furuta1/install/iceoryx_posh/include/iceoryx/v2.0.5/iceoryx_posh/internal/log/posh_config_logging.hpp
-- Up-to-date: /home/nick/Robotics_Projects/furuta1/install/iceoryx_posh/include/iceoryx/v2.0.5/iceoryx_posh/internal/gateway
-- Up-to-date: /home/nick/Robotics_Projects/furuta1/install/iceoryx_posh/include/iceoryx/v2.0.5/iceoryx_posh/internal/gateway/channel.inl
-- Up-to-date: /home/nick/Robotics_Projects/furuta1/install/iceoryx_posh/include/iceoryx/v2.0.5/iceoryx_posh/internal/gateway/gateway_generic.inl
-- Up-to-date: /home/nick/Robotics_Projects/furuta1/install/iceoryx_posh/include/iceoryx/v2.0.5/iceoryx_posh/internal/popo
-- Up-to-date: /home/nick/Robotics_Projects/furuta1/install/iceoryx_posh/include/iceoryx/v2.0.5/iceoryx_posh/internal/popo/client_impl.hpp
-- Up-to-date: /home/nick/Robotics_Projects/furuta1/install/iceoryx_posh/include/iceoryx/v2.0.5/iceoryx_posh/internal/popo/base_publisher.hpp
-- Up-to-date: /home/nick/Robotics_Projects/furuta1/install/iceoryx_posh/include/iceoryx/v2.0.5/iceoryx_posh/internal/popo/base_client.hpp
-- Up-to-date: /home/nick/Robotics_Projects/furuta1/install/iceoryx_posh/include/iceoryx/v2.0.5/iceoryx_posh/internal/popo/publisher_impl.inl
-- Up-to-date: /home/nick/Robotics_Projects/furuta1/install/iceoryx_posh/include/iceoryx/v2.0.5/iceoryx_posh/internal/popo/publisher_impl.hpp
-- Up-to-date: /home/nick/Robotics_Projects/furuta1/install/iceoryx_posh/include/iceoryx/v2.0.5/iceoryx_posh/internal/popo/untyped_client_impl.hpp
-- Up-to-date: /home/nick/Robotics_Projects/furuta1/install/iceoryx_posh/include/iceoryx/v2.0.5/iceoryx_posh/internal/popo/server_impl.inl
-- Up-to-date: /home/nick/Robotics_Projects/furuta1/install/iceoryx_posh/include/iceoryx/v2.0.5/iceoryx_posh/internal/popo/untyped_server_impl.hpp
-- Up-to-date: /home/nick/Robotics_Projects/furuta1/install/iceoryx_posh/include/iceoryx/v2.0.5/iceoryx_posh/internal/popo/subscriber_impl.hpp
-- Up-to-date: /home/nick/Robotics_Projects/furuta1/install/iceoryx_posh/include/iceoryx/v2.0.5/iceoryx_posh/internal/popo/sample_deleter.hpp
-- Up-to-date: /home/nick/Robotics_Projects/furuta1/install/iceoryx_posh/include/iceoryx/v2.0.5/iceoryx_posh/internal/popo/request_deleter.hpp
-- Up-to-date: /home/nick/Robotics_Projects/furuta1/install/iceoryx_posh/include/iceoryx/v2.0.5/iceoryx_posh/internal/popo/untyped_subscriber_impl.inl
-- Up-to-date: /home/nick/Robotics_Projects/furuta1/install/iceoryx_posh/include/iceoryx/v2.0.5/iceoryx_posh/internal/popo/untyped_subscriber_impl.hpp
-- Up-to-date: /home/nick/Robotics_Projects/furuta1/install/iceoryx_posh/include/iceoryx/v2.0.5/iceoryx_posh/internal/popo/untyped_publisher_impl.hpp
-- Up-to-date: /home/nick/Robotics_Projects/furuta1/install/iceoryx_posh/include/iceoryx/v2.0.5/iceoryx_posh/internal/popo/response_deleter.inl
-- Up-to-date: /home/nick/Robotics_Projects/furuta1/install/iceoryx_posh/include/iceoryx/v2.0.5/iceoryx_posh/internal/popo/notification_callback.inl
-- Up-to-date: /home/nick/Robotics_Projects/furuta1/install/iceoryx_posh/include/iceoryx/v2.0.5/iceoryx_posh/internal/popo/notification_attorney.inl
-- Up-to-date: /home/nick/Robotics_Projects/furuta1/install/iceoryx_posh/include/iceoryx/v2.0.5/iceoryx_posh/internal/popo/notification_info.inl
-- Up-to-date: /home/nick/Robotics_Projects/furuta1/install/iceoryx_posh/include/iceoryx/v2.0.5/iceoryx_posh/internal/popo/building_blocks
-- Up-to-date: /home/nick/Robotics_Projects/furuta1/install/iceoryx_posh/include/iceoryx/v2.0.5/iceoryx_posh/internal/popo/building_blocks/condition_notifier.hpp
-- Up-to-date: /home/nick/Robotics_Projects/furuta1/install/iceoryx_posh/include/iceoryx/v2.0.5/iceoryx_posh/internal/popo/building_blocks/chunk_receiver.inl
-- Up-to-date: /home/nick/Robotics_Projects/furuta1/install/iceoryx_posh/include/iceoryx/v2.0.5/iceoryx_posh/internal/popo/building_blocks/chunk_receiver_data.inl
-- Up-to-date: /home/nick/Robotics_Projects/furuta1/install/iceoryx_posh/include/iceoryx/v2.0.5/iceoryx_posh/internal/popo/building_blocks/chunk_receiver_data.hpp
-- Up-to-date: /home/nick/Robotics_Projects/furuta1/install/iceoryx_posh/include/iceoryx/v2.0.5/iceoryx_posh/internal/popo/building_blocks/chunk_distributor.inl
-- Up-to-date: /home/nick/Robotics_Projects/furuta1/install/iceoryx_posh/include/iceoryx/v2.0.5/iceoryx_posh/internal/popo/building_blocks/chunk_queue_pusher.hpp
-- Up-to-date: /home/nick/Robotics_Projects/furuta1/install/iceoryx_posh/include/iceoryx/v2.0.5/iceoryx_posh/internal/popo/building_blocks/chunk_queue_data.hpp
-- Up-to-date: /home/nick/Robotics_Projects/furuta1/install/iceoryx_posh/include/iceoryx/v2.0.5/iceoryx_posh/internal/popo/building_blocks/chunk_distributor.hpp
-- Up-to-date: /home/nick/Robotics_Projects/furuta1/install/iceoryx_posh/include/iceoryx/v2.0.5/iceoryx_posh/internal/popo/building_blocks/locking_policy.hpp
-- Up-to-date: /home/nick/Robotics_Projects/furuta1/install/iceoryx_posh/include/iceoryx/v2.0.5/iceoryx_posh/internal/popo/building_blocks/unique_port_id.hpp
-- Up-to-date: /home/nick/Robotics_Projects/furuta1/install/iceoryx_posh/include/iceoryx/v2.0.5/iceoryx_posh/internal/popo/building_blocks/chunk_queue_popper.inl
-- Up-to-date: /home/nick/Robotics_Projects/furuta1/install/iceoryx_posh/include/iceoryx/v2.0.5/iceoryx_posh/internal/popo/building_blocks/chunk_queue_data.inl
-- Up-to-date: /home/nick/Robotics_Projects/furuta1/install/iceoryx_posh/include/iceoryx/v2.0.5/iceoryx_posh/internal/popo/building_blocks/typed_unique_id.hpp
-- Up-to-date: /home/nick/Robotics_Projects/furuta1/install/iceoryx_posh/include/iceoryx/v2.0.5/iceoryx_posh/internal/popo/building_blocks/condition_listener.hpp
-- Up-to-date: /home/nick/Robotics_Projects/furuta1/install/iceoryx_posh/include/iceoryx/v2.0.5/iceoryx_posh/internal/popo/building_blocks/condition_variable_data.hpp
-- Up-to-date: /home/nick/Robotics_Projects/furuta1/install/iceoryx_posh/include/iceoryx/v2.0.5/iceoryx_posh/internal/popo/building_blocks/chunk_queue_pusher.inl
-- Up-to-date: /home/nick/Robotics_Projects/furuta1/install/iceoryx_posh/include/iceoryx/v2.0.5/iceoryx_posh/internal/popo/building_blocks/chunk_sender.inl
-- Up-to-date: /home/nick/Robotics_Projects/furuta1/install/iceoryx_posh/include/iceoryx/v2.0.5/iceoryx_posh/internal/popo/building_blocks/chunk_receiver.hpp
-- Up-to-date: /home/nick/Robotics_Projects/furuta1/install/iceoryx_posh/include/iceoryx/v2.0.5/iceoryx_posh/internal/popo/building_blocks/chunk_sender_data.inl
-- Up-to-date: /home/nick/Robotics_Projects/furuta1/install/iceoryx_posh/include/iceoryx/v2.0.5/iceoryx_posh/internal/popo/building_blocks/chunk_distributor_data.hpp
-- Up-to-date: /home/nick/Robotics_Projects/furuta1/install/iceoryx_posh/include/iceoryx/v2.0.5/iceoryx_posh/internal/popo/building_blocks/chunk_sender.hpp
-- Up-to-date: /home/nick/Robotics_Projects/furuta1/install/iceoryx_posh/include/iceoryx/v2.0.5/iceoryx_posh/internal/popo/building_blocks/chunk_sender_data.hpp
-- Up-to-date: /home/nick/Robotics_Projects/furuta1/install/iceoryx_posh/include/iceoryx/v2.0.5/iceoryx_posh/internal/popo/building_blocks/chunk_distributor_data.inl
-- Up-to-date: /home/nick/Robotics_Projects/furuta1/install/iceoryx_posh/include/iceoryx/v2.0.5/iceoryx_posh/internal/popo/building_blocks/chunk_queue_popper.hpp
-- Up-to-date: /home/nick/Robotics_Projects/furuta1/install/iceoryx_posh/include/iceoryx/v2.0.5/iceoryx_posh/internal/popo/base_server.hpp
-- Up-to-date: /home/nick/Robotics_Projects/furuta1/install/iceoryx_posh/include/iceoryx/v2.0.5/iceoryx_posh/internal/popo/publisher_interface.hpp
-- Up-to-date: /home/nick/Robotics_Projects/furuta1/install/iceoryx_posh/include/iceoryx/v2.0.5/iceoryx_posh/internal/popo/response.inl
-- Up-to-date: /home/nick/Robotics_Projects/furuta1/install/iceoryx_posh/include/iceoryx/v2.0.5/iceoryx_posh/internal/popo/base_client.inl
-- Up-to-date: /home/nick/Robotics_Projects/furuta1/install/iceoryx_posh/include/iceoryx/v2.0.5/iceoryx_posh/internal/popo/subscriber_impl.inl
-- Up-to-date: /home/nick/Robotics_Projects/furuta1/install/iceoryx_posh/include/iceoryx/v2.0.5/iceoryx_posh/internal/popo/request.inl
-- Up-to-date: /home/nick/Robotics_Projects/furuta1/install/iceoryx_posh/include/iceoryx/v2.0.5/iceoryx_posh/internal/popo/untyped_client_impl.inl
-- Up-to-date: /home/nick/Robotics_Projects/furuta1/install/iceoryx_posh/include/iceoryx/v2.0.5/iceoryx_posh/internal/popo/sample.inl
-- Up-to-date: /home/nick/Robotics_Projects/furuta1/install/iceoryx_posh/include/iceoryx/v2.0.5/iceoryx_posh/internal/popo/trigger.inl
-- Up-to-date: /home/nick/Robotics_Projects/furuta1/install/iceoryx_posh/include/iceoryx/v2.0.5/iceoryx_posh/internal/popo/untyped_publisher_impl.inl
-- Up-to-date: /home/nick/Robotics_Projects/furuta1/install/iceoryx_posh/include/iceoryx/v2.0.5/iceoryx_posh/internal/popo/rpc_interface.hpp
-- Up-to-date: /home/nick/Robotics_Projects/furuta1/install/iceoryx_posh/include/iceoryx/v2.0.5/iceoryx_posh/internal/popo/base_publisher.inl
-- Up-to-date: /home/nick/Robotics_Projects/furuta1/install/iceoryx_posh/include/iceoryx/v2.0.5/iceoryx_posh/internal/popo/ports
-- Up-to-date: /home/nick/Robotics_Projects/furuta1/install/iceoryx_posh/include/iceoryx/v2.0.5/iceoryx_posh/internal/popo/ports/pub_sub_port_types.hpp
-- Up-to-date: /home/nick/Robotics_Projects/furuta1/install/iceoryx_posh/include/iceoryx/v2.0.5/iceoryx_posh/internal/popo/ports/base_port_data.hpp
-- Up-to-date: /home/nick/Robotics_Projects/furuta1/install/iceoryx_posh/include/iceoryx/v2.0.5/iceoryx_posh/internal/popo/ports/base_port.hpp
-- Up-to-date: /home/nick/Robotics_Projects/furuta1/install/iceoryx_posh/include/iceoryx/v2.0.5/iceoryx_posh/internal/popo/ports/server_port_user.hpp
-- Up-to-date: /home/nick/Robotics_Projects/furuta1/install/iceoryx_posh/include/iceoryx/v2.0.5/iceoryx_posh/internal/popo/ports/subscriber_port_roudi.hpp
-- Up-to-date: /home/nick/Robotics_Projects/furuta1/install/iceoryx_posh/include/iceoryx/v2.0.5/iceoryx_posh/internal/popo/ports/client_port_user.inl
-- Up-to-date: /home/nick/Robotics_Projects/furuta1/install/iceoryx_posh/include/iceoryx/v2.0.5/iceoryx_posh/internal/popo/ports/client_port_user.hpp
-- Up-to-date: /home/nick/Robotics_Projects/furuta1/install/iceoryx_posh/include/iceoryx/v2.0.5/iceoryx_posh/internal/popo/ports/interface_port_data.hpp
-- Up-to-date: /home/nick/Robotics_Projects/furuta1/install/iceoryx_posh/include/iceoryx/v2.0.5/iceoryx_posh/internal/popo/ports/subscriber_port_user.hpp
-- Up-to-date: /home/nick/Robotics_Projects/furuta1/install/iceoryx_posh/include/iceoryx/v2.0.5/iceoryx_posh/internal/popo/ports/publisher_port_data.hpp
-- Up-to-date: /home/nick/Robotics_Projects/furuta1/install/iceoryx_posh/include/iceoryx/v2.0.5/iceoryx_posh/internal/popo/ports/subscriber_port_multi_producer.hpp
-- Up-to-date: /home/nick/Robotics_Projects/furuta1/install/iceoryx_posh/include/iceoryx/v2.0.5/iceoryx_posh/internal/popo/ports/server_port_data.hpp
-- Up-to-date: /home/nick/Robotics_Projects/furuta1/install/iceoryx_posh/include/iceoryx/v2.0.5/iceoryx_posh/internal/popo/ports/interface_port.hpp
-- Up-to-date: /home/nick/Robotics_Projects/furuta1/install/iceoryx_posh/include/iceoryx/v2.0.5/iceoryx_posh/internal/popo/ports/publisher_port_user.hpp
-- Up-to-date: /home/nick/Robotics_Projects/furuta1/install/iceoryx_posh/include/iceoryx/v2.0.5/iceoryx_posh/internal/popo/ports/publisher_port_roudi.hpp
-- Up-to-date: /home/nick/Robotics_Projects/furuta1/install/iceoryx_posh/include/iceoryx/v2.0.5/iceoryx_posh/internal/popo/ports/server_port_user.inl
-- Up-to-date: /home/nick/Robotics_Projects/furuta1/install/iceoryx_posh/include/iceoryx/v2.0.5/iceoryx_posh/internal/popo/ports/subscriber_port_single_producer.hpp
-- Up-to-date: /home/nick/Robotics_Projects/furuta1/install/iceoryx_posh/include/iceoryx/v2.0.5/iceoryx_posh/internal/popo/ports/subscriber_port_data.hpp
-- Up-to-date: /home/nick/Robotics_Projects/furuta1/install/iceoryx_posh/include/iceoryx/v2.0.5/iceoryx_posh/internal/popo/ports/client_port_roudi.hpp
-- Up-to-date: /home/nick/Robotics_Projects/furuta1/install/iceoryx_posh/include/iceoryx/v2.0.5/iceoryx_posh/internal/popo/ports/client_port_data.hpp
-- Up-to-date: /home/nick/Robotics_Projects/furuta1/install/iceoryx_posh/include/iceoryx/v2.0.5/iceoryx_posh/internal/popo/ports/server_port_roudi.hpp
-- Up-to-date: /home/nick/Robotics_Projects/furuta1/install/iceoryx_posh/include/iceoryx/v2.0.5/iceoryx_posh/internal/popo/ports/base_port.inl
-- Up-to-date: /home/nick/Robotics_Projects/furuta1/install/iceoryx_posh/include/iceoryx/v2.0.5/iceoryx_posh/internal/popo/ports/client_server_port_types.hpp
-- Up-to-date: /home/nick/Robotics_Projects/furuta1/install/iceoryx_posh/include/iceoryx/v2.0.5/iceoryx_posh/internal/popo/smart_chunk.inl
-- Up-to-date: /home/nick/Robotics_Projects/furuta1/install/iceoryx_posh/include/iceoryx/v2.0.5/iceoryx_posh/internal/popo/server_impl.hpp
-- Up-to-date: /home/nick/Robotics_Projects/furuta1/install/iceoryx_posh/include/iceoryx/v2.0.5/iceoryx_posh/internal/popo/used_chunk_list.hpp
-- Up-to-date: /home/nick/Robotics_Projects/furuta1/install/iceoryx_posh/include/iceoryx/v2.0.5/iceoryx_posh/internal/popo/response_deleter.hpp
-- Up-to-date: /home/nick/Robotics_Projects/furuta1/install/iceoryx_posh/include/iceoryx/v2.0.5/iceoryx_posh/internal/popo/smart_chunk.hpp
-- Up-to-date: /home/nick/Robotics_Projects/furuta1/install/iceoryx_posh/include/iceoryx/v2.0.5/iceoryx_posh/internal/popo/typed_port_api_trait.hpp
-- Up-to-date: /home/nick/Robotics_Projects/furuta1/install/iceoryx_posh/include/iceoryx/v2.0.5/iceoryx_posh/internal/popo/used_chunk_list.inl
-- Up-to-date: /home/nick/Robotics_Projects/furuta1/install/iceoryx_posh/include/iceoryx/v2.0.5/iceoryx_posh/internal/popo/client_impl.inl
-- Up-to-date: /home/nick/Robotics_Projects/furuta1/install/iceoryx_posh/include/iceoryx/v2.0.5/iceoryx_posh/internal/popo/listener.inl
-- Up-to-date: /home/nick/Robotics_Projects/furuta1/install/iceoryx_posh/include/iceoryx/v2.0.5/iceoryx_posh/internal/popo/sample_deleter.inl
-- Up-to-date: /home/nick/Robotics_Projects/furuta1/install/iceoryx_posh/include/iceoryx/v2.0.5/iceoryx_posh/internal/popo/request_deleter.inl
-- Up-to-date: /home/nick/Robotics_Projects/furuta1/install/iceoryx_posh/include/iceoryx/v2.0.5/iceoryx_posh/internal/popo/base_server.inl
-- Up-to-date: /home/nick/Robotics_Projects/furuta1/install/iceoryx_posh/include/iceoryx/v2.0.5/iceoryx_posh/internal/popo/base_subscriber.inl
-- Up-to-date: /home/nick/Robotics_Projects/furuta1/install/iceoryx_posh/include/iceoryx/v2.0.5/iceoryx_posh/internal/popo/untyped_server_impl.inl
-- Up-to-date: /home/nick/Robotics_Projects/furuta1/install/iceoryx_posh/include/iceoryx/v2.0.5/iceoryx_posh/internal/popo/wait_set.inl
-- Up-to-date: /home/nick/Robotics_Projects/furuta1/install/iceoryx_posh/include/iceoryx/v2.0.5/iceoryx_posh/internal/popo/base_subscriber.hpp
-- Up-to-date: /home/nick/Robotics_Projects/furuta1/install/iceoryx_posh/include/iceoryx/v2.0.5/iceoryx_posh/internal/mepoo
-- Up-to-date: /home/nick/Robotics_Projects/furuta1/install/iceoryx_posh/include/iceoryx/v2.0.5/iceoryx_posh/internal/mepoo/typed_mem_pool.hpp
-- Up-to-date: /home/nick/Robotics_Projects/furuta1/install/iceoryx_posh/include/iceoryx/v2.0.5/iceoryx_posh/internal/mepoo/memory_manager.inl
-- Up-to-date: /home/nick/Robotics_Projects/furuta1/install/iceoryx_posh/include/iceoryx/v2.0.5/iceoryx_posh/internal/mepoo/mem_pool.hpp
-- Up-to-date: /home/nick/Robotics_Projects/furuta1/install/iceoryx_posh/include/iceoryx/v2.0.5/iceoryx_posh/internal/mepoo/shared_pointer.inl
-- Up-to-date: /home/nick/Robotics_Projects/furuta1/install/iceoryx_posh/include/iceoryx/v2.0.5/iceoryx_posh/internal/mepoo/shared_pointer.hpp
-- Up-to-date: /home/nick/Robotics_Projects/furuta1/install/iceoryx_posh/include/iceoryx/v2.0.5/iceoryx_posh/internal/mepoo/mepoo.hpp
-- Up-to-date: /home/nick/Robotics_Projects/furuta1/install/iceoryx_posh/include/iceoryx/v2.0.5/iceoryx_posh/internal/mepoo/memory_manager.hpp
-- Up-to-date: /home/nick/Robotics_Projects/furuta1/install/iceoryx_posh/include/iceoryx/v2.0.5/iceoryx_posh/internal/mepoo/mepoo_segment.hpp
-- Up-to-date: /home/nick/Robotics_Projects/furuta1/install/iceoryx_posh/include/iceoryx/v2.0.5/iceoryx_posh/internal/mepoo/shared_chunk.hpp
-- Up-to-date: /home/nick/Robotics_Projects/furuta1/install/iceoryx_posh/include/iceoryx/v2.0.5/iceoryx_posh/internal/mepoo/segment_manager.hpp
-- Up-to-date: /home/nick/Robotics_Projects/furuta1/install/iceoryx_posh/include/iceoryx/v2.0.5/iceoryx_posh/internal/mepoo/chunk_management.hpp
-- Up-to-date: /home/nick/Robotics_Projects/furuta1/install/iceoryx_posh/include/iceoryx/v2.0.5/iceoryx_posh/internal/mepoo/mepoo_segment.inl
-- Up-to-date: /home/nick/Robotics_Projects/furuta1/install/iceoryx_posh/include/iceoryx/v2.0.5/iceoryx_posh/internal/mepoo/shm_safe_unmanaged_chunk.hpp
-- Up-to-date: /home/nick/Robotics_Projects/furuta1/install/iceoryx_posh/include/iceoryx/v2.0.5/iceoryx_posh/internal/mepoo/typed_mem_pool.inl
-- Up-to-date: /home/nick/Robotics_Projects/furuta1/install/iceoryx_posh/include/iceoryx/v2.0.5/iceoryx_posh/internal/mepoo/segment_manager.inl
-- Up-to-date: /home/nick/Robotics_Projects/furuta1/install/iceoryx_posh/include/iceoryx/v2.0.5/iceoryx_posh/popo
-- Up-to-date: /home/nick/Robotics_Projects/furuta1/install/iceoryx_posh/include/iceoryx/v2.0.5/iceoryx_posh/popo/enum_trigger_type.hpp
-- Up-to-date: /home/nick/Robotics_Projects/furuta1/install/iceoryx_posh/include/iceoryx/v2.0.5/iceoryx_posh/popo/port_queue_policies.hpp
-- Up-to-date: /home/nick/Robotics_Projects/furuta1/install/iceoryx_posh/include/iceoryx/v2.0.5/iceoryx_posh/popo/untyped_publisher.hpp
-- Up-to-date: /home/nick/Robotics_Projects/furuta1/install/iceoryx_posh/include/iceoryx/v2.0.5/iceoryx_posh/popo/notification_attorney.hpp
-- Up-to-date: /home/nick/Robotics_Projects/furuta1/install/iceoryx_posh/include/iceoryx/v2.0.5/iceoryx_posh/popo/server.hpp
-- Up-to-date: /home/nick/Robotics_Projects/furuta1/install/iceoryx_posh/include/iceoryx/v2.0.5/iceoryx_posh/popo/client_options.hpp
-- Up-to-date: /home/nick/Robotics_Projects/furuta1/install/iceoryx_posh/include/iceoryx/v2.0.5/iceoryx_posh/popo/untyped_subscriber.hpp
-- Up-to-date: /home/nick/Robotics_Projects/furuta1/install/iceoryx_posh/include/iceoryx/v2.0.5/iceoryx_posh/popo/user_trigger.hpp
-- Up-to-date: /home/nick/Robotics_Projects/furuta1/install/iceoryx_posh/include/iceoryx/v2.0.5/iceoryx_posh/popo/subscriber_options.hpp
-- Up-to-date: /home/nick/Robotics_Projects/furuta1/install/iceoryx_posh/include/iceoryx/v2.0.5/iceoryx_posh/popo/subscriber.hpp
-- Up-to-date: /home/nick/Robotics_Projects/furuta1/install/iceoryx_posh/include/iceoryx/v2.0.5/iceoryx_posh/popo/server_options.hpp
-- Up-to-date: /home/nick/Robotics_Projects/furuta1/install/iceoryx_posh/include/iceoryx/v2.0.5/iceoryx_posh/popo/listener.hpp
-- Up-to-date: /home/nick/Robotics_Projects/furuta1/install/iceoryx_posh/include/iceoryx/v2.0.5/iceoryx_posh/popo/client.hpp
-- Up-to-date: /home/nick/Robotics_Projects/furuta1/install/iceoryx_posh/include/iceoryx/v2.0.5/iceoryx_posh/popo/response.hpp
-- Up-to-date: /home/nick/Robotics_Projects/furuta1/install/iceoryx_posh/include/iceoryx/v2.0.5/iceoryx_posh/popo/untyped_client.hpp
-- Up-to-date: /home/nick/Robotics_Projects/furuta1/install/iceoryx_posh/include/iceoryx/v2.0.5/iceoryx_posh/popo/request.hpp
-- Up-to-date: /home/nick/Robotics_Projects/furuta1/install/iceoryx_posh/include/iceoryx/v2.0.5/iceoryx_posh/popo/publisher.hpp
-- Up-to-date: /home/nick/Robotics_Projects/furuta1/install/iceoryx_posh/include/iceoryx/v2.0.5/iceoryx_posh/popo/wait_set.hpp
-- Up-to-date: /home/nick/Robotics_Projects/furuta1/install/iceoryx_posh/include/iceoryx/v2.0.5/iceoryx_posh/popo/publisher_options.hpp
-- Up-to-date: /home/nick/Robotics_Projects/furuta1/install/iceoryx_posh/include/iceoryx/v2.0.5/iceoryx_posh/popo/notification_info.hpp
-- Up-to-date: /home/nick/Robotics_Projects/furuta1/install/iceoryx_posh/include/iceoryx/v2.0.5/iceoryx_posh/popo/rpc_header.hpp
-- Up-to-date: /home/nick/Robotics_Projects/furuta1/install/iceoryx_posh/include/iceoryx/v2.0.5/iceoryx_posh/popo/sample.hpp
-- Up-to-date: /home/nick/Robotics_Projects/furuta1/install/iceoryx_posh/include/iceoryx/v2.0.5/iceoryx_posh/popo/trigger.hpp
-- Up-to-date: /home/nick/Robotics_Projects/furuta1/install/iceoryx_posh/include/iceoryx/v2.0.5/iceoryx_posh/popo/trigger_handle.hpp
-- Up-to-date: /home/nick/Robotics_Projects/furuta1/install/iceoryx_posh/include/iceoryx/v2.0.5/iceoryx_posh/popo/notification_callback.hpp
-- Up-to-date: /home/nick/Robotics_Projects/furuta1/install/iceoryx_posh/include/iceoryx/v2.0.5/iceoryx_posh/popo/untyped_server.hpp
-- Up-to-date: /home/nick/Robotics_Projects/furuta1/install/iceoryx_posh/include/iceoryx/v2.0.5/iceoryx_posh/mepoo
-- Up-to-date: /home/nick/Robotics_Projects/furuta1/install/iceoryx_posh/include/iceoryx/v2.0.5/iceoryx_posh/mepoo/chunk_header.hpp
-- Up-to-date: /home/nick/Robotics_Projects/furuta1/install/iceoryx_posh/include/iceoryx/v2.0.5/iceoryx_posh/mepoo/chunk_settings.hpp
-- Up-to-date: /home/nick/Robotics_Projects/furuta1/install/iceoryx_posh/include/iceoryx/v2.0.5/iceoryx_posh/mepoo/mepoo_config.hpp
-- Up-to-date: /home/nick/Robotics_Projects/furuta1/install/iceoryx_posh/include/iceoryx/v2.0.5/iceoryx_posh/mepoo/memory_info.hpp
-- Up-to-date: /home/nick/Robotics_Projects/furuta1/install/iceoryx_posh/include/iceoryx/v2.0.5/iceoryx_posh/mepoo/segment_config.hpp
-- Up-to-date: /home/nick/Robotics_Projects/furuta1/install/iceoryx_posh/include/iceoryx/v2.0.5/iceoryx_posh/version
-- Up-to-date: /home/nick/Robotics_Projects/furuta1/install/iceoryx_posh/include/iceoryx/v2.0.5/iceoryx_posh/version/version_info.hpp
-- Up-to-date: /home/nick/Robotics_Projects/furuta1/install/iceoryx_posh/include/iceoryx/v2.0.5/iceoryx_posh/version/compatibility_check_level.hpp
-- Up-to-date: /home/nick/Robotics_Projects/furuta1/install/iceoryx_posh/lib/cmake/iceoryx_posh/iceoryx_poshConfigVersion.cmake
-- Up-to-date: /home/nick/Robotics_Projects/furuta1/install/iceoryx_posh/lib/cmake/iceoryx_posh/iceoryx_poshConfig.cmake
-- Up-to-date: /home/nick/Robotics_Projects/furuta1/install/iceoryx_posh/lib/cmake/iceoryx_posh/iceoryx_poshTargets.cmake
-- Up-to-date: /home/nick/Robotics_Projects/furuta1/install/iceoryx_posh/lib/cmake/iceoryx_posh/iceoryx_poshTargets-noconfig.cmake
-- Up-to-date: /home/nick/Robotics_Projects/furuta1/install/iceoryx_posh/include/iceoryx/v2.0.5/iceoryx_posh/iceoryx_posh_deployment.hpp
-- Up-to-date: /home/nick/Robotics_Projects/furuta1/install/iceoryx_posh/lib/cmake/iceoryx_posh/IceoryxPoshDeployment.cmake
