[0.004s] Invoking command in '/home/nick/Robotics_Projects/furuta1/build/iceoryx_posh': CMAKE_PREFIX_PATH=/home/nick/Robotics_Projects/furuta1/install/iceoryx_hoofs LD_LIBRARY_PATH=/home/nick/Robotics_Projects/furuta1/install/iceoryx_hoofs/lib PKG_CONFIG_PATH=/home/nick/Robotics_Projects/furuta1/install/iceoryx_hoofs/lib/x86_64-linux-gnu/pkgconfig:/home/nick/Robotics_Projects/furuta1/install/iceoryx_hoofs/lib/pkgconfig /usr/bin/cmake --build /home/nick/Robotics_Projects/furuta1/build/iceoryx_posh -- -j16 -l16
[0.042s] [35m[1mConsolidate compiler generated dependencies of target iceoryx_posh[0m
[0.115s] [ 68%] Built target iceoryx_posh
[0.122s] [35m[1mConsolidate compiler generated dependencies of target iceoryx_posh_gateway[0m
[0.128s] [35m[1mConsolidate compiler generated dependencies of target iceoryx_posh_roudi[0m
[0.133s] [ 70%] Built target iceoryx_posh_gateway
[0.162s] [ 92%] Built target iceoryx_posh_roudi
[0.169s] [35m[1mConsolidate compiler generated dependencies of target iceoryx_posh_config[0m
[0.181s] [ 97%] Built target iceoryx_posh_config
[0.187s] [35m[1mConsolidate compiler generated dependencies of target iox-roudi[0m
[0.196s] [100%] Built target iox-roudi
[0.212s] Invoked command in '/home/nick/Robotics_Projects/furuta1/build/iceoryx_posh' returned '0': CMAKE_PREFIX_PATH=/home/nick/Robotics_Projects/furuta1/install/iceoryx_hoofs LD_LIBRARY_PATH=/home/nick/Robotics_Projects/furuta1/install/iceoryx_hoofs/lib PKG_CONFIG_PATH=/home/nick/Robotics_Projects/furuta1/install/iceoryx_hoofs/lib/x86_64-linux-gnu/pkgconfig:/home/nick/Robotics_Projects/furuta1/install/iceoryx_hoofs/lib/pkgconfig /usr/bin/cmake --build /home/nick/Robotics_Projects/furuta1/build/iceoryx_posh -- -j16 -l16
[0.373s] Invoking command in '/home/nick/Robotics_Projects/furuta1/build/iceoryx_posh': CMAKE_PREFIX_PATH=/home/nick/Robotics_Projects/furuta1/install/iceoryx_hoofs LD_LIBRARY_PATH=/home/nick/Robotics_Projects/furuta1/install/iceoryx_hoofs/lib PKG_CONFIG_PATH=/home/nick/Robotics_Projects/furuta1/install/iceoryx_hoofs/lib/x86_64-linux-gnu/pkgconfig:/home/nick/Robotics_Projects/furuta1/install/iceoryx_hoofs/lib/pkgconfig /usr/bin/cmake --install /home/nick/Robotics_Projects/furuta1/build/iceoryx_posh
[0.479s] -- Install configuration: ""
[0.479s] -- Up-to-date: /home/nick/Robotics_Projects/furuta1/install/iceoryx_posh/include/iceoryx/v2.0.5/iceoryx_versions.hpp
[0.480s] -- Up-to-date: /home/nick/Robotics_Projects/furuta1/install/iceoryx_posh/share/doc/iceoryx_posh/LICENSE
[0.480s] -- Up-to-date: /home/nick/Robotics_Projects/furuta1/install/iceoryx_posh/share/doc/iceoryx_posh/3rd_party_licenses
[0.480s] -- Up-to-date: /home/nick/Robotics_Projects/furuta1/install/iceoryx_posh/share/doc/iceoryx_posh/3rd_party_licenses/cpptoml
[0.480s] -- Up-to-date: /home/nick/Robotics_Projects/furuta1/install/iceoryx_posh/share/doc/iceoryx_posh/3rd_party_licenses/cpptoml/LICENSE
[0.480s] -- Up-to-date: /home/nick/Robotics_Projects/furuta1/install/iceoryx_posh/etc/roudi_config_example.toml
[0.480s] -- Up-to-date: /home/nick/Robotics_Projects/furuta1/install/iceoryx_posh/lib/libiceoryx_posh.so
[0.480s] -- Up-to-date: /home/nick/Robotics_Projects/furuta1/install/iceoryx_posh/lib/libiceoryx_posh_roudi.so
[0.480s] -- Up-to-date: /home/nick/Robotics_Projects/furuta1/install/iceoryx_posh/lib/libiceoryx_posh_gateway.so
[0.480s] -- Up-to-date: /home/nick/Robotics_Projects/furuta1/install/iceoryx_posh/lib/libiceoryx_posh_config.so
[0.481s] -- Up-to-date: /home/nick/Robotics_Projects/furuta1/install/iceoryx_posh/bin/iox-roudi
[0.481s] -- Up-to-date: /home/nick/Robotics_Projects/furuta1/install/iceoryx_posh/include/iceoryx/v2.0.5
[0.481s] -- Up-to-date: /home/nick/Robotics_Projects/furuta1/install/iceoryx_posh/include/iceoryx/v2.0.5/iceoryx_posh
[0.481s] -- Up-to-date: /home/nick/Robotics_Projects/furuta1/install/iceoryx_posh/include/iceoryx/v2.0.5/iceoryx_posh/iceoryx_posh_config.hpp
[0.482s] -- Up-to-date: /home/nick/Robotics_Projects/furuta1/install/iceoryx_posh/include/iceoryx/v2.0.5/iceoryx_posh/iceoryx_posh_types.inl
[0.482s] -- Up-to-date: /home/nick/Robotics_Projects/furuta1/install/iceoryx_posh/include/iceoryx/v2.0.5/iceoryx_posh/iceoryx_posh_types.hpp
[0.482s] -- Up-to-date: /home/nick/Robotics_Projects/furuta1/install/iceoryx_posh/include/iceoryx/v2.0.5/iceoryx_posh/capro
[0.482s] -- Up-to-date: /home/nick/Robotics_Projects/furuta1/install/iceoryx_posh/include/iceoryx/v2.0.5/iceoryx_posh/capro/service_description.hpp
[0.482s] -- Up-to-date: /home/nick/Robotics_Projects/furuta1/install/iceoryx_posh/include/iceoryx/v2.0.5/iceoryx_posh/runtime
[0.482s] -- Up-to-date: /home/nick/Robotics_Projects/furuta1/install/iceoryx_posh/include/iceoryx/v2.0.5/iceoryx_posh/runtime/port_config_info.hpp
[0.482s] -- Up-to-date: /home/nick/Robotics_Projects/furuta1/install/iceoryx_posh/include/iceoryx/v2.0.5/iceoryx_posh/runtime/node.hpp
[0.483s] -- Up-to-date: /home/nick/Robotics_Projects/furuta1/install/iceoryx_posh/include/iceoryx/v2.0.5/iceoryx_posh/runtime/posh_runtime_single_process.hpp
[0.483s] -- Up-to-date: /home/nick/Robotics_Projects/furuta1/install/iceoryx_posh/include/iceoryx/v2.0.5/iceoryx_posh/runtime/service_discovery.hpp
[0.483s] -- Up-to-date: /home/nick/Robotics_Projects/furuta1/install/iceoryx_posh/include/iceoryx/v2.0.5/iceoryx_posh/runtime/posh_runtime.hpp
[0.483s] -- Up-to-date: /home/nick/Robotics_Projects/furuta1/install/iceoryx_posh/include/iceoryx/v2.0.5/iceoryx_posh/roudi
[0.483s] -- Up-to-date: /home/nick/Robotics_Projects/furuta1/install/iceoryx_posh/include/iceoryx/v2.0.5/iceoryx_posh/roudi/iceoryx_roudi_app.hpp
[0.483s] -- Up-to-date: /home/nick/Robotics_Projects/furuta1/install/iceoryx_posh/include/iceoryx/v2.0.5/iceoryx_posh/roudi/roudi_config_toml_file_provider.hpp
[0.483s] -- Up-to-date: /home/nick/Robotics_Projects/furuta1/install/iceoryx_posh/include/iceoryx/v2.0.5/iceoryx_posh/roudi/roudi_config_file_provider.hpp
[0.483s] -- Up-to-date: /home/nick/Robotics_Projects/furuta1/install/iceoryx_posh/include/iceoryx/v2.0.5/iceoryx_posh/roudi/memory
[0.483s] -- Up-to-date: /home/nick/Robotics_Projects/furuta1/install/iceoryx_posh/include/iceoryx/v2.0.5/iceoryx_posh/roudi/memory/default_roudi_memory.hpp
[0.484s] -- Up-to-date: /home/nick/Robotics_Projects/furuta1/install/iceoryx_posh/include/iceoryx/v2.0.5/iceoryx_posh/roudi/memory/memory_block.hpp
[0.484s] -- Up-to-date: /home/nick/Robotics_Projects/furuta1/install/iceoryx_posh/include/iceoryx/v2.0.5/iceoryx_posh/roudi/memory/iceoryx_roudi_memory_manager.hpp
[0.484s] -- Up-to-date: /home/nick/Robotics_Projects/furuta1/install/iceoryx_posh/include/iceoryx/v2.0.5/iceoryx_posh/roudi/memory/posix_shm_memory_provider.hpp
[0.484s] -- Up-to-date: /home/nick/Robotics_Projects/furuta1/install/iceoryx_posh/include/iceoryx/v2.0.5/iceoryx_posh/roudi/memory/roudi_memory_manager.hpp
[0.484s] -- Up-to-date: /home/nick/Robotics_Projects/furuta1/install/iceoryx_posh/include/iceoryx/v2.0.5/iceoryx_posh/roudi/memory/roudi_memory_interface.hpp
[0.484s] -- Up-to-date: /home/nick/Robotics_Projects/furuta1/install/iceoryx_posh/include/iceoryx/v2.0.5/iceoryx_posh/roudi/memory/memory_provider.hpp
[0.484s] -- Up-to-date: /home/nick/Robotics_Projects/furuta1/install/iceoryx_posh/include/iceoryx/v2.0.5/iceoryx_posh/roudi/memory/generic_memory_block.hpp
[0.485s] -- Up-to-date: /home/nick/Robotics_Projects/furuta1/install/iceoryx_posh/include/iceoryx/v2.0.5/iceoryx_posh/roudi/cmd_line_args.hpp
[0.485s] -- Up-to-date: /home/nick/Robotics_Projects/furuta1/install/iceoryx_posh/include/iceoryx/v2.0.5/iceoryx_posh/roudi/port_pool.inl
[0.485s] -- Up-to-date: /home/nick/Robotics_Projects/furuta1/install/iceoryx_posh/include/iceoryx/v2.0.5/iceoryx_posh/roudi/roudi_cmd_line_parser_config_file_option.hpp
[0.485s] -- Up-to-date: /home/nick/Robotics_Projects/furuta1/install/iceoryx_posh/include/iceoryx/v2.0.5/iceoryx_posh/roudi/introspection_types.hpp
[0.486s] -- Up-to-date: /home/nick/Robotics_Projects/furuta1/install/iceoryx_posh/include/iceoryx/v2.0.5/iceoryx_posh/roudi/roudi_config.hpp
[0.486s] -- Up-to-date: /home/nick/Robotics_Projects/furuta1/install/iceoryx_posh/include/iceoryx/v2.0.5/iceoryx_posh/roudi/iceoryx_roudi_components.hpp
[0.486s] -- Up-to-date: /home/nick/Robotics_Projects/furuta1/install/iceoryx_posh/include/iceoryx/v2.0.5/iceoryx_posh/roudi/port_pool.hpp
[0.486s] -- Up-to-date: /home/nick/Robotics_Projects/furuta1/install/iceoryx_posh/include/iceoryx/v2.0.5/iceoryx_posh/roudi/roudi_app.hpp
[0.486s] -- Up-to-date: /home/nick/Robotics_Projects/furuta1/install/iceoryx_posh/include/iceoryx/v2.0.5/iceoryx_posh/roudi/roudi_cmd_line_parser.hpp
[0.486s] -- Up-to-date: /home/nick/Robotics_Projects/furuta1/install/iceoryx_posh/include/iceoryx/v2.0.5/iceoryx_posh/gateway
[0.486s] -- Up-to-date: /home/nick/Robotics_Projects/furuta1/install/iceoryx_posh/include/iceoryx/v2.0.5/iceoryx_posh/gateway/gateway_base.hpp
[0.486s] -- Up-to-date: /home/nick/Robotics_Projects/furuta1/install/iceoryx_posh/include/iceoryx/v2.0.5/iceoryx_posh/gateway/toml_gateway_config_parser.hpp
[0.487s] -- Up-to-date: /home/nick/Robotics_Projects/furuta1/install/iceoryx_posh/include/iceoryx/v2.0.5/iceoryx_posh/gateway/gateway_config.hpp
[0.487s] -- Up-to-date: /home/nick/Robotics_Projects/furuta1/install/iceoryx_posh/include/iceoryx/v2.0.5/iceoryx_posh/gateway/gateway_generic.hpp
[0.487s] -- Up-to-date: /home/nick/Robotics_Projects/furuta1/install/iceoryx_posh/include/iceoryx/v2.0.5/iceoryx_posh/gateway/gateway_discovery.hpp
[0.487s] -- Up-to-date: /home/nick/Robotics_Projects/furuta1/install/iceoryx_posh/include/iceoryx/v2.0.5/iceoryx_posh/gateway/channel.hpp
[0.487s] -- Up-to-date: /home/nick/Robotics_Projects/furuta1/install/iceoryx_posh/include/iceoryx/v2.0.5/iceoryx_posh/internal
[0.487s] -- Up-to-date: /home/nick/Robotics_Projects/furuta1/install/iceoryx_posh/include/iceoryx/v2.0.5/iceoryx_posh/internal/capro
[0.487s] -- Up-to-date: /home/nick/Robotics_Projects/furuta1/install/iceoryx_posh/include/iceoryx/v2.0.5/iceoryx_posh/internal/capro/capro_message.hpp
[0.487s] -- Up-to-date: /home/nick/Robotics_Projects/furuta1/install/iceoryx_posh/include/iceoryx/v2.0.5/iceoryx_posh/internal/capro/capro_message.inl
[0.487s] -- Up-to-date: /home/nick/Robotics_Projects/furuta1/install/iceoryx_posh/include/iceoryx/v2.0.5/iceoryx_posh/internal/runtime
[0.487s] -- Up-to-date: /home/nick/Robotics_Projects/furuta1/install/iceoryx_posh/include/iceoryx/v2.0.5/iceoryx_posh/internal/runtime/ipc_interface_user.hpp
[0.487s] -- Up-to-date: /home/nick/Robotics_Projects/furuta1/install/iceoryx_posh/include/iceoryx/v2.0.5/iceoryx_posh/internal/runtime/ipc_runtime_interface.hpp
[0.487s] -- Up-to-date: /home/nick/Robotics_Projects/furuta1/install/iceoryx_posh/include/iceoryx/v2.0.5/iceoryx_posh/internal/runtime/ipc_message.hpp
[0.488s] -- Up-to-date: /home/nick/Robotics_Projects/furuta1/install/iceoryx_posh/include/iceoryx/v2.0.5/iceoryx_posh/internal/runtime/node_property.hpp
[0.488s] -- Up-to-date: /home/nick/Robotics_Projects/furuta1/install/iceoryx_posh/include/iceoryx/v2.0.5/iceoryx_posh/internal/runtime/ipc_message.inl
[0.488s] -- Up-to-date: /home/nick/Robotics_Projects/furuta1/install/iceoryx_posh/include/iceoryx/v2.0.5/iceoryx_posh/internal/runtime/posh_runtime_impl.hpp
[0.488s] -- Up-to-date: /home/nick/Robotics_Projects/furuta1/install/iceoryx_posh/include/iceoryx/v2.0.5/iceoryx_posh/internal/runtime/node_data.hpp
[0.488s] -- Up-to-date: /home/nick/Robotics_Projects/furuta1/install/iceoryx_posh/include/iceoryx/v2.0.5/iceoryx_posh/internal/runtime/ipc_interface_base.hpp
[0.488s] -- Up-to-date: /home/nick/Robotics_Projects/furuta1/install/iceoryx_posh/include/iceoryx/v2.0.5/iceoryx_posh/internal/runtime/shared_memory_user.hpp
[0.488s] -- Up-to-date: /home/nick/Robotics_Projects/furuta1/install/iceoryx_posh/include/iceoryx/v2.0.5/iceoryx_posh/internal/runtime/ipc_interface_creator.hpp
[0.488s] -- Up-to-date: /home/nick/Robotics_Projects/furuta1/install/iceoryx_posh/include/iceoryx/v2.0.5/iceoryx_posh/internal/roudi
[0.488s] -- Up-to-date: /home/nick/Robotics_Projects/furuta1/install/iceoryx_posh/include/iceoryx/v2.0.5/iceoryx_posh/internal/roudi/process_manager.hpp
[0.488s] -- Up-to-date: /home/nick/Robotics_Projects/furuta1/install/iceoryx_posh/include/iceoryx/v2.0.5/iceoryx_posh/internal/roudi/port_pool_data.hpp
[0.488s] -- Up-to-date: /home/nick/Robotics_Projects/furuta1/install/iceoryx_posh/include/iceoryx/v2.0.5/iceoryx_posh/internal/roudi/port_manager.inl
[0.488s] -- Up-to-date: /home/nick/Robotics_Projects/furuta1/install/iceoryx_posh/include/iceoryx/v2.0.5/iceoryx_posh/internal/roudi/roudi.hpp
[0.488s] -- Up-to-date: /home/nick/Robotics_Projects/furuta1/install/iceoryx_posh/include/iceoryx/v2.0.5/iceoryx_posh/internal/roudi/port_manager.hpp
[0.488s] -- Up-to-date: /home/nick/Robotics_Projects/furuta1/install/iceoryx_posh/include/iceoryx/v2.0.5/iceoryx_posh/internal/roudi/memory
[0.488s] -- Up-to-date: /home/nick/Robotics_Projects/furuta1/install/iceoryx_posh/include/iceoryx/v2.0.5/iceoryx_posh/internal/roudi/memory/port_pool_memory_block.hpp
[0.488s] -- Up-to-date: /home/nick/Robotics_Projects/furuta1/install/iceoryx_posh/include/iceoryx/v2.0.5/iceoryx_posh/internal/roudi/memory/generic_memory_block.inl
[0.488s] -- Up-to-date: /home/nick/Robotics_Projects/furuta1/install/iceoryx_posh/include/iceoryx/v2.0.5/iceoryx_posh/internal/roudi/memory/mempool_segment_manager_memory_block.hpp
[0.488s] -- Up-to-date: /home/nick/Robotics_Projects/furuta1/install/iceoryx_posh/include/iceoryx/v2.0.5/iceoryx_posh/internal/roudi/memory/mempool_collection_memory_block.hpp
[0.488s] -- Up-to-date: /home/nick/Robotics_Projects/furuta1/install/iceoryx_posh/include/iceoryx/v2.0.5/iceoryx_posh/internal/roudi/service_registry.hpp
[0.488s] -- Up-to-date: /home/nick/Robotics_Projects/furuta1/install/iceoryx_posh/include/iceoryx/v2.0.5/iceoryx_posh/internal/roudi/port_pool_data.inl
[0.488s] -- Up-to-date: /home/nick/Robotics_Projects/furuta1/install/iceoryx_posh/include/iceoryx/v2.0.5/iceoryx_posh/internal/roudi/process.hpp
[0.488s] -- Up-to-date: /home/nick/Robotics_Projects/furuta1/install/iceoryx_posh/include/iceoryx/v2.0.5/iceoryx_posh/internal/roudi/introspection
[0.488s] -- Up-to-date: /home/nick/Robotics_Projects/furuta1/install/iceoryx_posh/include/iceoryx/v2.0.5/iceoryx_posh/internal/roudi/introspection/process_introspection.inl
[0.488s] -- Up-to-date: /home/nick/Robotics_Projects/furuta1/install/iceoryx_posh/include/iceoryx/v2.0.5/iceoryx_posh/internal/roudi/introspection/process_introspection.hpp
[0.488s] -- Up-to-date: /home/nick/Robotics_Projects/furuta1/install/iceoryx_posh/include/iceoryx/v2.0.5/iceoryx_posh/internal/roudi/introspection/port_introspection.inl
[0.488s] -- Up-to-date: /home/nick/Robotics_Projects/furuta1/install/iceoryx_posh/include/iceoryx/v2.0.5/iceoryx_posh/internal/roudi/introspection/mempool_introspection.hpp
[0.488s] -- Up-to-date: /home/nick/Robotics_Projects/furuta1/install/iceoryx_posh/include/iceoryx/v2.0.5/iceoryx_posh/internal/roudi/introspection/fixed_size_container.hpp
[0.488s] -- Up-to-date: /home/nick/Robotics_Projects/furuta1/install/iceoryx_posh/include/iceoryx/v2.0.5/iceoryx_posh/internal/roudi/introspection/port_introspection.hpp
[0.488s] -- Up-to-date: /home/nick/Robotics_Projects/furuta1/install/iceoryx_posh/include/iceoryx/v2.0.5/iceoryx_posh/internal/roudi/introspection/mempool_introspection.inl
[0.488s] -- Up-to-date: /home/nick/Robotics_Projects/furuta1/install/iceoryx_posh/include/iceoryx/v2.0.5/iceoryx_posh/internal/log
[0.488s] -- Up-to-date: /home/nick/Robotics_Projects/furuta1/install/iceoryx_posh/include/iceoryx/v2.0.5/iceoryx_posh/internal/log/posh_logging.hpp
[0.488s] -- Up-to-date: /home/nick/Robotics_Projects/furuta1/install/iceoryx_posh/include/iceoryx/v2.0.5/iceoryx_posh/internal/log/posh_config_logging.hpp
[0.488s] -- Up-to-date: /home/nick/Robotics_Projects/furuta1/install/iceoryx_posh/include/iceoryx/v2.0.5/iceoryx_posh/internal/gateway
[0.488s] -- Up-to-date: /home/nick/Robotics_Projects/furuta1/install/iceoryx_posh/include/iceoryx/v2.0.5/iceoryx_posh/internal/gateway/channel.inl
[0.488s] -- Up-to-date: /home/nick/Robotics_Projects/furuta1/install/iceoryx_posh/include/iceoryx/v2.0.5/iceoryx_posh/internal/gateway/gateway_generic.inl
[0.488s] -- Up-to-date: /home/nick/Robotics_Projects/furuta1/install/iceoryx_posh/include/iceoryx/v2.0.5/iceoryx_posh/internal/popo
[0.488s] -- Up-to-date: /home/nick/Robotics_Projects/furuta1/install/iceoryx_posh/include/iceoryx/v2.0.5/iceoryx_posh/internal/popo/client_impl.hpp
[0.489s] -- Up-to-date: /home/nick/Robotics_Projects/furuta1/install/iceoryx_posh/include/iceoryx/v2.0.5/iceoryx_posh/internal/popo/base_publisher.hpp
[0.489s] -- Up-to-date: /home/nick/Robotics_Projects/furuta1/install/iceoryx_posh/include/iceoryx/v2.0.5/iceoryx_posh/internal/popo/base_client.hpp
[0.489s] -- Up-to-date: /home/nick/Robotics_Projects/furuta1/install/iceoryx_posh/include/iceoryx/v2.0.5/iceoryx_posh/internal/popo/publisher_impl.inl
[0.489s] -- Up-to-date: /home/nick/Robotics_Projects/furuta1/install/iceoryx_posh/include/iceoryx/v2.0.5/iceoryx_posh/internal/popo/publisher_impl.hpp
[0.489s] -- Up-to-date: /home/nick/Robotics_Projects/furuta1/install/iceoryx_posh/include/iceoryx/v2.0.5/iceoryx_posh/internal/popo/untyped_client_impl.hpp
[0.489s] -- Up-to-date: /home/nick/Robotics_Projects/furuta1/install/iceoryx_posh/include/iceoryx/v2.0.5/iceoryx_posh/internal/popo/server_impl.inl
[0.489s] -- Up-to-date: /home/nick/Robotics_Projects/furuta1/install/iceoryx_posh/include/iceoryx/v2.0.5/iceoryx_posh/internal/popo/untyped_server_impl.hpp
[0.489s] -- Up-to-date: /home/nick/Robotics_Projects/furuta1/install/iceoryx_posh/include/iceoryx/v2.0.5/iceoryx_posh/internal/popo/subscriber_impl.hpp
[0.489s] -- Up-to-date: /home/nick/Robotics_Projects/furuta1/install/iceoryx_posh/include/iceoryx/v2.0.5/iceoryx_posh/internal/popo/sample_deleter.hpp
[0.489s] -- Up-to-date: /home/nick/Robotics_Projects/furuta1/install/iceoryx_posh/include/iceoryx/v2.0.5/iceoryx_posh/internal/popo/request_deleter.hpp
[0.489s] -- Up-to-date: /home/nick/Robotics_Projects/furuta1/install/iceoryx_posh/include/iceoryx/v2.0.5/iceoryx_posh/internal/popo/untyped_subscriber_impl.inl
[0.489s] -- Up-to-date: /home/nick/Robotics_Projects/furuta1/install/iceoryx_posh/include/iceoryx/v2.0.5/iceoryx_posh/internal/popo/untyped_subscriber_impl.hpp
[0.489s] -- Up-to-date: /home/nick/Robotics_Projects/furuta1/install/iceoryx_posh/include/iceoryx/v2.0.5/iceoryx_posh/internal/popo/untyped_publisher_impl.hpp
[0.489s] -- Up-to-date: /home/nick/Robotics_Projects/furuta1/install/iceoryx_posh/include/iceoryx/v2.0.5/iceoryx_posh/internal/popo/response_deleter.inl
[0.489s] -- Up-to-date: /home/nick/Robotics_Projects/furuta1/install/iceoryx_posh/include/iceoryx/v2.0.5/iceoryx_posh/internal/popo/notification_callback.inl
[0.489s] -- Up-to-date: /home/nick/Robotics_Projects/furuta1/install/iceoryx_posh/include/iceoryx/v2.0.5/iceoryx_posh/internal/popo/notification_attorney.inl
[0.489s] -- Up-to-date: /home/nick/Robotics_Projects/furuta1/install/iceoryx_posh/include/iceoryx/v2.0.5/iceoryx_posh/internal/popo/notification_info.inl
[0.489s] -- Up-to-date: /home/nick/Robotics_Projects/furuta1/install/iceoryx_posh/include/iceoryx/v2.0.5/iceoryx_posh/internal/popo/building_blocks
[0.489s] -- Up-to-date: /home/nick/Robotics_Projects/furuta1/install/iceoryx_posh/include/iceoryx/v2.0.5/iceoryx_posh/internal/popo/building_blocks/condition_notifier.hpp
[0.489s] -- Up-to-date: /home/nick/Robotics_Projects/furuta1/install/iceoryx_posh/include/iceoryx/v2.0.5/iceoryx_posh/internal/popo/building_blocks/chunk_receiver.inl
[0.489s] -- Up-to-date: /home/nick/Robotics_Projects/furuta1/install/iceoryx_posh/include/iceoryx/v2.0.5/iceoryx_posh/internal/popo/building_blocks/chunk_receiver_data.inl
[0.489s] -- Up-to-date: /home/nick/Robotics_Projects/furuta1/install/iceoryx_posh/include/iceoryx/v2.0.5/iceoryx_posh/internal/popo/building_blocks/chunk_receiver_data.hpp
[0.489s] -- Up-to-date: /home/nick/Robotics_Projects/furuta1/install/iceoryx_posh/include/iceoryx/v2.0.5/iceoryx_posh/internal/popo/building_blocks/chunk_distributor.inl
[0.489s] -- Up-to-date: /home/nick/Robotics_Projects/furuta1/install/iceoryx_posh/include/iceoryx/v2.0.5/iceoryx_posh/internal/popo/building_blocks/chunk_queue_pusher.hpp
[0.489s] -- Up-to-date: /home/nick/Robotics_Projects/furuta1/install/iceoryx_posh/include/iceoryx/v2.0.5/iceoryx_posh/internal/popo/building_blocks/chunk_queue_data.hpp
[0.489s] -- Up-to-date: /home/nick/Robotics_Projects/furuta1/install/iceoryx_posh/include/iceoryx/v2.0.5/iceoryx_posh/internal/popo/building_blocks/chunk_distributor.hpp
[0.489s] -- Up-to-date: /home/nick/Robotics_Projects/furuta1/install/iceoryx_posh/include/iceoryx/v2.0.5/iceoryx_posh/internal/popo/building_blocks/locking_policy.hpp
[0.489s] -- Up-to-date: /home/nick/Robotics_Projects/furuta1/install/iceoryx_posh/include/iceoryx/v2.0.5/iceoryx_posh/internal/popo/building_blocks/unique_port_id.hpp
[0.489s] -- Up-to-date: /home/nick/Robotics_Projects/furuta1/install/iceoryx_posh/include/iceoryx/v2.0.5/iceoryx_posh/internal/popo/building_blocks/chunk_queue_popper.inl
[0.489s] -- Up-to-date: /home/nick/Robotics_Projects/furuta1/install/iceoryx_posh/include/iceoryx/v2.0.5/iceoryx_posh/internal/popo/building_blocks/chunk_queue_data.inl
[0.489s] -- Up-to-date: /home/nick/Robotics_Projects/furuta1/install/iceoryx_posh/include/iceoryx/v2.0.5/iceoryx_posh/internal/popo/building_blocks/typed_unique_id.hpp
[0.489s] -- Up-to-date: /home/nick/Robotics_Projects/furuta1/install/iceoryx_posh/include/iceoryx/v2.0.5/iceoryx_posh/internal/popo/building_blocks/condition_listener.hpp
[0.489s] -- Up-to-date: /home/nick/Robotics_Projects/furuta1/install/iceoryx_posh/include/iceoryx/v2.0.5/iceoryx_posh/internal/popo/building_blocks/condition_variable_data.hpp
[0.489s] -- Up-to-date: /home/nick/Robotics_Projects/furuta1/install/iceoryx_posh/include/iceoryx/v2.0.5/iceoryx_posh/internal/popo/building_blocks/chunk_queue_pusher.inl
[0.489s] -- Up-to-date: /home/nick/Robotics_Projects/furuta1/install/iceoryx_posh/include/iceoryx/v2.0.5/iceoryx_posh/internal/popo/building_blocks/chunk_sender.inl
[0.489s] -- Up-to-date: /home/nick/Robotics_Projects/furuta1/install/iceoryx_posh/include/iceoryx/v2.0.5/iceoryx_posh/internal/popo/building_blocks/chunk_receiver.hpp
[0.490s] -- Up-to-date: /home/nick/Robotics_Projects/furuta1/install/iceoryx_posh/include/iceoryx/v2.0.5/iceoryx_posh/internal/popo/building_blocks/chunk_sender_data.inl
[0.490s] -- Up-to-date: /home/nick/Robotics_Projects/furuta1/install/iceoryx_posh/include/iceoryx/v2.0.5/iceoryx_posh/internal/popo/building_blocks/chunk_distributor_data.hpp
[0.490s] -- Up-to-date: /home/nick/Robotics_Projects/furuta1/install/iceoryx_posh/include/iceoryx/v2.0.5/iceoryx_posh/internal/popo/building_blocks/chunk_sender.hpp
[0.490s] -- Up-to-date: /home/nick/Robotics_Projects/furuta1/install/iceoryx_posh/include/iceoryx/v2.0.5/iceoryx_posh/internal/popo/building_blocks/chunk_sender_data.hpp
[0.490s] -- Up-to-date: /home/nick/Robotics_Projects/furuta1/install/iceoryx_posh/include/iceoryx/v2.0.5/iceoryx_posh/internal/popo/building_blocks/chunk_distributor_data.inl
[0.490s] -- Up-to-date: /home/nick/Robotics_Projects/furuta1/install/iceoryx_posh/include/iceoryx/v2.0.5/iceoryx_posh/internal/popo/building_blocks/chunk_queue_popper.hpp
[0.490s] -- Up-to-date: /home/nick/Robotics_Projects/furuta1/install/iceoryx_posh/include/iceoryx/v2.0.5/iceoryx_posh/internal/popo/base_server.hpp
[0.490s] -- Up-to-date: /home/nick/Robotics_Projects/furuta1/install/iceoryx_posh/include/iceoryx/v2.0.5/iceoryx_posh/internal/popo/publisher_interface.hpp
[0.490s] -- Up-to-date: /home/nick/Robotics_Projects/furuta1/install/iceoryx_posh/include/iceoryx/v2.0.5/iceoryx_posh/internal/popo/response.inl
[0.490s] -- Up-to-date: /home/nick/Robotics_Projects/furuta1/install/iceoryx_posh/include/iceoryx/v2.0.5/iceoryx_posh/internal/popo/base_client.inl
[0.490s] -- Up-to-date: /home/nick/Robotics_Projects/furuta1/install/iceoryx_posh/include/iceoryx/v2.0.5/iceoryx_posh/internal/popo/subscriber_impl.inl
[0.490s] -- Up-to-date: /home/nick/Robotics_Projects/furuta1/install/iceoryx_posh/include/iceoryx/v2.0.5/iceoryx_posh/internal/popo/request.inl
[0.490s] -- Up-to-date: /home/nick/Robotics_Projects/furuta1/install/iceoryx_posh/include/iceoryx/v2.0.5/iceoryx_posh/internal/popo/untyped_client_impl.inl
[0.490s] -- Up-to-date: /home/nick/Robotics_Projects/furuta1/install/iceoryx_posh/include/iceoryx/v2.0.5/iceoryx_posh/internal/popo/sample.inl
[0.490s] -- Up-to-date: /home/nick/Robotics_Projects/furuta1/install/iceoryx_posh/include/iceoryx/v2.0.5/iceoryx_posh/internal/popo/trigger.inl
[0.490s] -- Up-to-date: /home/nick/Robotics_Projects/furuta1/install/iceoryx_posh/include/iceoryx/v2.0.5/iceoryx_posh/internal/popo/untyped_publisher_impl.inl
[0.490s] -- Up-to-date: /home/nick/Robotics_Projects/furuta1/install/iceoryx_posh/include/iceoryx/v2.0.5/iceoryx_posh/internal/popo/rpc_interface.hpp
[0.490s] -- Up-to-date: /home/nick/Robotics_Projects/furuta1/install/iceoryx_posh/include/iceoryx/v2.0.5/iceoryx_posh/internal/popo/base_publisher.inl
[0.490s] -- Up-to-date: /home/nick/Robotics_Projects/furuta1/install/iceoryx_posh/include/iceoryx/v2.0.5/iceoryx_posh/internal/popo/ports
[0.490s] -- Up-to-date: /home/nick/Robotics_Projects/furuta1/install/iceoryx_posh/include/iceoryx/v2.0.5/iceoryx_posh/internal/popo/ports/pub_sub_port_types.hpp
[0.490s] -- Up-to-date: /home/nick/Robotics_Projects/furuta1/install/iceoryx_posh/include/iceoryx/v2.0.5/iceoryx_posh/internal/popo/ports/base_port_data.hpp
[0.490s] -- Up-to-date: /home/nick/Robotics_Projects/furuta1/install/iceoryx_posh/include/iceoryx/v2.0.5/iceoryx_posh/internal/popo/ports/base_port.hpp
[0.491s] -- Up-to-date: /home/nick/Robotics_Projects/furuta1/install/iceoryx_posh/include/iceoryx/v2.0.5/iceoryx_posh/internal/popo/ports/server_port_user.hpp
[0.491s] -- Up-to-date: /home/nick/Robotics_Projects/furuta1/install/iceoryx_posh/include/iceoryx/v2.0.5/iceoryx_posh/internal/popo/ports/subscriber_port_roudi.hpp
[0.491s] -- Up-to-date: /home/nick/Robotics_Projects/furuta1/install/iceoryx_posh/include/iceoryx/v2.0.5/iceoryx_posh/internal/popo/ports/client_port_user.inl
[0.491s] -- Up-to-date: /home/nick/Robotics_Projects/furuta1/install/iceoryx_posh/include/iceoryx/v2.0.5/iceoryx_posh/internal/popo/ports/client_port_user.hpp
[0.491s] -- Up-to-date: /home/nick/Robotics_Projects/furuta1/install/iceoryx_posh/include/iceoryx/v2.0.5/iceoryx_posh/internal/popo/ports/interface_port_data.hpp
[0.491s] -- Up-to-date: /home/nick/Robotics_Projects/furuta1/install/iceoryx_posh/include/iceoryx/v2.0.5/iceoryx_posh/internal/popo/ports/subscriber_port_user.hpp
[0.491s] -- Up-to-date: /home/nick/Robotics_Projects/furuta1/install/iceoryx_posh/include/iceoryx/v2.0.5/iceoryx_posh/internal/popo/ports/publisher_port_data.hpp
[0.491s] -- Up-to-date: /home/nick/Robotics_Projects/furuta1/install/iceoryx_posh/include/iceoryx/v2.0.5/iceoryx_posh/internal/popo/ports/subscriber_port_multi_producer.hpp
[0.491s] -- Up-to-date: /home/nick/Robotics_Projects/furuta1/install/iceoryx_posh/include/iceoryx/v2.0.5/iceoryx_posh/internal/popo/ports/server_port_data.hpp
[0.491s] -- Up-to-date: /home/nick/Robotics_Projects/furuta1/install/iceoryx_posh/include/iceoryx/v2.0.5/iceoryx_posh/internal/popo/ports/interface_port.hpp
[0.491s] -- Up-to-date: /home/nick/Robotics_Projects/furuta1/install/iceoryx_posh/include/iceoryx/v2.0.5/iceoryx_posh/internal/popo/ports/publisher_port_user.hpp
[0.491s] -- Up-to-date: /home/nick/Robotics_Projects/furuta1/install/iceoryx_posh/include/iceoryx/v2.0.5/iceoryx_posh/internal/popo/ports/publisher_port_roudi.hpp
[0.491s] -- Up-to-date: /home/nick/Robotics_Projects/furuta1/install/iceoryx_posh/include/iceoryx/v2.0.5/iceoryx_posh/internal/popo/ports/server_port_user.inl
[0.491s] -- Up-to-date: /home/nick/Robotics_Projects/furuta1/install/iceoryx_posh/include/iceoryx/v2.0.5/iceoryx_posh/internal/popo/ports/subscriber_port_single_producer.hpp
[0.491s] -- Up-to-date: /home/nick/Robotics_Projects/furuta1/install/iceoryx_posh/include/iceoryx/v2.0.5/iceoryx_posh/internal/popo/ports/subscriber_port_data.hpp
[0.491s] -- Up-to-date: /home/nick/Robotics_Projects/furuta1/install/iceoryx_posh/include/iceoryx/v2.0.5/iceoryx_posh/internal/popo/ports/client_port_roudi.hpp
[0.491s] -- Up-to-date: /home/nick/Robotics_Projects/furuta1/install/iceoryx_posh/include/iceoryx/v2.0.5/iceoryx_posh/internal/popo/ports/client_port_data.hpp
[0.491s] -- Up-to-date: /home/nick/Robotics_Projects/furuta1/install/iceoryx_posh/include/iceoryx/v2.0.5/iceoryx_posh/internal/popo/ports/server_port_roudi.hpp
[0.491s] -- Up-to-date: /home/nick/Robotics_Projects/furuta1/install/iceoryx_posh/include/iceoryx/v2.0.5/iceoryx_posh/internal/popo/ports/base_port.inl
[0.491s] -- Up-to-date: /home/nick/Robotics_Projects/furuta1/install/iceoryx_posh/include/iceoryx/v2.0.5/iceoryx_posh/internal/popo/ports/client_server_port_types.hpp
[0.491s] -- Up-to-date: /home/nick/Robotics_Projects/furuta1/install/iceoryx_posh/include/iceoryx/v2.0.5/iceoryx_posh/internal/popo/smart_chunk.inl
[0.491s] -- Up-to-date: /home/nick/Robotics_Projects/furuta1/install/iceoryx_posh/include/iceoryx/v2.0.5/iceoryx_posh/internal/popo/server_impl.hpp
[0.491s] -- Up-to-date: /home/nick/Robotics_Projects/furuta1/install/iceoryx_posh/include/iceoryx/v2.0.5/iceoryx_posh/internal/popo/used_chunk_list.hpp
[0.491s] -- Up-to-date: /home/nick/Robotics_Projects/furuta1/install/iceoryx_posh/include/iceoryx/v2.0.5/iceoryx_posh/internal/popo/response_deleter.hpp
[0.491s] -- Up-to-date: /home/nick/Robotics_Projects/furuta1/install/iceoryx_posh/include/iceoryx/v2.0.5/iceoryx_posh/internal/popo/smart_chunk.hpp
[0.491s] -- Up-to-date: /home/nick/Robotics_Projects/furuta1/install/iceoryx_posh/include/iceoryx/v2.0.5/iceoryx_posh/internal/popo/typed_port_api_trait.hpp
[0.491s] -- Up-to-date: /home/nick/Robotics_Projects/furuta1/install/iceoryx_posh/include/iceoryx/v2.0.5/iceoryx_posh/internal/popo/used_chunk_list.inl
[0.491s] -- Up-to-date: /home/nick/Robotics_Projects/furuta1/install/iceoryx_posh/include/iceoryx/v2.0.5/iceoryx_posh/internal/popo/client_impl.inl
[0.491s] -- Up-to-date: /home/nick/Robotics_Projects/furuta1/install/iceoryx_posh/include/iceoryx/v2.0.5/iceoryx_posh/internal/popo/listener.inl
[0.491s] -- Up-to-date: /home/nick/Robotics_Projects/furuta1/install/iceoryx_posh/include/iceoryx/v2.0.5/iceoryx_posh/internal/popo/sample_deleter.inl
[0.491s] -- Up-to-date: /home/nick/Robotics_Projects/furuta1/install/iceoryx_posh/include/iceoryx/v2.0.5/iceoryx_posh/internal/popo/request_deleter.inl
[0.491s] -- Up-to-date: /home/nick/Robotics_Projects/furuta1/install/iceoryx_posh/include/iceoryx/v2.0.5/iceoryx_posh/internal/popo/base_server.inl
[0.491s] -- Up-to-date: /home/nick/Robotics_Projects/furuta1/install/iceoryx_posh/include/iceoryx/v2.0.5/iceoryx_posh/internal/popo/base_subscriber.inl
[0.491s] -- Up-to-date: /home/nick/Robotics_Projects/furuta1/install/iceoryx_posh/include/iceoryx/v2.0.5/iceoryx_posh/internal/popo/untyped_server_impl.inl
[0.491s] -- Up-to-date: /home/nick/Robotics_Projects/furuta1/install/iceoryx_posh/include/iceoryx/v2.0.5/iceoryx_posh/internal/popo/wait_set.inl
[0.492s] -- Up-to-date: /home/nick/Robotics_Projects/furuta1/install/iceoryx_posh/include/iceoryx/v2.0.5/iceoryx_posh/internal/popo/base_subscriber.hpp
[0.492s] -- Up-to-date: /home/nick/Robotics_Projects/furuta1/install/iceoryx_posh/include/iceoryx/v2.0.5/iceoryx_posh/internal/mepoo
[0.492s] -- Up-to-date: /home/nick/Robotics_Projects/furuta1/install/iceoryx_posh/include/iceoryx/v2.0.5/iceoryx_posh/internal/mepoo/typed_mem_pool.hpp
[0.492s] -- Up-to-date: /home/nick/Robotics_Projects/furuta1/install/iceoryx_posh/include/iceoryx/v2.0.5/iceoryx_posh/internal/mepoo/memory_manager.inl
[0.492s] -- Up-to-date: /home/nick/Robotics_Projects/furuta1/install/iceoryx_posh/include/iceoryx/v2.0.5/iceoryx_posh/internal/mepoo/mem_pool.hpp
[0.492s] -- Up-to-date: /home/nick/Robotics_Projects/furuta1/install/iceoryx_posh/include/iceoryx/v2.0.5/iceoryx_posh/internal/mepoo/shared_pointer.inl
[0.492s] -- Up-to-date: /home/nick/Robotics_Projects/furuta1/install/iceoryx_posh/include/iceoryx/v2.0.5/iceoryx_posh/internal/mepoo/shared_pointer.hpp
[0.492s] -- Up-to-date: /home/nick/Robotics_Projects/furuta1/install/iceoryx_posh/include/iceoryx/v2.0.5/iceoryx_posh/internal/mepoo/mepoo.hpp
[0.492s] -- Up-to-date: /home/nick/Robotics_Projects/furuta1/install/iceoryx_posh/include/iceoryx/v2.0.5/iceoryx_posh/internal/mepoo/memory_manager.hpp
[0.492s] -- Up-to-date: /home/nick/Robotics_Projects/furuta1/install/iceoryx_posh/include/iceoryx/v2.0.5/iceoryx_posh/internal/mepoo/mepoo_segment.hpp
[0.492s] -- Up-to-date: /home/nick/Robotics_Projects/furuta1/install/iceoryx_posh/include/iceoryx/v2.0.5/iceoryx_posh/internal/mepoo/shared_chunk.hpp
[0.492s] -- Up-to-date: /home/nick/Robotics_Projects/furuta1/install/iceoryx_posh/include/iceoryx/v2.0.5/iceoryx_posh/internal/mepoo/segment_manager.hpp
[0.492s] -- Up-to-date: /home/nick/Robotics_Projects/furuta1/install/iceoryx_posh/include/iceoryx/v2.0.5/iceoryx_posh/internal/mepoo/chunk_management.hpp
[0.492s] -- Up-to-date: /home/nick/Robotics_Projects/furuta1/install/iceoryx_posh/include/iceoryx/v2.0.5/iceoryx_posh/internal/mepoo/mepoo_segment.inl
[0.492s] -- Up-to-date: /home/nick/Robotics_Projects/furuta1/install/iceoryx_posh/include/iceoryx/v2.0.5/iceoryx_posh/internal/mepoo/shm_safe_unmanaged_chunk.hpp
[0.492s] -- Up-to-date: /home/nick/Robotics_Projects/furuta1/install/iceoryx_posh/include/iceoryx/v2.0.5/iceoryx_posh/internal/mepoo/typed_mem_pool.inl
[0.492s] -- Up-to-date: /home/nick/Robotics_Projects/furuta1/install/iceoryx_posh/include/iceoryx/v2.0.5/iceoryx_posh/internal/mepoo/segment_manager.inl
[0.492s] -- Up-to-date: /home/nick/Robotics_Projects/furuta1/install/iceoryx_posh/include/iceoryx/v2.0.5/iceoryx_posh/popo
[0.492s] -- Up-to-date: /home/nick/Robotics_Projects/furuta1/install/iceoryx_posh/include/iceoryx/v2.0.5/iceoryx_posh/popo/enum_trigger_type.hpp
[0.492s] -- Up-to-date: /home/nick/Robotics_Projects/furuta1/install/iceoryx_posh/include/iceoryx/v2.0.5/iceoryx_posh/popo/port_queue_policies.hpp
[0.492s] -- Up-to-date: /home/nick/Robotics_Projects/furuta1/install/iceoryx_posh/include/iceoryx/v2.0.5/iceoryx_posh/popo/untyped_publisher.hpp
[0.492s] -- Up-to-date: /home/nick/Robotics_Projects/furuta1/install/iceoryx_posh/include/iceoryx/v2.0.5/iceoryx_posh/popo/notification_attorney.hpp
[0.492s] -- Up-to-date: /home/nick/Robotics_Projects/furuta1/install/iceoryx_posh/include/iceoryx/v2.0.5/iceoryx_posh/popo/server.hpp
[0.492s] -- Up-to-date: /home/nick/Robotics_Projects/furuta1/install/iceoryx_posh/include/iceoryx/v2.0.5/iceoryx_posh/popo/client_options.hpp
[0.492s] -- Up-to-date: /home/nick/Robotics_Projects/furuta1/install/iceoryx_posh/include/iceoryx/v2.0.5/iceoryx_posh/popo/untyped_subscriber.hpp
[0.492s] -- Up-to-date: /home/nick/Robotics_Projects/furuta1/install/iceoryx_posh/include/iceoryx/v2.0.5/iceoryx_posh/popo/user_trigger.hpp
[0.492s] -- Up-to-date: /home/nick/Robotics_Projects/furuta1/install/iceoryx_posh/include/iceoryx/v2.0.5/iceoryx_posh/popo/subscriber_options.hpp
[0.492s] -- Up-to-date: /home/nick/Robotics_Projects/furuta1/install/iceoryx_posh/include/iceoryx/v2.0.5/iceoryx_posh/popo/subscriber.hpp
[0.492s] -- Up-to-date: /home/nick/Robotics_Projects/furuta1/install/iceoryx_posh/include/iceoryx/v2.0.5/iceoryx_posh/popo/server_options.hpp
[0.492s] -- Up-to-date: /home/nick/Robotics_Projects/furuta1/install/iceoryx_posh/include/iceoryx/v2.0.5/iceoryx_posh/popo/listener.hpp
[0.492s] -- Up-to-date: /home/nick/Robotics_Projects/furuta1/install/iceoryx_posh/include/iceoryx/v2.0.5/iceoryx_posh/popo/client.hpp
[0.492s] -- Up-to-date: /home/nick/Robotics_Projects/furuta1/install/iceoryx_posh/include/iceoryx/v2.0.5/iceoryx_posh/popo/response.hpp
[0.492s] -- Up-to-date: /home/nick/Robotics_Projects/furuta1/install/iceoryx_posh/include/iceoryx/v2.0.5/iceoryx_posh/popo/untyped_client.hpp
[0.492s] -- Up-to-date: /home/nick/Robotics_Projects/furuta1/install/iceoryx_posh/include/iceoryx/v2.0.5/iceoryx_posh/popo/request.hpp
[0.492s] -- Up-to-date: /home/nick/Robotics_Projects/furuta1/install/iceoryx_posh/include/iceoryx/v2.0.5/iceoryx_posh/popo/publisher.hpp
[0.492s] -- Up-to-date: /home/nick/Robotics_Projects/furuta1/install/iceoryx_posh/include/iceoryx/v2.0.5/iceoryx_posh/popo/wait_set.hpp
[0.493s] -- Up-to-date: /home/nick/Robotics_Projects/furuta1/install/iceoryx_posh/include/iceoryx/v2.0.5/iceoryx_posh/popo/publisher_options.hpp
[0.493s] -- Up-to-date: /home/nick/Robotics_Projects/furuta1/install/iceoryx_posh/include/iceoryx/v2.0.5/iceoryx_posh/popo/notification_info.hpp
[0.493s] -- Up-to-date: /home/nick/Robotics_Projects/furuta1/install/iceoryx_posh/include/iceoryx/v2.0.5/iceoryx_posh/popo/rpc_header.hpp
[0.493s] -- Up-to-date: /home/nick/Robotics_Projects/furuta1/install/iceoryx_posh/include/iceoryx/v2.0.5/iceoryx_posh/popo/sample.hpp
[0.493s] -- Up-to-date: /home/nick/Robotics_Projects/furuta1/install/iceoryx_posh/include/iceoryx/v2.0.5/iceoryx_posh/popo/trigger.hpp
[0.493s] -- Up-to-date: /home/nick/Robotics_Projects/furuta1/install/iceoryx_posh/include/iceoryx/v2.0.5/iceoryx_posh/popo/trigger_handle.hpp
[0.493s] -- Up-to-date: /home/nick/Robotics_Projects/furuta1/install/iceoryx_posh/include/iceoryx/v2.0.5/iceoryx_posh/popo/notification_callback.hpp
[0.493s] -- Up-to-date: /home/nick/Robotics_Projects/furuta1/install/iceoryx_posh/include/iceoryx/v2.0.5/iceoryx_posh/popo/untyped_server.hpp
[0.493s] -- Up-to-date: /home/nick/Robotics_Projects/furuta1/install/iceoryx_posh/include/iceoryx/v2.0.5/iceoryx_posh/mepoo
[0.493s] -- Up-to-date: /home/nick/Robotics_Projects/furuta1/install/iceoryx_posh/include/iceoryx/v2.0.5/iceoryx_posh/mepoo/chunk_header.hpp
[0.493s] -- Up-to-date: /home/nick/Robotics_Projects/furuta1/install/iceoryx_posh/include/iceoryx/v2.0.5/iceoryx_posh/mepoo/chunk_settings.hpp
[0.493s] -- Up-to-date: /home/nick/Robotics_Projects/furuta1/install/iceoryx_posh/include/iceoryx/v2.0.5/iceoryx_posh/mepoo/mepoo_config.hpp
[0.493s] -- Up-to-date: /home/nick/Robotics_Projects/furuta1/install/iceoryx_posh/include/iceoryx/v2.0.5/iceoryx_posh/mepoo/memory_info.hpp
[0.493s] -- Up-to-date: /home/nick/Robotics_Projects/furuta1/install/iceoryx_posh/include/iceoryx/v2.0.5/iceoryx_posh/mepoo/segment_config.hpp
[0.493s] -- Up-to-date: /home/nick/Robotics_Projects/furuta1/install/iceoryx_posh/include/iceoryx/v2.0.5/iceoryx_posh/version
[0.493s] -- Up-to-date: /home/nick/Robotics_Projects/furuta1/install/iceoryx_posh/include/iceoryx/v2.0.5/iceoryx_posh/version/version_info.hpp
[0.493s] -- Up-to-date: /home/nick/Robotics_Projects/furuta1/install/iceoryx_posh/include/iceoryx/v2.0.5/iceoryx_posh/version/compatibility_check_level.hpp
[0.493s] -- Up-to-date: /home/nick/Robotics_Projects/furuta1/install/iceoryx_posh/lib/cmake/iceoryx_posh/iceoryx_poshConfigVersion.cmake
[0.493s] -- Up-to-date: /home/nick/Robotics_Projects/furuta1/install/iceoryx_posh/lib/cmake/iceoryx_posh/iceoryx_poshConfig.cmake
[0.493s] -- Up-to-date: /home/nick/Robotics_Projects/furuta1/install/iceoryx_posh/lib/cmake/iceoryx_posh/iceoryx_poshTargets.cmake
[0.493s] -- Up-to-date: /home/nick/Robotics_Projects/furuta1/install/iceoryx_posh/lib/cmake/iceoryx_posh/iceoryx_poshTargets-noconfig.cmake
[0.493s] -- Up-to-date: /home/nick/Robotics_Projects/furuta1/install/iceoryx_posh/include/iceoryx/v2.0.5/iceoryx_posh/iceoryx_posh_deployment.hpp
[0.493s] -- Up-to-date: /home/nick/Robotics_Projects/furuta1/install/iceoryx_posh/lib/cmake/iceoryx_posh/IceoryxPoshDeployment.cmake
[0.493s] Invoked command in '/home/nick/Robotics_Projects/furuta1/build/iceoryx_posh' returned '0': CMAKE_PREFIX_PATH=/home/nick/Robotics_Projects/furuta1/install/iceoryx_hoofs LD_LIBRARY_PATH=/home/nick/Robotics_Projects/furuta1/install/iceoryx_hoofs/lib PKG_CONFIG_PATH=/home/nick/Robotics_Projects/furuta1/install/iceoryx_hoofs/lib/x86_64-linux-gnu/pkgconfig:/home/nick/Robotics_Projects/furuta1/install/iceoryx_hoofs/lib/pkgconfig /usr/bin/cmake --install /home/nick/Robotics_Projects/furuta1/build/iceoryx_posh
