[0.013s] Invoking command in '/home/nick/Robotics_Projects/furuta1/build/ament_cmake_export_definitions': AMENT_PREFIX_PATH=/home/nick/Robotics_Projects/furuta1/install/ament_cmake_core:/home/nick/Robotics_Projects/furuta1/install/ament_package CMAKE_PREFIX_PATH=/home/nick/Robotics_Projects/furuta1/install/ament_cmake_core PYTHONPATH=/home/nick/Robotics_Projects/furuta1/build/ament_package:/home/nick/Robotics_Projects/furuta1/install/ament_package/lib/python3.10/site-packages /usr/bin/cmake --build /home/nick/Robotics_Projects/furuta1/build/ament_cmake_export_definitions -- -j16 -l16
[0.044s] Invoked command in '/home/nick/Robotics_Projects/furuta1/build/ament_cmake_export_definitions' returned '0': AMENT_PREFIX_PATH=/home/nick/Robotics_Projects/furuta1/install/ament_cmake_core:/home/nick/Robotics_Projects/furuta1/install/ament_package CMAKE_PREFIX_PATH=/home/nick/Robotics_Projects/furuta1/install/ament_cmake_core PYTHONPATH=/home/nick/Robotics_Projects/furuta1/build/ament_package:/home/nick/Robotics_Projects/furuta1/install/ament_package/lib/python3.10/site-packages /usr/bin/cmake --build /home/nick/Robotics_Projects/furuta1/build/ament_cmake_export_definitions -- -j16 -l16
[0.063s] Invoking command in '/home/nick/Robotics_Projects/furuta1/build/ament_cmake_export_definitions': AMENT_PREFIX_PATH=/home/nick/Robotics_Projects/furuta1/install/ament_cmake_core:/home/nick/Robotics_Projects/furuta1/install/ament_package CMAKE_PREFIX_PATH=/home/nick/Robotics_Projects/furuta1/install/ament_cmake_core PYTHONPATH=/home/nick/Robotics_Projects/furuta1/build/ament_package:/home/nick/Robotics_Projects/furuta1/install/ament_package/lib/python3.10/site-packages /usr/bin/cmake --install /home/nick/Robotics_Projects/furuta1/build/ament_cmake_export_definitions
[0.072s] -- Install configuration: ""
[0.072s] -- Execute custom install script
[0.073s] -- Up-to-date symlink: /home/nick/Robotics_Projects/furuta1/install/ament_cmake_export_definitions/share/ament_index/resource_index/package_run_dependencies/ament_cmake_export_definitions
[0.073s] -- Up-to-date symlink: /home/nick/Robotics_Projects/furuta1/install/ament_cmake_export_definitions/share/ament_index/resource_index/parent_prefix_path/ament_cmake_export_definitions
[0.074s] -- Up-to-date symlink: /home/nick/Robotics_Projects/furuta1/install/ament_cmake_export_definitions/share/ament_cmake_export_definitions/environment/ament_prefix_path.sh
[0.074s] -- Up-to-date symlink: /home/nick/Robotics_Projects/furuta1/install/ament_cmake_export_definitions/share/ament_cmake_export_definitions/environment/ament_prefix_path.dsv
[0.074s] -- Up-to-date symlink: /home/nick/Robotics_Projects/furuta1/install/ament_cmake_export_definitions/share/ament_cmake_export_definitions/environment/path.sh
[0.074s] -- Up-to-date symlink: /home/nick/Robotics_Projects/furuta1/install/ament_cmake_export_definitions/share/ament_cmake_export_definitions/environment/path.dsv
[0.074s] -- Up-to-date symlink: /home/nick/Robotics_Projects/furuta1/install/ament_cmake_export_definitions/share/ament_cmake_export_definitions/local_setup.bash
[0.074s] -- Up-to-date symlink: /home/nick/Robotics_Projects/furuta1/install/ament_cmake_export_definitions/share/ament_cmake_export_definitions/local_setup.sh
[0.074s] -- Up-to-date symlink: /home/nick/Robotics_Projects/furuta1/install/ament_cmake_export_definitions/share/ament_cmake_export_definitions/local_setup.zsh
[0.074s] -- Up-to-date symlink: /home/nick/Robotics_Projects/furuta1/install/ament_cmake_export_definitions/share/ament_cmake_export_definitions/local_setup.dsv
[0.074s] -- Symlinking: /home/nick/Robotics_Projects/furuta1/install/ament_cmake_export_definitions/share/ament_cmake_export_definitions/package.dsv
[0.083s] -- Up-to-date symlink: /home/nick/Robotics_Projects/furuta1/install/ament_cmake_export_definitions/share/ament_index/resource_index/packages/ament_cmake_export_definitions
[0.084s] -- Up-to-date symlink: /home/nick/Robotics_Projects/furuta1/install/ament_cmake_export_definitions/share/ament_cmake_export_definitions/cmake/ament_cmake_export_definitions-extras.cmake
[0.084s] -- Up-to-date symlink: /home/nick/Robotics_Projects/furuta1/install/ament_cmake_export_definitions/share/ament_cmake_export_definitions/cmake/ament_cmake_export_definitionsConfig.cmake
[0.084s] -- Up-to-date symlink: /home/nick/Robotics_Projects/furuta1/install/ament_cmake_export_definitions/share/ament_cmake_export_definitions/cmake/ament_cmake_export_definitionsConfig-version.cmake
[0.084s] -- Up-to-date symlink: /home/nick/Robotics_Projects/furuta1/install/ament_cmake_export_definitions/share/ament_cmake_export_definitions/package.xml
[0.084s] -- Up-to-date symlink: /home/nick/Robotics_Projects/furuta1/install/ament_cmake_export_definitions/share/ament_cmake_export_definitions/cmake/ament_cmake_export_definitions-extras.cmake.in
[0.084s] -- Up-to-date symlink: /home/nick/Robotics_Projects/furuta1/install/ament_cmake_export_definitions/share/ament_cmake_export_definitions/cmake/ament_cmake_export_definitions_package_hook.cmake
[0.084s] -- Up-to-date symlink: /home/nick/Robotics_Projects/furuta1/install/ament_cmake_export_definitions/share/ament_cmake_export_definitions/cmake/ament_export_definitions.cmake
[0.104s] Invoked command in '/home/nick/Robotics_Projects/furuta1/build/ament_cmake_export_definitions' returned '0': AMENT_PREFIX_PATH=/home/nick/Robotics_Projects/furuta1/install/ament_cmake_core:/home/nick/Robotics_Projects/furuta1/install/ament_package CMAKE_PREFIX_PATH=/home/nick/Robotics_Projects/furuta1/install/ament_cmake_core PYTHONPATH=/home/nick/Robotics_Projects/furuta1/build/ament_package:/home/nick/Robotics_Projects/furuta1/install/ament_package/lib/python3.10/site-packages /usr/bin/cmake --install /home/nick/Robotics_Projects/furuta1/build/ament_cmake_export_definitions
