[0.018s] Invoking command in '/home/nick/Robotics_Projects/furuta1/build/ament_cmake_export_libraries': AMENT_PREFIX_PATH=/home/nick/Robotics_Projects/furuta1/install/ament_cmake_core:/home/nick/Robotics_Projects/furuta1/install/ament_package:${AMENT_PREFIX_PATH} CMAKE_PREFIX_PATH=/home/nick/Robotics_Projects/furuta1/install/ament_cmake_core:/opt/ros/humble PYTHONPATH=/home/nick/Robotics_Projects/furuta1/build/ament_package:/home/nick/Robotics_Projects/furuta1/install/ament_package/lib/python3.10/site-packages:${PYTHONPATH} /usr/bin/cmake /home/nick/Robotics_Projects/furuta1/src/ament/ament_cmake/ament_cmake_export_libraries -DAMENT_CMAKE_SYMLINK_INSTALL=1 -DCMAKE_INSTALL_PREFIX=/home/nick/Robotics_Projects/furuta1/install/ament_cmake_export_libraries
[0.041s] -- Found ament_cmake_core: 1.3.8 (/home/nick/Robotics_Projects/furuta1/install/ament_cmake_core/share/ament_cmake_core/cmake)
[0.327s] -- Found Python3: /usr/bin/python3 (found version "3.10.12") found components: Interpreter 
[0.380s] -- Override CMake install command with custom implementation using symlinks instead of copying resources
[0.435s] -- Configuring done
[0.438s] -- Generating done
[0.438s] -- Build files have been written to: /home/nick/Robotics_Projects/furuta1/build/ament_cmake_export_libraries
[0.440s] Invoked command in '/home/nick/Robotics_Projects/furuta1/build/ament_cmake_export_libraries' returned '0': AMENT_PREFIX_PATH=/home/nick/Robotics_Projects/furuta1/install/ament_cmake_core:/home/nick/Robotics_Projects/furuta1/install/ament_package:${AMENT_PREFIX_PATH} CMAKE_PREFIX_PATH=/home/nick/Robotics_Projects/furuta1/install/ament_cmake_core:/opt/ros/humble PYTHONPATH=/home/nick/Robotics_Projects/furuta1/build/ament_package:/home/nick/Robotics_Projects/furuta1/install/ament_package/lib/python3.10/site-packages:${PYTHONPATH} /usr/bin/cmake /home/nick/Robotics_Projects/furuta1/src/ament/ament_cmake/ament_cmake_export_libraries -DAMENT_CMAKE_SYMLINK_INSTALL=1 -DCMAKE_INSTALL_PREFIX=/home/nick/Robotics_Projects/furuta1/install/ament_cmake_export_libraries
[0.441s] Invoking command in '/home/nick/Robotics_Projects/furuta1/build/ament_cmake_export_libraries': AMENT_PREFIX_PATH=/home/nick/Robotics_Projects/furuta1/install/ament_cmake_core:/home/nick/Robotics_Projects/furuta1/install/ament_package:${AMENT_PREFIX_PATH} CMAKE_PREFIX_PATH=/home/nick/Robotics_Projects/furuta1/install/ament_cmake_core:/opt/ros/humble PYTHONPATH=/home/nick/Robotics_Projects/furuta1/build/ament_package:/home/nick/Robotics_Projects/furuta1/install/ament_package/lib/python3.10/site-packages:${PYTHONPATH} /usr/bin/cmake --build /home/nick/Robotics_Projects/furuta1/build/ament_cmake_export_libraries -- -j16 -l16
[0.472s] Invoked command in '/home/nick/Robotics_Projects/furuta1/build/ament_cmake_export_libraries' returned '0': AMENT_PREFIX_PATH=/home/nick/Robotics_Projects/furuta1/install/ament_cmake_core:/home/nick/Robotics_Projects/furuta1/install/ament_package:${AMENT_PREFIX_PATH} CMAKE_PREFIX_PATH=/home/nick/Robotics_Projects/furuta1/install/ament_cmake_core:/opt/ros/humble PYTHONPATH=/home/nick/Robotics_Projects/furuta1/build/ament_package:/home/nick/Robotics_Projects/furuta1/install/ament_package/lib/python3.10/site-packages:${PYTHONPATH} /usr/bin/cmake --build /home/nick/Robotics_Projects/furuta1/build/ament_cmake_export_libraries -- -j16 -l16
[0.491s] Invoking command in '/home/nick/Robotics_Projects/furuta1/build/ament_cmake_export_libraries': AMENT_PREFIX_PATH=/home/nick/Robotics_Projects/furuta1/install/ament_cmake_core:/home/nick/Robotics_Projects/furuta1/install/ament_package:${AMENT_PREFIX_PATH} CMAKE_PREFIX_PATH=/home/nick/Robotics_Projects/furuta1/install/ament_cmake_core:/opt/ros/humble PYTHONPATH=/home/nick/Robotics_Projects/furuta1/build/ament_package:/home/nick/Robotics_Projects/furuta1/install/ament_package/lib/python3.10/site-packages:${PYTHONPATH} /usr/bin/cmake --install /home/nick/Robotics_Projects/furuta1/build/ament_cmake_export_libraries
[0.608s] -- Install configuration: ""
[0.608s] -- Execute custom install script
[0.608s] -- Symlinking: /home/nick/Robotics_Projects/furuta1/install/ament_cmake_export_libraries/share/ament_index/resource_index/package_run_dependencies/ament_cmake_export_libraries
[0.610s] -- Symlinking: /home/nick/Robotics_Projects/furuta1/install/ament_cmake_export_libraries/share/ament_index/resource_index/parent_prefix_path/ament_cmake_export_libraries
[0.610s] -- Symlinking: /home/nick/Robotics_Projects/furuta1/install/ament_cmake_export_libraries/share/ament_cmake_export_libraries/environment/ament_prefix_path.sh
[0.610s] -- Symlinking: /home/nick/Robotics_Projects/furuta1/install/ament_cmake_export_libraries/share/ament_cmake_export_libraries/environment/ament_prefix_path.dsv
[0.610s] -- Symlinking: /home/nick/Robotics_Projects/furuta1/install/ament_cmake_export_libraries/share/ament_cmake_export_libraries/environment/path.sh
[0.610s] -- Symlinking: /home/nick/Robotics_Projects/furuta1/install/ament_cmake_export_libraries/share/ament_cmake_export_libraries/environment/path.dsv
[0.610s] -- Symlinking: /home/nick/Robotics_Projects/furuta1/install/ament_cmake_export_libraries/share/ament_cmake_export_libraries/local_setup.bash
[0.611s] -- Symlinking: /home/nick/Robotics_Projects/furuta1/install/ament_cmake_export_libraries/share/ament_cmake_export_libraries/local_setup.sh
[0.611s] -- Symlinking: /home/nick/Robotics_Projects/furuta1/install/ament_cmake_export_libraries/share/ament_cmake_export_libraries/local_setup.zsh
[0.611s] -- Symlinking: /home/nick/Robotics_Projects/furuta1/install/ament_cmake_export_libraries/share/ament_cmake_export_libraries/local_setup.dsv
[0.611s] -- Symlinking: /home/nick/Robotics_Projects/furuta1/install/ament_cmake_export_libraries/share/ament_cmake_export_libraries/package.dsv
[0.611s] -- Symlinking: /home/nick/Robotics_Projects/furuta1/install/ament_cmake_export_libraries/share/ament_index/resource_index/packages/ament_cmake_export_libraries
[0.611s] -- Symlinking: /home/nick/Robotics_Projects/furuta1/install/ament_cmake_export_libraries/share/ament_cmake_export_libraries/cmake/ament_cmake_export_libraries-extras.cmake
[0.611s] -- Symlinking: /home/nick/Robotics_Projects/furuta1/install/ament_cmake_export_libraries/share/ament_cmake_export_libraries/cmake/ament_cmake_export_librariesConfig.cmake
[0.611s] -- Symlinking: /home/nick/Robotics_Projects/furuta1/install/ament_cmake_export_libraries/share/ament_cmake_export_libraries/cmake/ament_cmake_export_librariesConfig-version.cmake
[0.611s] -- Symlinking: /home/nick/Robotics_Projects/furuta1/install/ament_cmake_export_libraries/share/ament_cmake_export_libraries/package.xml
[0.616s] -- Symlinking: /home/nick/Robotics_Projects/furuta1/install/ament_cmake_export_libraries/share/ament_cmake_export_libraries/cmake/ament_cmake_export_libraries-extras.cmake.in
[0.623s] -- Symlinking: /home/nick/Robotics_Projects/furuta1/install/ament_cmake_export_libraries/share/ament_cmake_export_libraries/cmake/ament_cmake_export_libraries_package_hook.cmake
[0.630s] -- Symlinking: /home/nick/Robotics_Projects/furuta1/install/ament_cmake_export_libraries/share/ament_cmake_export_libraries/cmake/ament_export_libraries.cmake
[0.636s] -- Symlinking: /home/nick/Robotics_Projects/furuta1/install/ament_cmake_export_libraries/share/ament_cmake_export_libraries/cmake/ament_export_library_names.cmake
[0.667s] Invoked command in '/home/nick/Robotics_Projects/furuta1/build/ament_cmake_export_libraries' returned '0': AMENT_PREFIX_PATH=/home/nick/Robotics_Projects/furuta1/install/ament_cmake_core:/home/nick/Robotics_Projects/furuta1/install/ament_package:${AMENT_PREFIX_PATH} CMAKE_PREFIX_PATH=/home/nick/Robotics_Projects/furuta1/install/ament_cmake_core:/opt/ros/humble PYTHONPATH=/home/nick/Robotics_Projects/furuta1/build/ament_package:/home/nick/Robotics_Projects/furuta1/install/ament_package/lib/python3.10/site-packages:${PYTHONPATH} /usr/bin/cmake --install /home/nick/Robotics_Projects/furuta1/build/ament_cmake_export_libraries
