[0.015s] Invoking command in '/home/nick/Robotics_Projects/furuta1/build/ament_lint_auto': AMENT_PREFIX_PATH=/home/nick/Robotics_Projects/furuta1/install/ament_cmake_test:/home/nick/Robotics_Projects/furuta1/install/ament_cmake_core:/home/nick/Robotics_Projects/furuta1/install/ament_package:${AMENT_PREFIX_PATH} CMAKE_PREFIX_PATH=/home/nick/Robotics_Projects/furuta1/install/ament_cmake_test:/home/nick/Robotics_Projects/furuta1/install/ament_cmake_core:/opt/ros/humble PYTHONPATH=/home/nick/Robotics_Projects/furuta1/install/ament_cmake_test/local/lib/python3.10/dist-packages:/home/nick/Robotics_Projects/furuta1/build/ament_package:/home/nick/Robotics_Projects/furuta1/install/ament_package/lib/python3.10/site-packages:${PYTHONPATH} /usr/bin/cmake /home/nick/Robotics_Projects/furuta1/src/ament/ament_lint/ament_lint_auto -DAMENT_CMAKE_SYMLINK_INSTALL=1 -DCMAKE_INSTALL_PREFIX=/home/nick/Robotics_Projects/furuta1/install/ament_lint_auto
[0.042s] -- Found ament_cmake_core: 1.3.8 (/home/nick/Robotics_Projects/furuta1/install/ament_cmake_core/share/ament_cmake_core/cmake)
[0.605s] -- Found Python3: /usr/bin/python3 (found version "3.10.12") found components: Interpreter 
[0.681s] -- Override CMake install command with custom implementation using symlinks instead of copying resources
[0.785s] -- Configuring done
[0.788s] -- Generating done
[0.789s] -- Build files have been written to: /home/nick/Robotics_Projects/furuta1/build/ament_lint_auto
[2.939s] Invoked command in '/home/nick/Robotics_Projects/furuta1/build/ament_lint_auto' returned '0': AMENT_PREFIX_PATH=/home/nick/Robotics_Projects/furuta1/install/ament_cmake_test:/home/nick/Robotics_Projects/furuta1/install/ament_cmake_core:/home/nick/Robotics_Projects/furuta1/install/ament_package:${AMENT_PREFIX_PATH} CMAKE_PREFIX_PATH=/home/nick/Robotics_Projects/furuta1/install/ament_cmake_test:/home/nick/Robotics_Projects/furuta1/install/ament_cmake_core:/opt/ros/humble PYTHONPATH=/home/nick/Robotics_Projects/furuta1/install/ament_cmake_test/local/lib/python3.10/dist-packages:/home/nick/Robotics_Projects/furuta1/build/ament_package:/home/nick/Robotics_Projects/furuta1/install/ament_package/lib/python3.10/site-packages:${PYTHONPATH} /usr/bin/cmake /home/nick/Robotics_Projects/furuta1/src/ament/ament_lint/ament_lint_auto -DAMENT_CMAKE_SYMLINK_INSTALL=1 -DCMAKE_INSTALL_PREFIX=/home/nick/Robotics_Projects/furuta1/install/ament_lint_auto
[2.939s] Invoking command in '/home/nick/Robotics_Projects/furuta1/build/ament_lint_auto': AMENT_PREFIX_PATH=/home/nick/Robotics_Projects/furuta1/install/ament_cmake_test:/home/nick/Robotics_Projects/furuta1/install/ament_cmake_core:/home/nick/Robotics_Projects/furuta1/install/ament_package:${AMENT_PREFIX_PATH} CMAKE_PREFIX_PATH=/home/nick/Robotics_Projects/furuta1/install/ament_cmake_test:/home/nick/Robotics_Projects/furuta1/install/ament_cmake_core:/opt/ros/humble PYTHONPATH=/home/nick/Robotics_Projects/furuta1/install/ament_cmake_test/local/lib/python3.10/dist-packages:/home/nick/Robotics_Projects/furuta1/build/ament_package:/home/nick/Robotics_Projects/furuta1/install/ament_package/lib/python3.10/site-packages:${PYTHONPATH} /usr/bin/cmake --build /home/nick/Robotics_Projects/furuta1/build/ament_lint_auto -- -j16 -l16
[3.168s] Invoked command in '/home/nick/Robotics_Projects/furuta1/build/ament_lint_auto' returned '0': AMENT_PREFIX_PATH=/home/nick/Robotics_Projects/furuta1/install/ament_cmake_test:/home/nick/Robotics_Projects/furuta1/install/ament_cmake_core:/home/nick/Robotics_Projects/furuta1/install/ament_package:${AMENT_PREFIX_PATH} CMAKE_PREFIX_PATH=/home/nick/Robotics_Projects/furuta1/install/ament_cmake_test:/home/nick/Robotics_Projects/furuta1/install/ament_cmake_core:/opt/ros/humble PYTHONPATH=/home/nick/Robotics_Projects/furuta1/install/ament_cmake_test/local/lib/python3.10/dist-packages:/home/nick/Robotics_Projects/furuta1/build/ament_package:/home/nick/Robotics_Projects/furuta1/install/ament_package/lib/python3.10/site-packages:${PYTHONPATH} /usr/bin/cmake --build /home/nick/Robotics_Projects/furuta1/build/ament_lint_auto -- -j16 -l16
[3.280s] Invoking command in '/home/nick/Robotics_Projects/furuta1/build/ament_lint_auto': AMENT_PREFIX_PATH=/home/nick/Robotics_Projects/furuta1/install/ament_cmake_test:/home/nick/Robotics_Projects/furuta1/install/ament_cmake_core:/home/nick/Robotics_Projects/furuta1/install/ament_package:${AMENT_PREFIX_PATH} CMAKE_PREFIX_PATH=/home/nick/Robotics_Projects/furuta1/install/ament_cmake_test:/home/nick/Robotics_Projects/furuta1/install/ament_cmake_core:/opt/ros/humble PYTHONPATH=/home/nick/Robotics_Projects/furuta1/install/ament_cmake_test/local/lib/python3.10/dist-packages:/home/nick/Robotics_Projects/furuta1/build/ament_package:/home/nick/Robotics_Projects/furuta1/install/ament_package/lib/python3.10/site-packages:${PYTHONPATH} /usr/bin/cmake --install /home/nick/Robotics_Projects/furuta1/build/ament_lint_auto
[3.364s] -- Install configuration: ""
[3.364s] -- Execute custom install script
[3.364s] -- Symlinking: /home/nick/Robotics_Projects/furuta1/install/ament_lint_auto/share/ament_index/resource_index/package_run_dependencies/ament_lint_auto
[3.364s] -- Symlinking: /home/nick/Robotics_Projects/furuta1/install/ament_lint_auto/share/ament_index/resource_index/parent_prefix_path/ament_lint_auto
[3.364s] -- Symlinking: /home/nick/Robotics_Projects/furuta1/install/ament_lint_auto/share/ament_lint_auto/environment/ament_prefix_path.sh
[3.391s] -- Symlinking: /home/nick/Robotics_Projects/furuta1/install/ament_lint_auto/share/ament_lint_auto/environment/ament_prefix_path.dsv
[3.405s] -- Symlinking: /home/nick/Robotics_Projects/furuta1/install/ament_lint_auto/share/ament_lint_auto/environment/path.sh
[3.433s] -- Symlinking: /home/nick/Robotics_Projects/furuta1/install/ament_lint_auto/share/ament_lint_auto/environment/path.dsv
[3.459s] -- Symlinking: /home/nick/Robotics_Projects/furuta1/install/ament_lint_auto/share/ament_lint_auto/local_setup.bash
[3.491s] -- Symlinking: /home/nick/Robotics_Projects/furuta1/install/ament_lint_auto/share/ament_lint_auto/local_setup.sh
[3.515s] -- Symlinking: /home/nick/Robotics_Projects/furuta1/install/ament_lint_auto/share/ament_lint_auto/local_setup.zsh
[3.547s] -- Symlinking: /home/nick/Robotics_Projects/furuta1/install/ament_lint_auto/share/ament_lint_auto/local_setup.dsv
[3.574s] -- Symlinking: /home/nick/Robotics_Projects/furuta1/install/ament_lint_auto/share/ament_lint_auto/package.dsv
[3.614s] -- Symlinking: /home/nick/Robotics_Projects/furuta1/install/ament_lint_auto/share/ament_index/resource_index/packages/ament_lint_auto
[3.641s] -- Symlinking: /home/nick/Robotics_Projects/furuta1/install/ament_lint_auto/share/ament_lint_auto/cmake/ament_lint_auto-extras.cmake
[3.652s] -- Symlinking: /home/nick/Robotics_Projects/furuta1/install/ament_lint_auto/share/ament_lint_auto/cmake/ament_lint_autoConfig.cmake
[3.666s] -- Symlinking: /home/nick/Robotics_Projects/furuta1/install/ament_lint_auto/share/ament_lint_auto/cmake/ament_lint_autoConfig-version.cmake
[3.684s] -- Symlinking: /home/nick/Robotics_Projects/furuta1/install/ament_lint_auto/share/ament_lint_auto/package.xml
[3.700s] -- Symlinking: /home/nick/Robotics_Projects/furuta1/install/ament_lint_auto/share/ament_lint_auto/cmake/ament_lint_auto_find_test_dependencies.cmake
[3.704s] -- Symlinking: /home/nick/Robotics_Projects/furuta1/install/ament_lint_auto/share/ament_lint_auto/cmake/ament_lint_auto_package_hook.cmake
[3.714s] Invoked command in '/home/nick/Robotics_Projects/furuta1/build/ament_lint_auto' returned '0': AMENT_PREFIX_PATH=/home/nick/Robotics_Projects/furuta1/install/ament_cmake_test:/home/nick/Robotics_Projects/furuta1/install/ament_cmake_core:/home/nick/Robotics_Projects/furuta1/install/ament_package:${AMENT_PREFIX_PATH} CMAKE_PREFIX_PATH=/home/nick/Robotics_Projects/furuta1/install/ament_cmake_test:/home/nick/Robotics_Projects/furuta1/install/ament_cmake_core:/opt/ros/humble PYTHONPATH=/home/nick/Robotics_Projects/furuta1/install/ament_cmake_test/local/lib/python3.10/dist-packages:/home/nick/Robotics_Projects/furuta1/build/ament_package:/home/nick/Robotics_Projects/furuta1/install/ament_package/lib/python3.10/site-packages:${PYTHONPATH} /usr/bin/cmake --install /home/nick/Robotics_Projects/furuta1/build/ament_lint_auto
